<?xml version="1.0" encoding="UTF-8"?>
<testsuite xmlns:xsi="http://www.w3.org/2001/XMLSchema-instance" xsi:noNamespaceSchemaLocation="https://maven.apache.org/surefire/maven-surefire-plugin/xsd/surefire-test-report-3.0.xsd" version="3.0" name="it.studyapp.application.integration.SessionPresenterTest" time="8.829" tests="18" errors="0" skipped="0" failures="0">
  <properties>
    <property name="java.specification.version" value="20"/>
    <property name="sun.cpu.isalist" value="amd64"/>
    <property name="sun.jnu.encoding" value="Cp1252"/>
    <property name="java.class.path" value="C:\Users\oland\eclipse-workspace\SSD_01-2024_StudyApp\target\test-classes;C:\Users\oland\eclipse-workspace\SSD_01-2024_StudyApp\target\classes;C:\Users\oland\.m2\repository\com\vaadin\vaadin\24.1.10\vaadin-24.1.10.jar;C:\Users\oland\.m2\repository\com\vaadin\vaadin-internal\24.1.10\vaadin-internal-24.1.10.jar;C:\Users\oland\.m2\repository\com\vaadin\vaadin-board-flow\24.1.10\vaadin-board-flow-24.1.10.jar;C:\Users\oland\.m2\repository\com\vaadin\vaadin-charts-flow\24.1.10\vaadin-charts-flow-24.1.10.jar;C:\Users\oland\.m2\repository\com\vaadin\vaadin-cookie-consent-flow\24.1.10\vaadin-cookie-consent-flow-24.1.10.jar;C:\Users\oland\.m2\repository\com\vaadin\vaadin-crud-flow\24.1.10\vaadin-crud-flow-24.1.10.jar;C:\Users\oland\.m2\repository\com\vaadin\vaadin-flow-components-base\24.1.10\vaadin-flow-components-base-24.1.10.jar;C:\Users\oland\.m2\repository\com\vaadin\vaadin-grid-pro-flow\24.1.10\vaadin-grid-pro-flow-24.1.10.jar;C:\Users\oland\.m2\repository\com\vaadin\vaadin-map-flow\24.1.10\vaadin-map-flow-24.1.10.jar;C:\Users\oland\.m2\repository\com\vaadin\vaadin-rich-text-editor-flow\24.1.10\vaadin-rich-text-editor-flow-24.1.10.jar;C:\Users\oland\.m2\repository\com\vaadin\collaboration-engine\6.0.0\collaboration-engine-6.0.0.jar;C:\Users\oland\.m2\repository\com\fasterxml\jackson\core\jackson-databind\2.15.2\jackson-databind-2.15.2.jar;C:\Users\oland\.m2\repository\com\fasterxml\jackson\core\jackson-annotations\2.15.2\jackson-annotations-2.15.2.jar;C:\Users\oland\.m2\repository\com\fasterxml\jackson\datatype\jackson-datatype-jsr310\2.15.2\jackson-datatype-jsr310-2.15.2.jar;C:\Users\oland\.m2\repository\org\springframework\boot\spring-boot-starter-mail\3.1.2\spring-boot-starter-mail-3.1.2.jar;C:\Users\oland\.m2\repository\org\springframework\boot\spring-boot-starter\3.1.2\spring-boot-starter-3.1.2.jar;C:\Users\oland\.m2\repository\org\springframework\boot\spring-boot-starter-logging\3.1.2\spring-boot-starter-logging-3.1.2.jar;C:\Users\oland\.m2\repository\ch\qos\logback\logback-classic\1.4.8\logback-classic-1.4.8.jar;C:\Users\oland\.m2\repository\ch\qos\logback\logback-core\1.4.8\logback-core-1.4.8.jar;C:\Users\oland\.m2\repository\org\apache\logging\log4j\log4j-to-slf4j\2.20.0\log4j-to-slf4j-2.20.0.jar;C:\Users\oland\.m2\repository\org\apache\logging\log4j\log4j-api\2.20.0\log4j-api-2.20.0.jar;C:\Users\oland\.m2\repository\org\slf4j\jul-to-slf4j\2.0.7\jul-to-slf4j-2.0.7.jar;C:\Users\oland\.m2\repository\jakarta\annotation\jakarta.annotation-api\2.1.1\jakarta.annotation-api-2.1.1.jar;C:\Users\oland\.m2\repository\org\yaml\snakeyaml\1.33\snakeyaml-1.33.jar;C:\Users\oland\.m2\repository\org\springframework\spring-context-support\6.0.11\spring-context-support-6.0.11.jar;C:\Users\oland\.m2\repository\org\springframework\spring-beans\6.0.11\spring-beans-6.0.11.jar;C:\Users\oland\.m2\repository\org\springframework\spring-context\6.0.11\spring-context-6.0.11.jar;C:\Users\oland\.m2\repository\org\eclipse\angus\jakarta.mail\1.1.0\jakarta.mail-1.1.0.jar;C:\Users\oland\.m2\repository\jakarta\activation\jakarta.activation-api\2.1.2\jakarta.activation-api-2.1.2.jar;C:\Users\oland\.m2\repository\org\eclipse\angus\angus-activation\2.0.1\angus-activation-2.0.1.jar;C:\Users\oland\.m2\repository\com\vaadin\vaadin-spring-boot-starter\24.1.10\vaadin-spring-boot-starter-24.1.10.jar;C:\Users\oland\.m2\repository\com\vaadin\vaadin-spring\24.1.12\vaadin-spring-24.1.12.jar;C:\Users\oland\.m2\repository\com\vaadin\flow-server\24.1.12\flow-server-24.1.12.jar;C:\Users\oland\.m2\repository\com\vaadin\servletdetector\throw-if-servlet3\1.0.2\throw-if-servlet3-1.0.2.jar;C:\Users\oland\.m2\repository\com\vaadin\flow-commons-upload\24.1.12\flow-commons-upload-24.1.12.jar;C:\Users\oland\.m2\repository\com\fasterxml\jackson\core\jackson-core\2.15.2\jackson-core-2.15.2.jar;C:\Users\oland\.m2\repository\org\jsoup\jsoup\1.16.1\jsoup-1.16.1.jar;C:\Users\oland\.m2\repository\com\helger\ph-css\7.0.0\ph-css-7.0.0.jar;C:\Users\oland\.m2\repository\com\helger\commons\ph-commons\11.0.1\ph-commons-11.0.1.jar;C:\Users\oland\.m2\repository\org\ow2\asm\asm\9.5\asm-9.5.jar;C:\Users\oland\.m2\repository\com\vaadin\external\gentyref\1.2.0.vaadin1\gentyref-1.2.0.vaadin1.jar;C:\Users\oland\.m2\repository\org\apache\commons\commons-compress\1.24.0\commons-compress-1.24.0.jar;C:\Users\oland\.m2\repository\org\apache\httpcomponents\httpclient\4.5.14\httpclient-4.5.14.jar;C:\Users\oland\.m2\repository\org\apache\httpcomponents\httpcore\4.4.16\httpcore-4.4.16.jar;C:\Users\oland\.m2\repository\commons-logging\commons-logging\1.2\commons-logging-1.2.jar;C:\Users\oland\.m2\repository\com\vaadin\flow-push\24.1.12\flow-push-24.1.12.jar;C:\Users\oland\.m2\repository\com\vaadin\external\atmosphere\atmosphere-runtime\3.0.3.slf4jvaadin1\atmosphere-runtime-3.0.3.slf4jvaadin1.jar;C:\Users\oland\.m2\repository\com\vaadin\flow-client\24.1.12\flow-client-24.1.12.jar;C:\Users\oland\.m2\repository\org\springframework\spring-webmvc\6.0.11\spring-webmvc-6.0.11.jar;C:\Users\oland\.m2\repository\org\springframework\spring-websocket\6.0.11\spring-websocket-6.0.11.jar;C:\Users\oland\.m2\repository\org\reflections\reflections\0.10.2\reflections-0.10.2.jar;C:\Users\oland\.m2\repository\com\google\code\findbugs\jsr305\3.0.2\jsr305-3.0.2.jar;C:\Users\oland\.m2\repository\org\springframework\boot\spring-boot-starter-web\3.1.2\spring-boot-starter-web-3.1.2.jar;C:\Users\oland\.m2\repository\org\springframework\boot\spring-boot-starter-json\3.1.2\spring-boot-starter-json-3.1.2.jar;C:\Users\oland\.m2\repository\com\fasterxml\jackson\datatype\jackson-datatype-jdk8\2.15.2\jackson-datatype-jdk8-2.15.2.jar;C:\Users\oland\.m2\repository\com\fasterxml\jackson\module\jackson-module-parameter-names\2.15.2\jackson-module-parameter-names-2.15.2.jar;C:\Users\oland\.m2\repository\org\springframework\boot\spring-boot-starter-tomcat\3.1.2\spring-boot-starter-tomcat-3.1.2.jar;C:\Users\oland\.m2\repository\org\springframework\spring-web\6.0.11\spring-web-6.0.11.jar;C:\Users\oland\.m2\repository\org\apache\tomcat\embed\tomcat-embed-core\10.1.11\tomcat-embed-core-10.1.11.jar;C:\Users\oland\.m2\repository\org\apache\tomcat\tomcat-annotations-api\10.1.11\tomcat-annotations-api-10.1.11.jar;C:\Users\oland\.m2\repository\org\apache\tomcat\embed\tomcat-embed-websocket\10.1.11\tomcat-embed-websocket-10.1.11.jar;C:\Users\oland\.m2\repository\org\springframework\boot\spring-boot-starter-security\3.1.2\spring-boot-starter-security-3.1.2.jar;C:\Users\oland\.m2\repository\org\springframework\spring-aop\6.0.11\spring-aop-6.0.11.jar;C:\Users\oland\.m2\repository\org\springframework\security\spring-security-config\6.1.2\spring-security-config-6.1.2.jar;C:\Users\oland\.m2\repository\org\springframework\security\spring-security-web\6.1.2\spring-security-web-6.1.2.jar;C:\Users\oland\.m2\repository\org\springframework\spring-expression\6.0.11\spring-expression-6.0.11.jar;C:\Users\oland\.m2\repository\org\springframework\security\spring-security-test\6.1.2\spring-security-test-6.1.2.jar;C:\Users\oland\.m2\repository\org\springframework\security\spring-security-core\6.1.2\spring-security-core-6.1.2.jar;C:\Users\oland\.m2\repository\org\springframework\security\spring-security-crypto\6.1.2\spring-security-crypto-6.1.2.jar;C:\Users\oland\.m2\repository\io\micrometer\micrometer-observation\1.11.2\micrometer-observation-1.11.2.jar;C:\Users\oland\.m2\repository\io\micrometer\micrometer-commons\1.11.2\micrometer-commons-1.11.2.jar;C:\Users\oland\.m2\repository\org\springframework\spring-core\6.0.11\spring-core-6.0.11.jar;C:\Users\oland\.m2\repository\org\springframework\spring-jcl\6.0.11\spring-jcl-6.0.11.jar;C:\Users\oland\.m2\repository\org\springframework\spring-test\6.0.11\spring-test-6.0.11.jar;C:\Users\oland\.m2\repository\org\parttio\line-awesome\1.1.0\line-awesome-1.1.0.jar;C:\Users\oland\.m2\repository\com\h2database\h2\2.1.214\h2-2.1.214.jar;C:\Users\oland\.m2\repository\org\vaadin\stefan\fullcalendar2\6.0.2\fullcalendar2-6.0.2.jar;C:\Users\oland\.m2\repository\org\apache\commons\commons-text\1.10.0\commons-text-1.10.0.jar;C:\Users\oland\.m2\repository\org\apache\commons\commons-lang3\3.12.0\commons-lang3-3.12.0.jar;C:\Users\oland\.m2\repository\org\springframework\boot\spring-boot-starter-data-jpa\3.1.2\spring-boot-starter-data-jpa-3.1.2.jar;C:\Users\oland\.m2\repository\org\springframework\boot\spring-boot-starter-aop\3.1.2\spring-boot-starter-aop-3.1.2.jar;C:\Users\oland\.m2\repository\org\aspectj\aspectjweaver\1.9.19\aspectjweaver-1.9.19.jar;C:\Users\oland\.m2\repository\org\springframework\boot\spring-boot-starter-jdbc\3.1.2\spring-boot-starter-jdbc-3.1.2.jar;C:\Users\oland\.m2\repository\com\zaxxer\HikariCP\5.0.1\HikariCP-5.0.1.jar;C:\Users\oland\.m2\repository\org\springframework\spring-jdbc\6.0.11\spring-jdbc-6.0.11.jar;C:\Users\oland\.m2\repository\org\hibernate\orm\hibernate-core\6.2.6.Final\hibernate-core-6.2.6.Final.jar;C:\Users\oland\.m2\repository\jakarta\persistence\jakarta.persistence-api\3.1.0\jakarta.persistence-api-3.1.0.jar;C:\Users\oland\.m2\repository\jakarta\transaction\jakarta.transaction-api\2.0.1\jakarta.transaction-api-2.0.1.jar;C:\Users\oland\.m2\repository\org\jboss\logging\jboss-logging\3.5.3.Final\jboss-logging-3.5.3.Final.jar;C:\Users\oland\.m2\repository\org\hibernate\common\hibernate-commons-annotations\6.0.6.Final\hibernate-commons-annotations-6.0.6.Final.jar;C:\Users\oland\.m2\repository\io\smallrye\jandex\3.0.5\jandex-3.0.5.jar;C:\Users\oland\.m2\repository\com\fasterxml\classmate\1.5.1\classmate-1.5.1.jar;C:\Users\oland\.m2\repository\net\bytebuddy\byte-buddy\1.14.5\byte-buddy-1.14.5.jar;C:\Users\oland\.m2\repository\org\glassfish\jaxb\jaxb-runtime\4.0.3\jaxb-runtime-4.0.3.jar;C:\Users\oland\.m2\repository\org\glassfish\jaxb\jaxb-core\4.0.3\jaxb-core-4.0.3.jar;C:\Users\oland\.m2\repository\org\glassfish\jaxb\txw2\4.0.3\txw2-4.0.3.jar;C:\Users\oland\.m2\repository\com\sun\istack\istack-commons-runtime\4.1.2\istack-commons-runtime-4.1.2.jar;C:\Users\oland\.m2\repository\jakarta\inject\jakarta.inject-api\2.0.1\jakarta.inject-api-2.0.1.jar;C:\Users\oland\.m2\repository\org\antlr\antlr4-runtime\4.10.1\antlr4-runtime-4.10.1.jar;C:\Users\oland\.m2\repository\org\springframework\data\spring-data-jpa\3.1.2\spring-data-jpa-3.1.2.jar;C:\Users\oland\.m2\repository\org\springframework\data\spring-data-commons\3.1.2\spring-data-commons-3.1.2.jar;C:\Users\oland\.m2\repository\org\springframework\spring-orm\6.0.11\spring-orm-6.0.11.jar;C:\Users\oland\.m2\repository\org\springframework\spring-tx\6.0.11\spring-tx-6.0.11.jar;C:\Users\oland\.m2\repository\org\slf4j\slf4j-api\2.0.7\slf4j-api-2.0.7.jar;C:\Users\oland\.m2\repository\org\springframework\spring-aspects\6.0.11\spring-aspects-6.0.11.jar;C:\Users\oland\.m2\repository\org\springframework\boot\spring-boot-starter-validation\3.1.2\spring-boot-starter-validation-3.1.2.jar;C:\Users\oland\.m2\repository\org\apache\tomcat\embed\tomcat-embed-el\10.1.11\tomcat-embed-el-10.1.11.jar;C:\Users\oland\.m2\repository\org\hibernate\validator\hibernate-validator\8.0.1.Final\hibernate-validator-8.0.1.Final.jar;C:\Users\oland\.m2\repository\jakarta\validation\jakarta.validation-api\3.0.2\jakarta.validation-api-3.0.2.jar;C:\Users\oland\.m2\repository\org\springframework\boot\spring-boot-devtools\3.1.2\spring-boot-devtools-3.1.2.jar;C:\Users\oland\.m2\repository\org\springframework\boot\spring-boot\3.1.2\spring-boot-3.1.2.jar;C:\Users\oland\.m2\repository\org\springframework\boot\spring-boot-autoconfigure\3.1.2\spring-boot-autoconfigure-3.1.2.jar;C:\Users\oland\.m2\repository\org\springframework\boot\spring-boot-starter-test\3.1.2\spring-boot-starter-test-3.1.2.jar;C:\Users\oland\.m2\repository\org\springframework\boot\spring-boot-test\3.1.2\spring-boot-test-3.1.2.jar;C:\Users\oland\.m2\repository\org\springframework\boot\spring-boot-test-autoconfigure\3.1.2\spring-boot-test-autoconfigure-3.1.2.jar;C:\Users\oland\.m2\repository\com\jayway\jsonpath\json-path\2.8.0\json-path-2.8.0.jar;C:\Users\oland\.m2\repository\jakarta\xml\bind\jakarta.xml.bind-api\4.0.0\jakarta.xml.bind-api-4.0.0.jar;C:\Users\oland\.m2\repository\net\minidev\json-smart\2.4.11\json-smart-2.4.11.jar;C:\Users\oland\.m2\repository\net\minidev\accessors-smart\2.4.11\accessors-smart-2.4.11.jar;C:\Users\oland\.m2\repository\org\assertj\assertj-core\3.24.2\assertj-core-3.24.2.jar;C:\Users\oland\.m2\repository\org\hamcrest\hamcrest\2.2\hamcrest-2.2.jar;C:\Users\oland\.m2\repository\org\junit\jupiter\junit-jupiter\5.9.3\junit-jupiter-5.9.3.jar;C:\Users\oland\.m2\repository\org\junit\jupiter\junit-jupiter-api\5.9.3\junit-jupiter-api-5.9.3.jar;C:\Users\oland\.m2\repository\org\opentest4j\opentest4j\1.2.0\opentest4j-1.2.0.jar;C:\Users\oland\.m2\repository\org\junit\platform\junit-platform-commons\1.9.3\junit-platform-commons-1.9.3.jar;C:\Users\oland\.m2\repository\org\apiguardian\apiguardian-api\1.1.2\apiguardian-api-1.1.2.jar;C:\Users\oland\.m2\repository\org\junit\jupiter\junit-jupiter-params\5.9.3\junit-jupiter-params-5.9.3.jar;C:\Users\oland\.m2\repository\org\junit\jupiter\junit-jupiter-engine\5.9.3\junit-jupiter-engine-5.9.3.jar;C:\Users\oland\.m2\repository\org\mockito\mockito-core\5.3.1\mockito-core-5.3.1.jar;C:\Users\oland\.m2\repository\net\bytebuddy\byte-buddy-agent\1.14.5\byte-buddy-agent-1.14.5.jar;C:\Users\oland\.m2\repository\org\objenesis\objenesis\3.3\objenesis-3.3.jar;C:\Users\oland\.m2\repository\org\mockito\mockito-junit-jupiter\5.3.1\mockito-junit-jupiter-5.3.1.jar;C:\Users\oland\.m2\repository\org\skyscreamer\jsonassert\1.5.1\jsonassert-1.5.1.jar;C:\Users\oland\.m2\repository\com\vaadin\external\google\android-json\0.0.20131108.vaadin1\android-json-0.0.20131108.vaadin1.jar;C:\Users\oland\.m2\repository\org\xmlunit\xmlunit-core\2.9.1\xmlunit-core-2.9.1.jar;C:\Users\oland\.m2\repository\com\vaadin\vaadin-testbench-junit5\24.1.10\vaadin-testbench-junit5-24.1.10.jar;C:\Users\oland\.m2\repository\com\vaadin\vaadin-testbench-core-junit5\9.0.7\vaadin-testbench-core-junit5-9.0.7.jar;C:\Users\oland\.m2\repository\commons-io\commons-io\2.11.0\commons-io-2.11.0.jar;C:\Users\oland\.m2\repository\commons-codec\commons-codec\1.15\commons-codec-1.15.jar;C:\Users\oland\.m2\repository\org\seleniumhq\selenium\selenium-remote-driver\4.11.0\selenium-remote-driver-4.11.0.jar;C:\Users\oland\.m2\repository\com\google\auto\service\auto-service-annotations\1.0.1\auto-service-annotations-1.0.1.jar;C:\Users\oland\.m2\repository\com\google\guava\guava\31.1-jre\guava-31.1-jre.jar;C:\Users\oland\.m2\repository\com\google\guava\failureaccess\1.0.1\failureaccess-1.0.1.jar;C:\Users\oland\.m2\repository\com\google\guava\listenablefuture\9999.0-empty-to-avoid-conflict-with-guava\listenablefuture-9999.0-empty-to-avoid-conflict-with-guava.jar;C:\Users\oland\.m2\repository\com\google\errorprone\error_prone_annotations\2.11.0\error_prone_annotations-2.11.0.jar;C:\Users\oland\.m2\repository\com\google\j2objc\j2objc-annotations\1.3\j2objc-annotations-1.3.jar;C:\Users\oland\.m2\repository\io\netty\netty-buffer\4.1.94.Final\netty-buffer-4.1.94.Final.jar;C:\Users\oland\.m2\repository\io\netty\netty-codec-http\4.1.94.Final\netty-codec-http-4.1.94.Final.jar;C:\Users\oland\.m2\repository\io\netty\netty-codec\4.1.94.Final\netty-codec-4.1.94.Final.jar;C:\Users\oland\.m2\repository\io\netty\netty-handler\4.1.94.Final\netty-handler-4.1.94.Final.jar;C:\Users\oland\.m2\repository\io\netty\netty-common\4.1.94.Final\netty-common-4.1.94.Final.jar;C:\Users\oland\.m2\repository\io\netty\netty-transport-classes-epoll\4.1.94.Final\netty-transport-classes-epoll-4.1.94.Final.jar;C:\Users\oland\.m2\repository\io\netty\netty-transport-classes-kqueue\4.1.94.Final\netty-transport-classes-kqueue-4.1.94.Final.jar;C:\Users\oland\.m2\repository\io\netty\netty-transport-native-epoll\4.1.94.Final\netty-transport-native-epoll-4.1.94.Final.jar;C:\Users\oland\.m2\repository\io\netty\netty-transport-native-kqueue\4.1.94.Final\netty-transport-native-kqueue-4.1.94.Final.jar;C:\Users\oland\.m2\repository\io\netty\netty-transport-native-unix-common\4.1.94.Final\netty-transport-native-unix-common-4.1.94.Final.jar;C:\Users\oland\.m2\repository\io\netty\netty-transport\4.1.94.Final\netty-transport-4.1.94.Final.jar;C:\Users\oland\.m2\repository\io\netty\netty-resolver\4.1.94.Final\netty-resolver-4.1.94.Final.jar;C:\Users\oland\.m2\repository\io\opentelemetry\opentelemetry-api\1.25.0\opentelemetry-api-1.25.0.jar;C:\Users\oland\.m2\repository\io\opentelemetry\opentelemetry-context\1.25.0\opentelemetry-context-1.25.0.jar;C:\Users\oland\.m2\repository\io\opentelemetry\opentelemetry-exporter-logging\1.25.0\opentelemetry-exporter-logging-1.25.0.jar;C:\Users\oland\.m2\repository\io\opentelemetry\opentelemetry-sdk-metrics\1.25.0\opentelemetry-sdk-metrics-1.25.0.jar;C:\Users\oland\.m2\repository\io\opentelemetry\opentelemetry-sdk-logs\1.25.0-alpha\opentelemetry-sdk-logs-1.25.0-alpha.jar;C:\Users\oland\.m2\repository\io\opentelemetry\opentelemetry-api-logs\1.25.0-alpha\opentelemetry-api-logs-1.25.0-alpha.jar;C:\Users\oland\.m2\repository\io\opentelemetry\opentelemetry-api-events\1.25.0-alpha\opentelemetry-api-events-1.25.0-alpha.jar;C:\Users\oland\.m2\repository\io\opentelemetry\opentelemetry-sdk-common\1.25.0\opentelemetry-sdk-common-1.25.0.jar;C:\Users\oland\.m2\repository\io\opentelemetry\opentelemetry-sdk-extension-autoconfigure-spi\1.25.0\opentelemetry-sdk-extension-autoconfigure-spi-1.25.0.jar;C:\Users\oland\.m2\repository\io\opentelemetry\opentelemetry-sdk-extension-autoconfigure\1.26.0-alpha\opentelemetry-sdk-extension-autoconfigure-1.26.0-alpha.jar;C:\Users\oland\.m2\repository\io\opentelemetry\opentelemetry-sdk-trace\1.25.0\opentelemetry-sdk-trace-1.25.0.jar;C:\Users\oland\.m2\repository\io\opentelemetry\opentelemetry-sdk\1.25.0\opentelemetry-sdk-1.25.0.jar;C:\Users\oland\.m2\repository\io\opentelemetry\opentelemetry-semconv\1.26.0-alpha\opentelemetry-semconv-1.26.0-alpha.jar;C:\Users\oland\.m2\repository\org\apache\commons\commons-exec\1.3\commons-exec-1.3.jar;C:\Users\oland\.m2\repository\org\asynchttpclient\async-http-client\2.12.3\async-http-client-2.12.3.jar;C:\Users\oland\.m2\repository\org\asynchttpclient\async-http-client-netty-utils\2.12.3\async-http-client-netty-utils-2.12.3.jar;C:\Users\oland\.m2\repository\io\netty\netty-codec-socks\4.1.94.Final\netty-codec-socks-4.1.94.Final.jar;C:\Users\oland\.m2\repository\io\netty\netty-handler-proxy\4.1.94.Final\netty-handler-proxy-4.1.94.Final.jar;C:\Users\oland\.m2\repository\io\netty\netty-transport-native-epoll\4.1.94.Final\netty-transport-native-epoll-4.1.94.Final-linux-x86_64.jar;C:\Users\oland\.m2\repository\io\netty\netty-transport-native-kqueue\4.1.94.Final\netty-transport-native-kqueue-4.1.94.Final-osx-x86_64.jar;C:\Users\oland\.m2\repository\org\reactivestreams\reactive-streams\1.0.4\reactive-streams-1.0.4.jar;C:\Users\oland\.m2\repository\com\typesafe\netty\netty-reactive-streams\2.0.4\netty-reactive-streams-2.0.4.jar;C:\Users\oland\.m2\repository\com\sun\activation\jakarta.activation\1.2.2\jakarta.activation-1.2.2.jar;C:\Users\oland\.m2\repository\org\seleniumhq\selenium\selenium-api\4.11.0\selenium-api-4.11.0.jar;C:\Users\oland\.m2\repository\org\seleniumhq\selenium\selenium-http\4.11.0\selenium-http-4.11.0.jar;C:\Users\oland\.m2\repository\dev\failsafe\failsafe\3.3.1\failsafe-3.3.1.jar;C:\Users\oland\.m2\repository\org\seleniumhq\selenium\selenium-json\4.11.0\selenium-json-4.11.0.jar;C:\Users\oland\.m2\repository\org\seleniumhq\selenium\selenium-manager\4.11.0\selenium-manager-4.11.0.jar;C:\Users\oland\.m2\repository\org\seleniumhq\selenium\selenium-java\4.11.0\selenium-java-4.11.0.jar;C:\Users\oland\.m2\repository\org\seleniumhq\selenium\selenium-chrome-driver\4.11.0\selenium-chrome-driver-4.11.0.jar;C:\Users\oland\.m2\repository\org\seleniumhq\selenium\selenium-chromium-driver\4.11.0\selenium-chromium-driver-4.11.0.jar;C:\Users\oland\.m2\repository\org\seleniumhq\selenium\selenium-devtools-v113\4.11.0\selenium-devtools-v113-4.11.0.jar;C:\Users\oland\.m2\repository\org\seleniumhq\selenium\selenium-devtools-v114\4.11.0\selenium-devtools-v114-4.11.0.jar;C:\Users\oland\.m2\repository\org\seleniumhq\selenium\selenium-devtools-v115\4.11.0\selenium-devtools-v115-4.11.0.jar;C:\Users\oland\.m2\repository\org\seleniumhq\selenium\selenium-devtools-v85\4.8.3\selenium-devtools-v85-4.8.3.jar;C:\Users\oland\.m2\repository\com\google\auto\service\auto-service\1.0.1\auto-service-1.0.1.jar;C:\Users\oland\.m2\repository\com\google\auto\auto-common\1.2\auto-common-1.2.jar;C:\Users\oland\.m2\repository\org\seleniumhq\selenium\selenium-edge-driver\4.11.0\selenium-edge-driver-4.11.0.jar;C:\Users\oland\.m2\repository\org\seleniumhq\selenium\selenium-firefox-driver\4.11.0\selenium-firefox-driver-4.11.0.jar;C:\Users\oland\.m2\repository\org\seleniumhq\selenium\selenium-ie-driver\4.11.0\selenium-ie-driver-4.11.0.jar;C:\Users\oland\.m2\repository\org\seleniumhq\selenium\selenium-safari-driver\4.11.0\selenium-safari-driver-4.11.0.jar;C:\Users\oland\.m2\repository\org\seleniumhq\selenium\selenium-support\4.11.0\selenium-support-4.11.0.jar;C:\Users\oland\.m2\repository\org\junit\platform\junit-platform-engine\1.9.3\junit-platform-engine-1.9.3.jar;C:\Users\oland\.m2\repository\org\javassist\javassist\3.28.0-GA\javassist-3.28.0-GA.jar;C:\Users\oland\.m2\repository\com\vaadin\license-checker\1.12.3\license-checker-1.12.3.jar;C:\Users\oland\.m2\repository\com\github\oshi\oshi-core\6.4.1\oshi-core-6.4.1.jar;C:\Users\oland\.m2\repository\net\java\dev\jna\jna\5.13.0\jna-5.13.0.jar;C:\Users\oland\.m2\repository\net\java\dev\jna\jna-platform\5.13.0\jna-platform-5.13.0.jar;C:\Users\oland\.m2\repository\com\nimbusds\nimbus-jose-jwt\9.31\nimbus-jose-jwt-9.31.jar;C:\Users\oland\.m2\repository\org\lucee\jcip-annotations\1.0.0\jcip-annotations-1.0.0.jar;C:\Users\oland\.m2\repository\com\vaadin\open\8.5.0\open-8.5.0.jar;C:\Users\oland\.m2\repository\com\vaadin\external\gwt\gwt-elemental\2.8.2.vaadin2\gwt-elemental-2.8.2.vaadin2.jar;C:\Users\oland\.m2\repository\com\vaadin\vaadin-testbench-unit-junit5\9.0.7\vaadin-testbench-unit-junit5-9.0.7.jar;C:\Users\oland\.m2\repository\com\vaadin\vaadin-testbench-unit-shared\9.0.7\vaadin-testbench-unit-shared-9.0.7.jar;C:\Users\oland\.m2\repository\io\github\classgraph\classgraph\4.8.146\classgraph-4.8.146.jar;C:\Users\oland\.m2\repository\jakarta\servlet\jakarta.servlet-api\6.0.0\jakarta.servlet-api-6.0.0.jar;C:\Users\oland\.m2\repository\org\jetbrains\kotlin\kotlin-stdlib-jdk8\1.8.22\kotlin-stdlib-jdk8-1.8.22.jar;C:\Users\oland\.m2\repository\org\jetbrains\kotlin\kotlin-stdlib\1.8.22\kotlin-stdlib-1.8.22.jar;C:\Users\oland\.m2\repository\org\jetbrains\kotlin\kotlin-stdlib-common\1.8.22\kotlin-stdlib-common-1.8.22.jar;C:\Users\oland\.m2\repository\org\jetbrains\annotations\13.0\annotations-13.0.jar;C:\Users\oland\.m2\repository\org\jetbrains\kotlin\kotlin-stdlib-jdk7\1.8.22\kotlin-stdlib-jdk7-1.8.22.jar;C:\Users\oland\.m2\repository\org\jetbrains\kotlin\kotlin-reflect\1.8.22\kotlin-reflect-1.8.22.jar;C:\Users\oland\.m2\repository\com\vaadin\vaadin-testbench-shared\9.0.7\vaadin-testbench-shared-9.0.7.jar;C:\Users\oland\.m2\repository\org\seleniumhq\selenium\selenium-http-jdk-client\4.11.0\selenium-http-jdk-client-4.11.0.jar;C:\Users\oland\.m2\repository\com\vaadin\flow-html-components-testbench\24.1.12\flow-html-components-testbench-24.1.12.jar;C:\Users\oland\.m2\repository\com\vaadin\vaadin-accordion-testbench\24.1.10\vaadin-accordion-testbench-24.1.10.jar;C:\Users\oland\.m2\repository\com\vaadin\vaadin-app-layout-testbench\24.1.10\vaadin-app-layout-testbench-24.1.10.jar;C:\Users\oland\.m2\repository\com\vaadin\vaadin-avatar-testbench\24.1.10\vaadin-avatar-testbench-24.1.10.jar;C:\Users\oland\.m2\repository\com\vaadin\vaadin-board-testbench\24.1.10\vaadin-board-testbench-24.1.10.jar;C:\Users\oland\.m2\repository\com\vaadin\vaadin-button-testbench\24.1.10\vaadin-button-testbench-24.1.10.jar;C:\Users\oland\.m2\repository\com\vaadin\vaadin-charts-testbench\24.1.10\vaadin-charts-testbench-24.1.10.jar;C:\Users\oland\.m2\repository\com\vaadin\vaadin-checkbox-testbench\24.1.10\vaadin-checkbox-testbench-24.1.10.jar;C:\Users\oland\.m2\repository\com\vaadin\vaadin-combo-box-testbench\24.1.10\vaadin-combo-box-testbench-24.1.10.jar;C:\Users\oland\.m2\repository\com\vaadin\vaadin-confirm-dialog-testbench\24.1.10\vaadin-confirm-dialog-testbench-24.1.10.jar;C:\Users\oland\.m2\repository\com\vaadin\vaadin-context-menu-testbench\24.1.10\vaadin-context-menu-testbench-24.1.10.jar;C:\Users\oland\.m2\repository\com\vaadin\vaadin-cookie-consent-testbench\24.1.10\vaadin-cookie-consent-testbench-24.1.10.jar;C:\Users\oland\.m2\repository\com\vaadin\vaadin-crud-testbench\24.1.10\vaadin-crud-testbench-24.1.10.jar;C:\Users\oland\.m2\repository\com\vaadin\vaadin-custom-field-testbench\24.1.10\vaadin-custom-field-testbench-24.1.10.jar;C:\Users\oland\.m2\repository\com\vaadin\vaadin-date-picker-testbench\24.1.10\vaadin-date-picker-testbench-24.1.10.jar;C:\Users\oland\.m2\repository\com\vaadin\vaadin-date-time-picker-testbench\24.1.10\vaadin-date-time-picker-testbench-24.1.10.jar;C:\Users\oland\.m2\repository\com\vaadin\vaadin-details-testbench\24.1.10\vaadin-details-testbench-24.1.10.jar;C:\Users\oland\.m2\repository\com\vaadin\vaadin-dialog-testbench\24.1.10\vaadin-dialog-testbench-24.1.10.jar;C:\Users\oland\.m2\repository\com\vaadin\vaadin-form-layout-testbench\24.1.10\vaadin-form-layout-testbench-24.1.10.jar;C:\Users\oland\.m2\repository\com\vaadin\vaadin-grid-testbench\24.1.10\vaadin-grid-testbench-24.1.10.jar;C:\Users\oland\.m2\repository\com\vaadin\vaadin-grid-pro-testbench\24.1.10\vaadin-grid-pro-testbench-24.1.10.jar;C:\Users\oland\.m2\repository\com\vaadin\vaadin-icons-testbench\24.1.10\vaadin-icons-testbench-24.1.10.jar;C:\Users\oland\.m2\repository\com\vaadin\vaadin-virtual-list-testbench\24.1.10\vaadin-virtual-list-testbench-24.1.10.jar;C:\Users\oland\.m2\repository\com\vaadin\vaadin-list-box-testbench\24.1.10\vaadin-list-box-testbench-24.1.10.jar;C:\Users\oland\.m2\repository\com\vaadin\vaadin-login-testbench\24.1.10\vaadin-login-testbench-24.1.10.jar;C:\Users\oland\.m2\repository\com\vaadin\vaadin-menu-bar-testbench\24.1.10\vaadin-menu-bar-testbench-24.1.10.jar;C:\Users\oland\.m2\repository\com\vaadin\vaadin-messages-testbench\24.1.10\vaadin-messages-testbench-24.1.10.jar;C:\Users\oland\.m2\repository\com\vaadin\vaadin-notification-testbench\24.1.10\vaadin-notification-testbench-24.1.10.jar;C:\Users\oland\.m2\repository\com\vaadin\vaadin-ordered-layout-testbench\24.1.10\vaadin-ordered-layout-testbench-24.1.10.jar;C:\Users\oland\.m2\repository\com\vaadin\vaadin-progress-bar-testbench\24.1.10\vaadin-progress-bar-testbench-24.1.10.jar;C:\Users\oland\.m2\repository\com\vaadin\vaadin-radio-button-testbench\24.1.10\vaadin-radio-button-testbench-24.1.10.jar;C:\Users\oland\.m2\repository\com\vaadin\vaadin-rich-text-editor-testbench\24.1.10\vaadin-rich-text-editor-testbench-24.1.10.jar;C:\Users\oland\.m2\repository\com\vaadin\vaadin-select-testbench\24.1.10\vaadin-select-testbench-24.1.10.jar;C:\Users\oland\.m2\repository\com\vaadin\vaadin-split-layout-testbench\24.1.10\vaadin-split-layout-testbench-24.1.10.jar;C:\Users\oland\.m2\repository\com\vaadin\vaadin-tabs-testbench\24.1.10\vaadin-tabs-testbench-24.1.10.jar;C:\Users\oland\.m2\repository\com\vaadin\vaadin-text-field-testbench\24.1.10\vaadin-text-field-testbench-24.1.10.jar;C:\Users\oland\.m2\repository\com\vaadin\vaadin-time-picker-testbench\24.1.10\vaadin-time-picker-testbench-24.1.10.jar;C:\Users\oland\.m2\repository\com\vaadin\vaadin-upload-testbench\24.1.10\vaadin-upload-testbench-24.1.10.jar;C:\Users\oland\.m2\repository\com\flowingcode\addons\carousel\carousel-addon\2.1.2\carousel-addon-2.1.2.jar;C:\Users\oland\.m2\repository\com\vaadin\vaadin-core\24.1.10\vaadin-core-24.1.10.jar;C:\Users\oland\.m2\repository\com\vaadin\vaadin-core-internal\24.1.10\vaadin-core-internal-24.1.10.jar;C:\Users\oland\.m2\repository\com\vaadin\flow-lit-template\24.1.12\flow-lit-template-24.1.12.jar;C:\Users\oland\.m2\repository\com\vaadin\flow-html-components\24.1.12\flow-html-components-24.1.12.jar;C:\Users\oland\.m2\repository\com\vaadin\flow-data\24.1.12\flow-data-24.1.12.jar;C:\Users\oland\.m2\repository\com\vaadin\flow-dnd\24.1.12\flow-dnd-24.1.12.jar;C:\Users\oland\.m2\repository\com\vaadin\vaadin-lumo-theme\24.1.10\vaadin-lumo-theme-24.1.10.jar;C:\Users\oland\.m2\repository\com\vaadin\vaadin-material-theme\24.1.10\vaadin-material-theme-24.1.10.jar;C:\Users\oland\.m2\repository\com\vaadin\vaadin-accordion-flow\24.1.10\vaadin-accordion-flow-24.1.10.jar;C:\Users\oland\.m2\repository\com\vaadin\vaadin-avatar-flow\24.1.10\vaadin-avatar-flow-24.1.10.jar;C:\Users\oland\.m2\repository\com\vaadin\vaadin-button-flow\24.1.10\vaadin-button-flow-24.1.10.jar;C:\Users\oland\.m2\repository\com\vaadin\vaadin-checkbox-flow\24.1.10\vaadin-checkbox-flow-24.1.10.jar;C:\Users\oland\.m2\repository\com\vaadin\vaadin-combo-box-flow\24.1.10\vaadin-combo-box-flow-24.1.10.jar;C:\Users\oland\.m2\repository\com\vaadin\vaadin-confirm-dialog-flow\24.1.10\vaadin-confirm-dialog-flow-24.1.10.jar;C:\Users\oland\.m2\repository\com\vaadin\vaadin-custom-field-flow\24.1.10\vaadin-custom-field-flow-24.1.10.jar;C:\Users\oland\.m2\repository\com\vaadin\vaadin-date-picker-flow\24.1.10\vaadin-date-picker-flow-24.1.10.jar;C:\Users\oland\.m2\repository\com\vaadin\vaadin-date-time-picker-flow\24.1.10\vaadin-date-time-picker-flow-24.1.10.jar;C:\Users\oland\.m2\repository\com\vaadin\vaadin-details-flow\24.1.10\vaadin-details-flow-24.1.10.jar;C:\Users\oland\.m2\repository\com\vaadin\vaadin-time-picker-flow\24.1.10\vaadin-time-picker-flow-24.1.10.jar;C:\Users\oland\.m2\repository\com\vaadin\vaadin-select-flow\24.1.10\vaadin-select-flow-24.1.10.jar;C:\Users\oland\.m2\repository\com\vaadin\vaadin-side-nav-flow\24.1.10\vaadin-side-nav-flow-24.1.10.jar;C:\Users\oland\.m2\repository\com\vaadin\vaadin-dialog-flow\24.1.10\vaadin-dialog-flow-24.1.10.jar;C:\Users\oland\.m2\repository\com\vaadin\vaadin-form-layout-flow\24.1.10\vaadin-form-layout-flow-24.1.10.jar;C:\Users\oland\.m2\repository\com\vaadin\vaadin-field-highlighter-flow\24.1.10\vaadin-field-highlighter-flow-24.1.10.jar;C:\Users\oland\.m2\repository\com\vaadin\vaadin-grid-flow\24.1.10\vaadin-grid-flow-24.1.10.jar;C:\Users\oland\.m2\repository\com\vaadin\vaadin-icons-flow\24.1.10\vaadin-icons-flow-24.1.10.jar;C:\Users\oland\.m2\repository\com\vaadin\vaadin-virtual-list-flow\24.1.10\vaadin-virtual-list-flow-24.1.10.jar;C:\Users\oland\.m2\repository\com\vaadin\vaadin-list-box-flow\24.1.10\vaadin-list-box-flow-24.1.10.jar;C:\Users\oland\.m2\repository\com\vaadin\vaadin-login-flow\24.1.10\vaadin-login-flow-24.1.10.jar;C:\Users\oland\.m2\repository\com\vaadin\vaadin-messages-flow\24.1.10\vaadin-messages-flow-24.1.10.jar;C:\Users\oland\.m2\repository\com\vaadin\vaadin-ordered-layout-flow\24.1.10\vaadin-ordered-layout-flow-24.1.10.jar;C:\Users\oland\.m2\repository\com\vaadin\vaadin-progress-bar-flow\24.1.10\vaadin-progress-bar-flow-24.1.10.jar;C:\Users\oland\.m2\repository\com\vaadin\vaadin-radio-button-flow\24.1.10\vaadin-radio-button-flow-24.1.10.jar;C:\Users\oland\.m2\repository\com\vaadin\vaadin-renderer-flow\24.1.10\vaadin-renderer-flow-24.1.10.jar;C:\Users\oland\.m2\repository\com\vaadin\vaadin-split-layout-flow\24.1.10\vaadin-split-layout-flow-24.1.10.jar;C:\Users\oland\.m2\repository\com\vaadin\vaadin-tabs-flow\24.1.10\vaadin-tabs-flow-24.1.10.jar;C:\Users\oland\.m2\repository\com\vaadin\vaadin-text-field-flow\24.1.10\vaadin-text-field-flow-24.1.10.jar;C:\Users\oland\.m2\repository\com\vaadin\vaadin-upload-flow\24.1.10\vaadin-upload-flow-24.1.10.jar;C:\Users\oland\.m2\repository\com\vaadin\vaadin-notification-flow\24.1.10\vaadin-notification-flow-24.1.10.jar;C:\Users\oland\.m2\repository\com\vaadin\vaadin-app-layout-flow\24.1.10\vaadin-app-layout-flow-24.1.10.jar;C:\Users\oland\.m2\repository\com\vaadin\vaadin-context-menu-flow\24.1.10\vaadin-context-menu-flow-24.1.10.jar;C:\Users\oland\.m2\repository\com\vaadin\vaadin-menu-bar-flow\24.1.10\vaadin-menu-bar-flow-24.1.10.jar;C:\Users\oland\.m2\repository\org\postgresql\postgresql\42.6.0\postgresql-42.6.0.jar;C:\Users\oland\.m2\repository\org\checkerframework\checker-qual\3.31.0\checker-qual-3.31.0.jar;"/>
    <property name="java.vm.vendor" value="Eclipse Adoptium"/>
    <property name="sun.arch.data.model" value="64"/>
    <property name="user.variant" value=""/>
    <property name="spring.devtools.livereload.port" value="35729"/>
    <property name="java.vendor.url" value="https://adoptium.net/"/>
    <property name="user.timezone" value="Europe/Rome"/>
    <property name="org.jboss.logging.provider" value="slf4j"/>
    <property name="os.name" value="Windows 10"/>
    <property name="java.vm.specification.version" value="20"/>
    <property name="sun.java.launcher" value="SUN_STANDARD"/>
    <property name="user.country" value="IT"/>
    <property name="sun.boot.library.path" value="C:\Users\oland\.p2\pool\plugins\org.eclipse.justj.openjdk.hotspot.jre.full.win32.x86_64_20.0.2.v20230801-2057\jre\bin"/>
    <property name="sun.java.command" value="C:\Users\oland\AppData\Local\Temp\surefire6774586246716640764\surefirebooter-20231230144309381_3.jar C:\Users\oland\AppData\Local\Temp\surefire6774586246716640764 2023-12-30T14-43-09_087-jvmRun1 surefire-20231230144309381_1tmp surefire_0-20231230144309381_2tmp"/>
    <property name="jdk.debug" value="release"/>
    <property name="surefire.test.class.path" value="C:\Users\oland\eclipse-workspace\SSD_01-2024_StudyApp\target\test-classes;C:\Users\oland\eclipse-workspace\SSD_01-2024_StudyApp\target\classes;C:\Users\oland\.m2\repository\com\vaadin\vaadin\24.1.10\vaadin-24.1.10.jar;C:\Users\oland\.m2\repository\com\vaadin\vaadin-internal\24.1.10\vaadin-internal-24.1.10.jar;C:\Users\oland\.m2\repository\com\vaadin\vaadin-board-flow\24.1.10\vaadin-board-flow-24.1.10.jar;C:\Users\oland\.m2\repository\com\vaadin\vaadin-charts-flow\24.1.10\vaadin-charts-flow-24.1.10.jar;C:\Users\oland\.m2\repository\com\vaadin\vaadin-cookie-consent-flow\24.1.10\vaadin-cookie-consent-flow-24.1.10.jar;C:\Users\oland\.m2\repository\com\vaadin\vaadin-crud-flow\24.1.10\vaadin-crud-flow-24.1.10.jar;C:\Users\oland\.m2\repository\com\vaadin\vaadin-flow-components-base\24.1.10\vaadin-flow-components-base-24.1.10.jar;C:\Users\oland\.m2\repository\com\vaadin\vaadin-grid-pro-flow\24.1.10\vaadin-grid-pro-flow-24.1.10.jar;C:\Users\oland\.m2\repository\com\vaadin\vaadin-map-flow\24.1.10\vaadin-map-flow-24.1.10.jar;C:\Users\oland\.m2\repository\com\vaadin\vaadin-rich-text-editor-flow\24.1.10\vaadin-rich-text-editor-flow-24.1.10.jar;C:\Users\oland\.m2\repository\com\vaadin\collaboration-engine\6.0.0\collaboration-engine-6.0.0.jar;C:\Users\oland\.m2\repository\com\fasterxml\jackson\core\jackson-databind\2.15.2\jackson-databind-2.15.2.jar;C:\Users\oland\.m2\repository\com\fasterxml\jackson\core\jackson-annotations\2.15.2\jackson-annotations-2.15.2.jar;C:\Users\oland\.m2\repository\com\fasterxml\jackson\datatype\jackson-datatype-jsr310\2.15.2\jackson-datatype-jsr310-2.15.2.jar;C:\Users\oland\.m2\repository\org\springframework\boot\spring-boot-starter-mail\3.1.2\spring-boot-starter-mail-3.1.2.jar;C:\Users\oland\.m2\repository\org\springframework\boot\spring-boot-starter\3.1.2\spring-boot-starter-3.1.2.jar;C:\Users\oland\.m2\repository\org\springframework\boot\spring-boot-starter-logging\3.1.2\spring-boot-starter-logging-3.1.2.jar;C:\Users\oland\.m2\repository\ch\qos\logback\logback-classic\1.4.8\logback-classic-1.4.8.jar;C:\Users\oland\.m2\repository\ch\qos\logback\logback-core\1.4.8\logback-core-1.4.8.jar;C:\Users\oland\.m2\repository\org\apache\logging\log4j\log4j-to-slf4j\2.20.0\log4j-to-slf4j-2.20.0.jar;C:\Users\oland\.m2\repository\org\apache\logging\log4j\log4j-api\2.20.0\log4j-api-2.20.0.jar;C:\Users\oland\.m2\repository\org\slf4j\jul-to-slf4j\2.0.7\jul-to-slf4j-2.0.7.jar;C:\Users\oland\.m2\repository\jakarta\annotation\jakarta.annotation-api\2.1.1\jakarta.annotation-api-2.1.1.jar;C:\Users\oland\.m2\repository\org\yaml\snakeyaml\1.33\snakeyaml-1.33.jar;C:\Users\oland\.m2\repository\org\springframework\spring-context-support\6.0.11\spring-context-support-6.0.11.jar;C:\Users\oland\.m2\repository\org\springframework\spring-beans\6.0.11\spring-beans-6.0.11.jar;C:\Users\oland\.m2\repository\org\springframework\spring-context\6.0.11\spring-context-6.0.11.jar;C:\Users\oland\.m2\repository\org\eclipse\angus\jakarta.mail\1.1.0\jakarta.mail-1.1.0.jar;C:\Users\oland\.m2\repository\jakarta\activation\jakarta.activation-api\2.1.2\jakarta.activation-api-2.1.2.jar;C:\Users\oland\.m2\repository\org\eclipse\angus\angus-activation\2.0.1\angus-activation-2.0.1.jar;C:\Users\oland\.m2\repository\com\vaadin\vaadin-spring-boot-starter\24.1.10\vaadin-spring-boot-starter-24.1.10.jar;C:\Users\oland\.m2\repository\com\vaadin\vaadin-spring\24.1.12\vaadin-spring-24.1.12.jar;C:\Users\oland\.m2\repository\com\vaadin\flow-server\24.1.12\flow-server-24.1.12.jar;C:\Users\oland\.m2\repository\com\vaadin\servletdetector\throw-if-servlet3\1.0.2\throw-if-servlet3-1.0.2.jar;C:\Users\oland\.m2\repository\com\vaadin\flow-commons-upload\24.1.12\flow-commons-upload-24.1.12.jar;C:\Users\oland\.m2\repository\com\fasterxml\jackson\core\jackson-core\2.15.2\jackson-core-2.15.2.jar;C:\Users\oland\.m2\repository\org\jsoup\jsoup\1.16.1\jsoup-1.16.1.jar;C:\Users\oland\.m2\repository\com\helger\ph-css\7.0.0\ph-css-7.0.0.jar;C:\Users\oland\.m2\repository\com\helger\commons\ph-commons\11.0.1\ph-commons-11.0.1.jar;C:\Users\oland\.m2\repository\org\ow2\asm\asm\9.5\asm-9.5.jar;C:\Users\oland\.m2\repository\com\vaadin\external\gentyref\1.2.0.vaadin1\gentyref-1.2.0.vaadin1.jar;C:\Users\oland\.m2\repository\org\apache\commons\commons-compress\1.24.0\commons-compress-1.24.0.jar;C:\Users\oland\.m2\repository\org\apache\httpcomponents\httpclient\4.5.14\httpclient-4.5.14.jar;C:\Users\oland\.m2\repository\org\apache\httpcomponents\httpcore\4.4.16\httpcore-4.4.16.jar;C:\Users\oland\.m2\repository\commons-logging\commons-logging\1.2\commons-logging-1.2.jar;C:\Users\oland\.m2\repository\com\vaadin\flow-push\24.1.12\flow-push-24.1.12.jar;C:\Users\oland\.m2\repository\com\vaadin\external\atmosphere\atmosphere-runtime\3.0.3.slf4jvaadin1\atmosphere-runtime-3.0.3.slf4jvaadin1.jar;C:\Users\oland\.m2\repository\com\vaadin\flow-client\24.1.12\flow-client-24.1.12.jar;C:\Users\oland\.m2\repository\org\springframework\spring-webmvc\6.0.11\spring-webmvc-6.0.11.jar;C:\Users\oland\.m2\repository\org\springframework\spring-websocket\6.0.11\spring-websocket-6.0.11.jar;C:\Users\oland\.m2\repository\org\reflections\reflections\0.10.2\reflections-0.10.2.jar;C:\Users\oland\.m2\repository\com\google\code\findbugs\jsr305\3.0.2\jsr305-3.0.2.jar;C:\Users\oland\.m2\repository\org\springframework\boot\spring-boot-starter-web\3.1.2\spring-boot-starter-web-3.1.2.jar;C:\Users\oland\.m2\repository\org\springframework\boot\spring-boot-starter-json\3.1.2\spring-boot-starter-json-3.1.2.jar;C:\Users\oland\.m2\repository\com\fasterxml\jackson\datatype\jackson-datatype-jdk8\2.15.2\jackson-datatype-jdk8-2.15.2.jar;C:\Users\oland\.m2\repository\com\fasterxml\jackson\module\jackson-module-parameter-names\2.15.2\jackson-module-parameter-names-2.15.2.jar;C:\Users\oland\.m2\repository\org\springframework\boot\spring-boot-starter-tomcat\3.1.2\spring-boot-starter-tomcat-3.1.2.jar;C:\Users\oland\.m2\repository\org\springframework\spring-web\6.0.11\spring-web-6.0.11.jar;C:\Users\oland\.m2\repository\org\apache\tomcat\embed\tomcat-embed-core\10.1.11\tomcat-embed-core-10.1.11.jar;C:\Users\oland\.m2\repository\org\apache\tomcat\tomcat-annotations-api\10.1.11\tomcat-annotations-api-10.1.11.jar;C:\Users\oland\.m2\repository\org\apache\tomcat\embed\tomcat-embed-websocket\10.1.11\tomcat-embed-websocket-10.1.11.jar;C:\Users\oland\.m2\repository\org\springframework\boot\spring-boot-starter-security\3.1.2\spring-boot-starter-security-3.1.2.jar;C:\Users\oland\.m2\repository\org\springframework\spring-aop\6.0.11\spring-aop-6.0.11.jar;C:\Users\oland\.m2\repository\org\springframework\security\spring-security-config\6.1.2\spring-security-config-6.1.2.jar;C:\Users\oland\.m2\repository\org\springframework\security\spring-security-web\6.1.2\spring-security-web-6.1.2.jar;C:\Users\oland\.m2\repository\org\springframework\spring-expression\6.0.11\spring-expression-6.0.11.jar;C:\Users\oland\.m2\repository\org\springframework\security\spring-security-test\6.1.2\spring-security-test-6.1.2.jar;C:\Users\oland\.m2\repository\org\springframework\security\spring-security-core\6.1.2\spring-security-core-6.1.2.jar;C:\Users\oland\.m2\repository\org\springframework\security\spring-security-crypto\6.1.2\spring-security-crypto-6.1.2.jar;C:\Users\oland\.m2\repository\io\micrometer\micrometer-observation\1.11.2\micrometer-observation-1.11.2.jar;C:\Users\oland\.m2\repository\io\micrometer\micrometer-commons\1.11.2\micrometer-commons-1.11.2.jar;C:\Users\oland\.m2\repository\org\springframework\spring-core\6.0.11\spring-core-6.0.11.jar;C:\Users\oland\.m2\repository\org\springframework\spring-jcl\6.0.11\spring-jcl-6.0.11.jar;C:\Users\oland\.m2\repository\org\springframework\spring-test\6.0.11\spring-test-6.0.11.jar;C:\Users\oland\.m2\repository\org\parttio\line-awesome\1.1.0\line-awesome-1.1.0.jar;C:\Users\oland\.m2\repository\com\h2database\h2\2.1.214\h2-2.1.214.jar;C:\Users\oland\.m2\repository\org\vaadin\stefan\fullcalendar2\6.0.2\fullcalendar2-6.0.2.jar;C:\Users\oland\.m2\repository\org\apache\commons\commons-text\1.10.0\commons-text-1.10.0.jar;C:\Users\oland\.m2\repository\org\apache\commons\commons-lang3\3.12.0\commons-lang3-3.12.0.jar;C:\Users\oland\.m2\repository\org\springframework\boot\spring-boot-starter-data-jpa\3.1.2\spring-boot-starter-data-jpa-3.1.2.jar;C:\Users\oland\.m2\repository\org\springframework\boot\spring-boot-starter-aop\3.1.2\spring-boot-starter-aop-3.1.2.jar;C:\Users\oland\.m2\repository\org\aspectj\aspectjweaver\1.9.19\aspectjweaver-1.9.19.jar;C:\Users\oland\.m2\repository\org\springframework\boot\spring-boot-starter-jdbc\3.1.2\spring-boot-starter-jdbc-3.1.2.jar;C:\Users\oland\.m2\repository\com\zaxxer\HikariCP\5.0.1\HikariCP-5.0.1.jar;C:\Users\oland\.m2\repository\org\springframework\spring-jdbc\6.0.11\spring-jdbc-6.0.11.jar;C:\Users\oland\.m2\repository\org\hibernate\orm\hibernate-core\6.2.6.Final\hibernate-core-6.2.6.Final.jar;C:\Users\oland\.m2\repository\jakarta\persistence\jakarta.persistence-api\3.1.0\jakarta.persistence-api-3.1.0.jar;C:\Users\oland\.m2\repository\jakarta\transaction\jakarta.transaction-api\2.0.1\jakarta.transaction-api-2.0.1.jar;C:\Users\oland\.m2\repository\org\jboss\logging\jboss-logging\3.5.3.Final\jboss-logging-3.5.3.Final.jar;C:\Users\oland\.m2\repository\org\hibernate\common\hibernate-commons-annotations\6.0.6.Final\hibernate-commons-annotations-6.0.6.Final.jar;C:\Users\oland\.m2\repository\io\smallrye\jandex\3.0.5\jandex-3.0.5.jar;C:\Users\oland\.m2\repository\com\fasterxml\classmate\1.5.1\classmate-1.5.1.jar;C:\Users\oland\.m2\repository\net\bytebuddy\byte-buddy\1.14.5\byte-buddy-1.14.5.jar;C:\Users\oland\.m2\repository\org\glassfish\jaxb\jaxb-runtime\4.0.3\jaxb-runtime-4.0.3.jar;C:\Users\oland\.m2\repository\org\glassfish\jaxb\jaxb-core\4.0.3\jaxb-core-4.0.3.jar;C:\Users\oland\.m2\repository\org\glassfish\jaxb\txw2\4.0.3\txw2-4.0.3.jar;C:\Users\oland\.m2\repository\com\sun\istack\istack-commons-runtime\4.1.2\istack-commons-runtime-4.1.2.jar;C:\Users\oland\.m2\repository\jakarta\inject\jakarta.inject-api\2.0.1\jakarta.inject-api-2.0.1.jar;C:\Users\oland\.m2\repository\org\antlr\antlr4-runtime\4.10.1\antlr4-runtime-4.10.1.jar;C:\Users\oland\.m2\repository\org\springframework\data\spring-data-jpa\3.1.2\spring-data-jpa-3.1.2.jar;C:\Users\oland\.m2\repository\org\springframework\data\spring-data-commons\3.1.2\spring-data-commons-3.1.2.jar;C:\Users\oland\.m2\repository\org\springframework\spring-orm\6.0.11\spring-orm-6.0.11.jar;C:\Users\oland\.m2\repository\org\springframework\spring-tx\6.0.11\spring-tx-6.0.11.jar;C:\Users\oland\.m2\repository\org\slf4j\slf4j-api\2.0.7\slf4j-api-2.0.7.jar;C:\Users\oland\.m2\repository\org\springframework\spring-aspects\6.0.11\spring-aspects-6.0.11.jar;C:\Users\oland\.m2\repository\org\springframework\boot\spring-boot-starter-validation\3.1.2\spring-boot-starter-validation-3.1.2.jar;C:\Users\oland\.m2\repository\org\apache\tomcat\embed\tomcat-embed-el\10.1.11\tomcat-embed-el-10.1.11.jar;C:\Users\oland\.m2\repository\org\hibernate\validator\hibernate-validator\8.0.1.Final\hibernate-validator-8.0.1.Final.jar;C:\Users\oland\.m2\repository\jakarta\validation\jakarta.validation-api\3.0.2\jakarta.validation-api-3.0.2.jar;C:\Users\oland\.m2\repository\org\springframework\boot\spring-boot-devtools\3.1.2\spring-boot-devtools-3.1.2.jar;C:\Users\oland\.m2\repository\org\springframework\boot\spring-boot\3.1.2\spring-boot-3.1.2.jar;C:\Users\oland\.m2\repository\org\springframework\boot\spring-boot-autoconfigure\3.1.2\spring-boot-autoconfigure-3.1.2.jar;C:\Users\oland\.m2\repository\org\springframework\boot\spring-boot-starter-test\3.1.2\spring-boot-starter-test-3.1.2.jar;C:\Users\oland\.m2\repository\org\springframework\boot\spring-boot-test\3.1.2\spring-boot-test-3.1.2.jar;C:\Users\oland\.m2\repository\org\springframework\boot\spring-boot-test-autoconfigure\3.1.2\spring-boot-test-autoconfigure-3.1.2.jar;C:\Users\oland\.m2\repository\com\jayway\jsonpath\json-path\2.8.0\json-path-2.8.0.jar;C:\Users\oland\.m2\repository\jakarta\xml\bind\jakarta.xml.bind-api\4.0.0\jakarta.xml.bind-api-4.0.0.jar;C:\Users\oland\.m2\repository\net\minidev\json-smart\2.4.11\json-smart-2.4.11.jar;C:\Users\oland\.m2\repository\net\minidev\accessors-smart\2.4.11\accessors-smart-2.4.11.jar;C:\Users\oland\.m2\repository\org\assertj\assertj-core\3.24.2\assertj-core-3.24.2.jar;C:\Users\oland\.m2\repository\org\hamcrest\hamcrest\2.2\hamcrest-2.2.jar;C:\Users\oland\.m2\repository\org\junit\jupiter\junit-jupiter\5.9.3\junit-jupiter-5.9.3.jar;C:\Users\oland\.m2\repository\org\junit\jupiter\junit-jupiter-api\5.9.3\junit-jupiter-api-5.9.3.jar;C:\Users\oland\.m2\repository\org\opentest4j\opentest4j\1.2.0\opentest4j-1.2.0.jar;C:\Users\oland\.m2\repository\org\junit\platform\junit-platform-commons\1.9.3\junit-platform-commons-1.9.3.jar;C:\Users\oland\.m2\repository\org\apiguardian\apiguardian-api\1.1.2\apiguardian-api-1.1.2.jar;C:\Users\oland\.m2\repository\org\junit\jupiter\junit-jupiter-params\5.9.3\junit-jupiter-params-5.9.3.jar;C:\Users\oland\.m2\repository\org\junit\jupiter\junit-jupiter-engine\5.9.3\junit-jupiter-engine-5.9.3.jar;C:\Users\oland\.m2\repository\org\mockito\mockito-core\5.3.1\mockito-core-5.3.1.jar;C:\Users\oland\.m2\repository\net\bytebuddy\byte-buddy-agent\1.14.5\byte-buddy-agent-1.14.5.jar;C:\Users\oland\.m2\repository\org\objenesis\objenesis\3.3\objenesis-3.3.jar;C:\Users\oland\.m2\repository\org\mockito\mockito-junit-jupiter\5.3.1\mockito-junit-jupiter-5.3.1.jar;C:\Users\oland\.m2\repository\org\skyscreamer\jsonassert\1.5.1\jsonassert-1.5.1.jar;C:\Users\oland\.m2\repository\com\vaadin\external\google\android-json\0.0.20131108.vaadin1\android-json-0.0.20131108.vaadin1.jar;C:\Users\oland\.m2\repository\org\xmlunit\xmlunit-core\2.9.1\xmlunit-core-2.9.1.jar;C:\Users\oland\.m2\repository\com\vaadin\vaadin-testbench-junit5\24.1.10\vaadin-testbench-junit5-24.1.10.jar;C:\Users\oland\.m2\repository\com\vaadin\vaadin-testbench-core-junit5\9.0.7\vaadin-testbench-core-junit5-9.0.7.jar;C:\Users\oland\.m2\repository\commons-io\commons-io\2.11.0\commons-io-2.11.0.jar;C:\Users\oland\.m2\repository\commons-codec\commons-codec\1.15\commons-codec-1.15.jar;C:\Users\oland\.m2\repository\org\seleniumhq\selenium\selenium-remote-driver\4.11.0\selenium-remote-driver-4.11.0.jar;C:\Users\oland\.m2\repository\com\google\auto\service\auto-service-annotations\1.0.1\auto-service-annotations-1.0.1.jar;C:\Users\oland\.m2\repository\com\google\guava\guava\31.1-jre\guava-31.1-jre.jar;C:\Users\oland\.m2\repository\com\google\guava\failureaccess\1.0.1\failureaccess-1.0.1.jar;C:\Users\oland\.m2\repository\com\google\guava\listenablefuture\9999.0-empty-to-avoid-conflict-with-guava\listenablefuture-9999.0-empty-to-avoid-conflict-with-guava.jar;C:\Users\oland\.m2\repository\com\google\errorprone\error_prone_annotations\2.11.0\error_prone_annotations-2.11.0.jar;C:\Users\oland\.m2\repository\com\google\j2objc\j2objc-annotations\1.3\j2objc-annotations-1.3.jar;C:\Users\oland\.m2\repository\io\netty\netty-buffer\4.1.94.Final\netty-buffer-4.1.94.Final.jar;C:\Users\oland\.m2\repository\io\netty\netty-codec-http\4.1.94.Final\netty-codec-http-4.1.94.Final.jar;C:\Users\oland\.m2\repository\io\netty\netty-codec\4.1.94.Final\netty-codec-4.1.94.Final.jar;C:\Users\oland\.m2\repository\io\netty\netty-handler\4.1.94.Final\netty-handler-4.1.94.Final.jar;C:\Users\oland\.m2\repository\io\netty\netty-common\4.1.94.Final\netty-common-4.1.94.Final.jar;C:\Users\oland\.m2\repository\io\netty\netty-transport-classes-epoll\4.1.94.Final\netty-transport-classes-epoll-4.1.94.Final.jar;C:\Users\oland\.m2\repository\io\netty\netty-transport-classes-kqueue\4.1.94.Final\netty-transport-classes-kqueue-4.1.94.Final.jar;C:\Users\oland\.m2\repository\io\netty\netty-transport-native-epoll\4.1.94.Final\netty-transport-native-epoll-4.1.94.Final.jar;C:\Users\oland\.m2\repository\io\netty\netty-transport-native-kqueue\4.1.94.Final\netty-transport-native-kqueue-4.1.94.Final.jar;C:\Users\oland\.m2\repository\io\netty\netty-transport-native-unix-common\4.1.94.Final\netty-transport-native-unix-common-4.1.94.Final.jar;C:\Users\oland\.m2\repository\io\netty\netty-transport\4.1.94.Final\netty-transport-4.1.94.Final.jar;C:\Users\oland\.m2\repository\io\netty\netty-resolver\4.1.94.Final\netty-resolver-4.1.94.Final.jar;C:\Users\oland\.m2\repository\io\opentelemetry\opentelemetry-api\1.25.0\opentelemetry-api-1.25.0.jar;C:\Users\oland\.m2\repository\io\opentelemetry\opentelemetry-context\1.25.0\opentelemetry-context-1.25.0.jar;C:\Users\oland\.m2\repository\io\opentelemetry\opentelemetry-exporter-logging\1.25.0\opentelemetry-exporter-logging-1.25.0.jar;C:\Users\oland\.m2\repository\io\opentelemetry\opentelemetry-sdk-metrics\1.25.0\opentelemetry-sdk-metrics-1.25.0.jar;C:\Users\oland\.m2\repository\io\opentelemetry\opentelemetry-sdk-logs\1.25.0-alpha\opentelemetry-sdk-logs-1.25.0-alpha.jar;C:\Users\oland\.m2\repository\io\opentelemetry\opentelemetry-api-logs\1.25.0-alpha\opentelemetry-api-logs-1.25.0-alpha.jar;C:\Users\oland\.m2\repository\io\opentelemetry\opentelemetry-api-events\1.25.0-alpha\opentelemetry-api-events-1.25.0-alpha.jar;C:\Users\oland\.m2\repository\io\opentelemetry\opentelemetry-sdk-common\1.25.0\opentelemetry-sdk-common-1.25.0.jar;C:\Users\oland\.m2\repository\io\opentelemetry\opentelemetry-sdk-extension-autoconfigure-spi\1.25.0\opentelemetry-sdk-extension-autoconfigure-spi-1.25.0.jar;C:\Users\oland\.m2\repository\io\opentelemetry\opentelemetry-sdk-extension-autoconfigure\1.26.0-alpha\opentelemetry-sdk-extension-autoconfigure-1.26.0-alpha.jar;C:\Users\oland\.m2\repository\io\opentelemetry\opentelemetry-sdk-trace\1.25.0\opentelemetry-sdk-trace-1.25.0.jar;C:\Users\oland\.m2\repository\io\opentelemetry\opentelemetry-sdk\1.25.0\opentelemetry-sdk-1.25.0.jar;C:\Users\oland\.m2\repository\io\opentelemetry\opentelemetry-semconv\1.26.0-alpha\opentelemetry-semconv-1.26.0-alpha.jar;C:\Users\oland\.m2\repository\org\apache\commons\commons-exec\1.3\commons-exec-1.3.jar;C:\Users\oland\.m2\repository\org\asynchttpclient\async-http-client\2.12.3\async-http-client-2.12.3.jar;C:\Users\oland\.m2\repository\org\asynchttpclient\async-http-client-netty-utils\2.12.3\async-http-client-netty-utils-2.12.3.jar;C:\Users\oland\.m2\repository\io\netty\netty-codec-socks\4.1.94.Final\netty-codec-socks-4.1.94.Final.jar;C:\Users\oland\.m2\repository\io\netty\netty-handler-proxy\4.1.94.Final\netty-handler-proxy-4.1.94.Final.jar;C:\Users\oland\.m2\repository\io\netty\netty-transport-native-epoll\4.1.94.Final\netty-transport-native-epoll-4.1.94.Final-linux-x86_64.jar;C:\Users\oland\.m2\repository\io\netty\netty-transport-native-kqueue\4.1.94.Final\netty-transport-native-kqueue-4.1.94.Final-osx-x86_64.jar;C:\Users\oland\.m2\repository\org\reactivestreams\reactive-streams\1.0.4\reactive-streams-1.0.4.jar;C:\Users\oland\.m2\repository\com\typesafe\netty\netty-reactive-streams\2.0.4\netty-reactive-streams-2.0.4.jar;C:\Users\oland\.m2\repository\com\sun\activation\jakarta.activation\1.2.2\jakarta.activation-1.2.2.jar;C:\Users\oland\.m2\repository\org\seleniumhq\selenium\selenium-api\4.11.0\selenium-api-4.11.0.jar;C:\Users\oland\.m2\repository\org\seleniumhq\selenium\selenium-http\4.11.0\selenium-http-4.11.0.jar;C:\Users\oland\.m2\repository\dev\failsafe\failsafe\3.3.1\failsafe-3.3.1.jar;C:\Users\oland\.m2\repository\org\seleniumhq\selenium\selenium-json\4.11.0\selenium-json-4.11.0.jar;C:\Users\oland\.m2\repository\org\seleniumhq\selenium\selenium-manager\4.11.0\selenium-manager-4.11.0.jar;C:\Users\oland\.m2\repository\org\seleniumhq\selenium\selenium-java\4.11.0\selenium-java-4.11.0.jar;C:\Users\oland\.m2\repository\org\seleniumhq\selenium\selenium-chrome-driver\4.11.0\selenium-chrome-driver-4.11.0.jar;C:\Users\oland\.m2\repository\org\seleniumhq\selenium\selenium-chromium-driver\4.11.0\selenium-chromium-driver-4.11.0.jar;C:\Users\oland\.m2\repository\org\seleniumhq\selenium\selenium-devtools-v113\4.11.0\selenium-devtools-v113-4.11.0.jar;C:\Users\oland\.m2\repository\org\seleniumhq\selenium\selenium-devtools-v114\4.11.0\selenium-devtools-v114-4.11.0.jar;C:\Users\oland\.m2\repository\org\seleniumhq\selenium\selenium-devtools-v115\4.11.0\selenium-devtools-v115-4.11.0.jar;C:\Users\oland\.m2\repository\org\seleniumhq\selenium\selenium-devtools-v85\4.8.3\selenium-devtools-v85-4.8.3.jar;C:\Users\oland\.m2\repository\com\google\auto\service\auto-service\1.0.1\auto-service-1.0.1.jar;C:\Users\oland\.m2\repository\com\google\auto\auto-common\1.2\auto-common-1.2.jar;C:\Users\oland\.m2\repository\org\seleniumhq\selenium\selenium-edge-driver\4.11.0\selenium-edge-driver-4.11.0.jar;C:\Users\oland\.m2\repository\org\seleniumhq\selenium\selenium-firefox-driver\4.11.0\selenium-firefox-driver-4.11.0.jar;C:\Users\oland\.m2\repository\org\seleniumhq\selenium\selenium-ie-driver\4.11.0\selenium-ie-driver-4.11.0.jar;C:\Users\oland\.m2\repository\org\seleniumhq\selenium\selenium-safari-driver\4.11.0\selenium-safari-driver-4.11.0.jar;C:\Users\oland\.m2\repository\org\seleniumhq\selenium\selenium-support\4.11.0\selenium-support-4.11.0.jar;C:\Users\oland\.m2\repository\org\junit\platform\junit-platform-engine\1.9.3\junit-platform-engine-1.9.3.jar;C:\Users\oland\.m2\repository\org\javassist\javassist\3.28.0-GA\javassist-3.28.0-GA.jar;C:\Users\oland\.m2\repository\com\vaadin\license-checker\1.12.3\license-checker-1.12.3.jar;C:\Users\oland\.m2\repository\com\github\oshi\oshi-core\6.4.1\oshi-core-6.4.1.jar;C:\Users\oland\.m2\repository\net\java\dev\jna\jna\5.13.0\jna-5.13.0.jar;C:\Users\oland\.m2\repository\net\java\dev\jna\jna-platform\5.13.0\jna-platform-5.13.0.jar;C:\Users\oland\.m2\repository\com\nimbusds\nimbus-jose-jwt\9.31\nimbus-jose-jwt-9.31.jar;C:\Users\oland\.m2\repository\org\lucee\jcip-annotations\1.0.0\jcip-annotations-1.0.0.jar;C:\Users\oland\.m2\repository\com\vaadin\open\8.5.0\open-8.5.0.jar;C:\Users\oland\.m2\repository\com\vaadin\external\gwt\gwt-elemental\2.8.2.vaadin2\gwt-elemental-2.8.2.vaadin2.jar;C:\Users\oland\.m2\repository\com\vaadin\vaadin-testbench-unit-junit5\9.0.7\vaadin-testbench-unit-junit5-9.0.7.jar;C:\Users\oland\.m2\repository\com\vaadin\vaadin-testbench-unit-shared\9.0.7\vaadin-testbench-unit-shared-9.0.7.jar;C:\Users\oland\.m2\repository\io\github\classgraph\classgraph\4.8.146\classgraph-4.8.146.jar;C:\Users\oland\.m2\repository\jakarta\servlet\jakarta.servlet-api\6.0.0\jakarta.servlet-api-6.0.0.jar;C:\Users\oland\.m2\repository\org\jetbrains\kotlin\kotlin-stdlib-jdk8\1.8.22\kotlin-stdlib-jdk8-1.8.22.jar;C:\Users\oland\.m2\repository\org\jetbrains\kotlin\kotlin-stdlib\1.8.22\kotlin-stdlib-1.8.22.jar;C:\Users\oland\.m2\repository\org\jetbrains\kotlin\kotlin-stdlib-common\1.8.22\kotlin-stdlib-common-1.8.22.jar;C:\Users\oland\.m2\repository\org\jetbrains\annotations\13.0\annotations-13.0.jar;C:\Users\oland\.m2\repository\org\jetbrains\kotlin\kotlin-stdlib-jdk7\1.8.22\kotlin-stdlib-jdk7-1.8.22.jar;C:\Users\oland\.m2\repository\org\jetbrains\kotlin\kotlin-reflect\1.8.22\kotlin-reflect-1.8.22.jar;C:\Users\oland\.m2\repository\com\vaadin\vaadin-testbench-shared\9.0.7\vaadin-testbench-shared-9.0.7.jar;C:\Users\oland\.m2\repository\org\seleniumhq\selenium\selenium-http-jdk-client\4.11.0\selenium-http-jdk-client-4.11.0.jar;C:\Users\oland\.m2\repository\com\vaadin\flow-html-components-testbench\24.1.12\flow-html-components-testbench-24.1.12.jar;C:\Users\oland\.m2\repository\com\vaadin\vaadin-accordion-testbench\24.1.10\vaadin-accordion-testbench-24.1.10.jar;C:\Users\oland\.m2\repository\com\vaadin\vaadin-app-layout-testbench\24.1.10\vaadin-app-layout-testbench-24.1.10.jar;C:\Users\oland\.m2\repository\com\vaadin\vaadin-avatar-testbench\24.1.10\vaadin-avatar-testbench-24.1.10.jar;C:\Users\oland\.m2\repository\com\vaadin\vaadin-board-testbench\24.1.10\vaadin-board-testbench-24.1.10.jar;C:\Users\oland\.m2\repository\com\vaadin\vaadin-button-testbench\24.1.10\vaadin-button-testbench-24.1.10.jar;C:\Users\oland\.m2\repository\com\vaadin\vaadin-charts-testbench\24.1.10\vaadin-charts-testbench-24.1.10.jar;C:\Users\oland\.m2\repository\com\vaadin\vaadin-checkbox-testbench\24.1.10\vaadin-checkbox-testbench-24.1.10.jar;C:\Users\oland\.m2\repository\com\vaadin\vaadin-combo-box-testbench\24.1.10\vaadin-combo-box-testbench-24.1.10.jar;C:\Users\oland\.m2\repository\com\vaadin\vaadin-confirm-dialog-testbench\24.1.10\vaadin-confirm-dialog-testbench-24.1.10.jar;C:\Users\oland\.m2\repository\com\vaadin\vaadin-context-menu-testbench\24.1.10\vaadin-context-menu-testbench-24.1.10.jar;C:\Users\oland\.m2\repository\com\vaadin\vaadin-cookie-consent-testbench\24.1.10\vaadin-cookie-consent-testbench-24.1.10.jar;C:\Users\oland\.m2\repository\com\vaadin\vaadin-crud-testbench\24.1.10\vaadin-crud-testbench-24.1.10.jar;C:\Users\oland\.m2\repository\com\vaadin\vaadin-custom-field-testbench\24.1.10\vaadin-custom-field-testbench-24.1.10.jar;C:\Users\oland\.m2\repository\com\vaadin\vaadin-date-picker-testbench\24.1.10\vaadin-date-picker-testbench-24.1.10.jar;C:\Users\oland\.m2\repository\com\vaadin\vaadin-date-time-picker-testbench\24.1.10\vaadin-date-time-picker-testbench-24.1.10.jar;C:\Users\oland\.m2\repository\com\vaadin\vaadin-details-testbench\24.1.10\vaadin-details-testbench-24.1.10.jar;C:\Users\oland\.m2\repository\com\vaadin\vaadin-dialog-testbench\24.1.10\vaadin-dialog-testbench-24.1.10.jar;C:\Users\oland\.m2\repository\com\vaadin\vaadin-form-layout-testbench\24.1.10\vaadin-form-layout-testbench-24.1.10.jar;C:\Users\oland\.m2\repository\com\vaadin\vaadin-grid-testbench\24.1.10\vaadin-grid-testbench-24.1.10.jar;C:\Users\oland\.m2\repository\com\vaadin\vaadin-grid-pro-testbench\24.1.10\vaadin-grid-pro-testbench-24.1.10.jar;C:\Users\oland\.m2\repository\com\vaadin\vaadin-icons-testbench\24.1.10\vaadin-icons-testbench-24.1.10.jar;C:\Users\oland\.m2\repository\com\vaadin\vaadin-virtual-list-testbench\24.1.10\vaadin-virtual-list-testbench-24.1.10.jar;C:\Users\oland\.m2\repository\com\vaadin\vaadin-list-box-testbench\24.1.10\vaadin-list-box-testbench-24.1.10.jar;C:\Users\oland\.m2\repository\com\vaadin\vaadin-login-testbench\24.1.10\vaadin-login-testbench-24.1.10.jar;C:\Users\oland\.m2\repository\com\vaadin\vaadin-menu-bar-testbench\24.1.10\vaadin-menu-bar-testbench-24.1.10.jar;C:\Users\oland\.m2\repository\com\vaadin\vaadin-messages-testbench\24.1.10\vaadin-messages-testbench-24.1.10.jar;C:\Users\oland\.m2\repository\com\vaadin\vaadin-notification-testbench\24.1.10\vaadin-notification-testbench-24.1.10.jar;C:\Users\oland\.m2\repository\com\vaadin\vaadin-ordered-layout-testbench\24.1.10\vaadin-ordered-layout-testbench-24.1.10.jar;C:\Users\oland\.m2\repository\com\vaadin\vaadin-progress-bar-testbench\24.1.10\vaadin-progress-bar-testbench-24.1.10.jar;C:\Users\oland\.m2\repository\com\vaadin\vaadin-radio-button-testbench\24.1.10\vaadin-radio-button-testbench-24.1.10.jar;C:\Users\oland\.m2\repository\com\vaadin\vaadin-rich-text-editor-testbench\24.1.10\vaadin-rich-text-editor-testbench-24.1.10.jar;C:\Users\oland\.m2\repository\com\vaadin\vaadin-select-testbench\24.1.10\vaadin-select-testbench-24.1.10.jar;C:\Users\oland\.m2\repository\com\vaadin\vaadin-split-layout-testbench\24.1.10\vaadin-split-layout-testbench-24.1.10.jar;C:\Users\oland\.m2\repository\com\vaadin\vaadin-tabs-testbench\24.1.10\vaadin-tabs-testbench-24.1.10.jar;C:\Users\oland\.m2\repository\com\vaadin\vaadin-text-field-testbench\24.1.10\vaadin-text-field-testbench-24.1.10.jar;C:\Users\oland\.m2\repository\com\vaadin\vaadin-time-picker-testbench\24.1.10\vaadin-time-picker-testbench-24.1.10.jar;C:\Users\oland\.m2\repository\com\vaadin\vaadin-upload-testbench\24.1.10\vaadin-upload-testbench-24.1.10.jar;C:\Users\oland\.m2\repository\com\flowingcode\addons\carousel\carousel-addon\2.1.2\carousel-addon-2.1.2.jar;C:\Users\oland\.m2\repository\com\vaadin\vaadin-core\24.1.10\vaadin-core-24.1.10.jar;C:\Users\oland\.m2\repository\com\vaadin\vaadin-core-internal\24.1.10\vaadin-core-internal-24.1.10.jar;C:\Users\oland\.m2\repository\com\vaadin\flow-lit-template\24.1.12\flow-lit-template-24.1.12.jar;C:\Users\oland\.m2\repository\com\vaadin\flow-html-components\24.1.12\flow-html-components-24.1.12.jar;C:\Users\oland\.m2\repository\com\vaadin\flow-data\24.1.12\flow-data-24.1.12.jar;C:\Users\oland\.m2\repository\com\vaadin\flow-dnd\24.1.12\flow-dnd-24.1.12.jar;C:\Users\oland\.m2\repository\com\vaadin\vaadin-lumo-theme\24.1.10\vaadin-lumo-theme-24.1.10.jar;C:\Users\oland\.m2\repository\com\vaadin\vaadin-material-theme\24.1.10\vaadin-material-theme-24.1.10.jar;C:\Users\oland\.m2\repository\com\vaadin\vaadin-accordion-flow\24.1.10\vaadin-accordion-flow-24.1.10.jar;C:\Users\oland\.m2\repository\com\vaadin\vaadin-avatar-flow\24.1.10\vaadin-avatar-flow-24.1.10.jar;C:\Users\oland\.m2\repository\com\vaadin\vaadin-button-flow\24.1.10\vaadin-button-flow-24.1.10.jar;C:\Users\oland\.m2\repository\com\vaadin\vaadin-checkbox-flow\24.1.10\vaadin-checkbox-flow-24.1.10.jar;C:\Users\oland\.m2\repository\com\vaadin\vaadin-combo-box-flow\24.1.10\vaadin-combo-box-flow-24.1.10.jar;C:\Users\oland\.m2\repository\com\vaadin\vaadin-confirm-dialog-flow\24.1.10\vaadin-confirm-dialog-flow-24.1.10.jar;C:\Users\oland\.m2\repository\com\vaadin\vaadin-custom-field-flow\24.1.10\vaadin-custom-field-flow-24.1.10.jar;C:\Users\oland\.m2\repository\com\vaadin\vaadin-date-picker-flow\24.1.10\vaadin-date-picker-flow-24.1.10.jar;C:\Users\oland\.m2\repository\com\vaadin\vaadin-date-time-picker-flow\24.1.10\vaadin-date-time-picker-flow-24.1.10.jar;C:\Users\oland\.m2\repository\com\vaadin\vaadin-details-flow\24.1.10\vaadin-details-flow-24.1.10.jar;C:\Users\oland\.m2\repository\com\vaadin\vaadin-time-picker-flow\24.1.10\vaadin-time-picker-flow-24.1.10.jar;C:\Users\oland\.m2\repository\com\vaadin\vaadin-select-flow\24.1.10\vaadin-select-flow-24.1.10.jar;C:\Users\oland\.m2\repository\com\vaadin\vaadin-side-nav-flow\24.1.10\vaadin-side-nav-flow-24.1.10.jar;C:\Users\oland\.m2\repository\com\vaadin\vaadin-dialog-flow\24.1.10\vaadin-dialog-flow-24.1.10.jar;C:\Users\oland\.m2\repository\com\vaadin\vaadin-form-layout-flow\24.1.10\vaadin-form-layout-flow-24.1.10.jar;C:\Users\oland\.m2\repository\com\vaadin\vaadin-field-highlighter-flow\24.1.10\vaadin-field-highlighter-flow-24.1.10.jar;C:\Users\oland\.m2\repository\com\vaadin\vaadin-grid-flow\24.1.10\vaadin-grid-flow-24.1.10.jar;C:\Users\oland\.m2\repository\com\vaadin\vaadin-icons-flow\24.1.10\vaadin-icons-flow-24.1.10.jar;C:\Users\oland\.m2\repository\com\vaadin\vaadin-virtual-list-flow\24.1.10\vaadin-virtual-list-flow-24.1.10.jar;C:\Users\oland\.m2\repository\com\vaadin\vaadin-list-box-flow\24.1.10\vaadin-list-box-flow-24.1.10.jar;C:\Users\oland\.m2\repository\com\vaadin\vaadin-login-flow\24.1.10\vaadin-login-flow-24.1.10.jar;C:\Users\oland\.m2\repository\com\vaadin\vaadin-messages-flow\24.1.10\vaadin-messages-flow-24.1.10.jar;C:\Users\oland\.m2\repository\com\vaadin\vaadin-ordered-layout-flow\24.1.10\vaadin-ordered-layout-flow-24.1.10.jar;C:\Users\oland\.m2\repository\com\vaadin\vaadin-progress-bar-flow\24.1.10\vaadin-progress-bar-flow-24.1.10.jar;C:\Users\oland\.m2\repository\com\vaadin\vaadin-radio-button-flow\24.1.10\vaadin-radio-button-flow-24.1.10.jar;C:\Users\oland\.m2\repository\com\vaadin\vaadin-renderer-flow\24.1.10\vaadin-renderer-flow-24.1.10.jar;C:\Users\oland\.m2\repository\com\vaadin\vaadin-split-layout-flow\24.1.10\vaadin-split-layout-flow-24.1.10.jar;C:\Users\oland\.m2\repository\com\vaadin\vaadin-tabs-flow\24.1.10\vaadin-tabs-flow-24.1.10.jar;C:\Users\oland\.m2\repository\com\vaadin\vaadin-text-field-flow\24.1.10\vaadin-text-field-flow-24.1.10.jar;C:\Users\oland\.m2\repository\com\vaadin\vaadin-upload-flow\24.1.10\vaadin-upload-flow-24.1.10.jar;C:\Users\oland\.m2\repository\com\vaadin\vaadin-notification-flow\24.1.10\vaadin-notification-flow-24.1.10.jar;C:\Users\oland\.m2\repository\com\vaadin\vaadin-app-layout-flow\24.1.10\vaadin-app-layout-flow-24.1.10.jar;C:\Users\oland\.m2\repository\com\vaadin\vaadin-context-menu-flow\24.1.10\vaadin-context-menu-flow-24.1.10.jar;C:\Users\oland\.m2\repository\com\vaadin\vaadin-menu-bar-flow\24.1.10\vaadin-menu-bar-flow-24.1.10.jar;C:\Users\oland\.m2\repository\org\postgresql\postgresql\42.6.0\postgresql-42.6.0.jar;C:\Users\oland\.m2\repository\org\checkerframework\checker-qual\3.31.0\checker-qual-3.31.0.jar;"/>
    <property name="sun.cpu.endian" value="little"/>
    <property name="user.home" value="C:\Users\oland"/>
    <property name="user.language" value="it"/>
    <property name="java.specification.vendor" value="Oracle Corporation"/>
    <property name="java.version.date" value="2023-07-18"/>
    <property name="java.home" value="C:\Users\oland\.p2\pool\plugins\org.eclipse.justj.openjdk.hotspot.jre.full.win32.x86_64_20.0.2.v20230801-2057\jre"/>
    <property name="file.separator" value="\"/>
    <property name="basedir" value="C:\Users\oland\eclipse-workspace\SSD_01-2024_StudyApp"/>
    <property name="style.color" value="always"/>
    <property name="vaadin.launch-browser" value="false"/>
    <property name="java.vm.compressedOopsMode" value="32-bit"/>
    <property name="line.separator" value="&#10;"/>
    <property name="java.vm.specification.vendor" value="Oracle Corporation"/>
    <property name="java.specification.name" value="Java Platform API Specification"/>
    <property name="FILE_LOG_CHARSET" value="UTF-8"/>
    <property name="java.awt.headless" value="true"/>
    <property name="surefire.real.class.path" value="C:\Users\oland\AppData\Local\Temp\surefire6774586246716640764\surefirebooter-20231230144309381_3.jar"/>
    <property name="user.script" value=""/>
    <property name="sun.management.compiler" value="HotSpot 64-Bit Tiered Compilers"/>
    <property name="java.runtime.version" value="20.0.2+9"/>
    <property name="user.name" value="oland"/>
    <property name="stdout.encoding" value="Cp1252"/>
    <property name="path.separator" value=";"/>
    <property name="os.version" value="10.0"/>
    <property name="java.runtime.name" value="OpenJDK Runtime Environment"/>
    <property name="file.encoding" value="UTF-8"/>
    <property name="java.vm.name" value="OpenJDK 64-Bit Server VM"/>
    <property name="java.vendor.version" value="Temurin-20.0.2+9"/>
    <property name="localRepository" value="C:\Users\oland\.m2\repository"/>
    <property name="java.vendor.url.bug" value="https://github.com/adoptium/adoptium-support/issues"/>
    <property name="java.io.tmpdir" value="C:\Users\oland\AppData\Local\Temp\"/>
    <property name="com.zaxxer.hikari.pool_number" value="43"/>
    <property name="java.version" value="20.0.2"/>
    <property name="user.dir" value="C:\Users\oland\eclipse-workspace\SSD_01-2024_StudyApp"/>
    <property name="os.arch" value="amd64"/>
    <property name="java.vm.specification.name" value="Java Virtual Machine Specification"/>
    <property name="PID" value="32660"/>
    <property name="sun.os.patch.level" value=""/>
    <property name="CONSOLE_LOG_CHARSET" value="UTF-8"/>
    <property name="native.encoding" value="Cp1252"/>
    <property name="java.library.path" value="C:\Users\oland\.p2\pool\plugins\org.eclipse.justj.openjdk.hotspot.jre.full.win32.x86_64_20.0.2.v20230801-2057\jre\bin;C:\windows\Sun\Java\bin;C:\windows\system32;C:\windows;C:/Users/oland/.p2/pool/plugins/org.eclipse.justj.openjdk.hotspot.jre.full.win32.x86_64_20.0.2.v20230801-2057/jre/bin/server;C:/Users/oland/.p2/pool/plugins/org.eclipse.justj.openjdk.hotspot.jre.full.win32.x86_64_20.0.2.v20230801-2057/jre/bin;C:\Program Files\Common Files\Oracle\Java\javapath;C:\Python312\Scripts\;C:\Python312\;C:\Program Files (x86)\Common Files\Oracle\Java\javapath;C:\Program Files (x86)\VMware\VMware Workstation\bin\;C:\windows\system32;C:\windows;C:\windows\System32\Wbem;C:\windows\System32\WindowsPowerShell\v1.0\;C:\windows\System32\OpenSSH\;C:\Program Files\Amazon\AWSCLIV2\;C:\minikube;C:\Program Files\Git\cmd;C:\ProgramData\chocolatey\bin;C:\Users\oland\AppData\Local\Programs\Python\Python39\Scripts\;C:\Users\oland\AppData\Local\Programs\Python\Python39\;C:\Users\oland\AppData\Local\Microsoft\WindowsApps;C:\Users\oland\AppData\Local\Programs\Microsoft VS Code\bin;C:\ProgramFiles\nodejs;;C:\Users\oland\Desktop;;."/>
    <property name="java.vm.info" value="mixed mode"/>
    <property name="stderr.encoding" value="Cp1252"/>
    <property name="java.vendor" value="Eclipse Adoptium"/>
    <property name="java.vm.version" value="20.0.2+9"/>
    <property name="sun.io.unicode.encoding" value="UnicodeLittle"/>
    <property name="java.class.version" value="64.0"/>
  </properties>
  <testcase name="participant_non_ha_richiesta_dopo_rimozione_sessione" classname="it.studyapp.application.integration.SessionPresenterTest" time="0.049">
    <system-out><![CDATA[2023-12-30T14:43:35.089+01:00  INFO 32660 --- [Pool-1-worker-1] t.c.s.AnnotationConfigContextLoaderUtils : Could not detect default configuration classes for test class [it.studyapp.application.integration.SessionPresenterTest]: SessionPresenterTest does not declare any static, non-private, non-final, nested classes annotated with @Configuration.
2023-12-30T14:43:35.092+01:00  INFO 32660 --- [Pool-1-worker-1] .b.t.c.SpringBootTestContextBootstrapper : Found @SpringBootConfiguration it.studyapp.application.Application for test class it.studyapp.application.integration.SessionPresenterTest
  _____ _                  ____ ____  __  __   _____      _             _       _ 
 |  ___| | _____      __  / ___|  _ \|  \/  | |_   _|   _| |_ ___  _ __(_) __ _| |
 | |_  | |/ _ \ \ /\ / / | |   | |_) | |\/| |   | || | | | __/ _ \| '__| |/ _` | |
 |  _| | | (_) \ V  V /  | |___|  _ <| |  | |   | || |_| | || (_) | |  | | (_| | |
 |_|   |_|\___/ \_/\_/    \____|_| \_\_|  |_|   |_| \__,_|\__\___/|_|  |_|\__,_|_|
                                                                                  

2023-12-30T14:43:35.113+01:00  INFO 32660 --- [Pool-1-worker-1] i.s.a.integration.SessionPresenterTest   : Starting SessionPresenterTest using Java 20.0.2 with PID 32660 (started by oland in C:\Users\oland\eclipse-workspace\SSD_01-2024_StudyApp)
2023-12-30T14:43:35.113+01:00  INFO 32660 --- [Pool-1-worker-1] i.s.a.integration.SessionPresenterTest   : No active profile set, falling back to 1 default profile: "default"
2023-12-30T14:43:35.226+01:00  INFO 32660 --- [Pool-1-worker-1] .s.d.r.c.RepositoryConfigurationDelegate : Bootstrapping Spring Data JPA repositories in DEFAULT mode.
2023-12-30T14:43:35.255+01:00  INFO 32660 --- [Pool-1-worker-1] .s.d.r.c.RepositoryConfigurationDelegate : Finished Spring Data repository scanning in 29 ms. Found 9 JPA repository interfaces.
2023-12-30T14:43:35.290+01:00  INFO 32660 --- [Pool-1-worker-1] com.zaxxer.hikari.HikariDataSource       : HikariPool-26 - Starting...
2023-12-30T14:43:35.292+01:00  INFO 32660 --- [Pool-1-worker-1] com.zaxxer.hikari.pool.HikariPool        : HikariPool-26 - Added connection conn250: url=jdbc:h2:mem:testdb user=SA
2023-12-30T14:43:35.292+01:00  INFO 32660 --- [Pool-1-worker-1] com.zaxxer.hikari.HikariDataSource       : HikariPool-26 - Start completed.
2023-12-30T14:43:35.295+01:00  INFO 32660 --- [Pool-1-worker-1] o.hibernate.jpa.internal.util.LogHelper  : HHH000204: Processing PersistenceUnitInfo [name: default]
2023-12-30T14:43:35.301+01:00  INFO 32660 --- [Pool-1-worker-1] o.h.b.i.BytecodeProviderInitiator        : HHH000021: Bytecode provider name : bytebuddy
2023-12-30T14:43:35.301+01:00  INFO 32660 --- [Pool-1-worker-1] o.s.o.j.p.SpringPersistenceUnitInfo      : No LoadTimeWeaver setup: ignoring JPA class transformer
2023-12-30T14:43:35.317+01:00  INFO 32660 --- [Pool-1-worker-1] o.h.b.i.BytecodeProviderInitiator        : HHH000021: Bytecode provider name : bytebuddy
2023-12-30T14:43:35.382+01:00  INFO 32660 --- [Pool-1-worker-1] o.h.e.t.j.p.i.JtaPlatformInitiator       : HHH000490: Using JtaPlatform implementation: [org.hibernate.engine.transaction.jta.platform.internal.NoJtaPlatform]
2023-12-30T14:43:35.387+01:00  INFO 32660 --- [Pool-1-worker-1] j.LocalContainerEntityManagerFactoryBean : Initialized JPA EntityManagerFactory for persistence unit 'default'
2023-12-30T14:43:35.501+01:00  WARN 32660 --- [Pool-1-worker-1] JpaBaseConfiguration$JpaWebConfiguration : spring.jpa.open-in-view is enabled by default. Therefore, database queries may be performed during view rendering. Explicitly configure spring.jpa.open-in-view to disable this warning
2023-12-30T14:43:35.510+01:00  INFO 32660 --- [Pool-1-worker-1] o.hibernate.id.enhanced.PooledOptimizer  : HHH000201: Pooled optimizer source reported [BasicHolder[java.lang.Long[0]]] as the initial value; use of 1 or greater highly recommended
2023-12-30T14:43:35.521+01:00  INFO 32660 --- [Pool-1-worker-1] o.s.s.web.DefaultSecurityFilterChain     : Will secure any request with [org.springframework.security.web.session.DisableEncodeUrlFilter@321ebad4, org.springframework.security.web.context.request.async.WebAsyncManagerIntegrationFilter@26fefbf9, org.springframework.security.web.context.SecurityContextHolderFilter@143d93bf, org.springframework.security.web.header.HeaderWriterFilter@66a1c55a, org.springframework.security.web.csrf.CsrfFilter@564e25b9, org.springframework.security.web.authentication.logout.LogoutFilter@1d57b5f4, org.springframework.security.web.authentication.UsernamePasswordAuthenticationFilter@1246557d, org.springframework.security.web.savedrequest.RequestCacheAwareFilter@33791f6c, org.springframework.security.web.servletapi.SecurityContextHolderAwareRequestFilter@d6cfd63, org.springframework.security.web.authentication.AnonymousAuthenticationFilter@3300d16d, org.springframework.security.web.access.ExceptionTranslationFilter@b96b7af, org.springframework.security.web.access.intercept.AuthorizationFilter@cc3350e]
2023-12-30T14:43:35.593+01:00  INFO 32660 --- [Pool-1-worker-1] o.s.b.t.m.w.SpringBootMockServletContext : Initializing Spring TestDispatcherServlet ''
2023-12-30T14:43:35.593+01:00  INFO 32660 --- [Pool-1-worker-1] o.s.t.web.servlet.TestDispatcherServlet  : Initializing Servlet ''
2023-12-30T14:43:35.593+01:00  INFO 32660 --- [Pool-1-worker-1] o.s.t.web.servlet.TestDispatcherServlet  : Completed initialization in 0 ms
2023-12-30T14:43:35.598+01:00  INFO 32660 --- [Pool-1-worker-1] i.s.a.integration.SessionPresenterTest   : Started SessionPresenterTest in 0.501 seconds (process running for 26.01)
2023-12-30T14:43:35.647+01:00  INFO 32660 --- [Pool-1-worker-1] j.LocalContainerEntityManagerFactoryBean : Closing JPA EntityManagerFactory for persistence unit 'default'
2023-12-30T14:43:35.648+01:00  INFO 32660 --- [Pool-1-worker-1] com.zaxxer.hikari.HikariDataSource       : HikariPool-26 - Shutdown initiated...
2023-12-30T14:43:35.649+01:00  INFO 32660 --- [Pool-1-worker-1] com.zaxxer.hikari.HikariDataSource       : HikariPool-26 - Shutdown completed.
]]></system-out>
  </testcase>
  <testcase name="evento_calendario_relativo_a_sessione_creato_correttamente" classname="it.studyapp.application.integration.SessionPresenterTest" time="0.026">
    <system-out><![CDATA[  _____ _                  ____ ____  __  __   _____      _             _       _ 
 |  ___| | _____      __  / ___|  _ \|  \/  | |_   _|   _| |_ ___  _ __(_) __ _| |
 | |_  | |/ _ \ \ /\ / / | |   | |_) | |\/| |   | || | | | __/ _ \| '__| |/ _` | |
 |  _| | | (_) \ V  V /  | |___|  _ <| |  | |   | || |_| | || (_) | |  | | (_| | |
 |_|   |_|\___/ \_/\_/    \____|_| \_\_|  |_|   |_| \__,_|\__\___/|_|  |_|\__,_|_|
                                                                                  

2023-12-30T14:43:35.672+01:00  INFO 32660 --- [Pool-1-worker-1] i.s.a.integration.SessionPresenterTest   : Starting SessionPresenterTest using Java 20.0.2 with PID 32660 (started by oland in C:\Users\oland\eclipse-workspace\SSD_01-2024_StudyApp)
2023-12-30T14:43:35.672+01:00  INFO 32660 --- [Pool-1-worker-1] i.s.a.integration.SessionPresenterTest   : No active profile set, falling back to 1 default profile: "default"
2023-12-30T14:43:35.784+01:00  INFO 32660 --- [Pool-1-worker-1] .s.d.r.c.RepositoryConfigurationDelegate : Bootstrapping Spring Data JPA repositories in DEFAULT mode.
2023-12-30T14:43:35.811+01:00  INFO 32660 --- [Pool-1-worker-1] .s.d.r.c.RepositoryConfigurationDelegate : Finished Spring Data repository scanning in 27 ms. Found 9 JPA repository interfaces.
2023-12-30T14:43:35.851+01:00  INFO 32660 --- [Pool-1-worker-1] com.zaxxer.hikari.HikariDataSource       : HikariPool-27 - Starting...
2023-12-30T14:43:35.852+01:00  INFO 32660 --- [Pool-1-worker-1] com.zaxxer.hikari.pool.HikariPool        : HikariPool-27 - Added connection conn260: url=jdbc:h2:mem:testdb user=SA
2023-12-30T14:43:35.853+01:00  INFO 32660 --- [Pool-1-worker-1] com.zaxxer.hikari.HikariDataSource       : HikariPool-27 - Start completed.
2023-12-30T14:43:35.854+01:00  INFO 32660 --- [Pool-1-worker-1] o.hibernate.jpa.internal.util.LogHelper  : HHH000204: Processing PersistenceUnitInfo [name: default]
2023-12-30T14:43:35.861+01:00  INFO 32660 --- [Pool-1-worker-1] o.h.b.i.BytecodeProviderInitiator        : HHH000021: Bytecode provider name : bytebuddy
2023-12-30T14:43:35.861+01:00  INFO 32660 --- [Pool-1-worker-1] o.s.o.j.p.SpringPersistenceUnitInfo      : No LoadTimeWeaver setup: ignoring JPA class transformer
2023-12-30T14:43:35.876+01:00  INFO 32660 --- [Pool-1-worker-1] o.h.b.i.BytecodeProviderInitiator        : HHH000021: Bytecode provider name : bytebuddy
2023-12-30T14:43:35.942+01:00  INFO 32660 --- [Pool-1-worker-1] o.h.e.t.j.p.i.JtaPlatformInitiator       : HHH000490: Using JtaPlatform implementation: [org.hibernate.engine.transaction.jta.platform.internal.NoJtaPlatform]
2023-12-30T14:43:35.948+01:00  INFO 32660 --- [Pool-1-worker-1] j.LocalContainerEntityManagerFactoryBean : Initialized JPA EntityManagerFactory for persistence unit 'default'
2023-12-30T14:43:36.016+01:00  WARN 32660 --- [Pool-1-worker-1] JpaBaseConfiguration$JpaWebConfiguration : spring.jpa.open-in-view is enabled by default. Therefore, database queries may be performed during view rendering. Explicitly configure spring.jpa.open-in-view to disable this warning
2023-12-30T14:43:36.022+01:00  INFO 32660 --- [Pool-1-worker-1] o.hibernate.id.enhanced.PooledOptimizer  : HHH000201: Pooled optimizer source reported [BasicHolder[java.lang.Long[0]]] as the initial value; use of 1 or greater highly recommended
2023-12-30T14:43:36.032+01:00  INFO 32660 --- [Pool-1-worker-1] o.s.s.web.DefaultSecurityFilterChain     : Will secure any request with [org.springframework.security.web.session.DisableEncodeUrlFilter@4620a63, org.springframework.security.web.context.request.async.WebAsyncManagerIntegrationFilter@6723c36b, org.springframework.security.web.context.SecurityContextHolderFilter@1e160277, org.springframework.security.web.header.HeaderWriterFilter@46837538, org.springframework.security.web.csrf.CsrfFilter@4a3252f1, org.springframework.security.web.authentication.logout.LogoutFilter@163f1038, org.springframework.security.web.authentication.UsernamePasswordAuthenticationFilter@6ab269dd, org.springframework.security.web.savedrequest.RequestCacheAwareFilter@466b7e9e, org.springframework.security.web.servletapi.SecurityContextHolderAwareRequestFilter@65632bc6, org.springframework.security.web.authentication.AnonymousAuthenticationFilter@716b1d46, org.springframework.security.web.access.ExceptionTranslationFilter@44dcfef3, org.springframework.security.web.access.intercept.AuthorizationFilter@77fc3455]
2023-12-30T14:43:36.101+01:00  INFO 32660 --- [Pool-1-worker-1] o.s.b.t.m.w.SpringBootMockServletContext : Initializing Spring TestDispatcherServlet ''
2023-12-30T14:43:36.101+01:00  INFO 32660 --- [Pool-1-worker-1] o.s.t.web.servlet.TestDispatcherServlet  : Initializing Servlet ''
2023-12-30T14:43:36.101+01:00  INFO 32660 --- [Pool-1-worker-1] o.s.t.web.servlet.TestDispatcherServlet  : Completed initialization in 0 ms
2023-12-30T14:43:36.107+01:00  INFO 32660 --- [Pool-1-worker-1] i.s.a.integration.SessionPresenterTest   : Started SessionPresenterTest in 0.454 seconds (process running for 26.519)
2023-12-30T14:43:36.133+01:00  INFO 32660 --- [Pool-1-worker-1] j.LocalContainerEntityManagerFactoryBean : Closing JPA EntityManagerFactory for persistence unit 'default'
2023-12-30T14:43:36.134+01:00  INFO 32660 --- [Pool-1-worker-1] com.zaxxer.hikari.HikariDataSource       : HikariPool-27 - Shutdown initiated...
2023-12-30T14:43:36.135+01:00  INFO 32660 --- [Pool-1-worker-1] com.zaxxer.hikari.HikariDataSource       : HikariPool-27 - Shutdown completed.
]]></system-out>
  </testcase>
  <testcase name="owner_non_ha_sessione_dopo_rimozione" classname="it.studyapp.application.integration.SessionPresenterTest" time="0.034">
    <system-out><![CDATA[  _____ _                  ____ ____  __  __   _____      _             _       _ 
 |  ___| | _____      __  / ___|  _ \|  \/  | |_   _|   _| |_ ___  _ __(_) __ _| |
 | |_  | |/ _ \ \ /\ / / | |   | |_) | |\/| |   | || | | | __/ _ \| '__| |/ _` | |
 |  _| | | (_) \ V  V /  | |___|  _ <| |  | |   | || |_| | || (_) | |  | | (_| | |
 |_|   |_|\___/ \_/\_/    \____|_| \_\_|  |_|   |_| \__,_|\__\___/|_|  |_|\__,_|_|
                                                                                  

2023-12-30T14:43:36.157+01:00  INFO 32660 --- [Pool-1-worker-1] i.s.a.integration.SessionPresenterTest   : Starting SessionPresenterTest using Java 20.0.2 with PID 32660 (started by oland in C:\Users\oland\eclipse-workspace\SSD_01-2024_StudyApp)
2023-12-30T14:43:36.157+01:00  INFO 32660 --- [Pool-1-worker-1] i.s.a.integration.SessionPresenterTest   : No active profile set, falling back to 1 default profile: "default"
2023-12-30T14:43:36.272+01:00  INFO 32660 --- [Pool-1-worker-1] .s.d.r.c.RepositoryConfigurationDelegate : Bootstrapping Spring Data JPA repositories in DEFAULT mode.
2023-12-30T14:43:36.302+01:00  INFO 32660 --- [Pool-1-worker-1] .s.d.r.c.RepositoryConfigurationDelegate : Finished Spring Data repository scanning in 29 ms. Found 9 JPA repository interfaces.
2023-12-30T14:43:36.337+01:00  INFO 32660 --- [Pool-1-worker-1] com.zaxxer.hikari.HikariDataSource       : HikariPool-28 - Starting...
2023-12-30T14:43:36.339+01:00  INFO 32660 --- [Pool-1-worker-1] com.zaxxer.hikari.pool.HikariPool        : HikariPool-28 - Added connection conn270: url=jdbc:h2:mem:testdb user=SA
2023-12-30T14:43:36.339+01:00  INFO 32660 --- [Pool-1-worker-1] com.zaxxer.hikari.HikariDataSource       : HikariPool-28 - Start completed.
2023-12-30T14:43:36.340+01:00  INFO 32660 --- [Pool-1-worker-1] o.hibernate.jpa.internal.util.LogHelper  : HHH000204: Processing PersistenceUnitInfo [name: default]
2023-12-30T14:43:36.347+01:00  INFO 32660 --- [Pool-1-worker-1] o.h.b.i.BytecodeProviderInitiator        : HHH000021: Bytecode provider name : bytebuddy
2023-12-30T14:43:36.347+01:00  INFO 32660 --- [Pool-1-worker-1] o.s.o.j.p.SpringPersistenceUnitInfo      : No LoadTimeWeaver setup: ignoring JPA class transformer
2023-12-30T14:43:36.361+01:00  INFO 32660 --- [Pool-1-worker-1] o.h.b.i.BytecodeProviderInitiator        : HHH000021: Bytecode provider name : bytebuddy
2023-12-30T14:43:36.426+01:00  INFO 32660 --- [Pool-1-worker-1] o.h.e.t.j.p.i.JtaPlatformInitiator       : HHH000490: Using JtaPlatform implementation: [org.hibernate.engine.transaction.jta.platform.internal.NoJtaPlatform]
2023-12-30T14:43:36.431+01:00  INFO 32660 --- [Pool-1-worker-1] j.LocalContainerEntityManagerFactoryBean : Initialized JPA EntityManagerFactory for persistence unit 'default'
2023-12-30T14:43:36.497+01:00  WARN 32660 --- [Pool-1-worker-1] JpaBaseConfiguration$JpaWebConfiguration : spring.jpa.open-in-view is enabled by default. Therefore, database queries may be performed during view rendering. Explicitly configure spring.jpa.open-in-view to disable this warning
2023-12-30T14:43:36.505+01:00  INFO 32660 --- [Pool-1-worker-1] o.hibernate.id.enhanced.PooledOptimizer  : HHH000201: Pooled optimizer source reported [BasicHolder[java.lang.Long[0]]] as the initial value; use of 1 or greater highly recommended
2023-12-30T14:43:36.513+01:00  INFO 32660 --- [Pool-1-worker-1] o.s.s.web.DefaultSecurityFilterChain     : Will secure any request with [org.springframework.security.web.session.DisableEncodeUrlFilter@1dd7aa5a, org.springframework.security.web.context.request.async.WebAsyncManagerIntegrationFilter@49190146, org.springframework.security.web.context.SecurityContextHolderFilter@59671720, org.springframework.security.web.header.HeaderWriterFilter@6b552294, org.springframework.security.web.csrf.CsrfFilter@7cbc35d9, org.springframework.security.web.authentication.logout.LogoutFilter@7784060, org.springframework.security.web.authentication.UsernamePasswordAuthenticationFilter@58e99a67, org.springframework.security.web.savedrequest.RequestCacheAwareFilter@4468f328, org.springframework.security.web.servletapi.SecurityContextHolderAwareRequestFilter@24445211, org.springframework.security.web.authentication.AnonymousAuthenticationFilter@b615e57, org.springframework.security.web.access.ExceptionTranslationFilter@53266d51, org.springframework.security.web.access.intercept.AuthorizationFilter@2580c4e]
2023-12-30T14:43:36.568+01:00  INFO 32660 --- [Pool-1-worker-1] o.s.b.t.m.w.SpringBootMockServletContext : Initializing Spring TestDispatcherServlet ''
2023-12-30T14:43:36.568+01:00  INFO 32660 --- [Pool-1-worker-1] o.s.t.web.servlet.TestDispatcherServlet  : Initializing Servlet ''
2023-12-30T14:43:36.569+01:00  INFO 32660 --- [Pool-1-worker-1] o.s.t.web.servlet.TestDispatcherServlet  : Completed initialization in 1 ms
2023-12-30T14:43:36.573+01:00  INFO 32660 --- [Pool-1-worker-1] i.s.a.integration.SessionPresenterTest   : Started SessionPresenterTest in 0.435 seconds (process running for 26.984)
2023-12-30T14:43:36.606+01:00  INFO 32660 --- [Pool-1-worker-1] j.LocalContainerEntityManagerFactoryBean : Closing JPA EntityManagerFactory for persistence unit 'default'
2023-12-30T14:43:36.607+01:00  INFO 32660 --- [Pool-1-worker-1] com.zaxxer.hikari.HikariDataSource       : HikariPool-28 - Shutdown initiated...
2023-12-30T14:43:36.608+01:00  INFO 32660 --- [Pool-1-worker-1] com.zaxxer.hikari.HikariDataSource       : HikariPool-28 - Shutdown completed.
]]></system-out>
  </testcase>
  <testcase name="owner_abbandona_sessione_eliminandola" classname="it.studyapp.application.integration.SessionPresenterTest" time="0.042">
    <system-out><![CDATA[  _____ _                  ____ ____  __  __   _____      _             _       _ 
 |  ___| | _____      __  / ___|  _ \|  \/  | |_   _|   _| |_ ___  _ __(_) __ _| |
 | |_  | |/ _ \ \ /\ / / | |   | |_) | |\/| |   | || | | | __/ _ \| '__| |/ _` | |
 |  _| | | (_) \ V  V /  | |___|  _ <| |  | |   | || |_| | || (_) | |  | | (_| | |
 |_|   |_|\___/ \_/\_/    \____|_| \_\_|  |_|   |_| \__,_|\__\___/|_|  |_|\__,_|_|
                                                                                  

2023-12-30T14:43:36.625+01:00  INFO 32660 --- [Pool-1-worker-1] i.s.a.integration.SessionPresenterTest   : Starting SessionPresenterTest using Java 20.0.2 with PID 32660 (started by oland in C:\Users\oland\eclipse-workspace\SSD_01-2024_StudyApp)
2023-12-30T14:43:36.625+01:00  INFO 32660 --- [Pool-1-worker-1] i.s.a.integration.SessionPresenterTest   : No active profile set, falling back to 1 default profile: "default"
2023-12-30T14:43:36.727+01:00  INFO 32660 --- [Pool-1-worker-1] .s.d.r.c.RepositoryConfigurationDelegate : Bootstrapping Spring Data JPA repositories in DEFAULT mode.
2023-12-30T14:43:36.756+01:00  INFO 32660 --- [Pool-1-worker-1] .s.d.r.c.RepositoryConfigurationDelegate : Finished Spring Data repository scanning in 28 ms. Found 9 JPA repository interfaces.
2023-12-30T14:43:36.801+01:00  INFO 32660 --- [Pool-1-worker-1] com.zaxxer.hikari.HikariDataSource       : HikariPool-29 - Starting...
2023-12-30T14:43:36.802+01:00  INFO 32660 --- [Pool-1-worker-1] com.zaxxer.hikari.pool.HikariPool        : HikariPool-29 - Added connection conn280: url=jdbc:h2:mem:testdb user=SA
2023-12-30T14:43:36.802+01:00  INFO 32660 --- [Pool-1-worker-1] com.zaxxer.hikari.HikariDataSource       : HikariPool-29 - Start completed.
2023-12-30T14:43:36.804+01:00  INFO 32660 --- [Pool-1-worker-1] o.hibernate.jpa.internal.util.LogHelper  : HHH000204: Processing PersistenceUnitInfo [name: default]
2023-12-30T14:43:36.810+01:00  INFO 32660 --- [Pool-1-worker-1] o.h.b.i.BytecodeProviderInitiator        : HHH000021: Bytecode provider name : bytebuddy
2023-12-30T14:43:36.810+01:00  INFO 32660 --- [Pool-1-worker-1] o.s.o.j.p.SpringPersistenceUnitInfo      : No LoadTimeWeaver setup: ignoring JPA class transformer
2023-12-30T14:43:36.826+01:00  INFO 32660 --- [Pool-1-worker-1] o.h.b.i.BytecodeProviderInitiator        : HHH000021: Bytecode provider name : bytebuddy
2023-12-30T14:43:36.889+01:00  INFO 32660 --- [Pool-1-worker-1] o.h.e.t.j.p.i.JtaPlatformInitiator       : HHH000490: Using JtaPlatform implementation: [org.hibernate.engine.transaction.jta.platform.internal.NoJtaPlatform]
2023-12-30T14:43:36.894+01:00  INFO 32660 --- [Pool-1-worker-1] j.LocalContainerEntityManagerFactoryBean : Initialized JPA EntityManagerFactory for persistence unit 'default'
2023-12-30T14:43:36.963+01:00  WARN 32660 --- [Pool-1-worker-1] JpaBaseConfiguration$JpaWebConfiguration : spring.jpa.open-in-view is enabled by default. Therefore, database queries may be performed during view rendering. Explicitly configure spring.jpa.open-in-view to disable this warning
2023-12-30T14:43:36.969+01:00  INFO 32660 --- [Pool-1-worker-1] o.hibernate.id.enhanced.PooledOptimizer  : HHH000201: Pooled optimizer source reported [BasicHolder[java.lang.Long[0]]] as the initial value; use of 1 or greater highly recommended
2023-12-30T14:43:36.978+01:00  INFO 32660 --- [Pool-1-worker-1] o.s.s.web.DefaultSecurityFilterChain     : Will secure any request with [org.springframework.security.web.session.DisableEncodeUrlFilter@622a89a8, org.springframework.security.web.context.request.async.WebAsyncManagerIntegrationFilter@68c598f2, org.springframework.security.web.context.SecurityContextHolderFilter@3e976f71, org.springframework.security.web.header.HeaderWriterFilter@59328f24, org.springframework.security.web.csrf.CsrfFilter@64dbc1ba, org.springframework.security.web.authentication.logout.LogoutFilter@41b82437, org.springframework.security.web.authentication.UsernamePasswordAuthenticationFilter@62338045, org.springframework.security.web.savedrequest.RequestCacheAwareFilter@47bbf08, org.springframework.security.web.servletapi.SecurityContextHolderAwareRequestFilter@957c28a, org.springframework.security.web.authentication.AnonymousAuthenticationFilter@735f9e93, org.springframework.security.web.access.ExceptionTranslationFilter@3387c4c1, org.springframework.security.web.access.intercept.AuthorizationFilter@2f9682e3]
2023-12-30T14:43:37.030+01:00  INFO 32660 --- [Pool-1-worker-1] o.s.b.t.m.w.SpringBootMockServletContext : Initializing Spring TestDispatcherServlet ''
2023-12-30T14:43:37.030+01:00  INFO 32660 --- [Pool-1-worker-1] o.s.t.web.servlet.TestDispatcherServlet  : Initializing Servlet ''
2023-12-30T14:43:37.031+01:00  INFO 32660 --- [Pool-1-worker-1] o.s.t.web.servlet.TestDispatcherServlet  : Completed initialization in 1 ms
2023-12-30T14:43:37.035+01:00  INFO 32660 --- [Pool-1-worker-1] i.s.a.integration.SessionPresenterTest   : Started SessionPresenterTest in 0.423 seconds (process running for 27.447)
2023-12-30T14:43:37.076+01:00  INFO 32660 --- [Pool-1-worker-1] j.LocalContainerEntityManagerFactoryBean : Closing JPA EntityManagerFactory for persistence unit 'default'
2023-12-30T14:43:37.077+01:00  INFO 32660 --- [Pool-1-worker-1] com.zaxxer.hikari.HikariDataSource       : HikariPool-29 - Shutdown initiated...
2023-12-30T14:43:37.078+01:00  INFO 32660 --- [Pool-1-worker-1] com.zaxxer.hikari.HikariDataSource       : HikariPool-29 - Shutdown completed.
]]></system-out>
  </testcase>
  <testcase name="participant_abbandona_sessione" classname="it.studyapp.application.integration.SessionPresenterTest" time="0.064">
    <system-out><![CDATA[  _____ _                  ____ ____  __  __   _____      _             _       _ 
 |  ___| | _____      __  / ___|  _ \|  \/  | |_   _|   _| |_ ___  _ __(_) __ _| |
 | |_  | |/ _ \ \ /\ / / | |   | |_) | |\/| |   | || | | | __/ _ \| '__| |/ _` | |
 |  _| | | (_) \ V  V /  | |___|  _ <| |  | |   | || |_| | || (_) | |  | | (_| | |
 |_|   |_|\___/ \_/\_/    \____|_| \_\_|  |_|   |_| \__,_|\__\___/|_|  |_|\__,_|_|
                                                                                  

2023-12-30T14:43:37.098+01:00  INFO 32660 --- [Pool-1-worker-1] i.s.a.integration.SessionPresenterTest   : Starting SessionPresenterTest using Java 20.0.2 with PID 32660 (started by oland in C:\Users\oland\eclipse-workspace\SSD_01-2024_StudyApp)
2023-12-30T14:43:37.098+01:00  INFO 32660 --- [Pool-1-worker-1] i.s.a.integration.SessionPresenterTest   : No active profile set, falling back to 1 default profile: "default"
2023-12-30T14:43:37.199+01:00  INFO 32660 --- [Pool-1-worker-1] .s.d.r.c.RepositoryConfigurationDelegate : Bootstrapping Spring Data JPA repositories in DEFAULT mode.
2023-12-30T14:43:37.232+01:00  INFO 32660 --- [Pool-1-worker-1] .s.d.r.c.RepositoryConfigurationDelegate : Finished Spring Data repository scanning in 33 ms. Found 9 JPA repository interfaces.
2023-12-30T14:43:37.264+01:00  INFO 32660 --- [Pool-1-worker-1] com.zaxxer.hikari.HikariDataSource       : HikariPool-30 - Starting...
2023-12-30T14:43:37.265+01:00  INFO 32660 --- [Pool-1-worker-1] com.zaxxer.hikari.pool.HikariPool        : HikariPool-30 - Added connection conn290: url=jdbc:h2:mem:testdb user=SA
2023-12-30T14:43:37.265+01:00  INFO 32660 --- [Pool-1-worker-1] com.zaxxer.hikari.HikariDataSource       : HikariPool-30 - Start completed.
2023-12-30T14:43:37.266+01:00  INFO 32660 --- [Pool-1-worker-1] o.hibernate.jpa.internal.util.LogHelper  : HHH000204: Processing PersistenceUnitInfo [name: default]
2023-12-30T14:43:37.271+01:00  INFO 32660 --- [Pool-1-worker-1] o.h.b.i.BytecodeProviderInitiator        : HHH000021: Bytecode provider name : bytebuddy
2023-12-30T14:43:37.272+01:00  INFO 32660 --- [Pool-1-worker-1] o.s.o.j.p.SpringPersistenceUnitInfo      : No LoadTimeWeaver setup: ignoring JPA class transformer
2023-12-30T14:43:37.288+01:00  INFO 32660 --- [Pool-1-worker-1] o.h.b.i.BytecodeProviderInitiator        : HHH000021: Bytecode provider name : bytebuddy
2023-12-30T14:43:37.351+01:00  INFO 32660 --- [Pool-1-worker-1] o.h.e.t.j.p.i.JtaPlatformInitiator       : HHH000490: Using JtaPlatform implementation: [org.hibernate.engine.transaction.jta.platform.internal.NoJtaPlatform]
2023-12-30T14:43:37.356+01:00  INFO 32660 --- [Pool-1-worker-1] j.LocalContainerEntityManagerFactoryBean : Initialized JPA EntityManagerFactory for persistence unit 'default'
2023-12-30T14:43:37.433+01:00  WARN 32660 --- [Pool-1-worker-1] JpaBaseConfiguration$JpaWebConfiguration : spring.jpa.open-in-view is enabled by default. Therefore, database queries may be performed during view rendering. Explicitly configure spring.jpa.open-in-view to disable this warning
2023-12-30T14:43:37.442+01:00  INFO 32660 --- [Pool-1-worker-1] o.hibernate.id.enhanced.PooledOptimizer  : HHH000201: Pooled optimizer source reported [BasicHolder[java.lang.Long[0]]] as the initial value; use of 1 or greater highly recommended
2023-12-30T14:43:37.451+01:00  INFO 32660 --- [Pool-1-worker-1] o.s.s.web.DefaultSecurityFilterChain     : Will secure any request with [org.springframework.security.web.session.DisableEncodeUrlFilter@2a814757, org.springframework.security.web.context.request.async.WebAsyncManagerIntegrationFilter@661b567b, org.springframework.security.web.context.SecurityContextHolderFilter@7c4f9bda, org.springframework.security.web.header.HeaderWriterFilter@4e08d6ab, org.springframework.security.web.csrf.CsrfFilter@1d47a9e8, org.springframework.security.web.authentication.logout.LogoutFilter@166d8844, org.springframework.security.web.authentication.UsernamePasswordAuthenticationFilter@5054dab1, org.springframework.security.web.savedrequest.RequestCacheAwareFilter@5c677552, org.springframework.security.web.servletapi.SecurityContextHolderAwareRequestFilter@1ec970f6, org.springframework.security.web.authentication.AnonymousAuthenticationFilter@2393252a, org.springframework.security.web.access.ExceptionTranslationFilter@177ab2ca, org.springframework.security.web.access.intercept.AuthorizationFilter@24dc2230]
2023-12-30T14:43:37.529+01:00  INFO 32660 --- [Pool-1-worker-1] o.s.b.t.m.w.SpringBootMockServletContext : Initializing Spring TestDispatcherServlet ''
2023-12-30T14:43:37.529+01:00  INFO 32660 --- [Pool-1-worker-1] o.s.t.web.servlet.TestDispatcherServlet  : Initializing Servlet ''
2023-12-30T14:43:37.529+01:00  INFO 32660 --- [Pool-1-worker-1] o.s.t.web.servlet.TestDispatcherServlet  : Completed initialization in 0 ms
2023-12-30T14:43:37.533+01:00  INFO 32660 --- [Pool-1-worker-1] i.s.a.integration.SessionPresenterTest   : Started SessionPresenterTest in 0.452 seconds (process running for 27.944)
2023-12-30T14:43:37.598+01:00  INFO 32660 --- [Pool-1-worker-1] j.LocalContainerEntityManagerFactoryBean : Closing JPA EntityManagerFactory for persistence unit 'default'
2023-12-30T14:43:37.599+01:00  INFO 32660 --- [Pool-1-worker-1] com.zaxxer.hikari.HikariDataSource       : HikariPool-30 - Shutdown initiated...
2023-12-30T14:43:37.599+01:00  INFO 32660 --- [Pool-1-worker-1] com.zaxxer.hikari.HikariDataSource       : HikariPool-30 - Shutdown completed.
]]></system-out>
  </testcase>
  <testcase name="sessione_rimossa_correttamente" classname="it.studyapp.application.integration.SessionPresenterTest" time="0.05">
    <system-out><![CDATA[  _____ _                  ____ ____  __  __   _____      _             _       _ 
 |  ___| | _____      __  / ___|  _ \|  \/  | |_   _|   _| |_ ___  _ __(_) __ _| |
 | |_  | |/ _ \ \ /\ / / | |   | |_) | |\/| |   | || | | | __/ _ \| '__| |/ _` | |
 |  _| | | (_) \ V  V /  | |___|  _ <| |  | |   | || |_| | || (_) | |  | | (_| | |
 |_|   |_|\___/ \_/\_/    \____|_| \_\_|  |_|   |_| \__,_|\__\___/|_|  |_|\__,_|_|
                                                                                  

2023-12-30T14:43:37.619+01:00  INFO 32660 --- [Pool-1-worker-1] i.s.a.integration.SessionPresenterTest   : Starting SessionPresenterTest using Java 20.0.2 with PID 32660 (started by oland in C:\Users\oland\eclipse-workspace\SSD_01-2024_StudyApp)
2023-12-30T14:43:37.619+01:00  INFO 32660 --- [Pool-1-worker-1] i.s.a.integration.SessionPresenterTest   : No active profile set, falling back to 1 default profile: "default"
2023-12-30T14:43:37.751+01:00  INFO 32660 --- [Pool-1-worker-1] .s.d.r.c.RepositoryConfigurationDelegate : Bootstrapping Spring Data JPA repositories in DEFAULT mode.
2023-12-30T14:43:37.783+01:00  INFO 32660 --- [Pool-1-worker-1] .s.d.r.c.RepositoryConfigurationDelegate : Finished Spring Data repository scanning in 31 ms. Found 9 JPA repository interfaces.
2023-12-30T14:43:37.821+01:00  INFO 32660 --- [Pool-1-worker-1] com.zaxxer.hikari.HikariDataSource       : HikariPool-31 - Starting...
2023-12-30T14:43:37.822+01:00  INFO 32660 --- [Pool-1-worker-1] com.zaxxer.hikari.pool.HikariPool        : HikariPool-31 - Added connection conn300: url=jdbc:h2:mem:testdb user=SA
2023-12-30T14:43:37.822+01:00  INFO 32660 --- [Pool-1-worker-1] com.zaxxer.hikari.HikariDataSource       : HikariPool-31 - Start completed.
2023-12-30T14:43:37.823+01:00  INFO 32660 --- [Pool-1-worker-1] o.hibernate.jpa.internal.util.LogHelper  : HHH000204: Processing PersistenceUnitInfo [name: default]
2023-12-30T14:43:37.830+01:00  INFO 32660 --- [Pool-1-worker-1] o.h.b.i.BytecodeProviderInitiator        : HHH000021: Bytecode provider name : bytebuddy
2023-12-30T14:43:37.830+01:00  INFO 32660 --- [Pool-1-worker-1] o.s.o.j.p.SpringPersistenceUnitInfo      : No LoadTimeWeaver setup: ignoring JPA class transformer
2023-12-30T14:43:37.845+01:00  INFO 32660 --- [Pool-1-worker-1] o.h.b.i.BytecodeProviderInitiator        : HHH000021: Bytecode provider name : bytebuddy
2023-12-30T14:43:37.903+01:00  INFO 32660 --- [Pool-1-worker-1] o.h.e.t.j.p.i.JtaPlatformInitiator       : HHH000490: Using JtaPlatform implementation: [org.hibernate.engine.transaction.jta.platform.internal.NoJtaPlatform]
2023-12-30T14:43:37.908+01:00  INFO 32660 --- [Pool-1-worker-1] j.LocalContainerEntityManagerFactoryBean : Initialized JPA EntityManagerFactory for persistence unit 'default'
2023-12-30T14:43:37.991+01:00  WARN 32660 --- [Pool-1-worker-1] JpaBaseConfiguration$JpaWebConfiguration : spring.jpa.open-in-view is enabled by default. Therefore, database queries may be performed during view rendering. Explicitly configure spring.jpa.open-in-view to disable this warning
2023-12-30T14:43:37.998+01:00  INFO 32660 --- [Pool-1-worker-1] o.hibernate.id.enhanced.PooledOptimizer  : HHH000201: Pooled optimizer source reported [BasicHolder[java.lang.Long[0]]] as the initial value; use of 1 or greater highly recommended
2023-12-30T14:43:38.007+01:00  INFO 32660 --- [Pool-1-worker-1] o.s.s.web.DefaultSecurityFilterChain     : Will secure any request with [org.springframework.security.web.session.DisableEncodeUrlFilter@402ff747, org.springframework.security.web.context.request.async.WebAsyncManagerIntegrationFilter@1afd1983, org.springframework.security.web.context.SecurityContextHolderFilter@49c642d8, org.springframework.security.web.header.HeaderWriterFilter@17942cf0, org.springframework.security.web.csrf.CsrfFilter@1f551ef9, org.springframework.security.web.authentication.logout.LogoutFilter@51f76609, org.springframework.security.web.authentication.UsernamePasswordAuthenticationFilter@2a021b20, org.springframework.security.web.savedrequest.RequestCacheAwareFilter@7e533fcf, org.springframework.security.web.servletapi.SecurityContextHolderAwareRequestFilter@1c197dc7, org.springframework.security.web.authentication.AnonymousAuthenticationFilter@12ff7244, org.springframework.security.web.access.ExceptionTranslationFilter@6c41dd27, org.springframework.security.web.access.intercept.AuthorizationFilter@611d22ea]
2023-12-30T14:43:38.070+01:00  INFO 32660 --- [Pool-1-worker-1] o.s.b.t.m.w.SpringBootMockServletContext : Initializing Spring TestDispatcherServlet ''
2023-12-30T14:43:38.070+01:00  INFO 32660 --- [Pool-1-worker-1] o.s.t.web.servlet.TestDispatcherServlet  : Initializing Servlet ''
2023-12-30T14:43:38.070+01:00  INFO 32660 --- [Pool-1-worker-1] o.s.t.web.servlet.TestDispatcherServlet  : Completed initialization in 0 ms
2023-12-30T14:43:38.075+01:00  INFO 32660 --- [Pool-1-worker-1] i.s.a.integration.SessionPresenterTest   : Started SessionPresenterTest in 0.473 seconds (process running for 28.487)
2023-12-30T14:43:38.115+01:00  INFO 32660 --- [Pool-1-worker-1] j.LocalContainerEntityManagerFactoryBean : Closing JPA EntityManagerFactory for persistence unit 'default'
2023-12-30T14:43:38.115+01:00  INFO 32660 --- [Pool-1-worker-1] com.zaxxer.hikari.HikariDataSource       : HikariPool-31 - Shutdown initiated...
2023-12-30T14:43:38.126+01:00  INFO 32660 --- [Pool-1-worker-1] com.zaxxer.hikari.HikariDataSource       : HikariPool-31 - Shutdown completed.
]]></system-out>
  </testcase>
  <testcase name="campi_sessione_aggiornati_correttamente" classname="it.studyapp.application.integration.SessionPresenterTest" time="0.037">
    <system-out><![CDATA[  _____ _                  ____ ____  __  __   _____      _             _       _ 
 |  ___| | _____      __  / ___|  _ \|  \/  | |_   _|   _| |_ ___  _ __(_) __ _| |
 | |_  | |/ _ \ \ /\ / / | |   | |_) | |\/| |   | || | | | __/ _ \| '__| |/ _` | |
 |  _| | | (_) \ V  V /  | |___|  _ <| |  | |   | || |_| | || (_) | |  | | (_| | |
 |_|   |_|\___/ \_/\_/    \____|_| \_\_|  |_|   |_| \__,_|\__\___/|_|  |_|\__,_|_|
                                                                                  

2023-12-30T14:43:38.149+01:00  INFO 32660 --- [Pool-1-worker-1] i.s.a.integration.SessionPresenterTest   : Starting SessionPresenterTest using Java 20.0.2 with PID 32660 (started by oland in C:\Users\oland\eclipse-workspace\SSD_01-2024_StudyApp)
2023-12-30T14:43:38.149+01:00  INFO 32660 --- [Pool-1-worker-1] i.s.a.integration.SessionPresenterTest   : No active profile set, falling back to 1 default profile: "default"
2023-12-30T14:43:38.311+01:00  INFO 32660 --- [Pool-1-worker-1] .s.d.r.c.RepositoryConfigurationDelegate : Bootstrapping Spring Data JPA repositories in DEFAULT mode.
2023-12-30T14:43:38.341+01:00  INFO 32660 --- [Pool-1-worker-1] .s.d.r.c.RepositoryConfigurationDelegate : Finished Spring Data repository scanning in 29 ms. Found 9 JPA repository interfaces.
2023-12-30T14:43:38.381+01:00  INFO 32660 --- [Pool-1-worker-1] com.zaxxer.hikari.HikariDataSource       : HikariPool-32 - Starting...
2023-12-30T14:43:38.383+01:00  INFO 32660 --- [Pool-1-worker-1] com.zaxxer.hikari.pool.HikariPool        : HikariPool-32 - Added connection conn310: url=jdbc:h2:mem:testdb user=SA
2023-12-30T14:43:38.383+01:00  INFO 32660 --- [Pool-1-worker-1] com.zaxxer.hikari.HikariDataSource       : HikariPool-32 - Start completed.
2023-12-30T14:43:38.384+01:00  INFO 32660 --- [Pool-1-worker-1] o.hibernate.jpa.internal.util.LogHelper  : HHH000204: Processing PersistenceUnitInfo [name: default]
2023-12-30T14:43:38.391+01:00  INFO 32660 --- [Pool-1-worker-1] o.h.b.i.BytecodeProviderInitiator        : HHH000021: Bytecode provider name : bytebuddy
2023-12-30T14:43:38.391+01:00  INFO 32660 --- [Pool-1-worker-1] o.s.o.j.p.SpringPersistenceUnitInfo      : No LoadTimeWeaver setup: ignoring JPA class transformer
2023-12-30T14:43:38.406+01:00  INFO 32660 --- [Pool-1-worker-1] o.h.b.i.BytecodeProviderInitiator        : HHH000021: Bytecode provider name : bytebuddy
2023-12-30T14:43:38.467+01:00  INFO 32660 --- [Pool-1-worker-1] o.h.e.t.j.p.i.JtaPlatformInitiator       : HHH000490: Using JtaPlatform implementation: [org.hibernate.engine.transaction.jta.platform.internal.NoJtaPlatform]
2023-12-30T14:43:38.472+01:00  INFO 32660 --- [Pool-1-worker-1] j.LocalContainerEntityManagerFactoryBean : Initialized JPA EntityManagerFactory for persistence unit 'default'
2023-12-30T14:43:38.563+01:00  WARN 32660 --- [Pool-1-worker-1] JpaBaseConfiguration$JpaWebConfiguration : spring.jpa.open-in-view is enabled by default. Therefore, database queries may be performed during view rendering. Explicitly configure spring.jpa.open-in-view to disable this warning
2023-12-30T14:43:38.570+01:00  INFO 32660 --- [Pool-1-worker-1] o.hibernate.id.enhanced.PooledOptimizer  : HHH000201: Pooled optimizer source reported [BasicHolder[java.lang.Long[0]]] as the initial value; use of 1 or greater highly recommended
2023-12-30T14:43:38.579+01:00  INFO 32660 --- [Pool-1-worker-1] o.s.s.web.DefaultSecurityFilterChain     : Will secure any request with [org.springframework.security.web.session.DisableEncodeUrlFilter@4de9aaa8, org.springframework.security.web.context.request.async.WebAsyncManagerIntegrationFilter@5af048fe, org.springframework.security.web.context.SecurityContextHolderFilter@511d5e45, org.springframework.security.web.header.HeaderWriterFilter@5131c589, org.springframework.security.web.csrf.CsrfFilter@39ffe701, org.springframework.security.web.authentication.logout.LogoutFilter@73ae5f4f, org.springframework.security.web.authentication.UsernamePasswordAuthenticationFilter@4cbcd057, org.springframework.security.web.savedrequest.RequestCacheAwareFilter@179c7c88, org.springframework.security.web.servletapi.SecurityContextHolderAwareRequestFilter@17384d80, org.springframework.security.web.authentication.AnonymousAuthenticationFilter@10fc3123, org.springframework.security.web.access.ExceptionTranslationFilter@7f1ff76c, org.springframework.security.web.access.intercept.AuthorizationFilter@52a31ca7]
2023-12-30T14:43:38.643+01:00  INFO 32660 --- [Pool-1-worker-1] o.s.b.t.m.w.SpringBootMockServletContext : Initializing Spring TestDispatcherServlet ''
2023-12-30T14:43:38.643+01:00  INFO 32660 --- [Pool-1-worker-1] o.s.t.web.servlet.TestDispatcherServlet  : Initializing Servlet ''
2023-12-30T14:43:38.643+01:00  INFO 32660 --- [Pool-1-worker-1] o.s.t.web.servlet.TestDispatcherServlet  : Completed initialization in 0 ms
2023-12-30T14:43:38.647+01:00  INFO 32660 --- [Pool-1-worker-1] i.s.a.integration.SessionPresenterTest   : Started SessionPresenterTest in 0.517 seconds (process running for 29.059)
2023-12-30T14:43:38.684+01:00  INFO 32660 --- [Pool-1-worker-1] j.LocalContainerEntityManagerFactoryBean : Closing JPA EntityManagerFactory for persistence unit 'default'
2023-12-30T14:43:38.684+01:00  INFO 32660 --- [Pool-1-worker-1] com.zaxxer.hikari.HikariDataSource       : HikariPool-32 - Shutdown initiated...
2023-12-30T14:43:38.685+01:00  INFO 32660 --- [Pool-1-worker-1] com.zaxxer.hikari.HikariDataSource       : HikariPool-32 - Shutdown completed.
]]></system-out>
  </testcase>
  <testcase name="owner_abbandona_sessione_passando_ownership" classname="it.studyapp.application.integration.SessionPresenterTest" time="0.05">
    <system-out><![CDATA[  _____ _                  ____ ____  __  __   _____      _             _       _ 
 |  ___| | _____      __  / ___|  _ \|  \/  | |_   _|   _| |_ ___  _ __(_) __ _| |
 | |_  | |/ _ \ \ /\ / / | |   | |_) | |\/| |   | || | | | __/ _ \| '__| |/ _` | |
 |  _| | | (_) \ V  V /  | |___|  _ <| |  | |   | || |_| | || (_) | |  | | (_| | |
 |_|   |_|\___/ \_/\_/    \____|_| \_\_|  |_|   |_| \__,_|\__\___/|_|  |_|\__,_|_|
                                                                                  

2023-12-30T14:43:38.706+01:00  INFO 32660 --- [Pool-1-worker-1] i.s.a.integration.SessionPresenterTest   : Starting SessionPresenterTest using Java 20.0.2 with PID 32660 (started by oland in C:\Users\oland\eclipse-workspace\SSD_01-2024_StudyApp)
2023-12-30T14:43:38.706+01:00  INFO 32660 --- [Pool-1-worker-1] i.s.a.integration.SessionPresenterTest   : No active profile set, falling back to 1 default profile: "default"
2023-12-30T14:43:38.819+01:00  INFO 32660 --- [Pool-1-worker-1] .s.d.r.c.RepositoryConfigurationDelegate : Bootstrapping Spring Data JPA repositories in DEFAULT mode.
2023-12-30T14:43:38.845+01:00  INFO 32660 --- [Pool-1-worker-1] .s.d.r.c.RepositoryConfigurationDelegate : Finished Spring Data repository scanning in 26 ms. Found 9 JPA repository interfaces.
2023-12-30T14:43:38.877+01:00  INFO 32660 --- [Pool-1-worker-1] com.zaxxer.hikari.HikariDataSource       : HikariPool-33 - Starting...
2023-12-30T14:43:38.878+01:00  INFO 32660 --- [Pool-1-worker-1] com.zaxxer.hikari.pool.HikariPool        : HikariPool-33 - Added connection conn320: url=jdbc:h2:mem:testdb user=SA
2023-12-30T14:43:38.878+01:00  INFO 32660 --- [Pool-1-worker-1] com.zaxxer.hikari.HikariDataSource       : HikariPool-33 - Start completed.
2023-12-30T14:43:38.879+01:00  INFO 32660 --- [Pool-1-worker-1] o.hibernate.jpa.internal.util.LogHelper  : HHH000204: Processing PersistenceUnitInfo [name: default]
2023-12-30T14:43:38.885+01:00  INFO 32660 --- [Pool-1-worker-1] o.h.b.i.BytecodeProviderInitiator        : HHH000021: Bytecode provider name : bytebuddy
2023-12-30T14:43:38.885+01:00  INFO 32660 --- [Pool-1-worker-1] o.s.o.j.p.SpringPersistenceUnitInfo      : No LoadTimeWeaver setup: ignoring JPA class transformer
2023-12-30T14:43:38.898+01:00  INFO 32660 --- [Pool-1-worker-1] o.h.b.i.BytecodeProviderInitiator        : HHH000021: Bytecode provider name : bytebuddy
2023-12-30T14:43:38.951+01:00  INFO 32660 --- [Pool-1-worker-1] o.h.e.t.j.p.i.JtaPlatformInitiator       : HHH000490: Using JtaPlatform implementation: [org.hibernate.engine.transaction.jta.platform.internal.NoJtaPlatform]
2023-12-30T14:43:38.956+01:00  INFO 32660 --- [Pool-1-worker-1] j.LocalContainerEntityManagerFactoryBean : Initialized JPA EntityManagerFactory for persistence unit 'default'
2023-12-30T14:43:39.034+01:00  WARN 32660 --- [Pool-1-worker-1] JpaBaseConfiguration$JpaWebConfiguration : spring.jpa.open-in-view is enabled by default. Therefore, database queries may be performed during view rendering. Explicitly configure spring.jpa.open-in-view to disable this warning
2023-12-30T14:43:39.044+01:00  INFO 32660 --- [Pool-1-worker-1] o.hibernate.id.enhanced.PooledOptimizer  : HHH000201: Pooled optimizer source reported [BasicHolder[java.lang.Long[0]]] as the initial value; use of 1 or greater highly recommended
2023-12-30T14:43:39.051+01:00  INFO 32660 --- [Pool-1-worker-1] o.s.s.web.DefaultSecurityFilterChain     : Will secure any request with [org.springframework.security.web.session.DisableEncodeUrlFilter@b67e1e8, org.springframework.security.web.context.request.async.WebAsyncManagerIntegrationFilter@67faccbc, org.springframework.security.web.context.SecurityContextHolderFilter@62e3a20e, org.springframework.security.web.header.HeaderWriterFilter@5c5e3598, org.springframework.security.web.csrf.CsrfFilter@14356a7c, org.springframework.security.web.authentication.logout.LogoutFilter@30fa2eac, org.springframework.security.web.authentication.UsernamePasswordAuthenticationFilter@6a093d4b, org.springframework.security.web.savedrequest.RequestCacheAwareFilter@5dba52a4, org.springframework.security.web.servletapi.SecurityContextHolderAwareRequestFilter@62290da6, org.springframework.security.web.authentication.AnonymousAuthenticationFilter@52a39f65, org.springframework.security.web.access.ExceptionTranslationFilter@4fae005d, org.springframework.security.web.access.intercept.AuthorizationFilter@15340b05]
2023-12-30T14:43:39.111+01:00  INFO 32660 --- [Pool-1-worker-1] o.s.b.t.m.w.SpringBootMockServletContext : Initializing Spring TestDispatcherServlet ''
2023-12-30T14:43:39.111+01:00  INFO 32660 --- [Pool-1-worker-1] o.s.t.web.servlet.TestDispatcherServlet  : Initializing Servlet ''
2023-12-30T14:43:39.112+01:00  INFO 32660 --- [Pool-1-worker-1] o.s.t.web.servlet.TestDispatcherServlet  : Completed initialization in 1 ms
2023-12-30T14:43:39.116+01:00  INFO 32660 --- [Pool-1-worker-1] i.s.a.integration.SessionPresenterTest   : Started SessionPresenterTest in 0.428 seconds (process running for 29.528)
2023-12-30T14:43:39.166+01:00  INFO 32660 --- [Pool-1-worker-1] j.LocalContainerEntityManagerFactoryBean : Closing JPA EntityManagerFactory for persistence unit 'default'
2023-12-30T14:43:39.167+01:00  INFO 32660 --- [Pool-1-worker-1] com.zaxxer.hikari.HikariDataSource       : HikariPool-33 - Shutdown initiated...
2023-12-30T14:43:39.168+01:00  INFO 32660 --- [Pool-1-worker-1] com.zaxxer.hikari.HikariDataSource       : HikariPool-33 - Shutdown completed.
]]></system-out>
  </testcase>
  <testcase name="nuovo_partecipante_aggiunto_correttamente" classname="it.studyapp.application.integration.SessionPresenterTest" time="0.048">
    <system-out><![CDATA[  _____ _                  ____ ____  __  __   _____      _             _       _ 
 |  ___| | _____      __  / ___|  _ \|  \/  | |_   _|   _| |_ ___  _ __(_) __ _| |
 | |_  | |/ _ \ \ /\ / / | |   | |_) | |\/| |   | || | | | __/ _ \| '__| |/ _` | |
 |  _| | | (_) \ V  V /  | |___|  _ <| |  | |   | || |_| | || (_) | |  | | (_| | |
 |_|   |_|\___/ \_/\_/    \____|_| \_\_|  |_|   |_| \__,_|\__\___/|_|  |_|\__,_|_|
                                                                                  

2023-12-30T14:43:39.188+01:00  INFO 32660 --- [Pool-1-worker-1] i.s.a.integration.SessionPresenterTest   : Starting SessionPresenterTest using Java 20.0.2 with PID 32660 (started by oland in C:\Users\oland\eclipse-workspace\SSD_01-2024_StudyApp)
2023-12-30T14:43:39.188+01:00  INFO 32660 --- [Pool-1-worker-1] i.s.a.integration.SessionPresenterTest   : No active profile set, falling back to 1 default profile: "default"
2023-12-30T14:43:39.313+01:00  INFO 32660 --- [Pool-1-worker-1] .s.d.r.c.RepositoryConfigurationDelegate : Bootstrapping Spring Data JPA repositories in DEFAULT mode.
2023-12-30T14:43:39.340+01:00  INFO 32660 --- [Pool-1-worker-1] .s.d.r.c.RepositoryConfigurationDelegate : Finished Spring Data repository scanning in 26 ms. Found 9 JPA repository interfaces.
2023-12-30T14:43:39.374+01:00  INFO 32660 --- [Pool-1-worker-1] com.zaxxer.hikari.HikariDataSource       : HikariPool-34 - Starting...
2023-12-30T14:43:39.375+01:00  INFO 32660 --- [Pool-1-worker-1] com.zaxxer.hikari.pool.HikariPool        : HikariPool-34 - Added connection conn330: url=jdbc:h2:mem:testdb user=SA
2023-12-30T14:43:39.375+01:00  INFO 32660 --- [Pool-1-worker-1] com.zaxxer.hikari.HikariDataSource       : HikariPool-34 - Start completed.
2023-12-30T14:43:39.376+01:00  INFO 32660 --- [Pool-1-worker-1] o.hibernate.jpa.internal.util.LogHelper  : HHH000204: Processing PersistenceUnitInfo [name: default]
2023-12-30T14:43:39.382+01:00  INFO 32660 --- [Pool-1-worker-1] o.h.b.i.BytecodeProviderInitiator        : HHH000021: Bytecode provider name : bytebuddy
2023-12-30T14:43:39.383+01:00  INFO 32660 --- [Pool-1-worker-1] o.s.o.j.p.SpringPersistenceUnitInfo      : No LoadTimeWeaver setup: ignoring JPA class transformer
2023-12-30T14:43:39.398+01:00  INFO 32660 --- [Pool-1-worker-1] o.h.b.i.BytecodeProviderInitiator        : HHH000021: Bytecode provider name : bytebuddy
2023-12-30T14:43:39.452+01:00  INFO 32660 --- [Pool-1-worker-1] o.h.e.t.j.p.i.JtaPlatformInitiator       : HHH000490: Using JtaPlatform implementation: [org.hibernate.engine.transaction.jta.platform.internal.NoJtaPlatform]
2023-12-30T14:43:39.457+01:00  INFO 32660 --- [Pool-1-worker-1] j.LocalContainerEntityManagerFactoryBean : Initialized JPA EntityManagerFactory for persistence unit 'default'
2023-12-30T14:43:39.546+01:00  WARN 32660 --- [Pool-1-worker-1] JpaBaseConfiguration$JpaWebConfiguration : spring.jpa.open-in-view is enabled by default. Therefore, database queries may be performed during view rendering. Explicitly configure spring.jpa.open-in-view to disable this warning
2023-12-30T14:43:39.555+01:00  INFO 32660 --- [Pool-1-worker-1] o.hibernate.id.enhanced.PooledOptimizer  : HHH000201: Pooled optimizer source reported [BasicHolder[java.lang.Long[0]]] as the initial value; use of 1 or greater highly recommended
2023-12-30T14:43:39.568+01:00  INFO 32660 --- [Pool-1-worker-1] o.s.s.web.DefaultSecurityFilterChain     : Will secure any request with [org.springframework.security.web.session.DisableEncodeUrlFilter@7ea7257, org.springframework.security.web.context.request.async.WebAsyncManagerIntegrationFilter@457f36a7, org.springframework.security.web.context.SecurityContextHolderFilter@250ee430, org.springframework.security.web.header.HeaderWriterFilter@feb0554, org.springframework.security.web.csrf.CsrfFilter@7dc52df, org.springframework.security.web.authentication.logout.LogoutFilter@55256fee, org.springframework.security.web.authentication.UsernamePasswordAuthenticationFilter@794e388f, org.springframework.security.web.savedrequest.RequestCacheAwareFilter@40a100e4, org.springframework.security.web.servletapi.SecurityContextHolderAwareRequestFilter@504e5aa9, org.springframework.security.web.authentication.AnonymousAuthenticationFilter@69ed890d, org.springframework.security.web.access.ExceptionTranslationFilter@30941d64, org.springframework.security.web.access.intercept.AuthorizationFilter@3ff2799c]
2023-12-30T14:43:39.640+01:00  INFO 32660 --- [Pool-1-worker-1] o.s.b.t.m.w.SpringBootMockServletContext : Initializing Spring TestDispatcherServlet ''
2023-12-30T14:43:39.640+01:00  INFO 32660 --- [Pool-1-worker-1] o.s.t.web.servlet.TestDispatcherServlet  : Initializing Servlet ''
2023-12-30T14:43:39.640+01:00  INFO 32660 --- [Pool-1-worker-1] o.s.t.web.servlet.TestDispatcherServlet  : Completed initialization in 0 ms
2023-12-30T14:43:39.646+01:00  INFO 32660 --- [Pool-1-worker-1] i.s.a.integration.SessionPresenterTest   : Started SessionPresenterTest in 0.475 seconds (process running for 30.057)
2023-12-30T14:43:39.694+01:00  INFO 32660 --- [Pool-1-worker-1] j.LocalContainerEntityManagerFactoryBean : Closing JPA EntityManagerFactory for persistence unit 'default'
2023-12-30T14:43:39.694+01:00  INFO 32660 --- [Pool-1-worker-1] com.zaxxer.hikari.HikariDataSource       : HikariPool-34 - Shutdown initiated...
2023-12-30T14:43:39.695+01:00  INFO 32660 --- [Pool-1-worker-1] com.zaxxer.hikari.HikariDataSource       : HikariPool-34 - Shutdown completed.
]]></system-out>
  </testcase>
  <testcase name="participant_non_ha_sessione_alla_creazione" classname="it.studyapp.application.integration.SessionPresenterTest" time="0.016">
    <system-out><![CDATA[  _____ _                  ____ ____  __  __   _____      _             _       _ 
 |  ___| | _____      __  / ___|  _ \|  \/  | |_   _|   _| |_ ___  _ __(_) __ _| |
 | |_  | |/ _ \ \ /\ / / | |   | |_) | |\/| |   | || | | | __/ _ \| '__| |/ _` | |
 |  _| | | (_) \ V  V /  | |___|  _ <| |  | |   | || |_| | || (_) | |  | | (_| | |
 |_|   |_|\___/ \_/\_/    \____|_| \_\_|  |_|   |_| \__,_|\__\___/|_|  |_|\__,_|_|
                                                                                  

2023-12-30T14:43:39.717+01:00  INFO 32660 --- [Pool-1-worker-1] i.s.a.integration.SessionPresenterTest   : Starting SessionPresenterTest using Java 20.0.2 with PID 32660 (started by oland in C:\Users\oland\eclipse-workspace\SSD_01-2024_StudyApp)
2023-12-30T14:43:39.717+01:00  INFO 32660 --- [Pool-1-worker-1] i.s.a.integration.SessionPresenterTest   : No active profile set, falling back to 1 default profile: "default"
2023-12-30T14:43:39.846+01:00  INFO 32660 --- [Pool-1-worker-1] .s.d.r.c.RepositoryConfigurationDelegate : Bootstrapping Spring Data JPA repositories in DEFAULT mode.
2023-12-30T14:43:39.877+01:00  INFO 32660 --- [Pool-1-worker-1] .s.d.r.c.RepositoryConfigurationDelegate : Finished Spring Data repository scanning in 30 ms. Found 9 JPA repository interfaces.
2023-12-30T14:43:39.926+01:00  INFO 32660 --- [Pool-1-worker-1] com.zaxxer.hikari.HikariDataSource       : HikariPool-35 - Starting...
2023-12-30T14:43:39.927+01:00  INFO 32660 --- [Pool-1-worker-1] com.zaxxer.hikari.pool.HikariPool        : HikariPool-35 - Added connection conn340: url=jdbc:h2:mem:testdb user=SA
2023-12-30T14:43:39.927+01:00  INFO 32660 --- [Pool-1-worker-1] com.zaxxer.hikari.HikariDataSource       : HikariPool-35 - Start completed.
2023-12-30T14:43:39.928+01:00  INFO 32660 --- [Pool-1-worker-1] o.hibernate.jpa.internal.util.LogHelper  : HHH000204: Processing PersistenceUnitInfo [name: default]
2023-12-30T14:43:39.935+01:00  INFO 32660 --- [Pool-1-worker-1] o.h.b.i.BytecodeProviderInitiator        : HHH000021: Bytecode provider name : bytebuddy
2023-12-30T14:43:39.935+01:00  INFO 32660 --- [Pool-1-worker-1] o.s.o.j.p.SpringPersistenceUnitInfo      : No LoadTimeWeaver setup: ignoring JPA class transformer
2023-12-30T14:43:39.950+01:00  INFO 32660 --- [Pool-1-worker-1] o.h.b.i.BytecodeProviderInitiator        : HHH000021: Bytecode provider name : bytebuddy
2023-12-30T14:43:40.004+01:00  INFO 32660 --- [Pool-1-worker-1] o.h.e.t.j.p.i.JtaPlatformInitiator       : HHH000490: Using JtaPlatform implementation: [org.hibernate.engine.transaction.jta.platform.internal.NoJtaPlatform]
2023-12-30T14:43:40.009+01:00  INFO 32660 --- [Pool-1-worker-1] j.LocalContainerEntityManagerFactoryBean : Initialized JPA EntityManagerFactory for persistence unit 'default'
2023-12-30T14:43:40.093+01:00  WARN 32660 --- [Pool-1-worker-1] JpaBaseConfiguration$JpaWebConfiguration : spring.jpa.open-in-view is enabled by default. Therefore, database queries may be performed during view rendering. Explicitly configure spring.jpa.open-in-view to disable this warning
2023-12-30T14:43:40.100+01:00  INFO 32660 --- [Pool-1-worker-1] o.hibernate.id.enhanced.PooledOptimizer  : HHH000201: Pooled optimizer source reported [BasicHolder[java.lang.Long[0]]] as the initial value; use of 1 or greater highly recommended
2023-12-30T14:43:40.107+01:00  INFO 32660 --- [Pool-1-worker-1] o.s.s.web.DefaultSecurityFilterChain     : Will secure any request with [org.springframework.security.web.session.DisableEncodeUrlFilter@1a489430, org.springframework.security.web.context.request.async.WebAsyncManagerIntegrationFilter@4e1879df, org.springframework.security.web.context.SecurityContextHolderFilter@4a4d0aa4, org.springframework.security.web.header.HeaderWriterFilter@6c2fa810, org.springframework.security.web.csrf.CsrfFilter@1c39ffc2, org.springframework.security.web.authentication.logout.LogoutFilter@10053427, org.springframework.security.web.authentication.UsernamePasswordAuthenticationFilter@23553871, org.springframework.security.web.savedrequest.RequestCacheAwareFilter@19593bc0, org.springframework.security.web.servletapi.SecurityContextHolderAwareRequestFilter@234153ae, org.springframework.security.web.authentication.AnonymousAuthenticationFilter@1c8788f2, org.springframework.security.web.access.ExceptionTranslationFilter@4feea98c, org.springframework.security.web.access.intercept.AuthorizationFilter@69276d5b]
2023-12-30T14:43:40.169+01:00  INFO 32660 --- [Pool-1-worker-1] o.s.b.t.m.w.SpringBootMockServletContext : Initializing Spring TestDispatcherServlet ''
2023-12-30T14:43:40.169+01:00  INFO 32660 --- [Pool-1-worker-1] o.s.t.web.servlet.TestDispatcherServlet  : Initializing Servlet ''
2023-12-30T14:43:40.169+01:00  INFO 32660 --- [Pool-1-worker-1] o.s.t.web.servlet.TestDispatcherServlet  : Completed initialization in 0 ms
2023-12-30T14:43:40.174+01:00  INFO 32660 --- [Pool-1-worker-1] i.s.a.integration.SessionPresenterTest   : Started SessionPresenterTest in 0.475 seconds (process running for 30.585)
2023-12-30T14:43:40.189+01:00  INFO 32660 --- [Pool-1-worker-1] j.LocalContainerEntityManagerFactoryBean : Closing JPA EntityManagerFactory for persistence unit 'default'
2023-12-30T14:43:40.190+01:00  INFO 32660 --- [Pool-1-worker-1] com.zaxxer.hikari.HikariDataSource       : HikariPool-35 - Shutdown initiated...
2023-12-30T14:43:40.191+01:00  INFO 32660 --- [Pool-1-worker-1] com.zaxxer.hikari.HikariDataSource       : HikariPool-35 - Shutdown completed.
]]></system-out>
  </testcase>
  <testcase name="owner_non_ha_evento_calendario_dopo_rimozione_sessione" classname="it.studyapp.application.integration.SessionPresenterTest" time="0.03">
    <system-out><![CDATA[  _____ _                  ____ ____  __  __   _____      _             _       _ 
 |  ___| | _____      __  / ___|  _ \|  \/  | |_   _|   _| |_ ___  _ __(_) __ _| |
 | |_  | |/ _ \ \ /\ / / | |   | |_) | |\/| |   | || | | | __/ _ \| '__| |/ _` | |
 |  _| | | (_) \ V  V /  | |___|  _ <| |  | |   | || |_| | || (_) | |  | | (_| | |
 |_|   |_|\___/ \_/\_/    \____|_| \_\_|  |_|   |_| \__,_|\__\___/|_|  |_|\__,_|_|
                                                                                  

2023-12-30T14:43:40.211+01:00  INFO 32660 --- [Pool-1-worker-1] i.s.a.integration.SessionPresenterTest   : Starting SessionPresenterTest using Java 20.0.2 with PID 32660 (started by oland in C:\Users\oland\eclipse-workspace\SSD_01-2024_StudyApp)
2023-12-30T14:43:40.212+01:00  INFO 32660 --- [Pool-1-worker-1] i.s.a.integration.SessionPresenterTest   : No active profile set, falling back to 1 default profile: "default"
2023-12-30T14:43:40.321+01:00  INFO 32660 --- [Pool-1-worker-1] .s.d.r.c.RepositoryConfigurationDelegate : Bootstrapping Spring Data JPA repositories in DEFAULT mode.
2023-12-30T14:43:40.354+01:00  INFO 32660 --- [Pool-1-worker-1] .s.d.r.c.RepositoryConfigurationDelegate : Finished Spring Data repository scanning in 32 ms. Found 9 JPA repository interfaces.
2023-12-30T14:43:40.401+01:00  INFO 32660 --- [Pool-1-worker-1] com.zaxxer.hikari.HikariDataSource       : HikariPool-36 - Starting...
2023-12-30T14:43:40.402+01:00  INFO 32660 --- [Pool-1-worker-1] com.zaxxer.hikari.pool.HikariPool        : HikariPool-36 - Added connection conn350: url=jdbc:h2:mem:testdb user=SA
2023-12-30T14:43:40.403+01:00  INFO 32660 --- [Pool-1-worker-1] com.zaxxer.hikari.HikariDataSource       : HikariPool-36 - Start completed.
2023-12-30T14:43:40.404+01:00  INFO 32660 --- [Pool-1-worker-1] o.hibernate.jpa.internal.util.LogHelper  : HHH000204: Processing PersistenceUnitInfo [name: default]
2023-12-30T14:43:40.411+01:00  INFO 32660 --- [Pool-1-worker-1] o.h.b.i.BytecodeProviderInitiator        : HHH000021: Bytecode provider name : bytebuddy
2023-12-30T14:43:40.411+01:00  INFO 32660 --- [Pool-1-worker-1] o.s.o.j.p.SpringPersistenceUnitInfo      : No LoadTimeWeaver setup: ignoring JPA class transformer
2023-12-30T14:43:40.427+01:00  INFO 32660 --- [Pool-1-worker-1] o.h.b.i.BytecodeProviderInitiator        : HHH000021: Bytecode provider name : bytebuddy
2023-12-30T14:43:40.501+01:00  INFO 32660 --- [Pool-1-worker-1] o.h.e.t.j.p.i.JtaPlatformInitiator       : HHH000490: Using JtaPlatform implementation: [org.hibernate.engine.transaction.jta.platform.internal.NoJtaPlatform]
2023-12-30T14:43:40.506+01:00  INFO 32660 --- [Pool-1-worker-1] j.LocalContainerEntityManagerFactoryBean : Initialized JPA EntityManagerFactory for persistence unit 'default'
2023-12-30T14:43:40.578+01:00  WARN 32660 --- [Pool-1-worker-1] JpaBaseConfiguration$JpaWebConfiguration : spring.jpa.open-in-view is enabled by default. Therefore, database queries may be performed during view rendering. Explicitly configure spring.jpa.open-in-view to disable this warning
2023-12-30T14:43:40.585+01:00  INFO 32660 --- [Pool-1-worker-1] o.hibernate.id.enhanced.PooledOptimizer  : HHH000201: Pooled optimizer source reported [BasicHolder[java.lang.Long[0]]] as the initial value; use of 1 or greater highly recommended
2023-12-30T14:43:40.593+01:00  INFO 32660 --- [Pool-1-worker-1] o.s.s.web.DefaultSecurityFilterChain     : Will secure any request with [org.springframework.security.web.session.DisableEncodeUrlFilter@52139ac3, org.springframework.security.web.context.request.async.WebAsyncManagerIntegrationFilter@7c6ff118, org.springframework.security.web.context.SecurityContextHolderFilter@290dad14, org.springframework.security.web.header.HeaderWriterFilter@5498f390, org.springframework.security.web.csrf.CsrfFilter@5e495ac1, org.springframework.security.web.authentication.logout.LogoutFilter@7bee92b4, org.springframework.security.web.authentication.UsernamePasswordAuthenticationFilter@5de7d8f9, org.springframework.security.web.savedrequest.RequestCacheAwareFilter@3d8665a6, org.springframework.security.web.servletapi.SecurityContextHolderAwareRequestFilter@2cd88f2c, org.springframework.security.web.authentication.AnonymousAuthenticationFilter@707bc566, org.springframework.security.web.access.ExceptionTranslationFilter@6edfe218, org.springframework.security.web.access.intercept.AuthorizationFilter@1d822350]
2023-12-30T14:43:40.646+01:00  INFO 32660 --- [Pool-1-worker-1] o.s.b.t.m.w.SpringBootMockServletContext : Initializing Spring TestDispatcherServlet ''
2023-12-30T14:43:40.646+01:00  INFO 32660 --- [Pool-1-worker-1] o.s.t.web.servlet.TestDispatcherServlet  : Initializing Servlet ''
2023-12-30T14:43:40.646+01:00  INFO 32660 --- [Pool-1-worker-1] o.s.t.web.servlet.TestDispatcherServlet  : Completed initialization in 0 ms
2023-12-30T14:43:40.650+01:00  INFO 32660 --- [Pool-1-worker-1] i.s.a.integration.SessionPresenterTest   : Started SessionPresenterTest in 0.454 seconds (process running for 31.061)
2023-12-30T14:43:40.680+01:00  INFO 32660 --- [Pool-1-worker-1] j.LocalContainerEntityManagerFactoryBean : Closing JPA EntityManagerFactory for persistence unit 'default'
2023-12-30T14:43:40.681+01:00  INFO 32660 --- [Pool-1-worker-1] com.zaxxer.hikari.HikariDataSource       : HikariPool-36 - Shutdown initiated...
2023-12-30T14:43:40.682+01:00  INFO 32660 --- [Pool-1-worker-1] com.zaxxer.hikari.HikariDataSource       : HikariPool-36 - Shutdown completed.
]]></system-out>
  </testcase>
  <testcase name="participant_non_ha_evento_calendario_alla_creazione_della_sessione" classname="it.studyapp.application.integration.SessionPresenterTest" time="0.021">
    <system-out><![CDATA[  _____ _                  ____ ____  __  __   _____      _             _       _ 
 |  ___| | _____      __  / ___|  _ \|  \/  | |_   _|   _| |_ ___  _ __(_) __ _| |
 | |_  | |/ _ \ \ /\ / / | |   | |_) | |\/| |   | || | | | __/ _ \| '__| |/ _` | |
 |  _| | | (_) \ V  V /  | |___|  _ <| |  | |   | || |_| | || (_) | |  | | (_| | |
 |_|   |_|\___/ \_/\_/    \____|_| \_\_|  |_|   |_| \__,_|\__\___/|_|  |_|\__,_|_|
                                                                                  

2023-12-30T14:43:40.701+01:00  INFO 32660 --- [Pool-1-worker-1] i.s.a.integration.SessionPresenterTest   : Starting SessionPresenterTest using Java 20.0.2 with PID 32660 (started by oland in C:\Users\oland\eclipse-workspace\SSD_01-2024_StudyApp)
2023-12-30T14:43:40.701+01:00  INFO 32660 --- [Pool-1-worker-1] i.s.a.integration.SessionPresenterTest   : No active profile set, falling back to 1 default profile: "default"
2023-12-30T14:43:40.795+01:00  INFO 32660 --- [Pool-1-worker-1] .s.d.r.c.RepositoryConfigurationDelegate : Bootstrapping Spring Data JPA repositories in DEFAULT mode.
2023-12-30T14:43:40.822+01:00  INFO 32660 --- [Pool-1-worker-1] .s.d.r.c.RepositoryConfigurationDelegate : Finished Spring Data repository scanning in 26 ms. Found 9 JPA repository interfaces.
2023-12-30T14:43:40.855+01:00  INFO 32660 --- [Pool-1-worker-1] com.zaxxer.hikari.HikariDataSource       : HikariPool-37 - Starting...
2023-12-30T14:43:40.856+01:00  INFO 32660 --- [Pool-1-worker-1] com.zaxxer.hikari.pool.HikariPool        : HikariPool-37 - Added connection conn360: url=jdbc:h2:mem:testdb user=SA
2023-12-30T14:43:40.856+01:00  INFO 32660 --- [Pool-1-worker-1] com.zaxxer.hikari.HikariDataSource       : HikariPool-37 - Start completed.
2023-12-30T14:43:40.858+01:00  INFO 32660 --- [Pool-1-worker-1] o.hibernate.jpa.internal.util.LogHelper  : HHH000204: Processing PersistenceUnitInfo [name: default]
2023-12-30T14:43:40.864+01:00  INFO 32660 --- [Pool-1-worker-1] o.h.b.i.BytecodeProviderInitiator        : HHH000021: Bytecode provider name : bytebuddy
2023-12-30T14:43:40.864+01:00  INFO 32660 --- [Pool-1-worker-1] o.s.o.j.p.SpringPersistenceUnitInfo      : No LoadTimeWeaver setup: ignoring JPA class transformer
2023-12-30T14:43:40.879+01:00  INFO 32660 --- [Pool-1-worker-1] o.h.b.i.BytecodeProviderInitiator        : HHH000021: Bytecode provider name : bytebuddy
2023-12-30T14:43:40.926+01:00  INFO 32660 --- [Pool-1-worker-1] o.h.e.t.j.p.i.JtaPlatformInitiator       : HHH000490: Using JtaPlatform implementation: [org.hibernate.engine.transaction.jta.platform.internal.NoJtaPlatform]
2023-12-30T14:43:40.930+01:00  INFO 32660 --- [Pool-1-worker-1] j.LocalContainerEntityManagerFactoryBean : Initialized JPA EntityManagerFactory for persistence unit 'default'
2023-12-30T14:43:41.018+01:00  WARN 32660 --- [Pool-1-worker-1] JpaBaseConfiguration$JpaWebConfiguration : spring.jpa.open-in-view is enabled by default. Therefore, database queries may be performed during view rendering. Explicitly configure spring.jpa.open-in-view to disable this warning
2023-12-30T14:43:41.029+01:00  INFO 32660 --- [Pool-1-worker-1] o.hibernate.id.enhanced.PooledOptimizer  : HHH000201: Pooled optimizer source reported [BasicHolder[java.lang.Long[0]]] as the initial value; use of 1 or greater highly recommended
2023-12-30T14:43:41.056+01:00  INFO 32660 --- [Pool-1-worker-1] o.s.s.web.DefaultSecurityFilterChain     : Will secure any request with [org.springframework.security.web.session.DisableEncodeUrlFilter@5141fc19, org.springframework.security.web.context.request.async.WebAsyncManagerIntegrationFilter@6d7fa81f, org.springframework.security.web.context.SecurityContextHolderFilter@7982b258, org.springframework.security.web.header.HeaderWriterFilter@4a41d15e, org.springframework.security.web.csrf.CsrfFilter@5fd1fd74, org.springframework.security.web.authentication.logout.LogoutFilter@7d30abc7, org.springframework.security.web.authentication.UsernamePasswordAuthenticationFilter@29d70477, org.springframework.security.web.savedrequest.RequestCacheAwareFilter@29e8ca41, org.springframework.security.web.servletapi.SecurityContextHolderAwareRequestFilter@55c33b13, org.springframework.security.web.authentication.AnonymousAuthenticationFilter@20b0a128, org.springframework.security.web.access.ExceptionTranslationFilter@124dd35c, org.springframework.security.web.access.intercept.AuthorizationFilter@5e32761e]
2023-12-30T14:43:41.121+01:00  INFO 32660 --- [Pool-1-worker-1] o.s.b.t.m.w.SpringBootMockServletContext : Initializing Spring TestDispatcherServlet ''
2023-12-30T14:43:41.121+01:00  INFO 32660 --- [Pool-1-worker-1] o.s.t.web.servlet.TestDispatcherServlet  : Initializing Servlet ''
2023-12-30T14:43:41.121+01:00  INFO 32660 --- [Pool-1-worker-1] o.s.t.web.servlet.TestDispatcherServlet  : Completed initialization in 0 ms
2023-12-30T14:43:41.125+01:00  INFO 32660 --- [Pool-1-worker-1] i.s.a.integration.SessionPresenterTest   : Started SessionPresenterTest in 0.441 seconds (process running for 31.537)
2023-12-30T14:43:41.146+01:00  INFO 32660 --- [Pool-1-worker-1] j.LocalContainerEntityManagerFactoryBean : Closing JPA EntityManagerFactory for persistence unit 'default'
2023-12-30T14:43:41.147+01:00  INFO 32660 --- [Pool-1-worker-1] com.zaxxer.hikari.HikariDataSource       : HikariPool-37 - Shutdown initiated...
2023-12-30T14:43:41.148+01:00  INFO 32660 --- [Pool-1-worker-1] com.zaxxer.hikari.HikariDataSource       : HikariPool-37 - Shutdown completed.
]]></system-out>
  </testcase>
  <testcase name="participant_rimosso_correttamente" classname="it.studyapp.application.integration.SessionPresenterTest" time="0.046">
    <system-out><![CDATA[  _____ _                  ____ ____  __  __   _____      _             _       _ 
 |  ___| | _____      __  / ___|  _ \|  \/  | |_   _|   _| |_ ___  _ __(_) __ _| |
 | |_  | |/ _ \ \ /\ / / | |   | |_) | |\/| |   | || | | | __/ _ \| '__| |/ _` | |
 |  _| | | (_) \ V  V /  | |___|  _ <| |  | |   | || |_| | || (_) | |  | | (_| | |
 |_|   |_|\___/ \_/\_/    \____|_| \_\_|  |_|   |_| \__,_|\__\___/|_|  |_|\__,_|_|
                                                                                  

2023-12-30T14:43:41.166+01:00  INFO 32660 --- [Pool-1-worker-1] i.s.a.integration.SessionPresenterTest   : Starting SessionPresenterTest using Java 20.0.2 with PID 32660 (started by oland in C:\Users\oland\eclipse-workspace\SSD_01-2024_StudyApp)
2023-12-30T14:43:41.166+01:00  INFO 32660 --- [Pool-1-worker-1] i.s.a.integration.SessionPresenterTest   : No active profile set, falling back to 1 default profile: "default"
2023-12-30T14:43:41.270+01:00  INFO 32660 --- [Pool-1-worker-1] .s.d.r.c.RepositoryConfigurationDelegate : Bootstrapping Spring Data JPA repositories in DEFAULT mode.
2023-12-30T14:43:41.298+01:00  INFO 32660 --- [Pool-1-worker-1] .s.d.r.c.RepositoryConfigurationDelegate : Finished Spring Data repository scanning in 27 ms. Found 9 JPA repository interfaces.
2023-12-30T14:43:41.338+01:00  INFO 32660 --- [Pool-1-worker-1] com.zaxxer.hikari.HikariDataSource       : HikariPool-38 - Starting...
2023-12-30T14:43:41.340+01:00  INFO 32660 --- [Pool-1-worker-1] com.zaxxer.hikari.pool.HikariPool        : HikariPool-38 - Added connection conn370: url=jdbc:h2:mem:testdb user=SA
2023-12-30T14:43:41.340+01:00  INFO 32660 --- [Pool-1-worker-1] com.zaxxer.hikari.HikariDataSource       : HikariPool-38 - Start completed.
2023-12-30T14:43:41.342+01:00  INFO 32660 --- [Pool-1-worker-1] o.hibernate.jpa.internal.util.LogHelper  : HHH000204: Processing PersistenceUnitInfo [name: default]
2023-12-30T14:43:41.348+01:00  INFO 32660 --- [Pool-1-worker-1] o.h.b.i.BytecodeProviderInitiator        : HHH000021: Bytecode provider name : bytebuddy
2023-12-30T14:43:41.348+01:00  INFO 32660 --- [Pool-1-worker-1] o.s.o.j.p.SpringPersistenceUnitInfo      : No LoadTimeWeaver setup: ignoring JPA class transformer
2023-12-30T14:43:41.365+01:00  INFO 32660 --- [Pool-1-worker-1] o.h.b.i.BytecodeProviderInitiator        : HHH000021: Bytecode provider name : bytebuddy
2023-12-30T14:43:41.419+01:00  INFO 32660 --- [Pool-1-worker-1] o.h.e.t.j.p.i.JtaPlatformInitiator       : HHH000490: Using JtaPlatform implementation: [org.hibernate.engine.transaction.jta.platform.internal.NoJtaPlatform]
2023-12-30T14:43:41.424+01:00  INFO 32660 --- [Pool-1-worker-1] j.LocalContainerEntityManagerFactoryBean : Initialized JPA EntityManagerFactory for persistence unit 'default'
2023-12-30T14:43:41.503+01:00  WARN 32660 --- [Pool-1-worker-1] JpaBaseConfiguration$JpaWebConfiguration : spring.jpa.open-in-view is enabled by default. Therefore, database queries may be performed during view rendering. Explicitly configure spring.jpa.open-in-view to disable this warning
2023-12-30T14:43:41.509+01:00  INFO 32660 --- [Pool-1-worker-1] o.hibernate.id.enhanced.PooledOptimizer  : HHH000201: Pooled optimizer source reported [BasicHolder[java.lang.Long[0]]] as the initial value; use of 1 or greater highly recommended
2023-12-30T14:43:41.517+01:00  INFO 32660 --- [Pool-1-worker-1] o.s.s.web.DefaultSecurityFilterChain     : Will secure any request with [org.springframework.security.web.session.DisableEncodeUrlFilter@3e8fee34, org.springframework.security.web.context.request.async.WebAsyncManagerIntegrationFilter@2ce81ed2, org.springframework.security.web.context.SecurityContextHolderFilter@5440dd7a, org.springframework.security.web.header.HeaderWriterFilter@3d29675b, org.springframework.security.web.csrf.CsrfFilter@4b60e120, org.springframework.security.web.authentication.logout.LogoutFilter@50af170, org.springframework.security.web.authentication.UsernamePasswordAuthenticationFilter@6cdc03ae, org.springframework.security.web.savedrequest.RequestCacheAwareFilter@18e54f33, org.springframework.security.web.servletapi.SecurityContextHolderAwareRequestFilter@2116f52f, org.springframework.security.web.authentication.AnonymousAuthenticationFilter@615b63ba, org.springframework.security.web.access.ExceptionTranslationFilter@3691eb73, org.springframework.security.web.access.intercept.AuthorizationFilter@218d8e63]
2023-12-30T14:43:41.567+01:00  INFO 32660 --- [Pool-1-worker-1] o.s.b.t.m.w.SpringBootMockServletContext : Initializing Spring TestDispatcherServlet ''
2023-12-30T14:43:41.567+01:00  INFO 32660 --- [Pool-1-worker-1] o.s.t.web.servlet.TestDispatcherServlet  : Initializing Servlet ''
2023-12-30T14:43:41.567+01:00  INFO 32660 --- [Pool-1-worker-1] o.s.t.web.servlet.TestDispatcherServlet  : Completed initialization in 0 ms
2023-12-30T14:43:41.571+01:00  INFO 32660 --- [Pool-1-worker-1] i.s.a.integration.SessionPresenterTest   : Started SessionPresenterTest in 0.42 seconds (process running for 31.982)
2023-12-30T14:43:41.617+01:00  INFO 32660 --- [Pool-1-worker-1] j.LocalContainerEntityManagerFactoryBean : Closing JPA EntityManagerFactory for persistence unit 'default'
2023-12-30T14:43:41.617+01:00  INFO 32660 --- [Pool-1-worker-1] com.zaxxer.hikari.HikariDataSource       : HikariPool-38 - Shutdown initiated...
2023-12-30T14:43:41.618+01:00  INFO 32660 --- [Pool-1-worker-1] com.zaxxer.hikari.HikariDataSource       : HikariPool-38 - Shutdown completed.
]]></system-out>
  </testcase>
  <testcase name="owner_ha_evento_calendario_relativo_a_sessione_creata" classname="it.studyapp.application.integration.SessionPresenterTest" time="0.025">
    <system-out><![CDATA[  _____ _                  ____ ____  __  __   _____      _             _       _ 
 |  ___| | _____      __  / ___|  _ \|  \/  | |_   _|   _| |_ ___  _ __(_) __ _| |
 | |_  | |/ _ \ \ /\ / / | |   | |_) | |\/| |   | || | | | __/ _ \| '__| |/ _` | |
 |  _| | | (_) \ V  V /  | |___|  _ <| |  | |   | || |_| | || (_) | |  | | (_| | |
 |_|   |_|\___/ \_/\_/    \____|_| \_\_|  |_|   |_| \__,_|\__\___/|_|  |_|\__,_|_|
                                                                                  

2023-12-30T14:43:41.639+01:00  INFO 32660 --- [Pool-1-worker-1] i.s.a.integration.SessionPresenterTest   : Starting SessionPresenterTest using Java 20.0.2 with PID 32660 (started by oland in C:\Users\oland\eclipse-workspace\SSD_01-2024_StudyApp)
2023-12-30T14:43:41.640+01:00  INFO 32660 --- [Pool-1-worker-1] i.s.a.integration.SessionPresenterTest   : No active profile set, falling back to 1 default profile: "default"
2023-12-30T14:43:41.758+01:00  INFO 32660 --- [Pool-1-worker-1] .s.d.r.c.RepositoryConfigurationDelegate : Bootstrapping Spring Data JPA repositories in DEFAULT mode.
2023-12-30T14:43:41.791+01:00  INFO 32660 --- [Pool-1-worker-1] .s.d.r.c.RepositoryConfigurationDelegate : Finished Spring Data repository scanning in 32 ms. Found 9 JPA repository interfaces.
2023-12-30T14:43:41.826+01:00  INFO 32660 --- [Pool-1-worker-1] com.zaxxer.hikari.HikariDataSource       : HikariPool-39 - Starting...
2023-12-30T14:43:41.827+01:00  INFO 32660 --- [Pool-1-worker-1] com.zaxxer.hikari.pool.HikariPool        : HikariPool-39 - Added connection conn380: url=jdbc:h2:mem:testdb user=SA
2023-12-30T14:43:41.827+01:00  INFO 32660 --- [Pool-1-worker-1] com.zaxxer.hikari.HikariDataSource       : HikariPool-39 - Start completed.
2023-12-30T14:43:41.828+01:00  INFO 32660 --- [Pool-1-worker-1] o.hibernate.jpa.internal.util.LogHelper  : HHH000204: Processing PersistenceUnitInfo [name: default]
2023-12-30T14:43:41.834+01:00  INFO 32660 --- [Pool-1-worker-1] o.h.b.i.BytecodeProviderInitiator        : HHH000021: Bytecode provider name : bytebuddy
2023-12-30T14:43:41.834+01:00  INFO 32660 --- [Pool-1-worker-1] o.s.o.j.p.SpringPersistenceUnitInfo      : No LoadTimeWeaver setup: ignoring JPA class transformer
2023-12-30T14:43:41.848+01:00  INFO 32660 --- [Pool-1-worker-1] o.h.b.i.BytecodeProviderInitiator        : HHH000021: Bytecode provider name : bytebuddy
2023-12-30T14:43:41.901+01:00  INFO 32660 --- [Pool-1-worker-1] o.h.e.t.j.p.i.JtaPlatformInitiator       : HHH000490: Using JtaPlatform implementation: [org.hibernate.engine.transaction.jta.platform.internal.NoJtaPlatform]
2023-12-30T14:43:41.906+01:00  INFO 32660 --- [Pool-1-worker-1] j.LocalContainerEntityManagerFactoryBean : Initialized JPA EntityManagerFactory for persistence unit 'default'
2023-12-30T14:43:41.984+01:00  WARN 32660 --- [Pool-1-worker-1] JpaBaseConfiguration$JpaWebConfiguration : spring.jpa.open-in-view is enabled by default. Therefore, database queries may be performed during view rendering. Explicitly configure spring.jpa.open-in-view to disable this warning
2023-12-30T14:43:41.989+01:00  INFO 32660 --- [Pool-1-worker-1] o.hibernate.id.enhanced.PooledOptimizer  : HHH000201: Pooled optimizer source reported [BasicHolder[java.lang.Long[0]]] as the initial value; use of 1 or greater highly recommended
2023-12-30T14:43:41.997+01:00  INFO 32660 --- [Pool-1-worker-1] o.s.s.web.DefaultSecurityFilterChain     : Will secure any request with [org.springframework.security.web.session.DisableEncodeUrlFilter@40ab1a49, org.springframework.security.web.context.request.async.WebAsyncManagerIntegrationFilter@787868f5, org.springframework.security.web.context.SecurityContextHolderFilter@742d9583, org.springframework.security.web.header.HeaderWriterFilter@751efc94, org.springframework.security.web.csrf.CsrfFilter@28bc7aae, org.springframework.security.web.authentication.logout.LogoutFilter@6e68febf, org.springframework.security.web.authentication.UsernamePasswordAuthenticationFilter@691f9cd3, org.springframework.security.web.savedrequest.RequestCacheAwareFilter@3f8fe8a2, org.springframework.security.web.servletapi.SecurityContextHolderAwareRequestFilter@74895426, org.springframework.security.web.authentication.AnonymousAuthenticationFilter@4c7d7e74, org.springframework.security.web.access.ExceptionTranslationFilter@20bd6e03, org.springframework.security.web.access.intercept.AuthorizationFilter@107488b6]
2023-12-30T14:43:42.054+01:00  INFO 32660 --- [Pool-1-worker-1] o.s.b.t.m.w.SpringBootMockServletContext : Initializing Spring TestDispatcherServlet ''
2023-12-30T14:43:42.054+01:00  INFO 32660 --- [Pool-1-worker-1] o.s.t.web.servlet.TestDispatcherServlet  : Initializing Servlet ''
2023-12-30T14:43:42.055+01:00  INFO 32660 --- [Pool-1-worker-1] o.s.t.web.servlet.TestDispatcherServlet  : Completed initialization in 1 ms
2023-12-30T14:43:42.059+01:00  INFO 32660 --- [Pool-1-worker-1] i.s.a.integration.SessionPresenterTest   : Started SessionPresenterTest in 0.437 seconds (process running for 32.47)
2023-12-30T14:43:42.078+01:00  INFO 32660 --- [Pool-1-worker-1] j.LocalContainerEntityManagerFactoryBean : Closing JPA EntityManagerFactory for persistence unit 'default'
2023-12-30T14:43:42.079+01:00  INFO 32660 --- [Pool-1-worker-1] com.zaxxer.hikari.HikariDataSource       : HikariPool-39 - Shutdown initiated...
2023-12-30T14:43:42.084+01:00  INFO 32660 --- [Pool-1-worker-1] com.zaxxer.hikari.HikariDataSource       : HikariPool-39 - Shutdown completed.
]]></system-out>
  </testcase>
  <testcase name="evento_calendario_relativo_a_sessione_rimosso_correttamente" classname="it.studyapp.application.integration.SessionPresenterTest" time="0.077">
    <system-out><![CDATA[  _____ _                  ____ ____  __  __   _____      _             _       _ 
 |  ___| | _____      __  / ___|  _ \|  \/  | |_   _|   _| |_ ___  _ __(_) __ _| |
 | |_  | |/ _ \ \ /\ / / | |   | |_) | |\/| |   | || | | | __/ _ \| '__| |/ _` | |
 |  _| | | (_) \ V  V /  | |___|  _ <| |  | |   | || |_| | || (_) | |  | | (_| | |
 |_|   |_|\___/ \_/\_/    \____|_| \_\_|  |_|   |_| \__,_|\__\___/|_|  |_|\__,_|_|
                                                                                  

2023-12-30T14:43:42.105+01:00  INFO 32660 --- [Pool-1-worker-1] i.s.a.integration.SessionPresenterTest   : Starting SessionPresenterTest using Java 20.0.2 with PID 32660 (started by oland in C:\Users\oland\eclipse-workspace\SSD_01-2024_StudyApp)
2023-12-30T14:43:42.105+01:00  INFO 32660 --- [Pool-1-worker-1] i.s.a.integration.SessionPresenterTest   : No active profile set, falling back to 1 default profile: "default"
2023-12-30T14:43:42.215+01:00  INFO 32660 --- [Pool-1-worker-1] .s.d.r.c.RepositoryConfigurationDelegate : Bootstrapping Spring Data JPA repositories in DEFAULT mode.
2023-12-30T14:43:42.243+01:00  INFO 32660 --- [Pool-1-worker-1] .s.d.r.c.RepositoryConfigurationDelegate : Finished Spring Data repository scanning in 27 ms. Found 9 JPA repository interfaces.
2023-12-30T14:43:42.277+01:00  INFO 32660 --- [Pool-1-worker-1] com.zaxxer.hikari.HikariDataSource       : HikariPool-40 - Starting...
2023-12-30T14:43:42.278+01:00  INFO 32660 --- [Pool-1-worker-1] com.zaxxer.hikari.pool.HikariPool        : HikariPool-40 - Added connection conn390: url=jdbc:h2:mem:testdb user=SA
2023-12-30T14:43:42.279+01:00  INFO 32660 --- [Pool-1-worker-1] com.zaxxer.hikari.HikariDataSource       : HikariPool-40 - Start completed.
2023-12-30T14:43:42.280+01:00  INFO 32660 --- [Pool-1-worker-1] o.hibernate.jpa.internal.util.LogHelper  : HHH000204: Processing PersistenceUnitInfo [name: default]
2023-12-30T14:43:42.286+01:00  INFO 32660 --- [Pool-1-worker-1] o.h.b.i.BytecodeProviderInitiator        : HHH000021: Bytecode provider name : bytebuddy
2023-12-30T14:43:42.286+01:00  INFO 32660 --- [Pool-1-worker-1] o.s.o.j.p.SpringPersistenceUnitInfo      : No LoadTimeWeaver setup: ignoring JPA class transformer
2023-12-30T14:43:42.298+01:00  INFO 32660 --- [Pool-1-worker-1] o.h.b.i.BytecodeProviderInitiator        : HHH000021: Bytecode provider name : bytebuddy
2023-12-30T14:43:42.347+01:00  INFO 32660 --- [Pool-1-worker-1] o.h.e.t.j.p.i.JtaPlatformInitiator       : HHH000490: Using JtaPlatform implementation: [org.hibernate.engine.transaction.jta.platform.internal.NoJtaPlatform]
2023-12-30T14:43:42.353+01:00  INFO 32660 --- [Pool-1-worker-1] j.LocalContainerEntityManagerFactoryBean : Initialized JPA EntityManagerFactory for persistence unit 'default'
2023-12-30T14:43:42.424+01:00  WARN 32660 --- [Pool-1-worker-1] JpaBaseConfiguration$JpaWebConfiguration : spring.jpa.open-in-view is enabled by default. Therefore, database queries may be performed during view rendering. Explicitly configure spring.jpa.open-in-view to disable this warning
2023-12-30T14:43:42.430+01:00  INFO 32660 --- [Pool-1-worker-1] o.hibernate.id.enhanced.PooledOptimizer  : HHH000201: Pooled optimizer source reported [BasicHolder[java.lang.Long[0]]] as the initial value; use of 1 or greater highly recommended
2023-12-30T14:43:42.438+01:00  INFO 32660 --- [Pool-1-worker-1] o.s.s.web.DefaultSecurityFilterChain     : Will secure any request with [org.springframework.security.web.session.DisableEncodeUrlFilter@3d084623, org.springframework.security.web.context.request.async.WebAsyncManagerIntegrationFilter@52093f7e, org.springframework.security.web.context.SecurityContextHolderFilter@4bd26621, org.springframework.security.web.header.HeaderWriterFilter@5f10b375, org.springframework.security.web.csrf.CsrfFilter@3b8f64d6, org.springframework.security.web.authentication.logout.LogoutFilter@5317099d, org.springframework.security.web.authentication.UsernamePasswordAuthenticationFilter@5638f698, org.springframework.security.web.savedrequest.RequestCacheAwareFilter@b3b0259, org.springframework.security.web.servletapi.SecurityContextHolderAwareRequestFilter@517d1fe6, org.springframework.security.web.authentication.AnonymousAuthenticationFilter@59b9939a, org.springframework.security.web.access.ExceptionTranslationFilter@89a50c8, org.springframework.security.web.access.intercept.AuthorizationFilter@39d64da8]
2023-12-30T14:43:42.519+01:00  INFO 32660 --- [Pool-1-worker-1] o.s.b.t.m.w.SpringBootMockServletContext : Initializing Spring TestDispatcherServlet ''
2023-12-30T14:43:42.520+01:00  INFO 32660 --- [Pool-1-worker-1] o.s.t.web.servlet.TestDispatcherServlet  : Initializing Servlet ''
2023-12-30T14:43:42.520+01:00  INFO 32660 --- [Pool-1-worker-1] o.s.t.web.servlet.TestDispatcherServlet  : Completed initialization in 0 ms
2023-12-30T14:43:42.525+01:00  INFO 32660 --- [Pool-1-worker-1] i.s.a.integration.SessionPresenterTest   : Started SessionPresenterTest in 0.438 seconds (process running for 32.936)
2023-12-30T14:43:42.601+01:00  INFO 32660 --- [Pool-1-worker-1] j.LocalContainerEntityManagerFactoryBean : Closing JPA EntityManagerFactory for persistence unit 'default'
2023-12-30T14:43:42.602+01:00  INFO 32660 --- [Pool-1-worker-1] com.zaxxer.hikari.HikariDataSource       : HikariPool-40 - Shutdown initiated...
2023-12-30T14:43:42.603+01:00  INFO 32660 --- [Pool-1-worker-1] com.zaxxer.hikari.HikariDataSource       : HikariPool-40 - Shutdown completed.
]]></system-out>
  </testcase>
  <testcase name="owner_ha_la_sessione_creata" classname="it.studyapp.application.integration.SessionPresenterTest" time="0.017">
    <system-out><![CDATA[  _____ _                  ____ ____  __  __   _____      _             _       _ 
 |  ___| | _____      __  / ___|  _ \|  \/  | |_   _|   _| |_ ___  _ __(_) __ _| |
 | |_  | |/ _ \ \ /\ / / | |   | |_) | |\/| |   | || | | | __/ _ \| '__| |/ _` | |
 |  _| | | (_) \ V  V /  | |___|  _ <| |  | |   | || |_| | || (_) | |  | | (_| | |
 |_|   |_|\___/ \_/\_/    \____|_| \_\_|  |_|   |_| \__,_|\__\___/|_|  |_|\__,_|_|
                                                                                  

2023-12-30T14:43:42.626+01:00  INFO 32660 --- [Pool-1-worker-1] i.s.a.integration.SessionPresenterTest   : Starting SessionPresenterTest using Java 20.0.2 with PID 32660 (started by oland in C:\Users\oland\eclipse-workspace\SSD_01-2024_StudyApp)
2023-12-30T14:43:42.626+01:00  INFO 32660 --- [Pool-1-worker-1] i.s.a.integration.SessionPresenterTest   : No active profile set, falling back to 1 default profile: "default"
2023-12-30T14:43:42.741+01:00  INFO 32660 --- [Pool-1-worker-1] .s.d.r.c.RepositoryConfigurationDelegate : Bootstrapping Spring Data JPA repositories in DEFAULT mode.
2023-12-30T14:43:42.770+01:00  INFO 32660 --- [Pool-1-worker-1] .s.d.r.c.RepositoryConfigurationDelegate : Finished Spring Data repository scanning in 28 ms. Found 9 JPA repository interfaces.
2023-12-30T14:43:42.806+01:00  INFO 32660 --- [Pool-1-worker-1] com.zaxxer.hikari.HikariDataSource       : HikariPool-41 - Starting...
2023-12-30T14:43:42.807+01:00  INFO 32660 --- [Pool-1-worker-1] com.zaxxer.hikari.pool.HikariPool        : HikariPool-41 - Added connection conn400: url=jdbc:h2:mem:testdb user=SA
2023-12-30T14:43:42.807+01:00  INFO 32660 --- [Pool-1-worker-1] com.zaxxer.hikari.HikariDataSource       : HikariPool-41 - Start completed.
2023-12-30T14:43:42.809+01:00  INFO 32660 --- [Pool-1-worker-1] o.hibernate.jpa.internal.util.LogHelper  : HHH000204: Processing PersistenceUnitInfo [name: default]
2023-12-30T14:43:42.816+01:00  INFO 32660 --- [Pool-1-worker-1] o.h.b.i.BytecodeProviderInitiator        : HHH000021: Bytecode provider name : bytebuddy
2023-12-30T14:43:42.816+01:00  INFO 32660 --- [Pool-1-worker-1] o.s.o.j.p.SpringPersistenceUnitInfo      : No LoadTimeWeaver setup: ignoring JPA class transformer
2023-12-30T14:43:42.832+01:00  INFO 32660 --- [Pool-1-worker-1] o.h.b.i.BytecodeProviderInitiator        : HHH000021: Bytecode provider name : bytebuddy
2023-12-30T14:43:42.883+01:00  INFO 32660 --- [Pool-1-worker-1] o.h.e.t.j.p.i.JtaPlatformInitiator       : HHH000490: Using JtaPlatform implementation: [org.hibernate.engine.transaction.jta.platform.internal.NoJtaPlatform]
2023-12-30T14:43:42.887+01:00  INFO 32660 --- [Pool-1-worker-1] j.LocalContainerEntityManagerFactoryBean : Initialized JPA EntityManagerFactory for persistence unit 'default'
2023-12-30T14:43:42.965+01:00  WARN 32660 --- [Pool-1-worker-1] JpaBaseConfiguration$JpaWebConfiguration : spring.jpa.open-in-view is enabled by default. Therefore, database queries may be performed during view rendering. Explicitly configure spring.jpa.open-in-view to disable this warning
2023-12-30T14:43:42.971+01:00  INFO 32660 --- [Pool-1-worker-1] o.hibernate.id.enhanced.PooledOptimizer  : HHH000201: Pooled optimizer source reported [BasicHolder[java.lang.Long[0]]] as the initial value; use of 1 or greater highly recommended
2023-12-30T14:43:42.979+01:00  INFO 32660 --- [Pool-1-worker-1] o.s.s.web.DefaultSecurityFilterChain     : Will secure any request with [org.springframework.security.web.session.DisableEncodeUrlFilter@1907a914, org.springframework.security.web.context.request.async.WebAsyncManagerIntegrationFilter@294c0aa9, org.springframework.security.web.context.SecurityContextHolderFilter@4b12ecc4, org.springframework.security.web.header.HeaderWriterFilter@5255628a, org.springframework.security.web.csrf.CsrfFilter@45aa5c42, org.springframework.security.web.authentication.logout.LogoutFilter@c520bc5, org.springframework.security.web.authentication.UsernamePasswordAuthenticationFilter@5979640, org.springframework.security.web.savedrequest.RequestCacheAwareFilter@5c4de1a8, org.springframework.security.web.servletapi.SecurityContextHolderAwareRequestFilter@29c2cf52, org.springframework.security.web.authentication.AnonymousAuthenticationFilter@1987075c, org.springframework.security.web.access.ExceptionTranslationFilter@6c833f2c, org.springframework.security.web.access.intercept.AuthorizationFilter@260baf]
2023-12-30T14:43:43.047+01:00  INFO 32660 --- [Pool-1-worker-1] o.s.b.t.m.w.SpringBootMockServletContext : Initializing Spring TestDispatcherServlet ''
2023-12-30T14:43:43.047+01:00  INFO 32660 --- [Pool-1-worker-1] o.s.t.web.servlet.TestDispatcherServlet  : Initializing Servlet ''
2023-12-30T14:43:43.048+01:00  INFO 32660 --- [Pool-1-worker-1] o.s.t.web.servlet.TestDispatcherServlet  : Completed initialization in 1 ms
2023-12-30T14:43:43.052+01:00  INFO 32660 --- [Pool-1-worker-1] i.s.a.integration.SessionPresenterTest   : Started SessionPresenterTest in 0.445 seconds (process running for 33.463)
2023-12-30T14:43:43.068+01:00  INFO 32660 --- [Pool-1-worker-1] j.LocalContainerEntityManagerFactoryBean : Closing JPA EntityManagerFactory for persistence unit 'default'
2023-12-30T14:43:43.069+01:00  INFO 32660 --- [Pool-1-worker-1] com.zaxxer.hikari.HikariDataSource       : HikariPool-41 - Shutdown initiated...
2023-12-30T14:43:43.069+01:00  INFO 32660 --- [Pool-1-worker-1] com.zaxxer.hikari.HikariDataSource       : HikariPool-41 - Shutdown completed.
]]></system-out>
  </testcase>
  <testcase name="richiesta_sessione_creata_correttamente" classname="it.studyapp.application.integration.SessionPresenterTest" time="0.025">
    <system-out><![CDATA[  _____ _                  ____ ____  __  __   _____      _             _       _ 
 |  ___| | _____      __  / ___|  _ \|  \/  | |_   _|   _| |_ ___  _ __(_) __ _| |
 | |_  | |/ _ \ \ /\ / / | |   | |_) | |\/| |   | || | | | __/ _ \| '__| |/ _` | |
 |  _| | | (_) \ V  V /  | |___|  _ <| |  | |   | || |_| | || (_) | |  | | (_| | |
 |_|   |_|\___/ \_/\_/    \____|_| \_\_|  |_|   |_| \__,_|\__\___/|_|  |_|\__,_|_|
                                                                                  

2023-12-30T14:43:43.088+01:00  INFO 32660 --- [Pool-1-worker-1] i.s.a.integration.SessionPresenterTest   : Starting SessionPresenterTest using Java 20.0.2 with PID 32660 (started by oland in C:\Users\oland\eclipse-workspace\SSD_01-2024_StudyApp)
2023-12-30T14:43:43.088+01:00  INFO 32660 --- [Pool-1-worker-1] i.s.a.integration.SessionPresenterTest   : No active profile set, falling back to 1 default profile: "default"
2023-12-30T14:43:43.192+01:00  INFO 32660 --- [Pool-1-worker-1] .s.d.r.c.RepositoryConfigurationDelegate : Bootstrapping Spring Data JPA repositories in DEFAULT mode.
2023-12-30T14:43:43.218+01:00  INFO 32660 --- [Pool-1-worker-1] .s.d.r.c.RepositoryConfigurationDelegate : Finished Spring Data repository scanning in 26 ms. Found 9 JPA repository interfaces.
2023-12-30T14:43:43.252+01:00  INFO 32660 --- [Pool-1-worker-1] com.zaxxer.hikari.HikariDataSource       : HikariPool-42 - Starting...
2023-12-30T14:43:43.253+01:00  INFO 32660 --- [Pool-1-worker-1] com.zaxxer.hikari.pool.HikariPool        : HikariPool-42 - Added connection conn410: url=jdbc:h2:mem:testdb user=SA
2023-12-30T14:43:43.253+01:00  INFO 32660 --- [Pool-1-worker-1] com.zaxxer.hikari.HikariDataSource       : HikariPool-42 - Start completed.
2023-12-30T14:43:43.254+01:00  INFO 32660 --- [Pool-1-worker-1] o.hibernate.jpa.internal.util.LogHelper  : HHH000204: Processing PersistenceUnitInfo [name: default]
2023-12-30T14:43:43.261+01:00  INFO 32660 --- [Pool-1-worker-1] o.h.b.i.BytecodeProviderInitiator        : HHH000021: Bytecode provider name : bytebuddy
2023-12-30T14:43:43.261+01:00  INFO 32660 --- [Pool-1-worker-1] o.s.o.j.p.SpringPersistenceUnitInfo      : No LoadTimeWeaver setup: ignoring JPA class transformer
2023-12-30T14:43:43.273+01:00  INFO 32660 --- [Pool-1-worker-1] o.h.b.i.BytecodeProviderInitiator        : HHH000021: Bytecode provider name : bytebuddy
2023-12-30T14:43:43.317+01:00  INFO 32660 --- [Pool-1-worker-1] o.h.e.t.j.p.i.JtaPlatformInitiator       : HHH000490: Using JtaPlatform implementation: [org.hibernate.engine.transaction.jta.platform.internal.NoJtaPlatform]
2023-12-30T14:43:43.321+01:00  INFO 32660 --- [Pool-1-worker-1] j.LocalContainerEntityManagerFactoryBean : Initialized JPA EntityManagerFactory for persistence unit 'default'
2023-12-30T14:43:43.389+01:00  WARN 32660 --- [Pool-1-worker-1] JpaBaseConfiguration$JpaWebConfiguration : spring.jpa.open-in-view is enabled by default. Therefore, database queries may be performed during view rendering. Explicitly configure spring.jpa.open-in-view to disable this warning
2023-12-30T14:43:43.396+01:00  INFO 32660 --- [Pool-1-worker-1] o.hibernate.id.enhanced.PooledOptimizer  : HHH000201: Pooled optimizer source reported [BasicHolder[java.lang.Long[0]]] as the initial value; use of 1 or greater highly recommended
2023-12-30T14:43:43.403+01:00  INFO 32660 --- [Pool-1-worker-1] o.s.s.web.DefaultSecurityFilterChain     : Will secure any request with [org.springframework.security.web.session.DisableEncodeUrlFilter@7146cde6, org.springframework.security.web.context.request.async.WebAsyncManagerIntegrationFilter@78ddafa5, org.springframework.security.web.context.SecurityContextHolderFilter@222ca747, org.springframework.security.web.header.HeaderWriterFilter@70ab03, org.springframework.security.web.csrf.CsrfFilter@34e894dc, org.springframework.security.web.authentication.logout.LogoutFilter@59bbdb51, org.springframework.security.web.authentication.UsernamePasswordAuthenticationFilter@76a0e130, org.springframework.security.web.savedrequest.RequestCacheAwareFilter@529289aa, org.springframework.security.web.servletapi.SecurityContextHolderAwareRequestFilter@1b47c99c, org.springframework.security.web.authentication.AnonymousAuthenticationFilter@25b6c1ad, org.springframework.security.web.access.ExceptionTranslationFilter@272dc632, org.springframework.security.web.access.intercept.AuthorizationFilter@3a0ce754]
2023-12-30T14:43:43.457+01:00  INFO 32660 --- [Pool-1-worker-1] o.s.b.t.m.w.SpringBootMockServletContext : Initializing Spring TestDispatcherServlet ''
2023-12-30T14:43:43.457+01:00  INFO 32660 --- [Pool-1-worker-1] o.s.t.web.servlet.TestDispatcherServlet  : Initializing Servlet ''
2023-12-30T14:43:43.457+01:00  INFO 32660 --- [Pool-1-worker-1] o.s.t.web.servlet.TestDispatcherServlet  : Completed initialization in 0 ms
2023-12-30T14:43:43.463+01:00  INFO 32660 --- [Pool-1-worker-1] i.s.a.integration.SessionPresenterTest   : Started SessionPresenterTest in 0.39 seconds (process running for 33.875)
2023-12-30T14:43:43.478+01:00  INFO 32660 --- [Pool-1-worker-1] j.LocalContainerEntityManagerFactoryBean : Closing JPA EntityManagerFactory for persistence unit 'default'
2023-12-30T14:43:43.479+01:00  INFO 32660 --- [Pool-1-worker-1] com.zaxxer.hikari.HikariDataSource       : HikariPool-42 - Shutdown initiated...
2023-12-30T14:43:43.489+01:00  INFO 32660 --- [Pool-1-worker-1] com.zaxxer.hikari.HikariDataSource       : HikariPool-42 - Shutdown completed.
]]></system-out>
  </testcase>
  <testcase name="sessione_creata_correttamente" classname="it.studyapp.application.integration.SessionPresenterTest" time="0.029">
    <system-out><![CDATA[  _____ _                  ____ ____  __  __   _____      _             _       _ 
 |  ___| | _____      __  / ___|  _ \|  \/  | |_   _|   _| |_ ___  _ __(_) __ _| |
 | |_  | |/ _ \ \ /\ / / | |   | |_) | |\/| |   | || | | | __/ _ \| '__| |/ _` | |
 |  _| | | (_) \ V  V /  | |___|  _ <| |  | |   | || |_| | || (_) | |  | | (_| | |
 |_|   |_|\___/ \_/\_/    \____|_| \_\_|  |_|   |_| \__,_|\__\___/|_|  |_|\__,_|_|
                                                                                  

2023-12-30T14:43:43.506+01:00  INFO 32660 --- [Pool-1-worker-1] i.s.a.integration.SessionPresenterTest   : Starting SessionPresenterTest using Java 20.0.2 with PID 32660 (started by oland in C:\Users\oland\eclipse-workspace\SSD_01-2024_StudyApp)
2023-12-30T14:43:43.506+01:00  INFO 32660 --- [Pool-1-worker-1] i.s.a.integration.SessionPresenterTest   : No active profile set, falling back to 1 default profile: "default"
2023-12-30T14:43:43.601+01:00  INFO 32660 --- [Pool-1-worker-1] .s.d.r.c.RepositoryConfigurationDelegate : Bootstrapping Spring Data JPA repositories in DEFAULT mode.
2023-12-30T14:43:43.626+01:00  INFO 32660 --- [Pool-1-worker-1] .s.d.r.c.RepositoryConfigurationDelegate : Finished Spring Data repository scanning in 24 ms. Found 9 JPA repository interfaces.
2023-12-30T14:43:43.660+01:00  INFO 32660 --- [Pool-1-worker-1] com.zaxxer.hikari.HikariDataSource       : HikariPool-43 - Starting...
2023-12-30T14:43:43.661+01:00  INFO 32660 --- [Pool-1-worker-1] com.zaxxer.hikari.pool.HikariPool        : HikariPool-43 - Added connection conn419: url=jdbc:h2:mem:testdb user=SA
2023-12-30T14:43:43.661+01:00  INFO 32660 --- [Pool-1-worker-1] com.zaxxer.hikari.HikariDataSource       : HikariPool-43 - Start completed.
2023-12-30T14:43:43.663+01:00  INFO 32660 --- [Pool-1-worker-1] o.hibernate.jpa.internal.util.LogHelper  : HHH000204: Processing PersistenceUnitInfo [name: default]
2023-12-30T14:43:43.669+01:00  INFO 32660 --- [Pool-1-worker-1] o.h.b.i.BytecodeProviderInitiator        : HHH000021: Bytecode provider name : bytebuddy
2023-12-30T14:43:43.669+01:00  INFO 32660 --- [Pool-1-worker-1] o.s.o.j.p.SpringPersistenceUnitInfo      : No LoadTimeWeaver setup: ignoring JPA class transformer
2023-12-30T14:43:43.688+01:00  INFO 32660 --- [Pool-1-worker-1] o.h.b.i.BytecodeProviderInitiator        : HHH000021: Bytecode provider name : bytebuddy
2023-12-30T14:43:43.740+01:00  INFO 32660 --- [Pool-1-worker-1] o.h.e.t.j.p.i.JtaPlatformInitiator       : HHH000490: Using JtaPlatform implementation: [org.hibernate.engine.transaction.jta.platform.internal.NoJtaPlatform]
2023-12-30T14:43:43.745+01:00  INFO 32660 --- [Pool-1-worker-1] j.LocalContainerEntityManagerFactoryBean : Initialized JPA EntityManagerFactory for persistence unit 'default'
2023-12-30T14:43:43.816+01:00  WARN 32660 --- [Pool-1-worker-1] JpaBaseConfiguration$JpaWebConfiguration : spring.jpa.open-in-view is enabled by default. Therefore, database queries may be performed during view rendering. Explicitly configure spring.jpa.open-in-view to disable this warning
2023-12-30T14:43:43.822+01:00  INFO 32660 --- [Pool-1-worker-1] o.hibernate.id.enhanced.PooledOptimizer  : HHH000201: Pooled optimizer source reported [BasicHolder[java.lang.Long[0]]] as the initial value; use of 1 or greater highly recommended
2023-12-30T14:43:43.829+01:00  INFO 32660 --- [Pool-1-worker-1] o.s.s.web.DefaultSecurityFilterChain     : Will secure any request with [org.springframework.security.web.session.DisableEncodeUrlFilter@3a0389e, org.springframework.security.web.context.request.async.WebAsyncManagerIntegrationFilter@5303d5c0, org.springframework.security.web.context.SecurityContextHolderFilter@202f2ed8, org.springframework.security.web.header.HeaderWriterFilter@1a970d73, org.springframework.security.web.csrf.CsrfFilter@25567228, org.springframework.security.web.authentication.logout.LogoutFilter@142593c, org.springframework.security.web.authentication.UsernamePasswordAuthenticationFilter@1038181c, org.springframework.security.web.savedrequest.RequestCacheAwareFilter@36fecfc7, org.springframework.security.web.servletapi.SecurityContextHolderAwareRequestFilter@7a1c83b7, org.springframework.security.web.authentication.AnonymousAuthenticationFilter@64cd6ae4, org.springframework.security.web.access.ExceptionTranslationFilter@2dcc2c5b, org.springframework.security.web.access.intercept.AuthorizationFilter@5f9d1c98]
2023-12-30T14:43:43.882+01:00  INFO 32660 --- [Pool-1-worker-1] o.s.b.t.m.w.SpringBootMockServletContext : Initializing Spring TestDispatcherServlet ''
2023-12-30T14:43:43.882+01:00  INFO 32660 --- [Pool-1-worker-1] o.s.t.web.servlet.TestDispatcherServlet  : Initializing Servlet ''
2023-12-30T14:43:43.882+01:00  INFO 32660 --- [Pool-1-worker-1] o.s.t.web.servlet.TestDispatcherServlet  : Completed initialization in 0 ms
2023-12-30T14:43:43.886+01:00  INFO 32660 --- [Pool-1-worker-1] i.s.a.integration.SessionPresenterTest   : Started SessionPresenterTest in 0.393 seconds (process running for 34.297)
2023-12-30T14:43:43.902+01:00  INFO 32660 --- [Pool-1-worker-1] j.LocalContainerEntityManagerFactoryBean : Closing JPA EntityManagerFactory for persistence unit 'default'
2023-12-30T14:43:43.903+01:00  INFO 32660 --- [Pool-1-worker-1] com.zaxxer.hikari.HikariDataSource       : HikariPool-43 - Shutdown initiated...
2023-12-30T14:43:43.916+01:00  INFO 32660 --- [Pool-1-worker-1] com.zaxxer.hikari.HikariDataSource       : HikariPool-43 - Shutdown completed.
]]></system-out>
  </testcase>
</testsuite>