<?xml version="1.0" encoding="UTF-8"?>
<testsuite xmlns:xsi="http://www.w3.org/2001/XMLSchema-instance" xsi:noNamespaceSchemaLocation="https://maven.apache.org/surefire/maven-surefire-plugin/xsd/surefire-test-report-3.0.xsd" version="3.0" name="it.studyapp.application.integration.PasswordPresenterTest" time="2.843" tests="4" errors="0" skipped="0" failures="0">
  <properties>
    <property name="java.specification.version" value="20"/>
    <property name="sun.cpu.isalist" value="amd64"/>
    <property name="sun.jnu.encoding" value="Cp1252"/>
    <property name="java.class.path" value="C:\Users\oland\eclipse-workspace\SSD_01-2024_StudyApp\target\test-classes;C:\Users\oland\eclipse-workspace\SSD_01-2024_StudyApp\target\classes;C:\Users\oland\.m2\repository\com\vaadin\vaadin\24.1.10\vaadin-24.1.10.jar;C:\Users\oland\.m2\repository\com\vaadin\vaadin-internal\24.1.10\vaadin-internal-24.1.10.jar;C:\Users\oland\.m2\repository\com\vaadin\vaadin-board-flow\24.1.10\vaadin-board-flow-24.1.10.jar;C:\Users\oland\.m2\repository\com\vaadin\vaadin-charts-flow\24.1.10\vaadin-charts-flow-24.1.10.jar;C:\Users\oland\.m2\repository\com\vaadin\vaadin-cookie-consent-flow\24.1.10\vaadin-cookie-consent-flow-24.1.10.jar;C:\Users\oland\.m2\repository\com\vaadin\vaadin-crud-flow\24.1.10\vaadin-crud-flow-24.1.10.jar;C:\Users\oland\.m2\repository\com\vaadin\vaadin-flow-components-base\24.1.10\vaadin-flow-components-base-24.1.10.jar;C:\Users\oland\.m2\repository\com\vaadin\vaadin-grid-pro-flow\24.1.10\vaadin-grid-pro-flow-24.1.10.jar;C:\Users\oland\.m2\repository\com\vaadin\vaadin-map-flow\24.1.10\vaadin-map-flow-24.1.10.jar;C:\Users\oland\.m2\repository\com\vaadin\vaadin-rich-text-editor-flow\24.1.10\vaadin-rich-text-editor-flow-24.1.10.jar;C:\Users\oland\.m2\repository\com\vaadin\collaboration-engine\6.0.0\collaboration-engine-6.0.0.jar;C:\Users\oland\.m2\repository\com\fasterxml\jackson\core\jackson-databind\2.15.2\jackson-databind-2.15.2.jar;C:\Users\oland\.m2\repository\com\fasterxml\jackson\core\jackson-annotations\2.15.2\jackson-annotations-2.15.2.jar;C:\Users\oland\.m2\repository\com\fasterxml\jackson\datatype\jackson-datatype-jsr310\2.15.2\jackson-datatype-jsr310-2.15.2.jar;C:\Users\oland\.m2\repository\org\springframework\boot\spring-boot-starter-mail\3.1.2\spring-boot-starter-mail-3.1.2.jar;C:\Users\oland\.m2\repository\org\springframework\boot\spring-boot-starter\3.1.2\spring-boot-starter-3.1.2.jar;C:\Users\oland\.m2\repository\org\springframework\boot\spring-boot-starter-logging\3.1.2\spring-boot-starter-logging-3.1.2.jar;C:\Users\oland\.m2\repository\ch\qos\logback\logback-classic\1.4.8\logback-classic-1.4.8.jar;C:\Users\oland\.m2\repository\ch\qos\logback\logback-core\1.4.8\logback-core-1.4.8.jar;C:\Users\oland\.m2\repository\org\apache\logging\log4j\log4j-to-slf4j\2.20.0\log4j-to-slf4j-2.20.0.jar;C:\Users\oland\.m2\repository\org\apache\logging\log4j\log4j-api\2.20.0\log4j-api-2.20.0.jar;C:\Users\oland\.m2\repository\org\slf4j\jul-to-slf4j\2.0.7\jul-to-slf4j-2.0.7.jar;C:\Users\oland\.m2\repository\jakarta\annotation\jakarta.annotation-api\2.1.1\jakarta.annotation-api-2.1.1.jar;C:\Users\oland\.m2\repository\org\yaml\snakeyaml\1.33\snakeyaml-1.33.jar;C:\Users\oland\.m2\repository\org\springframework\spring-context-support\6.0.11\spring-context-support-6.0.11.jar;C:\Users\oland\.m2\repository\org\springframework\spring-beans\6.0.11\spring-beans-6.0.11.jar;C:\Users\oland\.m2\repository\org\springframework\spring-context\6.0.11\spring-context-6.0.11.jar;C:\Users\oland\.m2\repository\org\eclipse\angus\jakarta.mail\1.1.0\jakarta.mail-1.1.0.jar;C:\Users\oland\.m2\repository\jakarta\activation\jakarta.activation-api\2.1.2\jakarta.activation-api-2.1.2.jar;C:\Users\oland\.m2\repository\org\eclipse\angus\angus-activation\2.0.1\angus-activation-2.0.1.jar;C:\Users\oland\.m2\repository\com\vaadin\vaadin-spring-boot-starter\24.1.10\vaadin-spring-boot-starter-24.1.10.jar;C:\Users\oland\.m2\repository\com\vaadin\vaadin-spring\24.1.12\vaadin-spring-24.1.12.jar;C:\Users\oland\.m2\repository\com\vaadin\flow-server\24.1.12\flow-server-24.1.12.jar;C:\Users\oland\.m2\repository\com\vaadin\servletdetector\throw-if-servlet3\1.0.2\throw-if-servlet3-1.0.2.jar;C:\Users\oland\.m2\repository\com\vaadin\flow-commons-upload\24.1.12\flow-commons-upload-24.1.12.jar;C:\Users\oland\.m2\repository\com\fasterxml\jackson\core\jackson-core\2.15.2\jackson-core-2.15.2.jar;C:\Users\oland\.m2\repository\org\jsoup\jsoup\1.16.1\jsoup-1.16.1.jar;C:\Users\oland\.m2\repository\com\helger\ph-css\7.0.0\ph-css-7.0.0.jar;C:\Users\oland\.m2\repository\com\helger\commons\ph-commons\11.0.1\ph-commons-11.0.1.jar;C:\Users\oland\.m2\repository\org\ow2\asm\asm\9.5\asm-9.5.jar;C:\Users\oland\.m2\repository\com\vaadin\external\gentyref\1.2.0.vaadin1\gentyref-1.2.0.vaadin1.jar;C:\Users\oland\.m2\repository\org\apache\commons\commons-compress\1.24.0\commons-compress-1.24.0.jar;C:\Users\oland\.m2\repository\org\apache\httpcomponents\httpclient\4.5.14\httpclient-4.5.14.jar;C:\Users\oland\.m2\repository\org\apache\httpcomponents\httpcore\4.4.16\httpcore-4.4.16.jar;C:\Users\oland\.m2\repository\commons-logging\commons-logging\1.2\commons-logging-1.2.jar;C:\Users\oland\.m2\repository\com\vaadin\flow-push\24.1.12\flow-push-24.1.12.jar;C:\Users\oland\.m2\repository\com\vaadin\external\atmosphere\atmosphere-runtime\3.0.3.slf4jvaadin1\atmosphere-runtime-3.0.3.slf4jvaadin1.jar;C:\Users\oland\.m2\repository\com\vaadin\flow-client\24.1.12\flow-client-24.1.12.jar;C:\Users\oland\.m2\repository\org\springframework\spring-webmvc\6.0.11\spring-webmvc-6.0.11.jar;C:\Users\oland\.m2\repository\org\springframework\spring-websocket\6.0.11\spring-websocket-6.0.11.jar;C:\Users\oland\.m2\repository\org\reflections\reflections\0.10.2\reflections-0.10.2.jar;C:\Users\oland\.m2\repository\com\google\code\findbugs\jsr305\3.0.2\jsr305-3.0.2.jar;C:\Users\oland\.m2\repository\org\springframework\boot\spring-boot-starter-web\3.1.2\spring-boot-starter-web-3.1.2.jar;C:\Users\oland\.m2\repository\org\springframework\boot\spring-boot-starter-json\3.1.2\spring-boot-starter-json-3.1.2.jar;C:\Users\oland\.m2\repository\com\fasterxml\jackson\datatype\jackson-datatype-jdk8\2.15.2\jackson-datatype-jdk8-2.15.2.jar;C:\Users\oland\.m2\repository\com\fasterxml\jackson\module\jackson-module-parameter-names\2.15.2\jackson-module-parameter-names-2.15.2.jar;C:\Users\oland\.m2\repository\org\springframework\boot\spring-boot-starter-tomcat\3.1.2\spring-boot-starter-tomcat-3.1.2.jar;C:\Users\oland\.m2\repository\org\springframework\spring-web\6.0.11\spring-web-6.0.11.jar;C:\Users\oland\.m2\repository\org\apache\tomcat\embed\tomcat-embed-core\10.1.11\tomcat-embed-core-10.1.11.jar;C:\Users\oland\.m2\repository\org\apache\tomcat\tomcat-annotations-api\10.1.11\tomcat-annotations-api-10.1.11.jar;C:\Users\oland\.m2\repository\org\apache\tomcat\embed\tomcat-embed-websocket\10.1.11\tomcat-embed-websocket-10.1.11.jar;C:\Users\oland\.m2\repository\org\springframework\boot\spring-boot-starter-security\3.1.2\spring-boot-starter-security-3.1.2.jar;C:\Users\oland\.m2\repository\org\springframework\spring-aop\6.0.11\spring-aop-6.0.11.jar;C:\Users\oland\.m2\repository\org\springframework\security\spring-security-config\6.1.2\spring-security-config-6.1.2.jar;C:\Users\oland\.m2\repository\org\springframework\security\spring-security-web\6.1.2\spring-security-web-6.1.2.jar;C:\Users\oland\.m2\repository\org\springframework\spring-expression\6.0.11\spring-expression-6.0.11.jar;C:\Users\oland\.m2\repository\org\springframework\security\spring-security-test\6.1.2\spring-security-test-6.1.2.jar;C:\Users\oland\.m2\repository\org\springframework\security\spring-security-core\6.1.2\spring-security-core-6.1.2.jar;C:\Users\oland\.m2\repository\org\springframework\security\spring-security-crypto\6.1.2\spring-security-crypto-6.1.2.jar;C:\Users\oland\.m2\repository\io\micrometer\micrometer-observation\1.11.2\micrometer-observation-1.11.2.jar;C:\Users\oland\.m2\repository\io\micrometer\micrometer-commons\1.11.2\micrometer-commons-1.11.2.jar;C:\Users\oland\.m2\repository\org\springframework\spring-core\6.0.11\spring-core-6.0.11.jar;C:\Users\oland\.m2\repository\org\springframework\spring-jcl\6.0.11\spring-jcl-6.0.11.jar;C:\Users\oland\.m2\repository\org\springframework\spring-test\6.0.11\spring-test-6.0.11.jar;C:\Users\oland\.m2\repository\org\parttio\line-awesome\1.1.0\line-awesome-1.1.0.jar;C:\Users\oland\.m2\repository\com\h2database\h2\2.1.214\h2-2.1.214.jar;C:\Users\oland\.m2\repository\org\vaadin\stefan\fullcalendar2\6.0.2\fullcalendar2-6.0.2.jar;C:\Users\oland\.m2\repository\org\apache\commons\commons-text\1.10.0\commons-text-1.10.0.jar;C:\Users\oland\.m2\repository\org\apache\commons\commons-lang3\3.12.0\commons-lang3-3.12.0.jar;C:\Users\oland\.m2\repository\org\springframework\boot\spring-boot-starter-data-jpa\3.1.2\spring-boot-starter-data-jpa-3.1.2.jar;C:\Users\oland\.m2\repository\org\springframework\boot\spring-boot-starter-aop\3.1.2\spring-boot-starter-aop-3.1.2.jar;C:\Users\oland\.m2\repository\org\aspectj\aspectjweaver\1.9.19\aspectjweaver-1.9.19.jar;C:\Users\oland\.m2\repository\org\springframework\boot\spring-boot-starter-jdbc\3.1.2\spring-boot-starter-jdbc-3.1.2.jar;C:\Users\oland\.m2\repository\com\zaxxer\HikariCP\5.0.1\HikariCP-5.0.1.jar;C:\Users\oland\.m2\repository\org\springframework\spring-jdbc\6.0.11\spring-jdbc-6.0.11.jar;C:\Users\oland\.m2\repository\org\hibernate\orm\hibernate-core\6.2.6.Final\hibernate-core-6.2.6.Final.jar;C:\Users\oland\.m2\repository\jakarta\persistence\jakarta.persistence-api\3.1.0\jakarta.persistence-api-3.1.0.jar;C:\Users\oland\.m2\repository\jakarta\transaction\jakarta.transaction-api\2.0.1\jakarta.transaction-api-2.0.1.jar;C:\Users\oland\.m2\repository\org\jboss\logging\jboss-logging\3.5.3.Final\jboss-logging-3.5.3.Final.jar;C:\Users\oland\.m2\repository\org\hibernate\common\hibernate-commons-annotations\6.0.6.Final\hibernate-commons-annotations-6.0.6.Final.jar;C:\Users\oland\.m2\repository\io\smallrye\jandex\3.0.5\jandex-3.0.5.jar;C:\Users\oland\.m2\repository\com\fasterxml\classmate\1.5.1\classmate-1.5.1.jar;C:\Users\oland\.m2\repository\net\bytebuddy\byte-buddy\1.14.5\byte-buddy-1.14.5.jar;C:\Users\oland\.m2\repository\org\glassfish\jaxb\jaxb-runtime\4.0.3\jaxb-runtime-4.0.3.jar;C:\Users\oland\.m2\repository\org\glassfish\jaxb\jaxb-core\4.0.3\jaxb-core-4.0.3.jar;C:\Users\oland\.m2\repository\org\glassfish\jaxb\txw2\4.0.3\txw2-4.0.3.jar;C:\Users\oland\.m2\repository\com\sun\istack\istack-commons-runtime\4.1.2\istack-commons-runtime-4.1.2.jar;C:\Users\oland\.m2\repository\jakarta\inject\jakarta.inject-api\2.0.1\jakarta.inject-api-2.0.1.jar;C:\Users\oland\.m2\repository\org\antlr\antlr4-runtime\4.10.1\antlr4-runtime-4.10.1.jar;C:\Users\oland\.m2\repository\org\springframework\data\spring-data-jpa\3.1.2\spring-data-jpa-3.1.2.jar;C:\Users\oland\.m2\repository\org\springframework\data\spring-data-commons\3.1.2\spring-data-commons-3.1.2.jar;C:\Users\oland\.m2\repository\org\springframework\spring-orm\6.0.11\spring-orm-6.0.11.jar;C:\Users\oland\.m2\repository\org\springframework\spring-tx\6.0.11\spring-tx-6.0.11.jar;C:\Users\oland\.m2\repository\org\slf4j\slf4j-api\2.0.7\slf4j-api-2.0.7.jar;C:\Users\oland\.m2\repository\org\springframework\spring-aspects\6.0.11\spring-aspects-6.0.11.jar;C:\Users\oland\.m2\repository\org\springframework\boot\spring-boot-starter-validation\3.1.2\spring-boot-starter-validation-3.1.2.jar;C:\Users\oland\.m2\repository\org\apache\tomcat\embed\tomcat-embed-el\10.1.11\tomcat-embed-el-10.1.11.jar;C:\Users\oland\.m2\repository\org\hibernate\validator\hibernate-validator\8.0.1.Final\hibernate-validator-8.0.1.Final.jar;C:\Users\oland\.m2\repository\jakarta\validation\jakarta.validation-api\3.0.2\jakarta.validation-api-3.0.2.jar;C:\Users\oland\.m2\repository\org\springframework\boot\spring-boot-devtools\3.1.2\spring-boot-devtools-3.1.2.jar;C:\Users\oland\.m2\repository\org\springframework\boot\spring-boot\3.1.2\spring-boot-3.1.2.jar;C:\Users\oland\.m2\repository\org\springframework\boot\spring-boot-autoconfigure\3.1.2\spring-boot-autoconfigure-3.1.2.jar;C:\Users\oland\.m2\repository\org\springframework\boot\spring-boot-starter-test\3.1.2\spring-boot-starter-test-3.1.2.jar;C:\Users\oland\.m2\repository\org\springframework\boot\spring-boot-test\3.1.2\spring-boot-test-3.1.2.jar;C:\Users\oland\.m2\repository\org\springframework\boot\spring-boot-test-autoconfigure\3.1.2\spring-boot-test-autoconfigure-3.1.2.jar;C:\Users\oland\.m2\repository\com\jayway\jsonpath\json-path\2.8.0\json-path-2.8.0.jar;C:\Users\oland\.m2\repository\jakarta\xml\bind\jakarta.xml.bind-api\4.0.0\jakarta.xml.bind-api-4.0.0.jar;C:\Users\oland\.m2\repository\net\minidev\json-smart\2.4.11\json-smart-2.4.11.jar;C:\Users\oland\.m2\repository\net\minidev\accessors-smart\2.4.11\accessors-smart-2.4.11.jar;C:\Users\oland\.m2\repository\org\assertj\assertj-core\3.24.2\assertj-core-3.24.2.jar;C:\Users\oland\.m2\repository\org\hamcrest\hamcrest\2.2\hamcrest-2.2.jar;C:\Users\oland\.m2\repository\org\junit\jupiter\junit-jupiter\5.9.3\junit-jupiter-5.9.3.jar;C:\Users\oland\.m2\repository\org\junit\jupiter\junit-jupiter-api\5.9.3\junit-jupiter-api-5.9.3.jar;C:\Users\oland\.m2\repository\org\opentest4j\opentest4j\1.2.0\opentest4j-1.2.0.jar;C:\Users\oland\.m2\repository\org\junit\platform\junit-platform-commons\1.9.3\junit-platform-commons-1.9.3.jar;C:\Users\oland\.m2\repository\org\apiguardian\apiguardian-api\1.1.2\apiguardian-api-1.1.2.jar;C:\Users\oland\.m2\repository\org\junit\jupiter\junit-jupiter-params\5.9.3\junit-jupiter-params-5.9.3.jar;C:\Users\oland\.m2\repository\org\junit\jupiter\junit-jupiter-engine\5.9.3\junit-jupiter-engine-5.9.3.jar;C:\Users\oland\.m2\repository\org\mockito\mockito-core\5.3.1\mockito-core-5.3.1.jar;C:\Users\oland\.m2\repository\net\bytebuddy\byte-buddy-agent\1.14.5\byte-buddy-agent-1.14.5.jar;C:\Users\oland\.m2\repository\org\objenesis\objenesis\3.3\objenesis-3.3.jar;C:\Users\oland\.m2\repository\org\mockito\mockito-junit-jupiter\5.3.1\mockito-junit-jupiter-5.3.1.jar;C:\Users\oland\.m2\repository\org\skyscreamer\jsonassert\1.5.1\jsonassert-1.5.1.jar;C:\Users\oland\.m2\repository\com\vaadin\external\google\android-json\0.0.20131108.vaadin1\android-json-0.0.20131108.vaadin1.jar;C:\Users\oland\.m2\repository\org\xmlunit\xmlunit-core\2.9.1\xmlunit-core-2.9.1.jar;C:\Users\oland\.m2\repository\com\vaadin\vaadin-testbench-junit5\24.1.10\vaadin-testbench-junit5-24.1.10.jar;C:\Users\oland\.m2\repository\com\vaadin\vaadin-testbench-core-junit5\9.0.7\vaadin-testbench-core-junit5-9.0.7.jar;C:\Users\oland\.m2\repository\commons-io\commons-io\2.11.0\commons-io-2.11.0.jar;C:\Users\oland\.m2\repository\commons-codec\commons-codec\1.15\commons-codec-1.15.jar;C:\Users\oland\.m2\repository\org\seleniumhq\selenium\selenium-remote-driver\4.11.0\selenium-remote-driver-4.11.0.jar;C:\Users\oland\.m2\repository\com\google\auto\service\auto-service-annotations\1.0.1\auto-service-annotations-1.0.1.jar;C:\Users\oland\.m2\repository\com\google\guava\guava\31.1-jre\guava-31.1-jre.jar;C:\Users\oland\.m2\repository\com\google\guava\failureaccess\1.0.1\failureaccess-1.0.1.jar;C:\Users\oland\.m2\repository\com\google\guava\listenablefuture\9999.0-empty-to-avoid-conflict-with-guava\listenablefuture-9999.0-empty-to-avoid-conflict-with-guava.jar;C:\Users\oland\.m2\repository\com\google\errorprone\error_prone_annotations\2.11.0\error_prone_annotations-2.11.0.jar;C:\Users\oland\.m2\repository\com\google\j2objc\j2objc-annotations\1.3\j2objc-annotations-1.3.jar;C:\Users\oland\.m2\repository\io\netty\netty-buffer\4.1.94.Final\netty-buffer-4.1.94.Final.jar;C:\Users\oland\.m2\repository\io\netty\netty-codec-http\4.1.94.Final\netty-codec-http-4.1.94.Final.jar;C:\Users\oland\.m2\repository\io\netty\netty-codec\4.1.94.Final\netty-codec-4.1.94.Final.jar;C:\Users\oland\.m2\repository\io\netty\netty-handler\4.1.94.Final\netty-handler-4.1.94.Final.jar;C:\Users\oland\.m2\repository\io\netty\netty-common\4.1.94.Final\netty-common-4.1.94.Final.jar;C:\Users\oland\.m2\repository\io\netty\netty-transport-classes-epoll\4.1.94.Final\netty-transport-classes-epoll-4.1.94.Final.jar;C:\Users\oland\.m2\repository\io\netty\netty-transport-classes-kqueue\4.1.94.Final\netty-transport-classes-kqueue-4.1.94.Final.jar;C:\Users\oland\.m2\repository\io\netty\netty-transport-native-epoll\4.1.94.Final\netty-transport-native-epoll-4.1.94.Final.jar;C:\Users\oland\.m2\repository\io\netty\netty-transport-native-kqueue\4.1.94.Final\netty-transport-native-kqueue-4.1.94.Final.jar;C:\Users\oland\.m2\repository\io\netty\netty-transport-native-unix-common\4.1.94.Final\netty-transport-native-unix-common-4.1.94.Final.jar;C:\Users\oland\.m2\repository\io\netty\netty-transport\4.1.94.Final\netty-transport-4.1.94.Final.jar;C:\Users\oland\.m2\repository\io\netty\netty-resolver\4.1.94.Final\netty-resolver-4.1.94.Final.jar;C:\Users\oland\.m2\repository\io\opentelemetry\opentelemetry-api\1.25.0\opentelemetry-api-1.25.0.jar;C:\Users\oland\.m2\repository\io\opentelemetry\opentelemetry-context\1.25.0\opentelemetry-context-1.25.0.jar;C:\Users\oland\.m2\repository\io\opentelemetry\opentelemetry-exporter-logging\1.25.0\opentelemetry-exporter-logging-1.25.0.jar;C:\Users\oland\.m2\repository\io\opentelemetry\opentelemetry-sdk-metrics\1.25.0\opentelemetry-sdk-metrics-1.25.0.jar;C:\Users\oland\.m2\repository\io\opentelemetry\opentelemetry-sdk-logs\1.25.0-alpha\opentelemetry-sdk-logs-1.25.0-alpha.jar;C:\Users\oland\.m2\repository\io\opentelemetry\opentelemetry-api-logs\1.25.0-alpha\opentelemetry-api-logs-1.25.0-alpha.jar;C:\Users\oland\.m2\repository\io\opentelemetry\opentelemetry-api-events\1.25.0-alpha\opentelemetry-api-events-1.25.0-alpha.jar;C:\Users\oland\.m2\repository\io\opentelemetry\opentelemetry-sdk-common\1.25.0\opentelemetry-sdk-common-1.25.0.jar;C:\Users\oland\.m2\repository\io\opentelemetry\opentelemetry-sdk-extension-autoconfigure-spi\1.25.0\opentelemetry-sdk-extension-autoconfigure-spi-1.25.0.jar;C:\Users\oland\.m2\repository\io\opentelemetry\opentelemetry-sdk-extension-autoconfigure\1.26.0-alpha\opentelemetry-sdk-extension-autoconfigure-1.26.0-alpha.jar;C:\Users\oland\.m2\repository\io\opentelemetry\opentelemetry-sdk-trace\1.25.0\opentelemetry-sdk-trace-1.25.0.jar;C:\Users\oland\.m2\repository\io\opentelemetry\opentelemetry-sdk\1.25.0\opentelemetry-sdk-1.25.0.jar;C:\Users\oland\.m2\repository\io\opentelemetry\opentelemetry-semconv\1.26.0-alpha\opentelemetry-semconv-1.26.0-alpha.jar;C:\Users\oland\.m2\repository\org\apache\commons\commons-exec\1.3\commons-exec-1.3.jar;C:\Users\oland\.m2\repository\org\asynchttpclient\async-http-client\2.12.3\async-http-client-2.12.3.jar;C:\Users\oland\.m2\repository\org\asynchttpclient\async-http-client-netty-utils\2.12.3\async-http-client-netty-utils-2.12.3.jar;C:\Users\oland\.m2\repository\io\netty\netty-codec-socks\4.1.94.Final\netty-codec-socks-4.1.94.Final.jar;C:\Users\oland\.m2\repository\io\netty\netty-handler-proxy\4.1.94.Final\netty-handler-proxy-4.1.94.Final.jar;C:\Users\oland\.m2\repository\io\netty\netty-transport-native-epoll\4.1.94.Final\netty-transport-native-epoll-4.1.94.Final-linux-x86_64.jar;C:\Users\oland\.m2\repository\io\netty\netty-transport-native-kqueue\4.1.94.Final\netty-transport-native-kqueue-4.1.94.Final-osx-x86_64.jar;C:\Users\oland\.m2\repository\org\reactivestreams\reactive-streams\1.0.4\reactive-streams-1.0.4.jar;C:\Users\oland\.m2\repository\com\typesafe\netty\netty-reactive-streams\2.0.4\netty-reactive-streams-2.0.4.jar;C:\Users\oland\.m2\repository\com\sun\activation\jakarta.activation\1.2.2\jakarta.activation-1.2.2.jar;C:\Users\oland\.m2\repository\org\seleniumhq\selenium\selenium-api\4.11.0\selenium-api-4.11.0.jar;C:\Users\oland\.m2\repository\org\seleniumhq\selenium\selenium-http\4.11.0\selenium-http-4.11.0.jar;C:\Users\oland\.m2\repository\dev\failsafe\failsafe\3.3.1\failsafe-3.3.1.jar;C:\Users\oland\.m2\repository\org\seleniumhq\selenium\selenium-json\4.11.0\selenium-json-4.11.0.jar;C:\Users\oland\.m2\repository\org\seleniumhq\selenium\selenium-manager\4.11.0\selenium-manager-4.11.0.jar;C:\Users\oland\.m2\repository\org\seleniumhq\selenium\selenium-java\4.11.0\selenium-java-4.11.0.jar;C:\Users\oland\.m2\repository\org\seleniumhq\selenium\selenium-chrome-driver\4.11.0\selenium-chrome-driver-4.11.0.jar;C:\Users\oland\.m2\repository\org\seleniumhq\selenium\selenium-chromium-driver\4.11.0\selenium-chromium-driver-4.11.0.jar;C:\Users\oland\.m2\repository\org\seleniumhq\selenium\selenium-devtools-v113\4.11.0\selenium-devtools-v113-4.11.0.jar;C:\Users\oland\.m2\repository\org\seleniumhq\selenium\selenium-devtools-v114\4.11.0\selenium-devtools-v114-4.11.0.jar;C:\Users\oland\.m2\repository\org\seleniumhq\selenium\selenium-devtools-v115\4.11.0\selenium-devtools-v115-4.11.0.jar;C:\Users\oland\.m2\repository\org\seleniumhq\selenium\selenium-devtools-v85\4.8.3\selenium-devtools-v85-4.8.3.jar;C:\Users\oland\.m2\repository\com\google\auto\service\auto-service\1.0.1\auto-service-1.0.1.jar;C:\Users\oland\.m2\repository\com\google\auto\auto-common\1.2\auto-common-1.2.jar;C:\Users\oland\.m2\repository\org\seleniumhq\selenium\selenium-edge-driver\4.11.0\selenium-edge-driver-4.11.0.jar;C:\Users\oland\.m2\repository\org\seleniumhq\selenium\selenium-firefox-driver\4.11.0\selenium-firefox-driver-4.11.0.jar;C:\Users\oland\.m2\repository\org\seleniumhq\selenium\selenium-ie-driver\4.11.0\selenium-ie-driver-4.11.0.jar;C:\Users\oland\.m2\repository\org\seleniumhq\selenium\selenium-safari-driver\4.11.0\selenium-safari-driver-4.11.0.jar;C:\Users\oland\.m2\repository\org\seleniumhq\selenium\selenium-support\4.11.0\selenium-support-4.11.0.jar;C:\Users\oland\.m2\repository\org\junit\platform\junit-platform-engine\1.9.3\junit-platform-engine-1.9.3.jar;C:\Users\oland\.m2\repository\org\javassist\javassist\3.28.0-GA\javassist-3.28.0-GA.jar;C:\Users\oland\.m2\repository\com\vaadin\license-checker\1.12.3\license-checker-1.12.3.jar;C:\Users\oland\.m2\repository\com\github\oshi\oshi-core\6.4.1\oshi-core-6.4.1.jar;C:\Users\oland\.m2\repository\net\java\dev\jna\jna\5.13.0\jna-5.13.0.jar;C:\Users\oland\.m2\repository\net\java\dev\jna\jna-platform\5.13.0\jna-platform-5.13.0.jar;C:\Users\oland\.m2\repository\com\nimbusds\nimbus-jose-jwt\9.31\nimbus-jose-jwt-9.31.jar;C:\Users\oland\.m2\repository\org\lucee\jcip-annotations\1.0.0\jcip-annotations-1.0.0.jar;C:\Users\oland\.m2\repository\com\vaadin\open\8.5.0\open-8.5.0.jar;C:\Users\oland\.m2\repository\com\vaadin\external\gwt\gwt-elemental\2.8.2.vaadin2\gwt-elemental-2.8.2.vaadin2.jar;C:\Users\oland\.m2\repository\com\vaadin\vaadin-testbench-unit-junit5\9.0.7\vaadin-testbench-unit-junit5-9.0.7.jar;C:\Users\oland\.m2\repository\com\vaadin\vaadin-testbench-unit-shared\9.0.7\vaadin-testbench-unit-shared-9.0.7.jar;C:\Users\oland\.m2\repository\io\github\classgraph\classgraph\4.8.146\classgraph-4.8.146.jar;C:\Users\oland\.m2\repository\jakarta\servlet\jakarta.servlet-api\6.0.0\jakarta.servlet-api-6.0.0.jar;C:\Users\oland\.m2\repository\org\jetbrains\kotlin\kotlin-stdlib-jdk8\1.8.22\kotlin-stdlib-jdk8-1.8.22.jar;C:\Users\oland\.m2\repository\org\jetbrains\kotlin\kotlin-stdlib\1.8.22\kotlin-stdlib-1.8.22.jar;C:\Users\oland\.m2\repository\org\jetbrains\kotlin\kotlin-stdlib-common\1.8.22\kotlin-stdlib-common-1.8.22.jar;C:\Users\oland\.m2\repository\org\jetbrains\annotations\13.0\annotations-13.0.jar;C:\Users\oland\.m2\repository\org\jetbrains\kotlin\kotlin-stdlib-jdk7\1.8.22\kotlin-stdlib-jdk7-1.8.22.jar;C:\Users\oland\.m2\repository\org\jetbrains\kotlin\kotlin-reflect\1.8.22\kotlin-reflect-1.8.22.jar;C:\Users\oland\.m2\repository\com\vaadin\vaadin-testbench-shared\9.0.7\vaadin-testbench-shared-9.0.7.jar;C:\Users\oland\.m2\repository\org\seleniumhq\selenium\selenium-http-jdk-client\4.11.0\selenium-http-jdk-client-4.11.0.jar;C:\Users\oland\.m2\repository\com\vaadin\flow-html-components-testbench\24.1.12\flow-html-components-testbench-24.1.12.jar;C:\Users\oland\.m2\repository\com\vaadin\vaadin-accordion-testbench\24.1.10\vaadin-accordion-testbench-24.1.10.jar;C:\Users\oland\.m2\repository\com\vaadin\vaadin-app-layout-testbench\24.1.10\vaadin-app-layout-testbench-24.1.10.jar;C:\Users\oland\.m2\repository\com\vaadin\vaadin-avatar-testbench\24.1.10\vaadin-avatar-testbench-24.1.10.jar;C:\Users\oland\.m2\repository\com\vaadin\vaadin-board-testbench\24.1.10\vaadin-board-testbench-24.1.10.jar;C:\Users\oland\.m2\repository\com\vaadin\vaadin-button-testbench\24.1.10\vaadin-button-testbench-24.1.10.jar;C:\Users\oland\.m2\repository\com\vaadin\vaadin-charts-testbench\24.1.10\vaadin-charts-testbench-24.1.10.jar;C:\Users\oland\.m2\repository\com\vaadin\vaadin-checkbox-testbench\24.1.10\vaadin-checkbox-testbench-24.1.10.jar;C:\Users\oland\.m2\repository\com\vaadin\vaadin-combo-box-testbench\24.1.10\vaadin-combo-box-testbench-24.1.10.jar;C:\Users\oland\.m2\repository\com\vaadin\vaadin-confirm-dialog-testbench\24.1.10\vaadin-confirm-dialog-testbench-24.1.10.jar;C:\Users\oland\.m2\repository\com\vaadin\vaadin-context-menu-testbench\24.1.10\vaadin-context-menu-testbench-24.1.10.jar;C:\Users\oland\.m2\repository\com\vaadin\vaadin-cookie-consent-testbench\24.1.10\vaadin-cookie-consent-testbench-24.1.10.jar;C:\Users\oland\.m2\repository\com\vaadin\vaadin-crud-testbench\24.1.10\vaadin-crud-testbench-24.1.10.jar;C:\Users\oland\.m2\repository\com\vaadin\vaadin-custom-field-testbench\24.1.10\vaadin-custom-field-testbench-24.1.10.jar;C:\Users\oland\.m2\repository\com\vaadin\vaadin-date-picker-testbench\24.1.10\vaadin-date-picker-testbench-24.1.10.jar;C:\Users\oland\.m2\repository\com\vaadin\vaadin-date-time-picker-testbench\24.1.10\vaadin-date-time-picker-testbench-24.1.10.jar;C:\Users\oland\.m2\repository\com\vaadin\vaadin-details-testbench\24.1.10\vaadin-details-testbench-24.1.10.jar;C:\Users\oland\.m2\repository\com\vaadin\vaadin-dialog-testbench\24.1.10\vaadin-dialog-testbench-24.1.10.jar;C:\Users\oland\.m2\repository\com\vaadin\vaadin-form-layout-testbench\24.1.10\vaadin-form-layout-testbench-24.1.10.jar;C:\Users\oland\.m2\repository\com\vaadin\vaadin-grid-testbench\24.1.10\vaadin-grid-testbench-24.1.10.jar;C:\Users\oland\.m2\repository\com\vaadin\vaadin-grid-pro-testbench\24.1.10\vaadin-grid-pro-testbench-24.1.10.jar;C:\Users\oland\.m2\repository\com\vaadin\vaadin-icons-testbench\24.1.10\vaadin-icons-testbench-24.1.10.jar;C:\Users\oland\.m2\repository\com\vaadin\vaadin-virtual-list-testbench\24.1.10\vaadin-virtual-list-testbench-24.1.10.jar;C:\Users\oland\.m2\repository\com\vaadin\vaadin-list-box-testbench\24.1.10\vaadin-list-box-testbench-24.1.10.jar;C:\Users\oland\.m2\repository\com\vaadin\vaadin-login-testbench\24.1.10\vaadin-login-testbench-24.1.10.jar;C:\Users\oland\.m2\repository\com\vaadin\vaadin-menu-bar-testbench\24.1.10\vaadin-menu-bar-testbench-24.1.10.jar;C:\Users\oland\.m2\repository\com\vaadin\vaadin-messages-testbench\24.1.10\vaadin-messages-testbench-24.1.10.jar;C:\Users\oland\.m2\repository\com\vaadin\vaadin-notification-testbench\24.1.10\vaadin-notification-testbench-24.1.10.jar;C:\Users\oland\.m2\repository\com\vaadin\vaadin-ordered-layout-testbench\24.1.10\vaadin-ordered-layout-testbench-24.1.10.jar;C:\Users\oland\.m2\repository\com\vaadin\vaadin-progress-bar-testbench\24.1.10\vaadin-progress-bar-testbench-24.1.10.jar;C:\Users\oland\.m2\repository\com\vaadin\vaadin-radio-button-testbench\24.1.10\vaadin-radio-button-testbench-24.1.10.jar;C:\Users\oland\.m2\repository\com\vaadin\vaadin-rich-text-editor-testbench\24.1.10\vaadin-rich-text-editor-testbench-24.1.10.jar;C:\Users\oland\.m2\repository\com\vaadin\vaadin-select-testbench\24.1.10\vaadin-select-testbench-24.1.10.jar;C:\Users\oland\.m2\repository\com\vaadin\vaadin-split-layout-testbench\24.1.10\vaadin-split-layout-testbench-24.1.10.jar;C:\Users\oland\.m2\repository\com\vaadin\vaadin-tabs-testbench\24.1.10\vaadin-tabs-testbench-24.1.10.jar;C:\Users\oland\.m2\repository\com\vaadin\vaadin-text-field-testbench\24.1.10\vaadin-text-field-testbench-24.1.10.jar;C:\Users\oland\.m2\repository\com\vaadin\vaadin-time-picker-testbench\24.1.10\vaadin-time-picker-testbench-24.1.10.jar;C:\Users\oland\.m2\repository\com\vaadin\vaadin-upload-testbench\24.1.10\vaadin-upload-testbench-24.1.10.jar;C:\Users\oland\.m2\repository\com\flowingcode\addons\carousel\carousel-addon\2.1.2\carousel-addon-2.1.2.jar;C:\Users\oland\.m2\repository\com\vaadin\vaadin-core\24.1.10\vaadin-core-24.1.10.jar;C:\Users\oland\.m2\repository\com\vaadin\vaadin-core-internal\24.1.10\vaadin-core-internal-24.1.10.jar;C:\Users\oland\.m2\repository\com\vaadin\flow-lit-template\24.1.12\flow-lit-template-24.1.12.jar;C:\Users\oland\.m2\repository\com\vaadin\flow-html-components\24.1.12\flow-html-components-24.1.12.jar;C:\Users\oland\.m2\repository\com\vaadin\flow-data\24.1.12\flow-data-24.1.12.jar;C:\Users\oland\.m2\repository\com\vaadin\flow-dnd\24.1.12\flow-dnd-24.1.12.jar;C:\Users\oland\.m2\repository\com\vaadin\vaadin-lumo-theme\24.1.10\vaadin-lumo-theme-24.1.10.jar;C:\Users\oland\.m2\repository\com\vaadin\vaadin-material-theme\24.1.10\vaadin-material-theme-24.1.10.jar;C:\Users\oland\.m2\repository\com\vaadin\vaadin-accordion-flow\24.1.10\vaadin-accordion-flow-24.1.10.jar;C:\Users\oland\.m2\repository\com\vaadin\vaadin-avatar-flow\24.1.10\vaadin-avatar-flow-24.1.10.jar;C:\Users\oland\.m2\repository\com\vaadin\vaadin-button-flow\24.1.10\vaadin-button-flow-24.1.10.jar;C:\Users\oland\.m2\repository\com\vaadin\vaadin-checkbox-flow\24.1.10\vaadin-checkbox-flow-24.1.10.jar;C:\Users\oland\.m2\repository\com\vaadin\vaadin-combo-box-flow\24.1.10\vaadin-combo-box-flow-24.1.10.jar;C:\Users\oland\.m2\repository\com\vaadin\vaadin-confirm-dialog-flow\24.1.10\vaadin-confirm-dialog-flow-24.1.10.jar;C:\Users\oland\.m2\repository\com\vaadin\vaadin-custom-field-flow\24.1.10\vaadin-custom-field-flow-24.1.10.jar;C:\Users\oland\.m2\repository\com\vaadin\vaadin-date-picker-flow\24.1.10\vaadin-date-picker-flow-24.1.10.jar;C:\Users\oland\.m2\repository\com\vaadin\vaadin-date-time-picker-flow\24.1.10\vaadin-date-time-picker-flow-24.1.10.jar;C:\Users\oland\.m2\repository\com\vaadin\vaadin-details-flow\24.1.10\vaadin-details-flow-24.1.10.jar;C:\Users\oland\.m2\repository\com\vaadin\vaadin-time-picker-flow\24.1.10\vaadin-time-picker-flow-24.1.10.jar;C:\Users\oland\.m2\repository\com\vaadin\vaadin-select-flow\24.1.10\vaadin-select-flow-24.1.10.jar;C:\Users\oland\.m2\repository\com\vaadin\vaadin-side-nav-flow\24.1.10\vaadin-side-nav-flow-24.1.10.jar;C:\Users\oland\.m2\repository\com\vaadin\vaadin-dialog-flow\24.1.10\vaadin-dialog-flow-24.1.10.jar;C:\Users\oland\.m2\repository\com\vaadin\vaadin-form-layout-flow\24.1.10\vaadin-form-layout-flow-24.1.10.jar;C:\Users\oland\.m2\repository\com\vaadin\vaadin-field-highlighter-flow\24.1.10\vaadin-field-highlighter-flow-24.1.10.jar;C:\Users\oland\.m2\repository\com\vaadin\vaadin-grid-flow\24.1.10\vaadin-grid-flow-24.1.10.jar;C:\Users\oland\.m2\repository\com\vaadin\vaadin-icons-flow\24.1.10\vaadin-icons-flow-24.1.10.jar;C:\Users\oland\.m2\repository\com\vaadin\vaadin-virtual-list-flow\24.1.10\vaadin-virtual-list-flow-24.1.10.jar;C:\Users\oland\.m2\repository\com\vaadin\vaadin-list-box-flow\24.1.10\vaadin-list-box-flow-24.1.10.jar;C:\Users\oland\.m2\repository\com\vaadin\vaadin-login-flow\24.1.10\vaadin-login-flow-24.1.10.jar;C:\Users\oland\.m2\repository\com\vaadin\vaadin-messages-flow\24.1.10\vaadin-messages-flow-24.1.10.jar;C:\Users\oland\.m2\repository\com\vaadin\vaadin-ordered-layout-flow\24.1.10\vaadin-ordered-layout-flow-24.1.10.jar;C:\Users\oland\.m2\repository\com\vaadin\vaadin-progress-bar-flow\24.1.10\vaadin-progress-bar-flow-24.1.10.jar;C:\Users\oland\.m2\repository\com\vaadin\vaadin-radio-button-flow\24.1.10\vaadin-radio-button-flow-24.1.10.jar;C:\Users\oland\.m2\repository\com\vaadin\vaadin-renderer-flow\24.1.10\vaadin-renderer-flow-24.1.10.jar;C:\Users\oland\.m2\repository\com\vaadin\vaadin-split-layout-flow\24.1.10\vaadin-split-layout-flow-24.1.10.jar;C:\Users\oland\.m2\repository\com\vaadin\vaadin-tabs-flow\24.1.10\vaadin-tabs-flow-24.1.10.jar;C:\Users\oland\.m2\repository\com\vaadin\vaadin-text-field-flow\24.1.10\vaadin-text-field-flow-24.1.10.jar;C:\Users\oland\.m2\repository\com\vaadin\vaadin-upload-flow\24.1.10\vaadin-upload-flow-24.1.10.jar;C:\Users\oland\.m2\repository\com\vaadin\vaadin-notification-flow\24.1.10\vaadin-notification-flow-24.1.10.jar;C:\Users\oland\.m2\repository\com\vaadin\vaadin-app-layout-flow\24.1.10\vaadin-app-layout-flow-24.1.10.jar;C:\Users\oland\.m2\repository\com\vaadin\vaadin-context-menu-flow\24.1.10\vaadin-context-menu-flow-24.1.10.jar;C:\Users\oland\.m2\repository\com\vaadin\vaadin-menu-bar-flow\24.1.10\vaadin-menu-bar-flow-24.1.10.jar;C:\Users\oland\.m2\repository\org\postgresql\postgresql\42.6.0\postgresql-42.6.0.jar;C:\Users\oland\.m2\repository\org\checkerframework\checker-qual\3.31.0\checker-qual-3.31.0.jar;"/>
    <property name="java.vm.vendor" value="Eclipse Adoptium"/>
    <property name="sun.arch.data.model" value="64"/>
    <property name="user.variant" value=""/>
    <property name="spring.devtools.livereload.port" value="35729"/>
    <property name="java.vendor.url" value="https://adoptium.net/"/>
    <property name="user.timezone" value="Europe/Rome"/>
    <property name="org.jboss.logging.provider" value="slf4j"/>
    <property name="os.name" value="Windows 10"/>
    <property name="java.vm.specification.version" value="20"/>
    <property name="sun.java.launcher" value="SUN_STANDARD"/>
    <property name="user.country" value="IT"/>
    <property name="sun.boot.library.path" value="C:\Users\oland\.p2\pool\plugins\org.eclipse.justj.openjdk.hotspot.jre.full.win32.x86_64_20.0.2.v20230801-2057\jre\bin"/>
    <property name="sun.java.command" value="C:\Users\oland\AppData\Local\Temp\surefire6774586246716640764\surefirebooter-20231230144309381_3.jar C:\Users\oland\AppData\Local\Temp\surefire6774586246716640764 2023-12-30T14-43-09_087-jvmRun1 surefire-20231230144309381_1tmp surefire_0-20231230144309381_2tmp"/>
    <property name="jdk.debug" value="release"/>
    <property name="surefire.test.class.path" value="C:\Users\oland\eclipse-workspace\SSD_01-2024_StudyApp\target\test-classes;C:\Users\oland\eclipse-workspace\SSD_01-2024_StudyApp\target\classes;C:\Users\oland\.m2\repository\com\vaadin\vaadin\24.1.10\vaadin-24.1.10.jar;C:\Users\oland\.m2\repository\com\vaadin\vaadin-internal\24.1.10\vaadin-internal-24.1.10.jar;C:\Users\oland\.m2\repository\com\vaadin\vaadin-board-flow\24.1.10\vaadin-board-flow-24.1.10.jar;C:\Users\oland\.m2\repository\com\vaadin\vaadin-charts-flow\24.1.10\vaadin-charts-flow-24.1.10.jar;C:\Users\oland\.m2\repository\com\vaadin\vaadin-cookie-consent-flow\24.1.10\vaadin-cookie-consent-flow-24.1.10.jar;C:\Users\oland\.m2\repository\com\vaadin\vaadin-crud-flow\24.1.10\vaadin-crud-flow-24.1.10.jar;C:\Users\oland\.m2\repository\com\vaadin\vaadin-flow-components-base\24.1.10\vaadin-flow-components-base-24.1.10.jar;C:\Users\oland\.m2\repository\com\vaadin\vaadin-grid-pro-flow\24.1.10\vaadin-grid-pro-flow-24.1.10.jar;C:\Users\oland\.m2\repository\com\vaadin\vaadin-map-flow\24.1.10\vaadin-map-flow-24.1.10.jar;C:\Users\oland\.m2\repository\com\vaadin\vaadin-rich-text-editor-flow\24.1.10\vaadin-rich-text-editor-flow-24.1.10.jar;C:\Users\oland\.m2\repository\com\vaadin\collaboration-engine\6.0.0\collaboration-engine-6.0.0.jar;C:\Users\oland\.m2\repository\com\fasterxml\jackson\core\jackson-databind\2.15.2\jackson-databind-2.15.2.jar;C:\Users\oland\.m2\repository\com\fasterxml\jackson\core\jackson-annotations\2.15.2\jackson-annotations-2.15.2.jar;C:\Users\oland\.m2\repository\com\fasterxml\jackson\datatype\jackson-datatype-jsr310\2.15.2\jackson-datatype-jsr310-2.15.2.jar;C:\Users\oland\.m2\repository\org\springframework\boot\spring-boot-starter-mail\3.1.2\spring-boot-starter-mail-3.1.2.jar;C:\Users\oland\.m2\repository\org\springframework\boot\spring-boot-starter\3.1.2\spring-boot-starter-3.1.2.jar;C:\Users\oland\.m2\repository\org\springframework\boot\spring-boot-starter-logging\3.1.2\spring-boot-starter-logging-3.1.2.jar;C:\Users\oland\.m2\repository\ch\qos\logback\logback-classic\1.4.8\logback-classic-1.4.8.jar;C:\Users\oland\.m2\repository\ch\qos\logback\logback-core\1.4.8\logback-core-1.4.8.jar;C:\Users\oland\.m2\repository\org\apache\logging\log4j\log4j-to-slf4j\2.20.0\log4j-to-slf4j-2.20.0.jar;C:\Users\oland\.m2\repository\org\apache\logging\log4j\log4j-api\2.20.0\log4j-api-2.20.0.jar;C:\Users\oland\.m2\repository\org\slf4j\jul-to-slf4j\2.0.7\jul-to-slf4j-2.0.7.jar;C:\Users\oland\.m2\repository\jakarta\annotation\jakarta.annotation-api\2.1.1\jakarta.annotation-api-2.1.1.jar;C:\Users\oland\.m2\repository\org\yaml\snakeyaml\1.33\snakeyaml-1.33.jar;C:\Users\oland\.m2\repository\org\springframework\spring-context-support\6.0.11\spring-context-support-6.0.11.jar;C:\Users\oland\.m2\repository\org\springframework\spring-beans\6.0.11\spring-beans-6.0.11.jar;C:\Users\oland\.m2\repository\org\springframework\spring-context\6.0.11\spring-context-6.0.11.jar;C:\Users\oland\.m2\repository\org\eclipse\angus\jakarta.mail\1.1.0\jakarta.mail-1.1.0.jar;C:\Users\oland\.m2\repository\jakarta\activation\jakarta.activation-api\2.1.2\jakarta.activation-api-2.1.2.jar;C:\Users\oland\.m2\repository\org\eclipse\angus\angus-activation\2.0.1\angus-activation-2.0.1.jar;C:\Users\oland\.m2\repository\com\vaadin\vaadin-spring-boot-starter\24.1.10\vaadin-spring-boot-starter-24.1.10.jar;C:\Users\oland\.m2\repository\com\vaadin\vaadin-spring\24.1.12\vaadin-spring-24.1.12.jar;C:\Users\oland\.m2\repository\com\vaadin\flow-server\24.1.12\flow-server-24.1.12.jar;C:\Users\oland\.m2\repository\com\vaadin\servletdetector\throw-if-servlet3\1.0.2\throw-if-servlet3-1.0.2.jar;C:\Users\oland\.m2\repository\com\vaadin\flow-commons-upload\24.1.12\flow-commons-upload-24.1.12.jar;C:\Users\oland\.m2\repository\com\fasterxml\jackson\core\jackson-core\2.15.2\jackson-core-2.15.2.jar;C:\Users\oland\.m2\repository\org\jsoup\jsoup\1.16.1\jsoup-1.16.1.jar;C:\Users\oland\.m2\repository\com\helger\ph-css\7.0.0\ph-css-7.0.0.jar;C:\Users\oland\.m2\repository\com\helger\commons\ph-commons\11.0.1\ph-commons-11.0.1.jar;C:\Users\oland\.m2\repository\org\ow2\asm\asm\9.5\asm-9.5.jar;C:\Users\oland\.m2\repository\com\vaadin\external\gentyref\1.2.0.vaadin1\gentyref-1.2.0.vaadin1.jar;C:\Users\oland\.m2\repository\org\apache\commons\commons-compress\1.24.0\commons-compress-1.24.0.jar;C:\Users\oland\.m2\repository\org\apache\httpcomponents\httpclient\4.5.14\httpclient-4.5.14.jar;C:\Users\oland\.m2\repository\org\apache\httpcomponents\httpcore\4.4.16\httpcore-4.4.16.jar;C:\Users\oland\.m2\repository\commons-logging\commons-logging\1.2\commons-logging-1.2.jar;C:\Users\oland\.m2\repository\com\vaadin\flow-push\24.1.12\flow-push-24.1.12.jar;C:\Users\oland\.m2\repository\com\vaadin\external\atmosphere\atmosphere-runtime\3.0.3.slf4jvaadin1\atmosphere-runtime-3.0.3.slf4jvaadin1.jar;C:\Users\oland\.m2\repository\com\vaadin\flow-client\24.1.12\flow-client-24.1.12.jar;C:\Users\oland\.m2\repository\org\springframework\spring-webmvc\6.0.11\spring-webmvc-6.0.11.jar;C:\Users\oland\.m2\repository\org\springframework\spring-websocket\6.0.11\spring-websocket-6.0.11.jar;C:\Users\oland\.m2\repository\org\reflections\reflections\0.10.2\reflections-0.10.2.jar;C:\Users\oland\.m2\repository\com\google\code\findbugs\jsr305\3.0.2\jsr305-3.0.2.jar;C:\Users\oland\.m2\repository\org\springframework\boot\spring-boot-starter-web\3.1.2\spring-boot-starter-web-3.1.2.jar;C:\Users\oland\.m2\repository\org\springframework\boot\spring-boot-starter-json\3.1.2\spring-boot-starter-json-3.1.2.jar;C:\Users\oland\.m2\repository\com\fasterxml\jackson\datatype\jackson-datatype-jdk8\2.15.2\jackson-datatype-jdk8-2.15.2.jar;C:\Users\oland\.m2\repository\com\fasterxml\jackson\module\jackson-module-parameter-names\2.15.2\jackson-module-parameter-names-2.15.2.jar;C:\Users\oland\.m2\repository\org\springframework\boot\spring-boot-starter-tomcat\3.1.2\spring-boot-starter-tomcat-3.1.2.jar;C:\Users\oland\.m2\repository\org\springframework\spring-web\6.0.11\spring-web-6.0.11.jar;C:\Users\oland\.m2\repository\org\apache\tomcat\embed\tomcat-embed-core\10.1.11\tomcat-embed-core-10.1.11.jar;C:\Users\oland\.m2\repository\org\apache\tomcat\tomcat-annotations-api\10.1.11\tomcat-annotations-api-10.1.11.jar;C:\Users\oland\.m2\repository\org\apache\tomcat\embed\tomcat-embed-websocket\10.1.11\tomcat-embed-websocket-10.1.11.jar;C:\Users\oland\.m2\repository\org\springframework\boot\spring-boot-starter-security\3.1.2\spring-boot-starter-security-3.1.2.jar;C:\Users\oland\.m2\repository\org\springframework\spring-aop\6.0.11\spring-aop-6.0.11.jar;C:\Users\oland\.m2\repository\org\springframework\security\spring-security-config\6.1.2\spring-security-config-6.1.2.jar;C:\Users\oland\.m2\repository\org\springframework\security\spring-security-web\6.1.2\spring-security-web-6.1.2.jar;C:\Users\oland\.m2\repository\org\springframework\spring-expression\6.0.11\spring-expression-6.0.11.jar;C:\Users\oland\.m2\repository\org\springframework\security\spring-security-test\6.1.2\spring-security-test-6.1.2.jar;C:\Users\oland\.m2\repository\org\springframework\security\spring-security-core\6.1.2\spring-security-core-6.1.2.jar;C:\Users\oland\.m2\repository\org\springframework\security\spring-security-crypto\6.1.2\spring-security-crypto-6.1.2.jar;C:\Users\oland\.m2\repository\io\micrometer\micrometer-observation\1.11.2\micrometer-observation-1.11.2.jar;C:\Users\oland\.m2\repository\io\micrometer\micrometer-commons\1.11.2\micrometer-commons-1.11.2.jar;C:\Users\oland\.m2\repository\org\springframework\spring-core\6.0.11\spring-core-6.0.11.jar;C:\Users\oland\.m2\repository\org\springframework\spring-jcl\6.0.11\spring-jcl-6.0.11.jar;C:\Users\oland\.m2\repository\org\springframework\spring-test\6.0.11\spring-test-6.0.11.jar;C:\Users\oland\.m2\repository\org\parttio\line-awesome\1.1.0\line-awesome-1.1.0.jar;C:\Users\oland\.m2\repository\com\h2database\h2\2.1.214\h2-2.1.214.jar;C:\Users\oland\.m2\repository\org\vaadin\stefan\fullcalendar2\6.0.2\fullcalendar2-6.0.2.jar;C:\Users\oland\.m2\repository\org\apache\commons\commons-text\1.10.0\commons-text-1.10.0.jar;C:\Users\oland\.m2\repository\org\apache\commons\commons-lang3\3.12.0\commons-lang3-3.12.0.jar;C:\Users\oland\.m2\repository\org\springframework\boot\spring-boot-starter-data-jpa\3.1.2\spring-boot-starter-data-jpa-3.1.2.jar;C:\Users\oland\.m2\repository\org\springframework\boot\spring-boot-starter-aop\3.1.2\spring-boot-starter-aop-3.1.2.jar;C:\Users\oland\.m2\repository\org\aspectj\aspectjweaver\1.9.19\aspectjweaver-1.9.19.jar;C:\Users\oland\.m2\repository\org\springframework\boot\spring-boot-starter-jdbc\3.1.2\spring-boot-starter-jdbc-3.1.2.jar;C:\Users\oland\.m2\repository\com\zaxxer\HikariCP\5.0.1\HikariCP-5.0.1.jar;C:\Users\oland\.m2\repository\org\springframework\spring-jdbc\6.0.11\spring-jdbc-6.0.11.jar;C:\Users\oland\.m2\repository\org\hibernate\orm\hibernate-core\6.2.6.Final\hibernate-core-6.2.6.Final.jar;C:\Users\oland\.m2\repository\jakarta\persistence\jakarta.persistence-api\3.1.0\jakarta.persistence-api-3.1.0.jar;C:\Users\oland\.m2\repository\jakarta\transaction\jakarta.transaction-api\2.0.1\jakarta.transaction-api-2.0.1.jar;C:\Users\oland\.m2\repository\org\jboss\logging\jboss-logging\3.5.3.Final\jboss-logging-3.5.3.Final.jar;C:\Users\oland\.m2\repository\org\hibernate\common\hibernate-commons-annotations\6.0.6.Final\hibernate-commons-annotations-6.0.6.Final.jar;C:\Users\oland\.m2\repository\io\smallrye\jandex\3.0.5\jandex-3.0.5.jar;C:\Users\oland\.m2\repository\com\fasterxml\classmate\1.5.1\classmate-1.5.1.jar;C:\Users\oland\.m2\repository\net\bytebuddy\byte-buddy\1.14.5\byte-buddy-1.14.5.jar;C:\Users\oland\.m2\repository\org\glassfish\jaxb\jaxb-runtime\4.0.3\jaxb-runtime-4.0.3.jar;C:\Users\oland\.m2\repository\org\glassfish\jaxb\jaxb-core\4.0.3\jaxb-core-4.0.3.jar;C:\Users\oland\.m2\repository\org\glassfish\jaxb\txw2\4.0.3\txw2-4.0.3.jar;C:\Users\oland\.m2\repository\com\sun\istack\istack-commons-runtime\4.1.2\istack-commons-runtime-4.1.2.jar;C:\Users\oland\.m2\repository\jakarta\inject\jakarta.inject-api\2.0.1\jakarta.inject-api-2.0.1.jar;C:\Users\oland\.m2\repository\org\antlr\antlr4-runtime\4.10.1\antlr4-runtime-4.10.1.jar;C:\Users\oland\.m2\repository\org\springframework\data\spring-data-jpa\3.1.2\spring-data-jpa-3.1.2.jar;C:\Users\oland\.m2\repository\org\springframework\data\spring-data-commons\3.1.2\spring-data-commons-3.1.2.jar;C:\Users\oland\.m2\repository\org\springframework\spring-orm\6.0.11\spring-orm-6.0.11.jar;C:\Users\oland\.m2\repository\org\springframework\spring-tx\6.0.11\spring-tx-6.0.11.jar;C:\Users\oland\.m2\repository\org\slf4j\slf4j-api\2.0.7\slf4j-api-2.0.7.jar;C:\Users\oland\.m2\repository\org\springframework\spring-aspects\6.0.11\spring-aspects-6.0.11.jar;C:\Users\oland\.m2\repository\org\springframework\boot\spring-boot-starter-validation\3.1.2\spring-boot-starter-validation-3.1.2.jar;C:\Users\oland\.m2\repository\org\apache\tomcat\embed\tomcat-embed-el\10.1.11\tomcat-embed-el-10.1.11.jar;C:\Users\oland\.m2\repository\org\hibernate\validator\hibernate-validator\8.0.1.Final\hibernate-validator-8.0.1.Final.jar;C:\Users\oland\.m2\repository\jakarta\validation\jakarta.validation-api\3.0.2\jakarta.validation-api-3.0.2.jar;C:\Users\oland\.m2\repository\org\springframework\boot\spring-boot-devtools\3.1.2\spring-boot-devtools-3.1.2.jar;C:\Users\oland\.m2\repository\org\springframework\boot\spring-boot\3.1.2\spring-boot-3.1.2.jar;C:\Users\oland\.m2\repository\org\springframework\boot\spring-boot-autoconfigure\3.1.2\spring-boot-autoconfigure-3.1.2.jar;C:\Users\oland\.m2\repository\org\springframework\boot\spring-boot-starter-test\3.1.2\spring-boot-starter-test-3.1.2.jar;C:\Users\oland\.m2\repository\org\springframework\boot\spring-boot-test\3.1.2\spring-boot-test-3.1.2.jar;C:\Users\oland\.m2\repository\org\springframework\boot\spring-boot-test-autoconfigure\3.1.2\spring-boot-test-autoconfigure-3.1.2.jar;C:\Users\oland\.m2\repository\com\jayway\jsonpath\json-path\2.8.0\json-path-2.8.0.jar;C:\Users\oland\.m2\repository\jakarta\xml\bind\jakarta.xml.bind-api\4.0.0\jakarta.xml.bind-api-4.0.0.jar;C:\Users\oland\.m2\repository\net\minidev\json-smart\2.4.11\json-smart-2.4.11.jar;C:\Users\oland\.m2\repository\net\minidev\accessors-smart\2.4.11\accessors-smart-2.4.11.jar;C:\Users\oland\.m2\repository\org\assertj\assertj-core\3.24.2\assertj-core-3.24.2.jar;C:\Users\oland\.m2\repository\org\hamcrest\hamcrest\2.2\hamcrest-2.2.jar;C:\Users\oland\.m2\repository\org\junit\jupiter\junit-jupiter\5.9.3\junit-jupiter-5.9.3.jar;C:\Users\oland\.m2\repository\org\junit\jupiter\junit-jupiter-api\5.9.3\junit-jupiter-api-5.9.3.jar;C:\Users\oland\.m2\repository\org\opentest4j\opentest4j\1.2.0\opentest4j-1.2.0.jar;C:\Users\oland\.m2\repository\org\junit\platform\junit-platform-commons\1.9.3\junit-platform-commons-1.9.3.jar;C:\Users\oland\.m2\repository\org\apiguardian\apiguardian-api\1.1.2\apiguardian-api-1.1.2.jar;C:\Users\oland\.m2\repository\org\junit\jupiter\junit-jupiter-params\5.9.3\junit-jupiter-params-5.9.3.jar;C:\Users\oland\.m2\repository\org\junit\jupiter\junit-jupiter-engine\5.9.3\junit-jupiter-engine-5.9.3.jar;C:\Users\oland\.m2\repository\org\mockito\mockito-core\5.3.1\mockito-core-5.3.1.jar;C:\Users\oland\.m2\repository\net\bytebuddy\byte-buddy-agent\1.14.5\byte-buddy-agent-1.14.5.jar;C:\Users\oland\.m2\repository\org\objenesis\objenesis\3.3\objenesis-3.3.jar;C:\Users\oland\.m2\repository\org\mockito\mockito-junit-jupiter\5.3.1\mockito-junit-jupiter-5.3.1.jar;C:\Users\oland\.m2\repository\org\skyscreamer\jsonassert\1.5.1\jsonassert-1.5.1.jar;C:\Users\oland\.m2\repository\com\vaadin\external\google\android-json\0.0.20131108.vaadin1\android-json-0.0.20131108.vaadin1.jar;C:\Users\oland\.m2\repository\org\xmlunit\xmlunit-core\2.9.1\xmlunit-core-2.9.1.jar;C:\Users\oland\.m2\repository\com\vaadin\vaadin-testbench-junit5\24.1.10\vaadin-testbench-junit5-24.1.10.jar;C:\Users\oland\.m2\repository\com\vaadin\vaadin-testbench-core-junit5\9.0.7\vaadin-testbench-core-junit5-9.0.7.jar;C:\Users\oland\.m2\repository\commons-io\commons-io\2.11.0\commons-io-2.11.0.jar;C:\Users\oland\.m2\repository\commons-codec\commons-codec\1.15\commons-codec-1.15.jar;C:\Users\oland\.m2\repository\org\seleniumhq\selenium\selenium-remote-driver\4.11.0\selenium-remote-driver-4.11.0.jar;C:\Users\oland\.m2\repository\com\google\auto\service\auto-service-annotations\1.0.1\auto-service-annotations-1.0.1.jar;C:\Users\oland\.m2\repository\com\google\guava\guava\31.1-jre\guava-31.1-jre.jar;C:\Users\oland\.m2\repository\com\google\guava\failureaccess\1.0.1\failureaccess-1.0.1.jar;C:\Users\oland\.m2\repository\com\google\guava\listenablefuture\9999.0-empty-to-avoid-conflict-with-guava\listenablefuture-9999.0-empty-to-avoid-conflict-with-guava.jar;C:\Users\oland\.m2\repository\com\google\errorprone\error_prone_annotations\2.11.0\error_prone_annotations-2.11.0.jar;C:\Users\oland\.m2\repository\com\google\j2objc\j2objc-annotations\1.3\j2objc-annotations-1.3.jar;C:\Users\oland\.m2\repository\io\netty\netty-buffer\4.1.94.Final\netty-buffer-4.1.94.Final.jar;C:\Users\oland\.m2\repository\io\netty\netty-codec-http\4.1.94.Final\netty-codec-http-4.1.94.Final.jar;C:\Users\oland\.m2\repository\io\netty\netty-codec\4.1.94.Final\netty-codec-4.1.94.Final.jar;C:\Users\oland\.m2\repository\io\netty\netty-handler\4.1.94.Final\netty-handler-4.1.94.Final.jar;C:\Users\oland\.m2\repository\io\netty\netty-common\4.1.94.Final\netty-common-4.1.94.Final.jar;C:\Users\oland\.m2\repository\io\netty\netty-transport-classes-epoll\4.1.94.Final\netty-transport-classes-epoll-4.1.94.Final.jar;C:\Users\oland\.m2\repository\io\netty\netty-transport-classes-kqueue\4.1.94.Final\netty-transport-classes-kqueue-4.1.94.Final.jar;C:\Users\oland\.m2\repository\io\netty\netty-transport-native-epoll\4.1.94.Final\netty-transport-native-epoll-4.1.94.Final.jar;C:\Users\oland\.m2\repository\io\netty\netty-transport-native-kqueue\4.1.94.Final\netty-transport-native-kqueue-4.1.94.Final.jar;C:\Users\oland\.m2\repository\io\netty\netty-transport-native-unix-common\4.1.94.Final\netty-transport-native-unix-common-4.1.94.Final.jar;C:\Users\oland\.m2\repository\io\netty\netty-transport\4.1.94.Final\netty-transport-4.1.94.Final.jar;C:\Users\oland\.m2\repository\io\netty\netty-resolver\4.1.94.Final\netty-resolver-4.1.94.Final.jar;C:\Users\oland\.m2\repository\io\opentelemetry\opentelemetry-api\1.25.0\opentelemetry-api-1.25.0.jar;C:\Users\oland\.m2\repository\io\opentelemetry\opentelemetry-context\1.25.0\opentelemetry-context-1.25.0.jar;C:\Users\oland\.m2\repository\io\opentelemetry\opentelemetry-exporter-logging\1.25.0\opentelemetry-exporter-logging-1.25.0.jar;C:\Users\oland\.m2\repository\io\opentelemetry\opentelemetry-sdk-metrics\1.25.0\opentelemetry-sdk-metrics-1.25.0.jar;C:\Users\oland\.m2\repository\io\opentelemetry\opentelemetry-sdk-logs\1.25.0-alpha\opentelemetry-sdk-logs-1.25.0-alpha.jar;C:\Users\oland\.m2\repository\io\opentelemetry\opentelemetry-api-logs\1.25.0-alpha\opentelemetry-api-logs-1.25.0-alpha.jar;C:\Users\oland\.m2\repository\io\opentelemetry\opentelemetry-api-events\1.25.0-alpha\opentelemetry-api-events-1.25.0-alpha.jar;C:\Users\oland\.m2\repository\io\opentelemetry\opentelemetry-sdk-common\1.25.0\opentelemetry-sdk-common-1.25.0.jar;C:\Users\oland\.m2\repository\io\opentelemetry\opentelemetry-sdk-extension-autoconfigure-spi\1.25.0\opentelemetry-sdk-extension-autoconfigure-spi-1.25.0.jar;C:\Users\oland\.m2\repository\io\opentelemetry\opentelemetry-sdk-extension-autoconfigure\1.26.0-alpha\opentelemetry-sdk-extension-autoconfigure-1.26.0-alpha.jar;C:\Users\oland\.m2\repository\io\opentelemetry\opentelemetry-sdk-trace\1.25.0\opentelemetry-sdk-trace-1.25.0.jar;C:\Users\oland\.m2\repository\io\opentelemetry\opentelemetry-sdk\1.25.0\opentelemetry-sdk-1.25.0.jar;C:\Users\oland\.m2\repository\io\opentelemetry\opentelemetry-semconv\1.26.0-alpha\opentelemetry-semconv-1.26.0-alpha.jar;C:\Users\oland\.m2\repository\org\apache\commons\commons-exec\1.3\commons-exec-1.3.jar;C:\Users\oland\.m2\repository\org\asynchttpclient\async-http-client\2.12.3\async-http-client-2.12.3.jar;C:\Users\oland\.m2\repository\org\asynchttpclient\async-http-client-netty-utils\2.12.3\async-http-client-netty-utils-2.12.3.jar;C:\Users\oland\.m2\repository\io\netty\netty-codec-socks\4.1.94.Final\netty-codec-socks-4.1.94.Final.jar;C:\Users\oland\.m2\repository\io\netty\netty-handler-proxy\4.1.94.Final\netty-handler-proxy-4.1.94.Final.jar;C:\Users\oland\.m2\repository\io\netty\netty-transport-native-epoll\4.1.94.Final\netty-transport-native-epoll-4.1.94.Final-linux-x86_64.jar;C:\Users\oland\.m2\repository\io\netty\netty-transport-native-kqueue\4.1.94.Final\netty-transport-native-kqueue-4.1.94.Final-osx-x86_64.jar;C:\Users\oland\.m2\repository\org\reactivestreams\reactive-streams\1.0.4\reactive-streams-1.0.4.jar;C:\Users\oland\.m2\repository\com\typesafe\netty\netty-reactive-streams\2.0.4\netty-reactive-streams-2.0.4.jar;C:\Users\oland\.m2\repository\com\sun\activation\jakarta.activation\1.2.2\jakarta.activation-1.2.2.jar;C:\Users\oland\.m2\repository\org\seleniumhq\selenium\selenium-api\4.11.0\selenium-api-4.11.0.jar;C:\Users\oland\.m2\repository\org\seleniumhq\selenium\selenium-http\4.11.0\selenium-http-4.11.0.jar;C:\Users\oland\.m2\repository\dev\failsafe\failsafe\3.3.1\failsafe-3.3.1.jar;C:\Users\oland\.m2\repository\org\seleniumhq\selenium\selenium-json\4.11.0\selenium-json-4.11.0.jar;C:\Users\oland\.m2\repository\org\seleniumhq\selenium\selenium-manager\4.11.0\selenium-manager-4.11.0.jar;C:\Users\oland\.m2\repository\org\seleniumhq\selenium\selenium-java\4.11.0\selenium-java-4.11.0.jar;C:\Users\oland\.m2\repository\org\seleniumhq\selenium\selenium-chrome-driver\4.11.0\selenium-chrome-driver-4.11.0.jar;C:\Users\oland\.m2\repository\org\seleniumhq\selenium\selenium-chromium-driver\4.11.0\selenium-chromium-driver-4.11.0.jar;C:\Users\oland\.m2\repository\org\seleniumhq\selenium\selenium-devtools-v113\4.11.0\selenium-devtools-v113-4.11.0.jar;C:\Users\oland\.m2\repository\org\seleniumhq\selenium\selenium-devtools-v114\4.11.0\selenium-devtools-v114-4.11.0.jar;C:\Users\oland\.m2\repository\org\seleniumhq\selenium\selenium-devtools-v115\4.11.0\selenium-devtools-v115-4.11.0.jar;C:\Users\oland\.m2\repository\org\seleniumhq\selenium\selenium-devtools-v85\4.8.3\selenium-devtools-v85-4.8.3.jar;C:\Users\oland\.m2\repository\com\google\auto\service\auto-service\1.0.1\auto-service-1.0.1.jar;C:\Users\oland\.m2\repository\com\google\auto\auto-common\1.2\auto-common-1.2.jar;C:\Users\oland\.m2\repository\org\seleniumhq\selenium\selenium-edge-driver\4.11.0\selenium-edge-driver-4.11.0.jar;C:\Users\oland\.m2\repository\org\seleniumhq\selenium\selenium-firefox-driver\4.11.0\selenium-firefox-driver-4.11.0.jar;C:\Users\oland\.m2\repository\org\seleniumhq\selenium\selenium-ie-driver\4.11.0\selenium-ie-driver-4.11.0.jar;C:\Users\oland\.m2\repository\org\seleniumhq\selenium\selenium-safari-driver\4.11.0\selenium-safari-driver-4.11.0.jar;C:\Users\oland\.m2\repository\org\seleniumhq\selenium\selenium-support\4.11.0\selenium-support-4.11.0.jar;C:\Users\oland\.m2\repository\org\junit\platform\junit-platform-engine\1.9.3\junit-platform-engine-1.9.3.jar;C:\Users\oland\.m2\repository\org\javassist\javassist\3.28.0-GA\javassist-3.28.0-GA.jar;C:\Users\oland\.m2\repository\com\vaadin\license-checker\1.12.3\license-checker-1.12.3.jar;C:\Users\oland\.m2\repository\com\github\oshi\oshi-core\6.4.1\oshi-core-6.4.1.jar;C:\Users\oland\.m2\repository\net\java\dev\jna\jna\5.13.0\jna-5.13.0.jar;C:\Users\oland\.m2\repository\net\java\dev\jna\jna-platform\5.13.0\jna-platform-5.13.0.jar;C:\Users\oland\.m2\repository\com\nimbusds\nimbus-jose-jwt\9.31\nimbus-jose-jwt-9.31.jar;C:\Users\oland\.m2\repository\org\lucee\jcip-annotations\1.0.0\jcip-annotations-1.0.0.jar;C:\Users\oland\.m2\repository\com\vaadin\open\8.5.0\open-8.5.0.jar;C:\Users\oland\.m2\repository\com\vaadin\external\gwt\gwt-elemental\2.8.2.vaadin2\gwt-elemental-2.8.2.vaadin2.jar;C:\Users\oland\.m2\repository\com\vaadin\vaadin-testbench-unit-junit5\9.0.7\vaadin-testbench-unit-junit5-9.0.7.jar;C:\Users\oland\.m2\repository\com\vaadin\vaadin-testbench-unit-shared\9.0.7\vaadin-testbench-unit-shared-9.0.7.jar;C:\Users\oland\.m2\repository\io\github\classgraph\classgraph\4.8.146\classgraph-4.8.146.jar;C:\Users\oland\.m2\repository\jakarta\servlet\jakarta.servlet-api\6.0.0\jakarta.servlet-api-6.0.0.jar;C:\Users\oland\.m2\repository\org\jetbrains\kotlin\kotlin-stdlib-jdk8\1.8.22\kotlin-stdlib-jdk8-1.8.22.jar;C:\Users\oland\.m2\repository\org\jetbrains\kotlin\kotlin-stdlib\1.8.22\kotlin-stdlib-1.8.22.jar;C:\Users\oland\.m2\repository\org\jetbrains\kotlin\kotlin-stdlib-common\1.8.22\kotlin-stdlib-common-1.8.22.jar;C:\Users\oland\.m2\repository\org\jetbrains\annotations\13.0\annotations-13.0.jar;C:\Users\oland\.m2\repository\org\jetbrains\kotlin\kotlin-stdlib-jdk7\1.8.22\kotlin-stdlib-jdk7-1.8.22.jar;C:\Users\oland\.m2\repository\org\jetbrains\kotlin\kotlin-reflect\1.8.22\kotlin-reflect-1.8.22.jar;C:\Users\oland\.m2\repository\com\vaadin\vaadin-testbench-shared\9.0.7\vaadin-testbench-shared-9.0.7.jar;C:\Users\oland\.m2\repository\org\seleniumhq\selenium\selenium-http-jdk-client\4.11.0\selenium-http-jdk-client-4.11.0.jar;C:\Users\oland\.m2\repository\com\vaadin\flow-html-components-testbench\24.1.12\flow-html-components-testbench-24.1.12.jar;C:\Users\oland\.m2\repository\com\vaadin\vaadin-accordion-testbench\24.1.10\vaadin-accordion-testbench-24.1.10.jar;C:\Users\oland\.m2\repository\com\vaadin\vaadin-app-layout-testbench\24.1.10\vaadin-app-layout-testbench-24.1.10.jar;C:\Users\oland\.m2\repository\com\vaadin\vaadin-avatar-testbench\24.1.10\vaadin-avatar-testbench-24.1.10.jar;C:\Users\oland\.m2\repository\com\vaadin\vaadin-board-testbench\24.1.10\vaadin-board-testbench-24.1.10.jar;C:\Users\oland\.m2\repository\com\vaadin\vaadin-button-testbench\24.1.10\vaadin-button-testbench-24.1.10.jar;C:\Users\oland\.m2\repository\com\vaadin\vaadin-charts-testbench\24.1.10\vaadin-charts-testbench-24.1.10.jar;C:\Users\oland\.m2\repository\com\vaadin\vaadin-checkbox-testbench\24.1.10\vaadin-checkbox-testbench-24.1.10.jar;C:\Users\oland\.m2\repository\com\vaadin\vaadin-combo-box-testbench\24.1.10\vaadin-combo-box-testbench-24.1.10.jar;C:\Users\oland\.m2\repository\com\vaadin\vaadin-confirm-dialog-testbench\24.1.10\vaadin-confirm-dialog-testbench-24.1.10.jar;C:\Users\oland\.m2\repository\com\vaadin\vaadin-context-menu-testbench\24.1.10\vaadin-context-menu-testbench-24.1.10.jar;C:\Users\oland\.m2\repository\com\vaadin\vaadin-cookie-consent-testbench\24.1.10\vaadin-cookie-consent-testbench-24.1.10.jar;C:\Users\oland\.m2\repository\com\vaadin\vaadin-crud-testbench\24.1.10\vaadin-crud-testbench-24.1.10.jar;C:\Users\oland\.m2\repository\com\vaadin\vaadin-custom-field-testbench\24.1.10\vaadin-custom-field-testbench-24.1.10.jar;C:\Users\oland\.m2\repository\com\vaadin\vaadin-date-picker-testbench\24.1.10\vaadin-date-picker-testbench-24.1.10.jar;C:\Users\oland\.m2\repository\com\vaadin\vaadin-date-time-picker-testbench\24.1.10\vaadin-date-time-picker-testbench-24.1.10.jar;C:\Users\oland\.m2\repository\com\vaadin\vaadin-details-testbench\24.1.10\vaadin-details-testbench-24.1.10.jar;C:\Users\oland\.m2\repository\com\vaadin\vaadin-dialog-testbench\24.1.10\vaadin-dialog-testbench-24.1.10.jar;C:\Users\oland\.m2\repository\com\vaadin\vaadin-form-layout-testbench\24.1.10\vaadin-form-layout-testbench-24.1.10.jar;C:\Users\oland\.m2\repository\com\vaadin\vaadin-grid-testbench\24.1.10\vaadin-grid-testbench-24.1.10.jar;C:\Users\oland\.m2\repository\com\vaadin\vaadin-grid-pro-testbench\24.1.10\vaadin-grid-pro-testbench-24.1.10.jar;C:\Users\oland\.m2\repository\com\vaadin\vaadin-icons-testbench\24.1.10\vaadin-icons-testbench-24.1.10.jar;C:\Users\oland\.m2\repository\com\vaadin\vaadin-virtual-list-testbench\24.1.10\vaadin-virtual-list-testbench-24.1.10.jar;C:\Users\oland\.m2\repository\com\vaadin\vaadin-list-box-testbench\24.1.10\vaadin-list-box-testbench-24.1.10.jar;C:\Users\oland\.m2\repository\com\vaadin\vaadin-login-testbench\24.1.10\vaadin-login-testbench-24.1.10.jar;C:\Users\oland\.m2\repository\com\vaadin\vaadin-menu-bar-testbench\24.1.10\vaadin-menu-bar-testbench-24.1.10.jar;C:\Users\oland\.m2\repository\com\vaadin\vaadin-messages-testbench\24.1.10\vaadin-messages-testbench-24.1.10.jar;C:\Users\oland\.m2\repository\com\vaadin\vaadin-notification-testbench\24.1.10\vaadin-notification-testbench-24.1.10.jar;C:\Users\oland\.m2\repository\com\vaadin\vaadin-ordered-layout-testbench\24.1.10\vaadin-ordered-layout-testbench-24.1.10.jar;C:\Users\oland\.m2\repository\com\vaadin\vaadin-progress-bar-testbench\24.1.10\vaadin-progress-bar-testbench-24.1.10.jar;C:\Users\oland\.m2\repository\com\vaadin\vaadin-radio-button-testbench\24.1.10\vaadin-radio-button-testbench-24.1.10.jar;C:\Users\oland\.m2\repository\com\vaadin\vaadin-rich-text-editor-testbench\24.1.10\vaadin-rich-text-editor-testbench-24.1.10.jar;C:\Users\oland\.m2\repository\com\vaadin\vaadin-select-testbench\24.1.10\vaadin-select-testbench-24.1.10.jar;C:\Users\oland\.m2\repository\com\vaadin\vaadin-split-layout-testbench\24.1.10\vaadin-split-layout-testbench-24.1.10.jar;C:\Users\oland\.m2\repository\com\vaadin\vaadin-tabs-testbench\24.1.10\vaadin-tabs-testbench-24.1.10.jar;C:\Users\oland\.m2\repository\com\vaadin\vaadin-text-field-testbench\24.1.10\vaadin-text-field-testbench-24.1.10.jar;C:\Users\oland\.m2\repository\com\vaadin\vaadin-time-picker-testbench\24.1.10\vaadin-time-picker-testbench-24.1.10.jar;C:\Users\oland\.m2\repository\com\vaadin\vaadin-upload-testbench\24.1.10\vaadin-upload-testbench-24.1.10.jar;C:\Users\oland\.m2\repository\com\flowingcode\addons\carousel\carousel-addon\2.1.2\carousel-addon-2.1.2.jar;C:\Users\oland\.m2\repository\com\vaadin\vaadin-core\24.1.10\vaadin-core-24.1.10.jar;C:\Users\oland\.m2\repository\com\vaadin\vaadin-core-internal\24.1.10\vaadin-core-internal-24.1.10.jar;C:\Users\oland\.m2\repository\com\vaadin\flow-lit-template\24.1.12\flow-lit-template-24.1.12.jar;C:\Users\oland\.m2\repository\com\vaadin\flow-html-components\24.1.12\flow-html-components-24.1.12.jar;C:\Users\oland\.m2\repository\com\vaadin\flow-data\24.1.12\flow-data-24.1.12.jar;C:\Users\oland\.m2\repository\com\vaadin\flow-dnd\24.1.12\flow-dnd-24.1.12.jar;C:\Users\oland\.m2\repository\com\vaadin\vaadin-lumo-theme\24.1.10\vaadin-lumo-theme-24.1.10.jar;C:\Users\oland\.m2\repository\com\vaadin\vaadin-material-theme\24.1.10\vaadin-material-theme-24.1.10.jar;C:\Users\oland\.m2\repository\com\vaadin\vaadin-accordion-flow\24.1.10\vaadin-accordion-flow-24.1.10.jar;C:\Users\oland\.m2\repository\com\vaadin\vaadin-avatar-flow\24.1.10\vaadin-avatar-flow-24.1.10.jar;C:\Users\oland\.m2\repository\com\vaadin\vaadin-button-flow\24.1.10\vaadin-button-flow-24.1.10.jar;C:\Users\oland\.m2\repository\com\vaadin\vaadin-checkbox-flow\24.1.10\vaadin-checkbox-flow-24.1.10.jar;C:\Users\oland\.m2\repository\com\vaadin\vaadin-combo-box-flow\24.1.10\vaadin-combo-box-flow-24.1.10.jar;C:\Users\oland\.m2\repository\com\vaadin\vaadin-confirm-dialog-flow\24.1.10\vaadin-confirm-dialog-flow-24.1.10.jar;C:\Users\oland\.m2\repository\com\vaadin\vaadin-custom-field-flow\24.1.10\vaadin-custom-field-flow-24.1.10.jar;C:\Users\oland\.m2\repository\com\vaadin\vaadin-date-picker-flow\24.1.10\vaadin-date-picker-flow-24.1.10.jar;C:\Users\oland\.m2\repository\com\vaadin\vaadin-date-time-picker-flow\24.1.10\vaadin-date-time-picker-flow-24.1.10.jar;C:\Users\oland\.m2\repository\com\vaadin\vaadin-details-flow\24.1.10\vaadin-details-flow-24.1.10.jar;C:\Users\oland\.m2\repository\com\vaadin\vaadin-time-picker-flow\24.1.10\vaadin-time-picker-flow-24.1.10.jar;C:\Users\oland\.m2\repository\com\vaadin\vaadin-select-flow\24.1.10\vaadin-select-flow-24.1.10.jar;C:\Users\oland\.m2\repository\com\vaadin\vaadin-side-nav-flow\24.1.10\vaadin-side-nav-flow-24.1.10.jar;C:\Users\oland\.m2\repository\com\vaadin\vaadin-dialog-flow\24.1.10\vaadin-dialog-flow-24.1.10.jar;C:\Users\oland\.m2\repository\com\vaadin\vaadin-form-layout-flow\24.1.10\vaadin-form-layout-flow-24.1.10.jar;C:\Users\oland\.m2\repository\com\vaadin\vaadin-field-highlighter-flow\24.1.10\vaadin-field-highlighter-flow-24.1.10.jar;C:\Users\oland\.m2\repository\com\vaadin\vaadin-grid-flow\24.1.10\vaadin-grid-flow-24.1.10.jar;C:\Users\oland\.m2\repository\com\vaadin\vaadin-icons-flow\24.1.10\vaadin-icons-flow-24.1.10.jar;C:\Users\oland\.m2\repository\com\vaadin\vaadin-virtual-list-flow\24.1.10\vaadin-virtual-list-flow-24.1.10.jar;C:\Users\oland\.m2\repository\com\vaadin\vaadin-list-box-flow\24.1.10\vaadin-list-box-flow-24.1.10.jar;C:\Users\oland\.m2\repository\com\vaadin\vaadin-login-flow\24.1.10\vaadin-login-flow-24.1.10.jar;C:\Users\oland\.m2\repository\com\vaadin\vaadin-messages-flow\24.1.10\vaadin-messages-flow-24.1.10.jar;C:\Users\oland\.m2\repository\com\vaadin\vaadin-ordered-layout-flow\24.1.10\vaadin-ordered-layout-flow-24.1.10.jar;C:\Users\oland\.m2\repository\com\vaadin\vaadin-progress-bar-flow\24.1.10\vaadin-progress-bar-flow-24.1.10.jar;C:\Users\oland\.m2\repository\com\vaadin\vaadin-radio-button-flow\24.1.10\vaadin-radio-button-flow-24.1.10.jar;C:\Users\oland\.m2\repository\com\vaadin\vaadin-renderer-flow\24.1.10\vaadin-renderer-flow-24.1.10.jar;C:\Users\oland\.m2\repository\com\vaadin\vaadin-split-layout-flow\24.1.10\vaadin-split-layout-flow-24.1.10.jar;C:\Users\oland\.m2\repository\com\vaadin\vaadin-tabs-flow\24.1.10\vaadin-tabs-flow-24.1.10.jar;C:\Users\oland\.m2\repository\com\vaadin\vaadin-text-field-flow\24.1.10\vaadin-text-field-flow-24.1.10.jar;C:\Users\oland\.m2\repository\com\vaadin\vaadin-upload-flow\24.1.10\vaadin-upload-flow-24.1.10.jar;C:\Users\oland\.m2\repository\com\vaadin\vaadin-notification-flow\24.1.10\vaadin-notification-flow-24.1.10.jar;C:\Users\oland\.m2\repository\com\vaadin\vaadin-app-layout-flow\24.1.10\vaadin-app-layout-flow-24.1.10.jar;C:\Users\oland\.m2\repository\com\vaadin\vaadin-context-menu-flow\24.1.10\vaadin-context-menu-flow-24.1.10.jar;C:\Users\oland\.m2\repository\com\vaadin\vaadin-menu-bar-flow\24.1.10\vaadin-menu-bar-flow-24.1.10.jar;C:\Users\oland\.m2\repository\org\postgresql\postgresql\42.6.0\postgresql-42.6.0.jar;C:\Users\oland\.m2\repository\org\checkerframework\checker-qual\3.31.0\checker-qual-3.31.0.jar;"/>
    <property name="sun.cpu.endian" value="little"/>
    <property name="user.home" value="C:\Users\oland"/>
    <property name="user.language" value="it"/>
    <property name="java.specification.vendor" value="Oracle Corporation"/>
    <property name="java.version.date" value="2023-07-18"/>
    <property name="java.home" value="C:\Users\oland\.p2\pool\plugins\org.eclipse.justj.openjdk.hotspot.jre.full.win32.x86_64_20.0.2.v20230801-2057\jre"/>
    <property name="file.separator" value="\"/>
    <property name="basedir" value="C:\Users\oland\eclipse-workspace\SSD_01-2024_StudyApp"/>
    <property name="style.color" value="always"/>
    <property name="vaadin.launch-browser" value="false"/>
    <property name="java.vm.compressedOopsMode" value="32-bit"/>
    <property name="line.separator" value="&#10;"/>
    <property name="java.vm.specification.vendor" value="Oracle Corporation"/>
    <property name="java.specification.name" value="Java Platform API Specification"/>
    <property name="FILE_LOG_CHARSET" value="UTF-8"/>
    <property name="java.awt.headless" value="true"/>
    <property name="surefire.real.class.path" value="C:\Users\oland\AppData\Local\Temp\surefire6774586246716640764\surefirebooter-20231230144309381_3.jar"/>
    <property name="user.script" value=""/>
    <property name="sun.management.compiler" value="HotSpot 64-Bit Tiered Compilers"/>
    <property name="java.runtime.version" value="20.0.2+9"/>
    <property name="user.name" value="oland"/>
    <property name="stdout.encoding" value="Cp1252"/>
    <property name="path.separator" value=";"/>
    <property name="os.version" value="10.0"/>
    <property name="java.runtime.name" value="OpenJDK Runtime Environment"/>
    <property name="file.encoding" value="UTF-8"/>
    <property name="java.vm.name" value="OpenJDK 64-Bit Server VM"/>
    <property name="java.vendor.version" value="Temurin-20.0.2+9"/>
    <property name="localRepository" value="C:\Users\oland\.m2\repository"/>
    <property name="java.vendor.url.bug" value="https://github.com/adoptium/adoptium-support/issues"/>
    <property name="java.io.tmpdir" value="C:\Users\oland\AppData\Local\Temp\"/>
    <property name="com.zaxxer.hikari.pool_number" value="20"/>
    <property name="java.version" value="20.0.2"/>
    <property name="user.dir" value="C:\Users\oland\eclipse-workspace\SSD_01-2024_StudyApp"/>
    <property name="os.arch" value="amd64"/>
    <property name="java.vm.specification.name" value="Java Virtual Machine Specification"/>
    <property name="PID" value="32660"/>
    <property name="sun.os.patch.level" value=""/>
    <property name="CONSOLE_LOG_CHARSET" value="UTF-8"/>
    <property name="native.encoding" value="Cp1252"/>
    <property name="java.library.path" value="C:\Users\oland\.p2\pool\plugins\org.eclipse.justj.openjdk.hotspot.jre.full.win32.x86_64_20.0.2.v20230801-2057\jre\bin;C:\windows\Sun\Java\bin;C:\windows\system32;C:\windows;C:/Users/oland/.p2/pool/plugins/org.eclipse.justj.openjdk.hotspot.jre.full.win32.x86_64_20.0.2.v20230801-2057/jre/bin/server;C:/Users/oland/.p2/pool/plugins/org.eclipse.justj.openjdk.hotspot.jre.full.win32.x86_64_20.0.2.v20230801-2057/jre/bin;C:\Program Files\Common Files\Oracle\Java\javapath;C:\Python312\Scripts\;C:\Python312\;C:\Program Files (x86)\Common Files\Oracle\Java\javapath;C:\Program Files (x86)\VMware\VMware Workstation\bin\;C:\windows\system32;C:\windows;C:\windows\System32\Wbem;C:\windows\System32\WindowsPowerShell\v1.0\;C:\windows\System32\OpenSSH\;C:\Program Files\Amazon\AWSCLIV2\;C:\minikube;C:\Program Files\Git\cmd;C:\ProgramData\chocolatey\bin;C:\Users\oland\AppData\Local\Programs\Python\Python39\Scripts\;C:\Users\oland\AppData\Local\Programs\Python\Python39\;C:\Users\oland\AppData\Local\Microsoft\WindowsApps;C:\Users\oland\AppData\Local\Programs\Microsoft VS Code\bin;C:\ProgramFiles\nodejs;;C:\Users\oland\Desktop;;."/>
    <property name="java.vm.info" value="mixed mode"/>
    <property name="stderr.encoding" value="Cp1252"/>
    <property name="java.vendor" value="Eclipse Adoptium"/>
    <property name="java.vm.version" value="20.0.2+9"/>
    <property name="sun.io.unicode.encoding" value="UnicodeLittle"/>
    <property name="java.class.version" value="64.0"/>
  </properties>
  <testcase name="token_correttamente_eliminato" classname="it.studyapp.application.integration.PasswordPresenterTest" time="0.141">
    <system-out><![CDATA[2023-12-30T14:43:29.285+01:00  INFO 32660 --- [Pool-1-worker-1] t.c.s.AnnotationConfigContextLoaderUtils : Could not detect default configuration classes for test class [it.studyapp.application.integration.PasswordPresenterTest]: PasswordPresenterTest does not declare any static, non-private, non-final, nested classes annotated with @Configuration.
2023-12-30T14:43:29.288+01:00  INFO 32660 --- [Pool-1-worker-1] .b.t.c.SpringBootTestContextBootstrapper : Found @SpringBootConfiguration it.studyapp.application.Application for test class it.studyapp.application.integration.PasswordPresenterTest
  _____ _                  ____ ____  __  __   _____      _             _       _ 
 |  ___| | _____      __  / ___|  _ \|  \/  | |_   _|   _| |_ ___  _ __(_) __ _| |
 | |_  | |/ _ \ \ /\ / / | |   | |_) | |\/| |   | || | | | __/ _ \| '__| |/ _` | |
 |  _| | | (_) \ V  V /  | |___|  _ <| |  | |   | || |_| | || (_) | |  | | (_| | |
 |_|   |_|\___/ \_/\_/    \____|_| \_\_|  |_|   |_| \__,_|\__\___/|_|  |_|\__,_|_|
                                                                                  

2023-12-30T14:43:29.322+01:00  INFO 32660 --- [Pool-1-worker-1] i.s.a.integration.PasswordPresenterTest  : Starting PasswordPresenterTest using Java 20.0.2 with PID 32660 (started by oland in C:\Users\oland\eclipse-workspace\SSD_01-2024_StudyApp)
2023-12-30T14:43:29.323+01:00  INFO 32660 --- [Pool-1-worker-1] i.s.a.integration.PasswordPresenterTest  : No active profile set, falling back to 1 default profile: "default"
2023-12-30T14:43:29.453+01:00  INFO 32660 --- [Pool-1-worker-1] .s.d.r.c.RepositoryConfigurationDelegate : Bootstrapping Spring Data JPA repositories in DEFAULT mode.
2023-12-30T14:43:29.485+01:00  INFO 32660 --- [Pool-1-worker-1] .s.d.r.c.RepositoryConfigurationDelegate : Finished Spring Data repository scanning in 31 ms. Found 9 JPA repository interfaces.
2023-12-30T14:43:29.527+01:00  INFO 32660 --- [Pool-1-worker-1] com.zaxxer.hikari.HikariDataSource       : HikariPool-17 - Starting...
2023-12-30T14:43:29.529+01:00  INFO 32660 --- [Pool-1-worker-1] com.zaxxer.hikari.pool.HikariPool        : HikariPool-17 - Added connection conn160: url=jdbc:h2:mem:testdb user=SA
2023-12-30T14:43:29.529+01:00  INFO 32660 --- [Pool-1-worker-1] com.zaxxer.hikari.HikariDataSource       : HikariPool-17 - Start completed.
2023-12-30T14:43:29.530+01:00  INFO 32660 --- [Pool-1-worker-1] o.hibernate.jpa.internal.util.LogHelper  : HHH000204: Processing PersistenceUnitInfo [name: default]
2023-12-30T14:43:29.537+01:00  INFO 32660 --- [Pool-1-worker-1] o.h.b.i.BytecodeProviderInitiator        : HHH000021: Bytecode provider name : bytebuddy
2023-12-30T14:43:29.537+01:00  INFO 32660 --- [Pool-1-worker-1] o.s.o.j.p.SpringPersistenceUnitInfo      : No LoadTimeWeaver setup: ignoring JPA class transformer
2023-12-30T14:43:29.553+01:00  INFO 32660 --- [Pool-1-worker-1] o.h.b.i.BytecodeProviderInitiator        : HHH000021: Bytecode provider name : bytebuddy
2023-12-30T14:43:29.627+01:00  INFO 32660 --- [Pool-1-worker-1] o.h.e.t.j.p.i.JtaPlatformInitiator       : HHH000490: Using JtaPlatform implementation: [org.hibernate.engine.transaction.jta.platform.internal.NoJtaPlatform]
2023-12-30T14:43:29.635+01:00  INFO 32660 --- [Pool-1-worker-1] j.LocalContainerEntityManagerFactoryBean : Initialized JPA EntityManagerFactory for persistence unit 'default'
2023-12-30T14:43:29.734+01:00  WARN 32660 --- [Pool-1-worker-1] JpaBaseConfiguration$JpaWebConfiguration : spring.jpa.open-in-view is enabled by default. Therefore, database queries may be performed during view rendering. Explicitly configure spring.jpa.open-in-view to disable this warning
2023-12-30T14:43:29.742+01:00  INFO 32660 --- [Pool-1-worker-1] o.hibernate.id.enhanced.PooledOptimizer  : HHH000201: Pooled optimizer source reported [BasicHolder[java.lang.Long[0]]] as the initial value; use of 1 or greater highly recommended
2023-12-30T14:43:29.752+01:00  INFO 32660 --- [Pool-1-worker-1] o.s.s.web.DefaultSecurityFilterChain     : Will secure any request with [org.springframework.security.web.session.DisableEncodeUrlFilter@186f2fa8, org.springframework.security.web.context.request.async.WebAsyncManagerIntegrationFilter@4404c6ee, org.springframework.security.web.context.SecurityContextHolderFilter@4267a431, org.springframework.security.web.header.HeaderWriterFilter@a490c2f, org.springframework.security.web.csrf.CsrfFilter@7576ba62, org.springframework.security.web.authentication.logout.LogoutFilter@1453ebb2, org.springframework.security.web.authentication.UsernamePasswordAuthenticationFilter@13ea581c, org.springframework.security.web.savedrequest.RequestCacheAwareFilter@202a3b5, org.springframework.security.web.servletapi.SecurityContextHolderAwareRequestFilter@2980c5a9, org.springframework.security.web.authentication.AnonymousAuthenticationFilter@26516cb2, org.springframework.security.web.access.ExceptionTranslationFilter@595c783, org.springframework.security.web.access.intercept.AuthorizationFilter@2cd9cdd9]
2023-12-30T14:43:29.830+01:00  INFO 32660 --- [Pool-1-worker-1] o.s.b.t.m.w.SpringBootMockServletContext : Initializing Spring TestDispatcherServlet ''
2023-12-30T14:43:29.831+01:00  INFO 32660 --- [Pool-1-worker-1] o.s.t.web.servlet.TestDispatcherServlet  : Initializing Servlet ''
2023-12-30T14:43:29.831+01:00  INFO 32660 --- [Pool-1-worker-1] o.s.t.web.servlet.TestDispatcherServlet  : Completed initialization in 0 ms
2023-12-30T14:43:29.836+01:00  INFO 32660 --- [Pool-1-worker-1] i.s.a.integration.PasswordPresenterTest  : Started PasswordPresenterTest in 0.543 seconds (process running for 20.247)
2023-12-30T14:43:29.979+01:00  INFO 32660 --- [Pool-1-worker-1] j.LocalContainerEntityManagerFactoryBean : Closing JPA EntityManagerFactory for persistence unit 'default'
2023-12-30T14:43:29.980+01:00  INFO 32660 --- [Pool-1-worker-1] com.zaxxer.hikari.HikariDataSource       : HikariPool-17 - Shutdown initiated...
2023-12-30T14:43:29.981+01:00  INFO 32660 --- [Pool-1-worker-1] com.zaxxer.hikari.HikariDataSource       : HikariPool-17 - Shutdown completed.
]]></system-out>
  </testcase>
  <testcase name="password_cambiata_correttamente" classname="it.studyapp.application.integration.PasswordPresenterTest" time="0.199">
    <system-out><![CDATA[  _____ _                  ____ ____  __  __   _____      _             _       _ 
 |  ___| | _____      __  / ___|  _ \|  \/  | |_   _|   _| |_ ___  _ __(_) __ _| |
 | |_  | |/ _ \ \ /\ / / | |   | |_) | |\/| |   | || | | | __/ _ \| '__| |/ _` | |
 |  _| | | (_) \ V  V /  | |___|  _ <| |  | |   | || |_| | || (_) | |  | | (_| | |
 |_|   |_|\___/ \_/\_/    \____|_| \_\_|  |_|   |_| \__,_|\__\___/|_|  |_|\__,_|_|
                                                                                  

2023-12-30T14:43:30.000+01:00  INFO 32660 --- [Pool-1-worker-1] i.s.a.integration.PasswordPresenterTest  : Starting PasswordPresenterTest using Java 20.0.2 with PID 32660 (started by oland in C:\Users\oland\eclipse-workspace\SSD_01-2024_StudyApp)
2023-12-30T14:43:30.001+01:00  INFO 32660 --- [Pool-1-worker-1] i.s.a.integration.PasswordPresenterTest  : No active profile set, falling back to 1 default profile: "default"
2023-12-30T14:43:30.106+01:00  INFO 32660 --- [Pool-1-worker-1] .s.d.r.c.RepositoryConfigurationDelegate : Bootstrapping Spring Data JPA repositories in DEFAULT mode.
2023-12-30T14:43:30.136+01:00  INFO 32660 --- [Pool-1-worker-1] .s.d.r.c.RepositoryConfigurationDelegate : Finished Spring Data repository scanning in 29 ms. Found 9 JPA repository interfaces.
2023-12-30T14:43:30.178+01:00  INFO 32660 --- [Pool-1-worker-1] com.zaxxer.hikari.HikariDataSource       : HikariPool-18 - Starting...
2023-12-30T14:43:30.179+01:00  INFO 32660 --- [Pool-1-worker-1] com.zaxxer.hikari.pool.HikariPool        : HikariPool-18 - Added connection conn170: url=jdbc:h2:mem:testdb user=SA
2023-12-30T14:43:30.179+01:00  INFO 32660 --- [Pool-1-worker-1] com.zaxxer.hikari.HikariDataSource       : HikariPool-18 - Start completed.
2023-12-30T14:43:30.180+01:00  INFO 32660 --- [Pool-1-worker-1] o.hibernate.jpa.internal.util.LogHelper  : HHH000204: Processing PersistenceUnitInfo [name: default]
2023-12-30T14:43:30.187+01:00  INFO 32660 --- [Pool-1-worker-1] o.h.b.i.BytecodeProviderInitiator        : HHH000021: Bytecode provider name : bytebuddy
2023-12-30T14:43:30.188+01:00  INFO 32660 --- [Pool-1-worker-1] o.s.o.j.p.SpringPersistenceUnitInfo      : No LoadTimeWeaver setup: ignoring JPA class transformer
2023-12-30T14:43:30.205+01:00  INFO 32660 --- [Pool-1-worker-1] o.h.b.i.BytecodeProviderInitiator        : HHH000021: Bytecode provider name : bytebuddy
2023-12-30T14:43:30.281+01:00  INFO 32660 --- [Pool-1-worker-1] o.h.e.t.j.p.i.JtaPlatformInitiator       : HHH000490: Using JtaPlatform implementation: [org.hibernate.engine.transaction.jta.platform.internal.NoJtaPlatform]
2023-12-30T14:43:30.290+01:00  INFO 32660 --- [Pool-1-worker-1] j.LocalContainerEntityManagerFactoryBean : Initialized JPA EntityManagerFactory for persistence unit 'default'
2023-12-30T14:43:30.416+01:00  WARN 32660 --- [Pool-1-worker-1] JpaBaseConfiguration$JpaWebConfiguration : spring.jpa.open-in-view is enabled by default. Therefore, database queries may be performed during view rendering. Explicitly configure spring.jpa.open-in-view to disable this warning
2023-12-30T14:43:30.427+01:00  INFO 32660 --- [Pool-1-worker-1] o.hibernate.id.enhanced.PooledOptimizer  : HHH000201: Pooled optimizer source reported [BasicHolder[java.lang.Long[0]]] as the initial value; use of 1 or greater highly recommended
2023-12-30T14:43:30.439+01:00  INFO 32660 --- [Pool-1-worker-1] o.s.s.web.DefaultSecurityFilterChain     : Will secure any request with [org.springframework.security.web.session.DisableEncodeUrlFilter@4af44c5c, org.springframework.security.web.context.request.async.WebAsyncManagerIntegrationFilter@7c89a5e4, org.springframework.security.web.context.SecurityContextHolderFilter@7c261ed2, org.springframework.security.web.header.HeaderWriterFilter@305c93c2, org.springframework.security.web.csrf.CsrfFilter@5e0c23b1, org.springframework.security.web.authentication.logout.LogoutFilter@3e055d1a, org.springframework.security.web.authentication.UsernamePasswordAuthenticationFilter@5e8d371a, org.springframework.security.web.savedrequest.RequestCacheAwareFilter@4388bb4c, org.springframework.security.web.servletapi.SecurityContextHolderAwareRequestFilter@260f5885, org.springframework.security.web.authentication.AnonymousAuthenticationFilter@2be56e38, org.springframework.security.web.access.ExceptionTranslationFilter@3d6b0131, org.springframework.security.web.access.intercept.AuthorizationFilter@64466fb2]
2023-12-30T14:43:30.529+01:00  INFO 32660 --- [Pool-1-worker-1] o.s.b.t.m.w.SpringBootMockServletContext : Initializing Spring TestDispatcherServlet ''
2023-12-30T14:43:30.529+01:00  INFO 32660 --- [Pool-1-worker-1] o.s.t.web.servlet.TestDispatcherServlet  : Initializing Servlet ''
2023-12-30T14:43:30.530+01:00  INFO 32660 --- [Pool-1-worker-1] o.s.t.web.servlet.TestDispatcherServlet  : Completed initialization in 1 ms
2023-12-30T14:43:30.535+01:00  INFO 32660 --- [Pool-1-worker-1] i.s.a.integration.PasswordPresenterTest  : Started PasswordPresenterTest in 0.552 seconds (process running for 20.947)
2023-12-30T14:43:30.735+01:00  INFO 32660 --- [Pool-1-worker-1] j.LocalContainerEntityManagerFactoryBean : Closing JPA EntityManagerFactory for persistence unit 'default'
2023-12-30T14:43:30.736+01:00  INFO 32660 --- [Pool-1-worker-1] com.zaxxer.hikari.HikariDataSource       : HikariPool-18 - Shutdown initiated...
2023-12-30T14:43:30.737+01:00  INFO 32660 --- [Pool-1-worker-1] com.zaxxer.hikari.HikariDataSource       : HikariPool-18 - Shutdown completed.
]]></system-out>
  </testcase>
  <testcase name="controllo_password" classname="it.studyapp.application.integration.PasswordPresenterTest" time="0.191">
    <system-out><![CDATA[  _____ _                  ____ ____  __  __   _____      _             _       _ 
 |  ___| | _____      __  / ___|  _ \|  \/  | |_   _|   _| |_ ___  _ __(_) __ _| |
 | |_  | |/ _ \ \ /\ / / | |   | |_) | |\/| |   | || | | | __/ _ \| '__| |/ _` | |
 |  _| | | (_) \ V  V /  | |___|  _ <| |  | |   | || |_| | || (_) | |  | | (_| | |
 |_|   |_|\___/ \_/\_/    \____|_| \_\_|  |_|   |_| \__,_|\__\___/|_|  |_|\__,_|_|
                                                                                  

2023-12-30T14:43:30.757+01:00  INFO 32660 --- [Pool-1-worker-1] i.s.a.integration.PasswordPresenterTest  : Starting PasswordPresenterTest using Java 20.0.2 with PID 32660 (started by oland in C:\Users\oland\eclipse-workspace\SSD_01-2024_StudyApp)
2023-12-30T14:43:30.757+01:00  INFO 32660 --- [Pool-1-worker-1] i.s.a.integration.PasswordPresenterTest  : No active profile set, falling back to 1 default profile: "default"
2023-12-30T14:43:30.864+01:00  INFO 32660 --- [Pool-1-worker-1] .s.d.r.c.RepositoryConfigurationDelegate : Bootstrapping Spring Data JPA repositories in DEFAULT mode.
2023-12-30T14:43:30.891+01:00  INFO 32660 --- [Pool-1-worker-1] .s.d.r.c.RepositoryConfigurationDelegate : Finished Spring Data repository scanning in 26 ms. Found 9 JPA repository interfaces.
2023-12-30T14:43:30.931+01:00  INFO 32660 --- [Pool-1-worker-1] com.zaxxer.hikari.HikariDataSource       : HikariPool-19 - Starting...
2023-12-30T14:43:30.932+01:00  INFO 32660 --- [Pool-1-worker-1] com.zaxxer.hikari.pool.HikariPool        : HikariPool-19 - Added connection conn180: url=jdbc:h2:mem:testdb user=SA
2023-12-30T14:43:30.932+01:00  INFO 32660 --- [Pool-1-worker-1] com.zaxxer.hikari.HikariDataSource       : HikariPool-19 - Start completed.
2023-12-30T14:43:30.934+01:00  INFO 32660 --- [Pool-1-worker-1] o.hibernate.jpa.internal.util.LogHelper  : HHH000204: Processing PersistenceUnitInfo [name: default]
2023-12-30T14:43:30.942+01:00  INFO 32660 --- [Pool-1-worker-1] o.h.b.i.BytecodeProviderInitiator        : HHH000021: Bytecode provider name : bytebuddy
2023-12-30T14:43:30.942+01:00  INFO 32660 --- [Pool-1-worker-1] o.s.o.j.p.SpringPersistenceUnitInfo      : No LoadTimeWeaver setup: ignoring JPA class transformer
2023-12-30T14:43:30.961+01:00  INFO 32660 --- [Pool-1-worker-1] o.h.b.i.BytecodeProviderInitiator        : HHH000021: Bytecode provider name : bytebuddy
2023-12-30T14:43:31.036+01:00  INFO 32660 --- [Pool-1-worker-1] o.h.e.t.j.p.i.JtaPlatformInitiator       : HHH000490: Using JtaPlatform implementation: [org.hibernate.engine.transaction.jta.platform.internal.NoJtaPlatform]
2023-12-30T14:43:31.044+01:00  INFO 32660 --- [Pool-1-worker-1] j.LocalContainerEntityManagerFactoryBean : Initialized JPA EntityManagerFactory for persistence unit 'default'
2023-12-30T14:43:31.152+01:00  WARN 32660 --- [Pool-1-worker-1] JpaBaseConfiguration$JpaWebConfiguration : spring.jpa.open-in-view is enabled by default. Therefore, database queries may be performed during view rendering. Explicitly configure spring.jpa.open-in-view to disable this warning
2023-12-30T14:43:31.160+01:00  INFO 32660 --- [Pool-1-worker-1] o.hibernate.id.enhanced.PooledOptimizer  : HHH000201: Pooled optimizer source reported [BasicHolder[java.lang.Long[0]]] as the initial value; use of 1 or greater highly recommended
2023-12-30T14:43:31.174+01:00  INFO 32660 --- [Pool-1-worker-1] o.s.s.web.DefaultSecurityFilterChain     : Will secure any request with [org.springframework.security.web.session.DisableEncodeUrlFilter@3604e3f6, org.springframework.security.web.context.request.async.WebAsyncManagerIntegrationFilter@6d03c365, org.springframework.security.web.context.SecurityContextHolderFilter@2c059726, org.springframework.security.web.header.HeaderWriterFilter@15bc5b18, org.springframework.security.web.csrf.CsrfFilter@1d297b25, org.springframework.security.web.authentication.logout.LogoutFilter@7187a0e8, org.springframework.security.web.authentication.UsernamePasswordAuthenticationFilter@7a488cb7, org.springframework.security.web.savedrequest.RequestCacheAwareFilter@7aa331d0, org.springframework.security.web.servletapi.SecurityContextHolderAwareRequestFilter@6284a08, org.springframework.security.web.authentication.AnonymousAuthenticationFilter@119dfe75, org.springframework.security.web.access.ExceptionTranslationFilter@27ab7b8f, org.springframework.security.web.access.intercept.AuthorizationFilter@567542e2]
2023-12-30T14:43:31.260+01:00  INFO 32660 --- [Pool-1-worker-1] o.s.b.t.m.w.SpringBootMockServletContext : Initializing Spring TestDispatcherServlet ''
2023-12-30T14:43:31.260+01:00  INFO 32660 --- [Pool-1-worker-1] o.s.t.web.servlet.TestDispatcherServlet  : Initializing Servlet ''
2023-12-30T14:43:31.261+01:00  INFO 32660 --- [Pool-1-worker-1] o.s.t.web.servlet.TestDispatcherServlet  : Completed initialization in 1 ms
2023-12-30T14:43:31.266+01:00  INFO 32660 --- [Pool-1-worker-1] i.s.a.integration.PasswordPresenterTest  : Started PasswordPresenterTest in 0.526 seconds (process running for 21.677)
2023-12-30T14:43:31.458+01:00  INFO 32660 --- [Pool-1-worker-1] j.LocalContainerEntityManagerFactoryBean : Closing JPA EntityManagerFactory for persistence unit 'default'
2023-12-30T14:43:31.459+01:00  INFO 32660 --- [Pool-1-worker-1] com.zaxxer.hikari.HikariDataSource       : HikariPool-19 - Shutdown initiated...
2023-12-30T14:43:31.460+01:00  INFO 32660 --- [Pool-1-worker-1] com.zaxxer.hikari.HikariDataSource       : HikariPool-19 - Shutdown completed.
]]></system-out>
  </testcase>
  <testcase name="password_cambiata_tramite_token" classname="it.studyapp.application.integration.PasswordPresenterTest" time="0.196">
    <system-out><![CDATA[  _____ _                  ____ ____  __  __   _____      _             _       _ 
 |  ___| | _____      __  / ___|  _ \|  \/  | |_   _|   _| |_ ___  _ __(_) __ _| |
 | |_  | |/ _ \ \ /\ / / | |   | |_) | |\/| |   | || | | | __/ _ \| '__| |/ _` | |
 |  _| | | (_) \ V  V /  | |___|  _ <| |  | |   | || |_| | || (_) | |  | | (_| | |
 |_|   |_|\___/ \_/\_/    \____|_| \_\_|  |_|   |_| \__,_|\__\___/|_|  |_|\__,_|_|
                                                                                  

2023-12-30T14:43:31.477+01:00  INFO 32660 --- [Pool-1-worker-1] i.s.a.integration.PasswordPresenterTest  : Starting PasswordPresenterTest using Java 20.0.2 with PID 32660 (started by oland in C:\Users\oland\eclipse-workspace\SSD_01-2024_StudyApp)
2023-12-30T14:43:31.477+01:00  INFO 32660 --- [Pool-1-worker-1] i.s.a.integration.PasswordPresenterTest  : No active profile set, falling back to 1 default profile: "default"
2023-12-30T14:43:31.580+01:00  INFO 32660 --- [Pool-1-worker-1] .s.d.r.c.RepositoryConfigurationDelegate : Bootstrapping Spring Data JPA repositories in DEFAULT mode.
2023-12-30T14:43:31.606+01:00  INFO 32660 --- [Pool-1-worker-1] .s.d.r.c.RepositoryConfigurationDelegate : Finished Spring Data repository scanning in 25 ms. Found 9 JPA repository interfaces.
2023-12-30T14:43:31.640+01:00  INFO 32660 --- [Pool-1-worker-1] com.zaxxer.hikari.HikariDataSource       : HikariPool-20 - Starting...
2023-12-30T14:43:31.642+01:00  INFO 32660 --- [Pool-1-worker-1] com.zaxxer.hikari.pool.HikariPool        : HikariPool-20 - Added connection conn190: url=jdbc:h2:mem:testdb user=SA
2023-12-30T14:43:31.642+01:00  INFO 32660 --- [Pool-1-worker-1] com.zaxxer.hikari.HikariDataSource       : HikariPool-20 - Start completed.
2023-12-30T14:43:31.643+01:00  INFO 32660 --- [Pool-1-worker-1] o.hibernate.jpa.internal.util.LogHelper  : HHH000204: Processing PersistenceUnitInfo [name: default]
2023-12-30T14:43:31.649+01:00  INFO 32660 --- [Pool-1-worker-1] o.h.b.i.BytecodeProviderInitiator        : HHH000021: Bytecode provider name : bytebuddy
2023-12-30T14:43:31.649+01:00  INFO 32660 --- [Pool-1-worker-1] o.s.o.j.p.SpringPersistenceUnitInfo      : No LoadTimeWeaver setup: ignoring JPA class transformer
2023-12-30T14:43:31.665+01:00  INFO 32660 --- [Pool-1-worker-1] o.h.b.i.BytecodeProviderInitiator        : HHH000021: Bytecode provider name : bytebuddy
2023-12-30T14:43:31.727+01:00  INFO 32660 --- [Pool-1-worker-1] o.h.e.t.j.p.i.JtaPlatformInitiator       : HHH000490: Using JtaPlatform implementation: [org.hibernate.engine.transaction.jta.platform.internal.NoJtaPlatform]
2023-12-30T14:43:31.733+01:00  INFO 32660 --- [Pool-1-worker-1] j.LocalContainerEntityManagerFactoryBean : Initialized JPA EntityManagerFactory for persistence unit 'default'
2023-12-30T14:43:31.832+01:00  WARN 32660 --- [Pool-1-worker-1] JpaBaseConfiguration$JpaWebConfiguration : spring.jpa.open-in-view is enabled by default. Therefore, database queries may be performed during view rendering. Explicitly configure spring.jpa.open-in-view to disable this warning
2023-12-30T14:43:31.840+01:00  INFO 32660 --- [Pool-1-worker-1] o.hibernate.id.enhanced.PooledOptimizer  : HHH000201: Pooled optimizer source reported [BasicHolder[java.lang.Long[0]]] as the initial value; use of 1 or greater highly recommended
2023-12-30T14:43:31.852+01:00  INFO 32660 --- [Pool-1-worker-1] o.s.s.web.DefaultSecurityFilterChain     : Will secure any request with [org.springframework.security.web.session.DisableEncodeUrlFilter@475baacd, org.springframework.security.web.context.request.async.WebAsyncManagerIntegrationFilter@61fa2347, org.springframework.security.web.context.SecurityContextHolderFilter@6c8632d, org.springframework.security.web.header.HeaderWriterFilter@2a1f8882, org.springframework.security.web.csrf.CsrfFilter@43ab42c2, org.springframework.security.web.authentication.logout.LogoutFilter@788092bf, org.springframework.security.web.authentication.UsernamePasswordAuthenticationFilter@3b32c27e, org.springframework.security.web.savedrequest.RequestCacheAwareFilter@1f6c9c64, org.springframework.security.web.servletapi.SecurityContextHolderAwareRequestFilter@6b998142, org.springframework.security.web.authentication.AnonymousAuthenticationFilter@40fdf5ce, org.springframework.security.web.access.ExceptionTranslationFilter@29fbaf44, org.springframework.security.web.access.intercept.AuthorizationFilter@2440bcda]
2023-12-30T14:43:31.922+01:00  INFO 32660 --- [Pool-1-worker-1] o.s.b.t.m.w.SpringBootMockServletContext : Initializing Spring TestDispatcherServlet ''
2023-12-30T14:43:31.922+01:00  INFO 32660 --- [Pool-1-worker-1] o.s.t.web.servlet.TestDispatcherServlet  : Initializing Servlet ''
2023-12-30T14:43:31.922+01:00  INFO 32660 --- [Pool-1-worker-1] o.s.t.web.servlet.TestDispatcherServlet  : Completed initialization in 0 ms
2023-12-30T14:43:31.927+01:00  INFO 32660 --- [Pool-1-worker-1] i.s.a.integration.PasswordPresenterTest  : Started PasswordPresenterTest in 0.465 seconds (process running for 22.339)
2023-12-30T14:43:32.123+01:00  INFO 32660 --- [Pool-1-worker-1] j.LocalContainerEntityManagerFactoryBean : Closing JPA EntityManagerFactory for persistence unit 'default'
2023-12-30T14:43:32.124+01:00  INFO 32660 --- [Pool-1-worker-1] com.zaxxer.hikari.HikariDataSource       : HikariPool-20 - Shutdown initiated...
2023-12-30T14:43:32.125+01:00  INFO 32660 --- [Pool-1-worker-1] com.zaxxer.hikari.HikariDataSource       : HikariPool-20 - Shutdown completed.
]]></system-out>
  </testcase>
</testsuite>