<?xml version="1.0" encoding="UTF-8"?>
<testsuite xmlns:xsi="http://www.w3.org/2001/XMLSchema-instance" xsi:noNamespaceSchemaLocation="https://maven.apache.org/surefire/maven-surefire-plugin/xsd/surefire-test-report-3.0.xsd" version="3.0" name="it.studyapp.application.integration.GroupPresenterTest" time="8.458" tests="13" errors="0" skipped="0" failures="0">
  <properties>
    <property name="java.specification.version" value="20"/>
    <property name="sun.cpu.isalist" value="amd64"/>
    <property name="sun.jnu.encoding" value="Cp1252"/>
    <property name="java.class.path" value="C:\Users\oland\eclipse-workspace\SSD_01-2024_StudyApp\target\test-classes;C:\Users\oland\eclipse-workspace\SSD_01-2024_StudyApp\target\classes;C:\Users\oland\.m2\repository\com\vaadin\vaadin\24.1.10\vaadin-24.1.10.jar;C:\Users\oland\.m2\repository\com\vaadin\vaadin-internal\24.1.10\vaadin-internal-24.1.10.jar;C:\Users\oland\.m2\repository\com\vaadin\vaadin-board-flow\24.1.10\vaadin-board-flow-24.1.10.jar;C:\Users\oland\.m2\repository\com\vaadin\vaadin-charts-flow\24.1.10\vaadin-charts-flow-24.1.10.jar;C:\Users\oland\.m2\repository\com\vaadin\vaadin-cookie-consent-flow\24.1.10\vaadin-cookie-consent-flow-24.1.10.jar;C:\Users\oland\.m2\repository\com\vaadin\vaadin-crud-flow\24.1.10\vaadin-crud-flow-24.1.10.jar;C:\Users\oland\.m2\repository\com\vaadin\vaadin-flow-components-base\24.1.10\vaadin-flow-components-base-24.1.10.jar;C:\Users\oland\.m2\repository\com\vaadin\vaadin-grid-pro-flow\24.1.10\vaadin-grid-pro-flow-24.1.10.jar;C:\Users\oland\.m2\repository\com\vaadin\vaadin-map-flow\24.1.10\vaadin-map-flow-24.1.10.jar;C:\Users\oland\.m2\repository\com\vaadin\vaadin-rich-text-editor-flow\24.1.10\vaadin-rich-text-editor-flow-24.1.10.jar;C:\Users\oland\.m2\repository\com\vaadin\collaboration-engine\6.0.0\collaboration-engine-6.0.0.jar;C:\Users\oland\.m2\repository\com\fasterxml\jackson\core\jackson-databind\2.15.2\jackson-databind-2.15.2.jar;C:\Users\oland\.m2\repository\com\fasterxml\jackson\core\jackson-annotations\2.15.2\jackson-annotations-2.15.2.jar;C:\Users\oland\.m2\repository\com\fasterxml\jackson\datatype\jackson-datatype-jsr310\2.15.2\jackson-datatype-jsr310-2.15.2.jar;C:\Users\oland\.m2\repository\org\springframework\boot\spring-boot-starter-mail\3.1.2\spring-boot-starter-mail-3.1.2.jar;C:\Users\oland\.m2\repository\org\springframework\boot\spring-boot-starter\3.1.2\spring-boot-starter-3.1.2.jar;C:\Users\oland\.m2\repository\org\springframework\boot\spring-boot-starter-logging\3.1.2\spring-boot-starter-logging-3.1.2.jar;C:\Users\oland\.m2\repository\ch\qos\logback\logback-classic\1.4.8\logback-classic-1.4.8.jar;C:\Users\oland\.m2\repository\ch\qos\logback\logback-core\1.4.8\logback-core-1.4.8.jar;C:\Users\oland\.m2\repository\org\apache\logging\log4j\log4j-to-slf4j\2.20.0\log4j-to-slf4j-2.20.0.jar;C:\Users\oland\.m2\repository\org\apache\logging\log4j\log4j-api\2.20.0\log4j-api-2.20.0.jar;C:\Users\oland\.m2\repository\org\slf4j\jul-to-slf4j\2.0.7\jul-to-slf4j-2.0.7.jar;C:\Users\oland\.m2\repository\jakarta\annotation\jakarta.annotation-api\2.1.1\jakarta.annotation-api-2.1.1.jar;C:\Users\oland\.m2\repository\org\yaml\snakeyaml\1.33\snakeyaml-1.33.jar;C:\Users\oland\.m2\repository\org\springframework\spring-context-support\6.0.11\spring-context-support-6.0.11.jar;C:\Users\oland\.m2\repository\org\springframework\spring-beans\6.0.11\spring-beans-6.0.11.jar;C:\Users\oland\.m2\repository\org\springframework\spring-context\6.0.11\spring-context-6.0.11.jar;C:\Users\oland\.m2\repository\org\eclipse\angus\jakarta.mail\1.1.0\jakarta.mail-1.1.0.jar;C:\Users\oland\.m2\repository\jakarta\activation\jakarta.activation-api\2.1.2\jakarta.activation-api-2.1.2.jar;C:\Users\oland\.m2\repository\org\eclipse\angus\angus-activation\2.0.1\angus-activation-2.0.1.jar;C:\Users\oland\.m2\repository\com\vaadin\vaadin-spring-boot-starter\24.1.10\vaadin-spring-boot-starter-24.1.10.jar;C:\Users\oland\.m2\repository\com\vaadin\vaadin-spring\24.1.12\vaadin-spring-24.1.12.jar;C:\Users\oland\.m2\repository\com\vaadin\flow-server\24.1.12\flow-server-24.1.12.jar;C:\Users\oland\.m2\repository\com\vaadin\servletdetector\throw-if-servlet3\1.0.2\throw-if-servlet3-1.0.2.jar;C:\Users\oland\.m2\repository\com\vaadin\flow-commons-upload\24.1.12\flow-commons-upload-24.1.12.jar;C:\Users\oland\.m2\repository\com\fasterxml\jackson\core\jackson-core\2.15.2\jackson-core-2.15.2.jar;C:\Users\oland\.m2\repository\org\jsoup\jsoup\1.16.1\jsoup-1.16.1.jar;C:\Users\oland\.m2\repository\com\helger\ph-css\7.0.0\ph-css-7.0.0.jar;C:\Users\oland\.m2\repository\com\helger\commons\ph-commons\11.0.1\ph-commons-11.0.1.jar;C:\Users\oland\.m2\repository\org\ow2\asm\asm\9.5\asm-9.5.jar;C:\Users\oland\.m2\repository\com\vaadin\external\gentyref\1.2.0.vaadin1\gentyref-1.2.0.vaadin1.jar;C:\Users\oland\.m2\repository\org\apache\commons\commons-compress\1.24.0\commons-compress-1.24.0.jar;C:\Users\oland\.m2\repository\org\apache\httpcomponents\httpclient\4.5.14\httpclient-4.5.14.jar;C:\Users\oland\.m2\repository\org\apache\httpcomponents\httpcore\4.4.16\httpcore-4.4.16.jar;C:\Users\oland\.m2\repository\commons-logging\commons-logging\1.2\commons-logging-1.2.jar;C:\Users\oland\.m2\repository\com\vaadin\flow-push\24.1.12\flow-push-24.1.12.jar;C:\Users\oland\.m2\repository\com\vaadin\external\atmosphere\atmosphere-runtime\3.0.3.slf4jvaadin1\atmosphere-runtime-3.0.3.slf4jvaadin1.jar;C:\Users\oland\.m2\repository\com\vaadin\flow-client\24.1.12\flow-client-24.1.12.jar;C:\Users\oland\.m2\repository\org\springframework\spring-webmvc\6.0.11\spring-webmvc-6.0.11.jar;C:\Users\oland\.m2\repository\org\springframework\spring-websocket\6.0.11\spring-websocket-6.0.11.jar;C:\Users\oland\.m2\repository\org\reflections\reflections\0.10.2\reflections-0.10.2.jar;C:\Users\oland\.m2\repository\com\google\code\findbugs\jsr305\3.0.2\jsr305-3.0.2.jar;C:\Users\oland\.m2\repository\org\springframework\boot\spring-boot-starter-web\3.1.2\spring-boot-starter-web-3.1.2.jar;C:\Users\oland\.m2\repository\org\springframework\boot\spring-boot-starter-json\3.1.2\spring-boot-starter-json-3.1.2.jar;C:\Users\oland\.m2\repository\com\fasterxml\jackson\datatype\jackson-datatype-jdk8\2.15.2\jackson-datatype-jdk8-2.15.2.jar;C:\Users\oland\.m2\repository\com\fasterxml\jackson\module\jackson-module-parameter-names\2.15.2\jackson-module-parameter-names-2.15.2.jar;C:\Users\oland\.m2\repository\org\springframework\boot\spring-boot-starter-tomcat\3.1.2\spring-boot-starter-tomcat-3.1.2.jar;C:\Users\oland\.m2\repository\org\springframework\spring-web\6.0.11\spring-web-6.0.11.jar;C:\Users\oland\.m2\repository\org\apache\tomcat\embed\tomcat-embed-core\10.1.11\tomcat-embed-core-10.1.11.jar;C:\Users\oland\.m2\repository\org\apache\tomcat\tomcat-annotations-api\10.1.11\tomcat-annotations-api-10.1.11.jar;C:\Users\oland\.m2\repository\org\apache\tomcat\embed\tomcat-embed-websocket\10.1.11\tomcat-embed-websocket-10.1.11.jar;C:\Users\oland\.m2\repository\org\springframework\boot\spring-boot-starter-security\3.1.2\spring-boot-starter-security-3.1.2.jar;C:\Users\oland\.m2\repository\org\springframework\spring-aop\6.0.11\spring-aop-6.0.11.jar;C:\Users\oland\.m2\repository\org\springframework\security\spring-security-config\6.1.2\spring-security-config-6.1.2.jar;C:\Users\oland\.m2\repository\org\springframework\security\spring-security-web\6.1.2\spring-security-web-6.1.2.jar;C:\Users\oland\.m2\repository\org\springframework\spring-expression\6.0.11\spring-expression-6.0.11.jar;C:\Users\oland\.m2\repository\org\springframework\security\spring-security-test\6.1.2\spring-security-test-6.1.2.jar;C:\Users\oland\.m2\repository\org\springframework\security\spring-security-core\6.1.2\spring-security-core-6.1.2.jar;C:\Users\oland\.m2\repository\org\springframework\security\spring-security-crypto\6.1.2\spring-security-crypto-6.1.2.jar;C:\Users\oland\.m2\repository\io\micrometer\micrometer-observation\1.11.2\micrometer-observation-1.11.2.jar;C:\Users\oland\.m2\repository\io\micrometer\micrometer-commons\1.11.2\micrometer-commons-1.11.2.jar;C:\Users\oland\.m2\repository\org\springframework\spring-core\6.0.11\spring-core-6.0.11.jar;C:\Users\oland\.m2\repository\org\springframework\spring-jcl\6.0.11\spring-jcl-6.0.11.jar;C:\Users\oland\.m2\repository\org\springframework\spring-test\6.0.11\spring-test-6.0.11.jar;C:\Users\oland\.m2\repository\org\parttio\line-awesome\1.1.0\line-awesome-1.1.0.jar;C:\Users\oland\.m2\repository\com\h2database\h2\2.1.214\h2-2.1.214.jar;C:\Users\oland\.m2\repository\org\vaadin\stefan\fullcalendar2\6.0.2\fullcalendar2-6.0.2.jar;C:\Users\oland\.m2\repository\org\apache\commons\commons-text\1.10.0\commons-text-1.10.0.jar;C:\Users\oland\.m2\repository\org\apache\commons\commons-lang3\3.12.0\commons-lang3-3.12.0.jar;C:\Users\oland\.m2\repository\org\springframework\boot\spring-boot-starter-data-jpa\3.1.2\spring-boot-starter-data-jpa-3.1.2.jar;C:\Users\oland\.m2\repository\org\springframework\boot\spring-boot-starter-aop\3.1.2\spring-boot-starter-aop-3.1.2.jar;C:\Users\oland\.m2\repository\org\aspectj\aspectjweaver\1.9.19\aspectjweaver-1.9.19.jar;C:\Users\oland\.m2\repository\org\springframework\boot\spring-boot-starter-jdbc\3.1.2\spring-boot-starter-jdbc-3.1.2.jar;C:\Users\oland\.m2\repository\com\zaxxer\HikariCP\5.0.1\HikariCP-5.0.1.jar;C:\Users\oland\.m2\repository\org\springframework\spring-jdbc\6.0.11\spring-jdbc-6.0.11.jar;C:\Users\oland\.m2\repository\org\hibernate\orm\hibernate-core\6.2.6.Final\hibernate-core-6.2.6.Final.jar;C:\Users\oland\.m2\repository\jakarta\persistence\jakarta.persistence-api\3.1.0\jakarta.persistence-api-3.1.0.jar;C:\Users\oland\.m2\repository\jakarta\transaction\jakarta.transaction-api\2.0.1\jakarta.transaction-api-2.0.1.jar;C:\Users\oland\.m2\repository\org\jboss\logging\jboss-logging\3.5.3.Final\jboss-logging-3.5.3.Final.jar;C:\Users\oland\.m2\repository\org\hibernate\common\hibernate-commons-annotations\6.0.6.Final\hibernate-commons-annotations-6.0.6.Final.jar;C:\Users\oland\.m2\repository\io\smallrye\jandex\3.0.5\jandex-3.0.5.jar;C:\Users\oland\.m2\repository\com\fasterxml\classmate\1.5.1\classmate-1.5.1.jar;C:\Users\oland\.m2\repository\net\bytebuddy\byte-buddy\1.14.5\byte-buddy-1.14.5.jar;C:\Users\oland\.m2\repository\org\glassfish\jaxb\jaxb-runtime\4.0.3\jaxb-runtime-4.0.3.jar;C:\Users\oland\.m2\repository\org\glassfish\jaxb\jaxb-core\4.0.3\jaxb-core-4.0.3.jar;C:\Users\oland\.m2\repository\org\glassfish\jaxb\txw2\4.0.3\txw2-4.0.3.jar;C:\Users\oland\.m2\repository\com\sun\istack\istack-commons-runtime\4.1.2\istack-commons-runtime-4.1.2.jar;C:\Users\oland\.m2\repository\jakarta\inject\jakarta.inject-api\2.0.1\jakarta.inject-api-2.0.1.jar;C:\Users\oland\.m2\repository\org\antlr\antlr4-runtime\4.10.1\antlr4-runtime-4.10.1.jar;C:\Users\oland\.m2\repository\org\springframework\data\spring-data-jpa\3.1.2\spring-data-jpa-3.1.2.jar;C:\Users\oland\.m2\repository\org\springframework\data\spring-data-commons\3.1.2\spring-data-commons-3.1.2.jar;C:\Users\oland\.m2\repository\org\springframework\spring-orm\6.0.11\spring-orm-6.0.11.jar;C:\Users\oland\.m2\repository\org\springframework\spring-tx\6.0.11\spring-tx-6.0.11.jar;C:\Users\oland\.m2\repository\org\slf4j\slf4j-api\2.0.7\slf4j-api-2.0.7.jar;C:\Users\oland\.m2\repository\org\springframework\spring-aspects\6.0.11\spring-aspects-6.0.11.jar;C:\Users\oland\.m2\repository\org\springframework\boot\spring-boot-starter-validation\3.1.2\spring-boot-starter-validation-3.1.2.jar;C:\Users\oland\.m2\repository\org\apache\tomcat\embed\tomcat-embed-el\10.1.11\tomcat-embed-el-10.1.11.jar;C:\Users\oland\.m2\repository\org\hibernate\validator\hibernate-validator\8.0.1.Final\hibernate-validator-8.0.1.Final.jar;C:\Users\oland\.m2\repository\jakarta\validation\jakarta.validation-api\3.0.2\jakarta.validation-api-3.0.2.jar;C:\Users\oland\.m2\repository\org\springframework\boot\spring-boot-devtools\3.1.2\spring-boot-devtools-3.1.2.jar;C:\Users\oland\.m2\repository\org\springframework\boot\spring-boot\3.1.2\spring-boot-3.1.2.jar;C:\Users\oland\.m2\repository\org\springframework\boot\spring-boot-autoconfigure\3.1.2\spring-boot-autoconfigure-3.1.2.jar;C:\Users\oland\.m2\repository\org\springframework\boot\spring-boot-starter-test\3.1.2\spring-boot-starter-test-3.1.2.jar;C:\Users\oland\.m2\repository\org\springframework\boot\spring-boot-test\3.1.2\spring-boot-test-3.1.2.jar;C:\Users\oland\.m2\repository\org\springframework\boot\spring-boot-test-autoconfigure\3.1.2\spring-boot-test-autoconfigure-3.1.2.jar;C:\Users\oland\.m2\repository\com\jayway\jsonpath\json-path\2.8.0\json-path-2.8.0.jar;C:\Users\oland\.m2\repository\jakarta\xml\bind\jakarta.xml.bind-api\4.0.0\jakarta.xml.bind-api-4.0.0.jar;C:\Users\oland\.m2\repository\net\minidev\json-smart\2.4.11\json-smart-2.4.11.jar;C:\Users\oland\.m2\repository\net\minidev\accessors-smart\2.4.11\accessors-smart-2.4.11.jar;C:\Users\oland\.m2\repository\org\assertj\assertj-core\3.24.2\assertj-core-3.24.2.jar;C:\Users\oland\.m2\repository\org\hamcrest\hamcrest\2.2\hamcrest-2.2.jar;C:\Users\oland\.m2\repository\org\junit\jupiter\junit-jupiter\5.9.3\junit-jupiter-5.9.3.jar;C:\Users\oland\.m2\repository\org\junit\jupiter\junit-jupiter-api\5.9.3\junit-jupiter-api-5.9.3.jar;C:\Users\oland\.m2\repository\org\opentest4j\opentest4j\1.2.0\opentest4j-1.2.0.jar;C:\Users\oland\.m2\repository\org\junit\platform\junit-platform-commons\1.9.3\junit-platform-commons-1.9.3.jar;C:\Users\oland\.m2\repository\org\apiguardian\apiguardian-api\1.1.2\apiguardian-api-1.1.2.jar;C:\Users\oland\.m2\repository\org\junit\jupiter\junit-jupiter-params\5.9.3\junit-jupiter-params-5.9.3.jar;C:\Users\oland\.m2\repository\org\junit\jupiter\junit-jupiter-engine\5.9.3\junit-jupiter-engine-5.9.3.jar;C:\Users\oland\.m2\repository\org\mockito\mockito-core\5.3.1\mockito-core-5.3.1.jar;C:\Users\oland\.m2\repository\net\bytebuddy\byte-buddy-agent\1.14.5\byte-buddy-agent-1.14.5.jar;C:\Users\oland\.m2\repository\org\objenesis\objenesis\3.3\objenesis-3.3.jar;C:\Users\oland\.m2\repository\org\mockito\mockito-junit-jupiter\5.3.1\mockito-junit-jupiter-5.3.1.jar;C:\Users\oland\.m2\repository\org\skyscreamer\jsonassert\1.5.1\jsonassert-1.5.1.jar;C:\Users\oland\.m2\repository\com\vaadin\external\google\android-json\0.0.20131108.vaadin1\android-json-0.0.20131108.vaadin1.jar;C:\Users\oland\.m2\repository\org\xmlunit\xmlunit-core\2.9.1\xmlunit-core-2.9.1.jar;C:\Users\oland\.m2\repository\com\vaadin\vaadin-testbench-junit5\24.1.10\vaadin-testbench-junit5-24.1.10.jar;C:\Users\oland\.m2\repository\com\vaadin\vaadin-testbench-core-junit5\9.0.7\vaadin-testbench-core-junit5-9.0.7.jar;C:\Users\oland\.m2\repository\commons-io\commons-io\2.11.0\commons-io-2.11.0.jar;C:\Users\oland\.m2\repository\commons-codec\commons-codec\1.15\commons-codec-1.15.jar;C:\Users\oland\.m2\repository\org\seleniumhq\selenium\selenium-remote-driver\4.11.0\selenium-remote-driver-4.11.0.jar;C:\Users\oland\.m2\repository\com\google\auto\service\auto-service-annotations\1.0.1\auto-service-annotations-1.0.1.jar;C:\Users\oland\.m2\repository\com\google\guava\guava\31.1-jre\guava-31.1-jre.jar;C:\Users\oland\.m2\repository\com\google\guava\failureaccess\1.0.1\failureaccess-1.0.1.jar;C:\Users\oland\.m2\repository\com\google\guava\listenablefuture\9999.0-empty-to-avoid-conflict-with-guava\listenablefuture-9999.0-empty-to-avoid-conflict-with-guava.jar;C:\Users\oland\.m2\repository\com\google\errorprone\error_prone_annotations\2.11.0\error_prone_annotations-2.11.0.jar;C:\Users\oland\.m2\repository\com\google\j2objc\j2objc-annotations\1.3\j2objc-annotations-1.3.jar;C:\Users\oland\.m2\repository\io\netty\netty-buffer\4.1.94.Final\netty-buffer-4.1.94.Final.jar;C:\Users\oland\.m2\repository\io\netty\netty-codec-http\4.1.94.Final\netty-codec-http-4.1.94.Final.jar;C:\Users\oland\.m2\repository\io\netty\netty-codec\4.1.94.Final\netty-codec-4.1.94.Final.jar;C:\Users\oland\.m2\repository\io\netty\netty-handler\4.1.94.Final\netty-handler-4.1.94.Final.jar;C:\Users\oland\.m2\repository\io\netty\netty-common\4.1.94.Final\netty-common-4.1.94.Final.jar;C:\Users\oland\.m2\repository\io\netty\netty-transport-classes-epoll\4.1.94.Final\netty-transport-classes-epoll-4.1.94.Final.jar;C:\Users\oland\.m2\repository\io\netty\netty-transport-classes-kqueue\4.1.94.Final\netty-transport-classes-kqueue-4.1.94.Final.jar;C:\Users\oland\.m2\repository\io\netty\netty-transport-native-epoll\4.1.94.Final\netty-transport-native-epoll-4.1.94.Final.jar;C:\Users\oland\.m2\repository\io\netty\netty-transport-native-kqueue\4.1.94.Final\netty-transport-native-kqueue-4.1.94.Final.jar;C:\Users\oland\.m2\repository\io\netty\netty-transport-native-unix-common\4.1.94.Final\netty-transport-native-unix-common-4.1.94.Final.jar;C:\Users\oland\.m2\repository\io\netty\netty-transport\4.1.94.Final\netty-transport-4.1.94.Final.jar;C:\Users\oland\.m2\repository\io\netty\netty-resolver\4.1.94.Final\netty-resolver-4.1.94.Final.jar;C:\Users\oland\.m2\repository\io\opentelemetry\opentelemetry-api\1.25.0\opentelemetry-api-1.25.0.jar;C:\Users\oland\.m2\repository\io\opentelemetry\opentelemetry-context\1.25.0\opentelemetry-context-1.25.0.jar;C:\Users\oland\.m2\repository\io\opentelemetry\opentelemetry-exporter-logging\1.25.0\opentelemetry-exporter-logging-1.25.0.jar;C:\Users\oland\.m2\repository\io\opentelemetry\opentelemetry-sdk-metrics\1.25.0\opentelemetry-sdk-metrics-1.25.0.jar;C:\Users\oland\.m2\repository\io\opentelemetry\opentelemetry-sdk-logs\1.25.0-alpha\opentelemetry-sdk-logs-1.25.0-alpha.jar;C:\Users\oland\.m2\repository\io\opentelemetry\opentelemetry-api-logs\1.25.0-alpha\opentelemetry-api-logs-1.25.0-alpha.jar;C:\Users\oland\.m2\repository\io\opentelemetry\opentelemetry-api-events\1.25.0-alpha\opentelemetry-api-events-1.25.0-alpha.jar;C:\Users\oland\.m2\repository\io\opentelemetry\opentelemetry-sdk-common\1.25.0\opentelemetry-sdk-common-1.25.0.jar;C:\Users\oland\.m2\repository\io\opentelemetry\opentelemetry-sdk-extension-autoconfigure-spi\1.25.0\opentelemetry-sdk-extension-autoconfigure-spi-1.25.0.jar;C:\Users\oland\.m2\repository\io\opentelemetry\opentelemetry-sdk-extension-autoconfigure\1.26.0-alpha\opentelemetry-sdk-extension-autoconfigure-1.26.0-alpha.jar;C:\Users\oland\.m2\repository\io\opentelemetry\opentelemetry-sdk-trace\1.25.0\opentelemetry-sdk-trace-1.25.0.jar;C:\Users\oland\.m2\repository\io\opentelemetry\opentelemetry-sdk\1.25.0\opentelemetry-sdk-1.25.0.jar;C:\Users\oland\.m2\repository\io\opentelemetry\opentelemetry-semconv\1.26.0-alpha\opentelemetry-semconv-1.26.0-alpha.jar;C:\Users\oland\.m2\repository\org\apache\commons\commons-exec\1.3\commons-exec-1.3.jar;C:\Users\oland\.m2\repository\org\asynchttpclient\async-http-client\2.12.3\async-http-client-2.12.3.jar;C:\Users\oland\.m2\repository\org\asynchttpclient\async-http-client-netty-utils\2.12.3\async-http-client-netty-utils-2.12.3.jar;C:\Users\oland\.m2\repository\io\netty\netty-codec-socks\4.1.94.Final\netty-codec-socks-4.1.94.Final.jar;C:\Users\oland\.m2\repository\io\netty\netty-handler-proxy\4.1.94.Final\netty-handler-proxy-4.1.94.Final.jar;C:\Users\oland\.m2\repository\io\netty\netty-transport-native-epoll\4.1.94.Final\netty-transport-native-epoll-4.1.94.Final-linux-x86_64.jar;C:\Users\oland\.m2\repository\io\netty\netty-transport-native-kqueue\4.1.94.Final\netty-transport-native-kqueue-4.1.94.Final-osx-x86_64.jar;C:\Users\oland\.m2\repository\org\reactivestreams\reactive-streams\1.0.4\reactive-streams-1.0.4.jar;C:\Users\oland\.m2\repository\com\typesafe\netty\netty-reactive-streams\2.0.4\netty-reactive-streams-2.0.4.jar;C:\Users\oland\.m2\repository\com\sun\activation\jakarta.activation\1.2.2\jakarta.activation-1.2.2.jar;C:\Users\oland\.m2\repository\org\seleniumhq\selenium\selenium-api\4.11.0\selenium-api-4.11.0.jar;C:\Users\oland\.m2\repository\org\seleniumhq\selenium\selenium-http\4.11.0\selenium-http-4.11.0.jar;C:\Users\oland\.m2\repository\dev\failsafe\failsafe\3.3.1\failsafe-3.3.1.jar;C:\Users\oland\.m2\repository\org\seleniumhq\selenium\selenium-json\4.11.0\selenium-json-4.11.0.jar;C:\Users\oland\.m2\repository\org\seleniumhq\selenium\selenium-manager\4.11.0\selenium-manager-4.11.0.jar;C:\Users\oland\.m2\repository\org\seleniumhq\selenium\selenium-java\4.11.0\selenium-java-4.11.0.jar;C:\Users\oland\.m2\repository\org\seleniumhq\selenium\selenium-chrome-driver\4.11.0\selenium-chrome-driver-4.11.0.jar;C:\Users\oland\.m2\repository\org\seleniumhq\selenium\selenium-chromium-driver\4.11.0\selenium-chromium-driver-4.11.0.jar;C:\Users\oland\.m2\repository\org\seleniumhq\selenium\selenium-devtools-v113\4.11.0\selenium-devtools-v113-4.11.0.jar;C:\Users\oland\.m2\repository\org\seleniumhq\selenium\selenium-devtools-v114\4.11.0\selenium-devtools-v114-4.11.0.jar;C:\Users\oland\.m2\repository\org\seleniumhq\selenium\selenium-devtools-v115\4.11.0\selenium-devtools-v115-4.11.0.jar;C:\Users\oland\.m2\repository\org\seleniumhq\selenium\selenium-devtools-v85\4.8.3\selenium-devtools-v85-4.8.3.jar;C:\Users\oland\.m2\repository\com\google\auto\service\auto-service\1.0.1\auto-service-1.0.1.jar;C:\Users\oland\.m2\repository\com\google\auto\auto-common\1.2\auto-common-1.2.jar;C:\Users\oland\.m2\repository\org\seleniumhq\selenium\selenium-edge-driver\4.11.0\selenium-edge-driver-4.11.0.jar;C:\Users\oland\.m2\repository\org\seleniumhq\selenium\selenium-firefox-driver\4.11.0\selenium-firefox-driver-4.11.0.jar;C:\Users\oland\.m2\repository\org\seleniumhq\selenium\selenium-ie-driver\4.11.0\selenium-ie-driver-4.11.0.jar;C:\Users\oland\.m2\repository\org\seleniumhq\selenium\selenium-safari-driver\4.11.0\selenium-safari-driver-4.11.0.jar;C:\Users\oland\.m2\repository\org\seleniumhq\selenium\selenium-support\4.11.0\selenium-support-4.11.0.jar;C:\Users\oland\.m2\repository\org\junit\platform\junit-platform-engine\1.9.3\junit-platform-engine-1.9.3.jar;C:\Users\oland\.m2\repository\org\javassist\javassist\3.28.0-GA\javassist-3.28.0-GA.jar;C:\Users\oland\.m2\repository\com\vaadin\license-checker\1.12.3\license-checker-1.12.3.jar;C:\Users\oland\.m2\repository\com\github\oshi\oshi-core\6.4.1\oshi-core-6.4.1.jar;C:\Users\oland\.m2\repository\net\java\dev\jna\jna\5.13.0\jna-5.13.0.jar;C:\Users\oland\.m2\repository\net\java\dev\jna\jna-platform\5.13.0\jna-platform-5.13.0.jar;C:\Users\oland\.m2\repository\com\nimbusds\nimbus-jose-jwt\9.31\nimbus-jose-jwt-9.31.jar;C:\Users\oland\.m2\repository\org\lucee\jcip-annotations\1.0.0\jcip-annotations-1.0.0.jar;C:\Users\oland\.m2\repository\com\vaadin\open\8.5.0\open-8.5.0.jar;C:\Users\oland\.m2\repository\com\vaadin\external\gwt\gwt-elemental\2.8.2.vaadin2\gwt-elemental-2.8.2.vaadin2.jar;C:\Users\oland\.m2\repository\com\vaadin\vaadin-testbench-unit-junit5\9.0.7\vaadin-testbench-unit-junit5-9.0.7.jar;C:\Users\oland\.m2\repository\com\vaadin\vaadin-testbench-unit-shared\9.0.7\vaadin-testbench-unit-shared-9.0.7.jar;C:\Users\oland\.m2\repository\io\github\classgraph\classgraph\4.8.146\classgraph-4.8.146.jar;C:\Users\oland\.m2\repository\jakarta\servlet\jakarta.servlet-api\6.0.0\jakarta.servlet-api-6.0.0.jar;C:\Users\oland\.m2\repository\org\jetbrains\kotlin\kotlin-stdlib-jdk8\1.8.22\kotlin-stdlib-jdk8-1.8.22.jar;C:\Users\oland\.m2\repository\org\jetbrains\kotlin\kotlin-stdlib\1.8.22\kotlin-stdlib-1.8.22.jar;C:\Users\oland\.m2\repository\org\jetbrains\kotlin\kotlin-stdlib-common\1.8.22\kotlin-stdlib-common-1.8.22.jar;C:\Users\oland\.m2\repository\org\jetbrains\annotations\13.0\annotations-13.0.jar;C:\Users\oland\.m2\repository\org\jetbrains\kotlin\kotlin-stdlib-jdk7\1.8.22\kotlin-stdlib-jdk7-1.8.22.jar;C:\Users\oland\.m2\repository\org\jetbrains\kotlin\kotlin-reflect\1.8.22\kotlin-reflect-1.8.22.jar;C:\Users\oland\.m2\repository\com\vaadin\vaadin-testbench-shared\9.0.7\vaadin-testbench-shared-9.0.7.jar;C:\Users\oland\.m2\repository\org\seleniumhq\selenium\selenium-http-jdk-client\4.11.0\selenium-http-jdk-client-4.11.0.jar;C:\Users\oland\.m2\repository\com\vaadin\flow-html-components-testbench\24.1.12\flow-html-components-testbench-24.1.12.jar;C:\Users\oland\.m2\repository\com\vaadin\vaadin-accordion-testbench\24.1.10\vaadin-accordion-testbench-24.1.10.jar;C:\Users\oland\.m2\repository\com\vaadin\vaadin-app-layout-testbench\24.1.10\vaadin-app-layout-testbench-24.1.10.jar;C:\Users\oland\.m2\repository\com\vaadin\vaadin-avatar-testbench\24.1.10\vaadin-avatar-testbench-24.1.10.jar;C:\Users\oland\.m2\repository\com\vaadin\vaadin-board-testbench\24.1.10\vaadin-board-testbench-24.1.10.jar;C:\Users\oland\.m2\repository\com\vaadin\vaadin-button-testbench\24.1.10\vaadin-button-testbench-24.1.10.jar;C:\Users\oland\.m2\repository\com\vaadin\vaadin-charts-testbench\24.1.10\vaadin-charts-testbench-24.1.10.jar;C:\Users\oland\.m2\repository\com\vaadin\vaadin-checkbox-testbench\24.1.10\vaadin-checkbox-testbench-24.1.10.jar;C:\Users\oland\.m2\repository\com\vaadin\vaadin-combo-box-testbench\24.1.10\vaadin-combo-box-testbench-24.1.10.jar;C:\Users\oland\.m2\repository\com\vaadin\vaadin-confirm-dialog-testbench\24.1.10\vaadin-confirm-dialog-testbench-24.1.10.jar;C:\Users\oland\.m2\repository\com\vaadin\vaadin-context-menu-testbench\24.1.10\vaadin-context-menu-testbench-24.1.10.jar;C:\Users\oland\.m2\repository\com\vaadin\vaadin-cookie-consent-testbench\24.1.10\vaadin-cookie-consent-testbench-24.1.10.jar;C:\Users\oland\.m2\repository\com\vaadin\vaadin-crud-testbench\24.1.10\vaadin-crud-testbench-24.1.10.jar;C:\Users\oland\.m2\repository\com\vaadin\vaadin-custom-field-testbench\24.1.10\vaadin-custom-field-testbench-24.1.10.jar;C:\Users\oland\.m2\repository\com\vaadin\vaadin-date-picker-testbench\24.1.10\vaadin-date-picker-testbench-24.1.10.jar;C:\Users\oland\.m2\repository\com\vaadin\vaadin-date-time-picker-testbench\24.1.10\vaadin-date-time-picker-testbench-24.1.10.jar;C:\Users\oland\.m2\repository\com\vaadin\vaadin-details-testbench\24.1.10\vaadin-details-testbench-24.1.10.jar;C:\Users\oland\.m2\repository\com\vaadin\vaadin-dialog-testbench\24.1.10\vaadin-dialog-testbench-24.1.10.jar;C:\Users\oland\.m2\repository\com\vaadin\vaadin-form-layout-testbench\24.1.10\vaadin-form-layout-testbench-24.1.10.jar;C:\Users\oland\.m2\repository\com\vaadin\vaadin-grid-testbench\24.1.10\vaadin-grid-testbench-24.1.10.jar;C:\Users\oland\.m2\repository\com\vaadin\vaadin-grid-pro-testbench\24.1.10\vaadin-grid-pro-testbench-24.1.10.jar;C:\Users\oland\.m2\repository\com\vaadin\vaadin-icons-testbench\24.1.10\vaadin-icons-testbench-24.1.10.jar;C:\Users\oland\.m2\repository\com\vaadin\vaadin-virtual-list-testbench\24.1.10\vaadin-virtual-list-testbench-24.1.10.jar;C:\Users\oland\.m2\repository\com\vaadin\vaadin-list-box-testbench\24.1.10\vaadin-list-box-testbench-24.1.10.jar;C:\Users\oland\.m2\repository\com\vaadin\vaadin-login-testbench\24.1.10\vaadin-login-testbench-24.1.10.jar;C:\Users\oland\.m2\repository\com\vaadin\vaadin-menu-bar-testbench\24.1.10\vaadin-menu-bar-testbench-24.1.10.jar;C:\Users\oland\.m2\repository\com\vaadin\vaadin-messages-testbench\24.1.10\vaadin-messages-testbench-24.1.10.jar;C:\Users\oland\.m2\repository\com\vaadin\vaadin-notification-testbench\24.1.10\vaadin-notification-testbench-24.1.10.jar;C:\Users\oland\.m2\repository\com\vaadin\vaadin-ordered-layout-testbench\24.1.10\vaadin-ordered-layout-testbench-24.1.10.jar;C:\Users\oland\.m2\repository\com\vaadin\vaadin-progress-bar-testbench\24.1.10\vaadin-progress-bar-testbench-24.1.10.jar;C:\Users\oland\.m2\repository\com\vaadin\vaadin-radio-button-testbench\24.1.10\vaadin-radio-button-testbench-24.1.10.jar;C:\Users\oland\.m2\repository\com\vaadin\vaadin-rich-text-editor-testbench\24.1.10\vaadin-rich-text-editor-testbench-24.1.10.jar;C:\Users\oland\.m2\repository\com\vaadin\vaadin-select-testbench\24.1.10\vaadin-select-testbench-24.1.10.jar;C:\Users\oland\.m2\repository\com\vaadin\vaadin-split-layout-testbench\24.1.10\vaadin-split-layout-testbench-24.1.10.jar;C:\Users\oland\.m2\repository\com\vaadin\vaadin-tabs-testbench\24.1.10\vaadin-tabs-testbench-24.1.10.jar;C:\Users\oland\.m2\repository\com\vaadin\vaadin-text-field-testbench\24.1.10\vaadin-text-field-testbench-24.1.10.jar;C:\Users\oland\.m2\repository\com\vaadin\vaadin-time-picker-testbench\24.1.10\vaadin-time-picker-testbench-24.1.10.jar;C:\Users\oland\.m2\repository\com\vaadin\vaadin-upload-testbench\24.1.10\vaadin-upload-testbench-24.1.10.jar;C:\Users\oland\.m2\repository\com\flowingcode\addons\carousel\carousel-addon\2.1.2\carousel-addon-2.1.2.jar;C:\Users\oland\.m2\repository\com\vaadin\vaadin-core\24.1.10\vaadin-core-24.1.10.jar;C:\Users\oland\.m2\repository\com\vaadin\vaadin-core-internal\24.1.10\vaadin-core-internal-24.1.10.jar;C:\Users\oland\.m2\repository\com\vaadin\flow-lit-template\24.1.12\flow-lit-template-24.1.12.jar;C:\Users\oland\.m2\repository\com\vaadin\flow-html-components\24.1.12\flow-html-components-24.1.12.jar;C:\Users\oland\.m2\repository\com\vaadin\flow-data\24.1.12\flow-data-24.1.12.jar;C:\Users\oland\.m2\repository\com\vaadin\flow-dnd\24.1.12\flow-dnd-24.1.12.jar;C:\Users\oland\.m2\repository\com\vaadin\vaadin-lumo-theme\24.1.10\vaadin-lumo-theme-24.1.10.jar;C:\Users\oland\.m2\repository\com\vaadin\vaadin-material-theme\24.1.10\vaadin-material-theme-24.1.10.jar;C:\Users\oland\.m2\repository\com\vaadin\vaadin-accordion-flow\24.1.10\vaadin-accordion-flow-24.1.10.jar;C:\Users\oland\.m2\repository\com\vaadin\vaadin-avatar-flow\24.1.10\vaadin-avatar-flow-24.1.10.jar;C:\Users\oland\.m2\repository\com\vaadin\vaadin-button-flow\24.1.10\vaadin-button-flow-24.1.10.jar;C:\Users\oland\.m2\repository\com\vaadin\vaadin-checkbox-flow\24.1.10\vaadin-checkbox-flow-24.1.10.jar;C:\Users\oland\.m2\repository\com\vaadin\vaadin-combo-box-flow\24.1.10\vaadin-combo-box-flow-24.1.10.jar;C:\Users\oland\.m2\repository\com\vaadin\vaadin-confirm-dialog-flow\24.1.10\vaadin-confirm-dialog-flow-24.1.10.jar;C:\Users\oland\.m2\repository\com\vaadin\vaadin-custom-field-flow\24.1.10\vaadin-custom-field-flow-24.1.10.jar;C:\Users\oland\.m2\repository\com\vaadin\vaadin-date-picker-flow\24.1.10\vaadin-date-picker-flow-24.1.10.jar;C:\Users\oland\.m2\repository\com\vaadin\vaadin-date-time-picker-flow\24.1.10\vaadin-date-time-picker-flow-24.1.10.jar;C:\Users\oland\.m2\repository\com\vaadin\vaadin-details-flow\24.1.10\vaadin-details-flow-24.1.10.jar;C:\Users\oland\.m2\repository\com\vaadin\vaadin-time-picker-flow\24.1.10\vaadin-time-picker-flow-24.1.10.jar;C:\Users\oland\.m2\repository\com\vaadin\vaadin-select-flow\24.1.10\vaadin-select-flow-24.1.10.jar;C:\Users\oland\.m2\repository\com\vaadin\vaadin-side-nav-flow\24.1.10\vaadin-side-nav-flow-24.1.10.jar;C:\Users\oland\.m2\repository\com\vaadin\vaadin-dialog-flow\24.1.10\vaadin-dialog-flow-24.1.10.jar;C:\Users\oland\.m2\repository\com\vaadin\vaadin-form-layout-flow\24.1.10\vaadin-form-layout-flow-24.1.10.jar;C:\Users\oland\.m2\repository\com\vaadin\vaadin-field-highlighter-flow\24.1.10\vaadin-field-highlighter-flow-24.1.10.jar;C:\Users\oland\.m2\repository\com\vaadin\vaadin-grid-flow\24.1.10\vaadin-grid-flow-24.1.10.jar;C:\Users\oland\.m2\repository\com\vaadin\vaadin-icons-flow\24.1.10\vaadin-icons-flow-24.1.10.jar;C:\Users\oland\.m2\repository\com\vaadin\vaadin-virtual-list-flow\24.1.10\vaadin-virtual-list-flow-24.1.10.jar;C:\Users\oland\.m2\repository\com\vaadin\vaadin-list-box-flow\24.1.10\vaadin-list-box-flow-24.1.10.jar;C:\Users\oland\.m2\repository\com\vaadin\vaadin-login-flow\24.1.10\vaadin-login-flow-24.1.10.jar;C:\Users\oland\.m2\repository\com\vaadin\vaadin-messages-flow\24.1.10\vaadin-messages-flow-24.1.10.jar;C:\Users\oland\.m2\repository\com\vaadin\vaadin-ordered-layout-flow\24.1.10\vaadin-ordered-layout-flow-24.1.10.jar;C:\Users\oland\.m2\repository\com\vaadin\vaadin-progress-bar-flow\24.1.10\vaadin-progress-bar-flow-24.1.10.jar;C:\Users\oland\.m2\repository\com\vaadin\vaadin-radio-button-flow\24.1.10\vaadin-radio-button-flow-24.1.10.jar;C:\Users\oland\.m2\repository\com\vaadin\vaadin-renderer-flow\24.1.10\vaadin-renderer-flow-24.1.10.jar;C:\Users\oland\.m2\repository\com\vaadin\vaadin-split-layout-flow\24.1.10\vaadin-split-layout-flow-24.1.10.jar;C:\Users\oland\.m2\repository\com\vaadin\vaadin-tabs-flow\24.1.10\vaadin-tabs-flow-24.1.10.jar;C:\Users\oland\.m2\repository\com\vaadin\vaadin-text-field-flow\24.1.10\vaadin-text-field-flow-24.1.10.jar;C:\Users\oland\.m2\repository\com\vaadin\vaadin-upload-flow\24.1.10\vaadin-upload-flow-24.1.10.jar;C:\Users\oland\.m2\repository\com\vaadin\vaadin-notification-flow\24.1.10\vaadin-notification-flow-24.1.10.jar;C:\Users\oland\.m2\repository\com\vaadin\vaadin-app-layout-flow\24.1.10\vaadin-app-layout-flow-24.1.10.jar;C:\Users\oland\.m2\repository\com\vaadin\vaadin-context-menu-flow\24.1.10\vaadin-context-menu-flow-24.1.10.jar;C:\Users\oland\.m2\repository\com\vaadin\vaadin-menu-bar-flow\24.1.10\vaadin-menu-bar-flow-24.1.10.jar;C:\Users\oland\.m2\repository\org\postgresql\postgresql\42.6.0\postgresql-42.6.0.jar;C:\Users\oland\.m2\repository\org\checkerframework\checker-qual\3.31.0\checker-qual-3.31.0.jar;"/>
    <property name="java.vm.vendor" value="Eclipse Adoptium"/>
    <property name="sun.arch.data.model" value="64"/>
    <property name="user.variant" value=""/>
    <property name="spring.devtools.livereload.port" value="35729"/>
    <property name="java.vendor.url" value="https://adoptium.net/"/>
    <property name="user.timezone" value="Europe/Rome"/>
    <property name="org.jboss.logging.provider" value="slf4j"/>
    <property name="os.name" value="Windows 10"/>
    <property name="java.vm.specification.version" value="20"/>
    <property name="sun.java.launcher" value="SUN_STANDARD"/>
    <property name="user.country" value="IT"/>
    <property name="sun.boot.library.path" value="C:\Users\oland\.p2\pool\plugins\org.eclipse.justj.openjdk.hotspot.jre.full.win32.x86_64_20.0.2.v20230801-2057\jre\bin"/>
    <property name="sun.java.command" value="C:\Users\oland\AppData\Local\Temp\surefire6774586246716640764\surefirebooter-20231230144309381_3.jar C:\Users\oland\AppData\Local\Temp\surefire6774586246716640764 2023-12-30T14-43-09_087-jvmRun1 surefire-20231230144309381_1tmp surefire_0-20231230144309381_2tmp"/>
    <property name="jdk.debug" value="release"/>
    <property name="surefire.test.class.path" value="C:\Users\oland\eclipse-workspace\SSD_01-2024_StudyApp\target\test-classes;C:\Users\oland\eclipse-workspace\SSD_01-2024_StudyApp\target\classes;C:\Users\oland\.m2\repository\com\vaadin\vaadin\24.1.10\vaadin-24.1.10.jar;C:\Users\oland\.m2\repository\com\vaadin\vaadin-internal\24.1.10\vaadin-internal-24.1.10.jar;C:\Users\oland\.m2\repository\com\vaadin\vaadin-board-flow\24.1.10\vaadin-board-flow-24.1.10.jar;C:\Users\oland\.m2\repository\com\vaadin\vaadin-charts-flow\24.1.10\vaadin-charts-flow-24.1.10.jar;C:\Users\oland\.m2\repository\com\vaadin\vaadin-cookie-consent-flow\24.1.10\vaadin-cookie-consent-flow-24.1.10.jar;C:\Users\oland\.m2\repository\com\vaadin\vaadin-crud-flow\24.1.10\vaadin-crud-flow-24.1.10.jar;C:\Users\oland\.m2\repository\com\vaadin\vaadin-flow-components-base\24.1.10\vaadin-flow-components-base-24.1.10.jar;C:\Users\oland\.m2\repository\com\vaadin\vaadin-grid-pro-flow\24.1.10\vaadin-grid-pro-flow-24.1.10.jar;C:\Users\oland\.m2\repository\com\vaadin\vaadin-map-flow\24.1.10\vaadin-map-flow-24.1.10.jar;C:\Users\oland\.m2\repository\com\vaadin\vaadin-rich-text-editor-flow\24.1.10\vaadin-rich-text-editor-flow-24.1.10.jar;C:\Users\oland\.m2\repository\com\vaadin\collaboration-engine\6.0.0\collaboration-engine-6.0.0.jar;C:\Users\oland\.m2\repository\com\fasterxml\jackson\core\jackson-databind\2.15.2\jackson-databind-2.15.2.jar;C:\Users\oland\.m2\repository\com\fasterxml\jackson\core\jackson-annotations\2.15.2\jackson-annotations-2.15.2.jar;C:\Users\oland\.m2\repository\com\fasterxml\jackson\datatype\jackson-datatype-jsr310\2.15.2\jackson-datatype-jsr310-2.15.2.jar;C:\Users\oland\.m2\repository\org\springframework\boot\spring-boot-starter-mail\3.1.2\spring-boot-starter-mail-3.1.2.jar;C:\Users\oland\.m2\repository\org\springframework\boot\spring-boot-starter\3.1.2\spring-boot-starter-3.1.2.jar;C:\Users\oland\.m2\repository\org\springframework\boot\spring-boot-starter-logging\3.1.2\spring-boot-starter-logging-3.1.2.jar;C:\Users\oland\.m2\repository\ch\qos\logback\logback-classic\1.4.8\logback-classic-1.4.8.jar;C:\Users\oland\.m2\repository\ch\qos\logback\logback-core\1.4.8\logback-core-1.4.8.jar;C:\Users\oland\.m2\repository\org\apache\logging\log4j\log4j-to-slf4j\2.20.0\log4j-to-slf4j-2.20.0.jar;C:\Users\oland\.m2\repository\org\apache\logging\log4j\log4j-api\2.20.0\log4j-api-2.20.0.jar;C:\Users\oland\.m2\repository\org\slf4j\jul-to-slf4j\2.0.7\jul-to-slf4j-2.0.7.jar;C:\Users\oland\.m2\repository\jakarta\annotation\jakarta.annotation-api\2.1.1\jakarta.annotation-api-2.1.1.jar;C:\Users\oland\.m2\repository\org\yaml\snakeyaml\1.33\snakeyaml-1.33.jar;C:\Users\oland\.m2\repository\org\springframework\spring-context-support\6.0.11\spring-context-support-6.0.11.jar;C:\Users\oland\.m2\repository\org\springframework\spring-beans\6.0.11\spring-beans-6.0.11.jar;C:\Users\oland\.m2\repository\org\springframework\spring-context\6.0.11\spring-context-6.0.11.jar;C:\Users\oland\.m2\repository\org\eclipse\angus\jakarta.mail\1.1.0\jakarta.mail-1.1.0.jar;C:\Users\oland\.m2\repository\jakarta\activation\jakarta.activation-api\2.1.2\jakarta.activation-api-2.1.2.jar;C:\Users\oland\.m2\repository\org\eclipse\angus\angus-activation\2.0.1\angus-activation-2.0.1.jar;C:\Users\oland\.m2\repository\com\vaadin\vaadin-spring-boot-starter\24.1.10\vaadin-spring-boot-starter-24.1.10.jar;C:\Users\oland\.m2\repository\com\vaadin\vaadin-spring\24.1.12\vaadin-spring-24.1.12.jar;C:\Users\oland\.m2\repository\com\vaadin\flow-server\24.1.12\flow-server-24.1.12.jar;C:\Users\oland\.m2\repository\com\vaadin\servletdetector\throw-if-servlet3\1.0.2\throw-if-servlet3-1.0.2.jar;C:\Users\oland\.m2\repository\com\vaadin\flow-commons-upload\24.1.12\flow-commons-upload-24.1.12.jar;C:\Users\oland\.m2\repository\com\fasterxml\jackson\core\jackson-core\2.15.2\jackson-core-2.15.2.jar;C:\Users\oland\.m2\repository\org\jsoup\jsoup\1.16.1\jsoup-1.16.1.jar;C:\Users\oland\.m2\repository\com\helger\ph-css\7.0.0\ph-css-7.0.0.jar;C:\Users\oland\.m2\repository\com\helger\commons\ph-commons\11.0.1\ph-commons-11.0.1.jar;C:\Users\oland\.m2\repository\org\ow2\asm\asm\9.5\asm-9.5.jar;C:\Users\oland\.m2\repository\com\vaadin\external\gentyref\1.2.0.vaadin1\gentyref-1.2.0.vaadin1.jar;C:\Users\oland\.m2\repository\org\apache\commons\commons-compress\1.24.0\commons-compress-1.24.0.jar;C:\Users\oland\.m2\repository\org\apache\httpcomponents\httpclient\4.5.14\httpclient-4.5.14.jar;C:\Users\oland\.m2\repository\org\apache\httpcomponents\httpcore\4.4.16\httpcore-4.4.16.jar;C:\Users\oland\.m2\repository\commons-logging\commons-logging\1.2\commons-logging-1.2.jar;C:\Users\oland\.m2\repository\com\vaadin\flow-push\24.1.12\flow-push-24.1.12.jar;C:\Users\oland\.m2\repository\com\vaadin\external\atmosphere\atmosphere-runtime\3.0.3.slf4jvaadin1\atmosphere-runtime-3.0.3.slf4jvaadin1.jar;C:\Users\oland\.m2\repository\com\vaadin\flow-client\24.1.12\flow-client-24.1.12.jar;C:\Users\oland\.m2\repository\org\springframework\spring-webmvc\6.0.11\spring-webmvc-6.0.11.jar;C:\Users\oland\.m2\repository\org\springframework\spring-websocket\6.0.11\spring-websocket-6.0.11.jar;C:\Users\oland\.m2\repository\org\reflections\reflections\0.10.2\reflections-0.10.2.jar;C:\Users\oland\.m2\repository\com\google\code\findbugs\jsr305\3.0.2\jsr305-3.0.2.jar;C:\Users\oland\.m2\repository\org\springframework\boot\spring-boot-starter-web\3.1.2\spring-boot-starter-web-3.1.2.jar;C:\Users\oland\.m2\repository\org\springframework\boot\spring-boot-starter-json\3.1.2\spring-boot-starter-json-3.1.2.jar;C:\Users\oland\.m2\repository\com\fasterxml\jackson\datatype\jackson-datatype-jdk8\2.15.2\jackson-datatype-jdk8-2.15.2.jar;C:\Users\oland\.m2\repository\com\fasterxml\jackson\module\jackson-module-parameter-names\2.15.2\jackson-module-parameter-names-2.15.2.jar;C:\Users\oland\.m2\repository\org\springframework\boot\spring-boot-starter-tomcat\3.1.2\spring-boot-starter-tomcat-3.1.2.jar;C:\Users\oland\.m2\repository\org\springframework\spring-web\6.0.11\spring-web-6.0.11.jar;C:\Users\oland\.m2\repository\org\apache\tomcat\embed\tomcat-embed-core\10.1.11\tomcat-embed-core-10.1.11.jar;C:\Users\oland\.m2\repository\org\apache\tomcat\tomcat-annotations-api\10.1.11\tomcat-annotations-api-10.1.11.jar;C:\Users\oland\.m2\repository\org\apache\tomcat\embed\tomcat-embed-websocket\10.1.11\tomcat-embed-websocket-10.1.11.jar;C:\Users\oland\.m2\repository\org\springframework\boot\spring-boot-starter-security\3.1.2\spring-boot-starter-security-3.1.2.jar;C:\Users\oland\.m2\repository\org\springframework\spring-aop\6.0.11\spring-aop-6.0.11.jar;C:\Users\oland\.m2\repository\org\springframework\security\spring-security-config\6.1.2\spring-security-config-6.1.2.jar;C:\Users\oland\.m2\repository\org\springframework\security\spring-security-web\6.1.2\spring-security-web-6.1.2.jar;C:\Users\oland\.m2\repository\org\springframework\spring-expression\6.0.11\spring-expression-6.0.11.jar;C:\Users\oland\.m2\repository\org\springframework\security\spring-security-test\6.1.2\spring-security-test-6.1.2.jar;C:\Users\oland\.m2\repository\org\springframework\security\spring-security-core\6.1.2\spring-security-core-6.1.2.jar;C:\Users\oland\.m2\repository\org\springframework\security\spring-security-crypto\6.1.2\spring-security-crypto-6.1.2.jar;C:\Users\oland\.m2\repository\io\micrometer\micrometer-observation\1.11.2\micrometer-observation-1.11.2.jar;C:\Users\oland\.m2\repository\io\micrometer\micrometer-commons\1.11.2\micrometer-commons-1.11.2.jar;C:\Users\oland\.m2\repository\org\springframework\spring-core\6.0.11\spring-core-6.0.11.jar;C:\Users\oland\.m2\repository\org\springframework\spring-jcl\6.0.11\spring-jcl-6.0.11.jar;C:\Users\oland\.m2\repository\org\springframework\spring-test\6.0.11\spring-test-6.0.11.jar;C:\Users\oland\.m2\repository\org\parttio\line-awesome\1.1.0\line-awesome-1.1.0.jar;C:\Users\oland\.m2\repository\com\h2database\h2\2.1.214\h2-2.1.214.jar;C:\Users\oland\.m2\repository\org\vaadin\stefan\fullcalendar2\6.0.2\fullcalendar2-6.0.2.jar;C:\Users\oland\.m2\repository\org\apache\commons\commons-text\1.10.0\commons-text-1.10.0.jar;C:\Users\oland\.m2\repository\org\apache\commons\commons-lang3\3.12.0\commons-lang3-3.12.0.jar;C:\Users\oland\.m2\repository\org\springframework\boot\spring-boot-starter-data-jpa\3.1.2\spring-boot-starter-data-jpa-3.1.2.jar;C:\Users\oland\.m2\repository\org\springframework\boot\spring-boot-starter-aop\3.1.2\spring-boot-starter-aop-3.1.2.jar;C:\Users\oland\.m2\repository\org\aspectj\aspectjweaver\1.9.19\aspectjweaver-1.9.19.jar;C:\Users\oland\.m2\repository\org\springframework\boot\spring-boot-starter-jdbc\3.1.2\spring-boot-starter-jdbc-3.1.2.jar;C:\Users\oland\.m2\repository\com\zaxxer\HikariCP\5.0.1\HikariCP-5.0.1.jar;C:\Users\oland\.m2\repository\org\springframework\spring-jdbc\6.0.11\spring-jdbc-6.0.11.jar;C:\Users\oland\.m2\repository\org\hibernate\orm\hibernate-core\6.2.6.Final\hibernate-core-6.2.6.Final.jar;C:\Users\oland\.m2\repository\jakarta\persistence\jakarta.persistence-api\3.1.0\jakarta.persistence-api-3.1.0.jar;C:\Users\oland\.m2\repository\jakarta\transaction\jakarta.transaction-api\2.0.1\jakarta.transaction-api-2.0.1.jar;C:\Users\oland\.m2\repository\org\jboss\logging\jboss-logging\3.5.3.Final\jboss-logging-3.5.3.Final.jar;C:\Users\oland\.m2\repository\org\hibernate\common\hibernate-commons-annotations\6.0.6.Final\hibernate-commons-annotations-6.0.6.Final.jar;C:\Users\oland\.m2\repository\io\smallrye\jandex\3.0.5\jandex-3.0.5.jar;C:\Users\oland\.m2\repository\com\fasterxml\classmate\1.5.1\classmate-1.5.1.jar;C:\Users\oland\.m2\repository\net\bytebuddy\byte-buddy\1.14.5\byte-buddy-1.14.5.jar;C:\Users\oland\.m2\repository\org\glassfish\jaxb\jaxb-runtime\4.0.3\jaxb-runtime-4.0.3.jar;C:\Users\oland\.m2\repository\org\glassfish\jaxb\jaxb-core\4.0.3\jaxb-core-4.0.3.jar;C:\Users\oland\.m2\repository\org\glassfish\jaxb\txw2\4.0.3\txw2-4.0.3.jar;C:\Users\oland\.m2\repository\com\sun\istack\istack-commons-runtime\4.1.2\istack-commons-runtime-4.1.2.jar;C:\Users\oland\.m2\repository\jakarta\inject\jakarta.inject-api\2.0.1\jakarta.inject-api-2.0.1.jar;C:\Users\oland\.m2\repository\org\antlr\antlr4-runtime\4.10.1\antlr4-runtime-4.10.1.jar;C:\Users\oland\.m2\repository\org\springframework\data\spring-data-jpa\3.1.2\spring-data-jpa-3.1.2.jar;C:\Users\oland\.m2\repository\org\springframework\data\spring-data-commons\3.1.2\spring-data-commons-3.1.2.jar;C:\Users\oland\.m2\repository\org\springframework\spring-orm\6.0.11\spring-orm-6.0.11.jar;C:\Users\oland\.m2\repository\org\springframework\spring-tx\6.0.11\spring-tx-6.0.11.jar;C:\Users\oland\.m2\repository\org\slf4j\slf4j-api\2.0.7\slf4j-api-2.0.7.jar;C:\Users\oland\.m2\repository\org\springframework\spring-aspects\6.0.11\spring-aspects-6.0.11.jar;C:\Users\oland\.m2\repository\org\springframework\boot\spring-boot-starter-validation\3.1.2\spring-boot-starter-validation-3.1.2.jar;C:\Users\oland\.m2\repository\org\apache\tomcat\embed\tomcat-embed-el\10.1.11\tomcat-embed-el-10.1.11.jar;C:\Users\oland\.m2\repository\org\hibernate\validator\hibernate-validator\8.0.1.Final\hibernate-validator-8.0.1.Final.jar;C:\Users\oland\.m2\repository\jakarta\validation\jakarta.validation-api\3.0.2\jakarta.validation-api-3.0.2.jar;C:\Users\oland\.m2\repository\org\springframework\boot\spring-boot-devtools\3.1.2\spring-boot-devtools-3.1.2.jar;C:\Users\oland\.m2\repository\org\springframework\boot\spring-boot\3.1.2\spring-boot-3.1.2.jar;C:\Users\oland\.m2\repository\org\springframework\boot\spring-boot-autoconfigure\3.1.2\spring-boot-autoconfigure-3.1.2.jar;C:\Users\oland\.m2\repository\org\springframework\boot\spring-boot-starter-test\3.1.2\spring-boot-starter-test-3.1.2.jar;C:\Users\oland\.m2\repository\org\springframework\boot\spring-boot-test\3.1.2\spring-boot-test-3.1.2.jar;C:\Users\oland\.m2\repository\org\springframework\boot\spring-boot-test-autoconfigure\3.1.2\spring-boot-test-autoconfigure-3.1.2.jar;C:\Users\oland\.m2\repository\com\jayway\jsonpath\json-path\2.8.0\json-path-2.8.0.jar;C:\Users\oland\.m2\repository\jakarta\xml\bind\jakarta.xml.bind-api\4.0.0\jakarta.xml.bind-api-4.0.0.jar;C:\Users\oland\.m2\repository\net\minidev\json-smart\2.4.11\json-smart-2.4.11.jar;C:\Users\oland\.m2\repository\net\minidev\accessors-smart\2.4.11\accessors-smart-2.4.11.jar;C:\Users\oland\.m2\repository\org\assertj\assertj-core\3.24.2\assertj-core-3.24.2.jar;C:\Users\oland\.m2\repository\org\hamcrest\hamcrest\2.2\hamcrest-2.2.jar;C:\Users\oland\.m2\repository\org\junit\jupiter\junit-jupiter\5.9.3\junit-jupiter-5.9.3.jar;C:\Users\oland\.m2\repository\org\junit\jupiter\junit-jupiter-api\5.9.3\junit-jupiter-api-5.9.3.jar;C:\Users\oland\.m2\repository\org\opentest4j\opentest4j\1.2.0\opentest4j-1.2.0.jar;C:\Users\oland\.m2\repository\org\junit\platform\junit-platform-commons\1.9.3\junit-platform-commons-1.9.3.jar;C:\Users\oland\.m2\repository\org\apiguardian\apiguardian-api\1.1.2\apiguardian-api-1.1.2.jar;C:\Users\oland\.m2\repository\org\junit\jupiter\junit-jupiter-params\5.9.3\junit-jupiter-params-5.9.3.jar;C:\Users\oland\.m2\repository\org\junit\jupiter\junit-jupiter-engine\5.9.3\junit-jupiter-engine-5.9.3.jar;C:\Users\oland\.m2\repository\org\mockito\mockito-core\5.3.1\mockito-core-5.3.1.jar;C:\Users\oland\.m2\repository\net\bytebuddy\byte-buddy-agent\1.14.5\byte-buddy-agent-1.14.5.jar;C:\Users\oland\.m2\repository\org\objenesis\objenesis\3.3\objenesis-3.3.jar;C:\Users\oland\.m2\repository\org\mockito\mockito-junit-jupiter\5.3.1\mockito-junit-jupiter-5.3.1.jar;C:\Users\oland\.m2\repository\org\skyscreamer\jsonassert\1.5.1\jsonassert-1.5.1.jar;C:\Users\oland\.m2\repository\com\vaadin\external\google\android-json\0.0.20131108.vaadin1\android-json-0.0.20131108.vaadin1.jar;C:\Users\oland\.m2\repository\org\xmlunit\xmlunit-core\2.9.1\xmlunit-core-2.9.1.jar;C:\Users\oland\.m2\repository\com\vaadin\vaadin-testbench-junit5\24.1.10\vaadin-testbench-junit5-24.1.10.jar;C:\Users\oland\.m2\repository\com\vaadin\vaadin-testbench-core-junit5\9.0.7\vaadin-testbench-core-junit5-9.0.7.jar;C:\Users\oland\.m2\repository\commons-io\commons-io\2.11.0\commons-io-2.11.0.jar;C:\Users\oland\.m2\repository\commons-codec\commons-codec\1.15\commons-codec-1.15.jar;C:\Users\oland\.m2\repository\org\seleniumhq\selenium\selenium-remote-driver\4.11.0\selenium-remote-driver-4.11.0.jar;C:\Users\oland\.m2\repository\com\google\auto\service\auto-service-annotations\1.0.1\auto-service-annotations-1.0.1.jar;C:\Users\oland\.m2\repository\com\google\guava\guava\31.1-jre\guava-31.1-jre.jar;C:\Users\oland\.m2\repository\com\google\guava\failureaccess\1.0.1\failureaccess-1.0.1.jar;C:\Users\oland\.m2\repository\com\google\guava\listenablefuture\9999.0-empty-to-avoid-conflict-with-guava\listenablefuture-9999.0-empty-to-avoid-conflict-with-guava.jar;C:\Users\oland\.m2\repository\com\google\errorprone\error_prone_annotations\2.11.0\error_prone_annotations-2.11.0.jar;C:\Users\oland\.m2\repository\com\google\j2objc\j2objc-annotations\1.3\j2objc-annotations-1.3.jar;C:\Users\oland\.m2\repository\io\netty\netty-buffer\4.1.94.Final\netty-buffer-4.1.94.Final.jar;C:\Users\oland\.m2\repository\io\netty\netty-codec-http\4.1.94.Final\netty-codec-http-4.1.94.Final.jar;C:\Users\oland\.m2\repository\io\netty\netty-codec\4.1.94.Final\netty-codec-4.1.94.Final.jar;C:\Users\oland\.m2\repository\io\netty\netty-handler\4.1.94.Final\netty-handler-4.1.94.Final.jar;C:\Users\oland\.m2\repository\io\netty\netty-common\4.1.94.Final\netty-common-4.1.94.Final.jar;C:\Users\oland\.m2\repository\io\netty\netty-transport-classes-epoll\4.1.94.Final\netty-transport-classes-epoll-4.1.94.Final.jar;C:\Users\oland\.m2\repository\io\netty\netty-transport-classes-kqueue\4.1.94.Final\netty-transport-classes-kqueue-4.1.94.Final.jar;C:\Users\oland\.m2\repository\io\netty\netty-transport-native-epoll\4.1.94.Final\netty-transport-native-epoll-4.1.94.Final.jar;C:\Users\oland\.m2\repository\io\netty\netty-transport-native-kqueue\4.1.94.Final\netty-transport-native-kqueue-4.1.94.Final.jar;C:\Users\oland\.m2\repository\io\netty\netty-transport-native-unix-common\4.1.94.Final\netty-transport-native-unix-common-4.1.94.Final.jar;C:\Users\oland\.m2\repository\io\netty\netty-transport\4.1.94.Final\netty-transport-4.1.94.Final.jar;C:\Users\oland\.m2\repository\io\netty\netty-resolver\4.1.94.Final\netty-resolver-4.1.94.Final.jar;C:\Users\oland\.m2\repository\io\opentelemetry\opentelemetry-api\1.25.0\opentelemetry-api-1.25.0.jar;C:\Users\oland\.m2\repository\io\opentelemetry\opentelemetry-context\1.25.0\opentelemetry-context-1.25.0.jar;C:\Users\oland\.m2\repository\io\opentelemetry\opentelemetry-exporter-logging\1.25.0\opentelemetry-exporter-logging-1.25.0.jar;C:\Users\oland\.m2\repository\io\opentelemetry\opentelemetry-sdk-metrics\1.25.0\opentelemetry-sdk-metrics-1.25.0.jar;C:\Users\oland\.m2\repository\io\opentelemetry\opentelemetry-sdk-logs\1.25.0-alpha\opentelemetry-sdk-logs-1.25.0-alpha.jar;C:\Users\oland\.m2\repository\io\opentelemetry\opentelemetry-api-logs\1.25.0-alpha\opentelemetry-api-logs-1.25.0-alpha.jar;C:\Users\oland\.m2\repository\io\opentelemetry\opentelemetry-api-events\1.25.0-alpha\opentelemetry-api-events-1.25.0-alpha.jar;C:\Users\oland\.m2\repository\io\opentelemetry\opentelemetry-sdk-common\1.25.0\opentelemetry-sdk-common-1.25.0.jar;C:\Users\oland\.m2\repository\io\opentelemetry\opentelemetry-sdk-extension-autoconfigure-spi\1.25.0\opentelemetry-sdk-extension-autoconfigure-spi-1.25.0.jar;C:\Users\oland\.m2\repository\io\opentelemetry\opentelemetry-sdk-extension-autoconfigure\1.26.0-alpha\opentelemetry-sdk-extension-autoconfigure-1.26.0-alpha.jar;C:\Users\oland\.m2\repository\io\opentelemetry\opentelemetry-sdk-trace\1.25.0\opentelemetry-sdk-trace-1.25.0.jar;C:\Users\oland\.m2\repository\io\opentelemetry\opentelemetry-sdk\1.25.0\opentelemetry-sdk-1.25.0.jar;C:\Users\oland\.m2\repository\io\opentelemetry\opentelemetry-semconv\1.26.0-alpha\opentelemetry-semconv-1.26.0-alpha.jar;C:\Users\oland\.m2\repository\org\apache\commons\commons-exec\1.3\commons-exec-1.3.jar;C:\Users\oland\.m2\repository\org\asynchttpclient\async-http-client\2.12.3\async-http-client-2.12.3.jar;C:\Users\oland\.m2\repository\org\asynchttpclient\async-http-client-netty-utils\2.12.3\async-http-client-netty-utils-2.12.3.jar;C:\Users\oland\.m2\repository\io\netty\netty-codec-socks\4.1.94.Final\netty-codec-socks-4.1.94.Final.jar;C:\Users\oland\.m2\repository\io\netty\netty-handler-proxy\4.1.94.Final\netty-handler-proxy-4.1.94.Final.jar;C:\Users\oland\.m2\repository\io\netty\netty-transport-native-epoll\4.1.94.Final\netty-transport-native-epoll-4.1.94.Final-linux-x86_64.jar;C:\Users\oland\.m2\repository\io\netty\netty-transport-native-kqueue\4.1.94.Final\netty-transport-native-kqueue-4.1.94.Final-osx-x86_64.jar;C:\Users\oland\.m2\repository\org\reactivestreams\reactive-streams\1.0.4\reactive-streams-1.0.4.jar;C:\Users\oland\.m2\repository\com\typesafe\netty\netty-reactive-streams\2.0.4\netty-reactive-streams-2.0.4.jar;C:\Users\oland\.m2\repository\com\sun\activation\jakarta.activation\1.2.2\jakarta.activation-1.2.2.jar;C:\Users\oland\.m2\repository\org\seleniumhq\selenium\selenium-api\4.11.0\selenium-api-4.11.0.jar;C:\Users\oland\.m2\repository\org\seleniumhq\selenium\selenium-http\4.11.0\selenium-http-4.11.0.jar;C:\Users\oland\.m2\repository\dev\failsafe\failsafe\3.3.1\failsafe-3.3.1.jar;C:\Users\oland\.m2\repository\org\seleniumhq\selenium\selenium-json\4.11.0\selenium-json-4.11.0.jar;C:\Users\oland\.m2\repository\org\seleniumhq\selenium\selenium-manager\4.11.0\selenium-manager-4.11.0.jar;C:\Users\oland\.m2\repository\org\seleniumhq\selenium\selenium-java\4.11.0\selenium-java-4.11.0.jar;C:\Users\oland\.m2\repository\org\seleniumhq\selenium\selenium-chrome-driver\4.11.0\selenium-chrome-driver-4.11.0.jar;C:\Users\oland\.m2\repository\org\seleniumhq\selenium\selenium-chromium-driver\4.11.0\selenium-chromium-driver-4.11.0.jar;C:\Users\oland\.m2\repository\org\seleniumhq\selenium\selenium-devtools-v113\4.11.0\selenium-devtools-v113-4.11.0.jar;C:\Users\oland\.m2\repository\org\seleniumhq\selenium\selenium-devtools-v114\4.11.0\selenium-devtools-v114-4.11.0.jar;C:\Users\oland\.m2\repository\org\seleniumhq\selenium\selenium-devtools-v115\4.11.0\selenium-devtools-v115-4.11.0.jar;C:\Users\oland\.m2\repository\org\seleniumhq\selenium\selenium-devtools-v85\4.8.3\selenium-devtools-v85-4.8.3.jar;C:\Users\oland\.m2\repository\com\google\auto\service\auto-service\1.0.1\auto-service-1.0.1.jar;C:\Users\oland\.m2\repository\com\google\auto\auto-common\1.2\auto-common-1.2.jar;C:\Users\oland\.m2\repository\org\seleniumhq\selenium\selenium-edge-driver\4.11.0\selenium-edge-driver-4.11.0.jar;C:\Users\oland\.m2\repository\org\seleniumhq\selenium\selenium-firefox-driver\4.11.0\selenium-firefox-driver-4.11.0.jar;C:\Users\oland\.m2\repository\org\seleniumhq\selenium\selenium-ie-driver\4.11.0\selenium-ie-driver-4.11.0.jar;C:\Users\oland\.m2\repository\org\seleniumhq\selenium\selenium-safari-driver\4.11.0\selenium-safari-driver-4.11.0.jar;C:\Users\oland\.m2\repository\org\seleniumhq\selenium\selenium-support\4.11.0\selenium-support-4.11.0.jar;C:\Users\oland\.m2\repository\org\junit\platform\junit-platform-engine\1.9.3\junit-platform-engine-1.9.3.jar;C:\Users\oland\.m2\repository\org\javassist\javassist\3.28.0-GA\javassist-3.28.0-GA.jar;C:\Users\oland\.m2\repository\com\vaadin\license-checker\1.12.3\license-checker-1.12.3.jar;C:\Users\oland\.m2\repository\com\github\oshi\oshi-core\6.4.1\oshi-core-6.4.1.jar;C:\Users\oland\.m2\repository\net\java\dev\jna\jna\5.13.0\jna-5.13.0.jar;C:\Users\oland\.m2\repository\net\java\dev\jna\jna-platform\5.13.0\jna-platform-5.13.0.jar;C:\Users\oland\.m2\repository\com\nimbusds\nimbus-jose-jwt\9.31\nimbus-jose-jwt-9.31.jar;C:\Users\oland\.m2\repository\org\lucee\jcip-annotations\1.0.0\jcip-annotations-1.0.0.jar;C:\Users\oland\.m2\repository\com\vaadin\open\8.5.0\open-8.5.0.jar;C:\Users\oland\.m2\repository\com\vaadin\external\gwt\gwt-elemental\2.8.2.vaadin2\gwt-elemental-2.8.2.vaadin2.jar;C:\Users\oland\.m2\repository\com\vaadin\vaadin-testbench-unit-junit5\9.0.7\vaadin-testbench-unit-junit5-9.0.7.jar;C:\Users\oland\.m2\repository\com\vaadin\vaadin-testbench-unit-shared\9.0.7\vaadin-testbench-unit-shared-9.0.7.jar;C:\Users\oland\.m2\repository\io\github\classgraph\classgraph\4.8.146\classgraph-4.8.146.jar;C:\Users\oland\.m2\repository\jakarta\servlet\jakarta.servlet-api\6.0.0\jakarta.servlet-api-6.0.0.jar;C:\Users\oland\.m2\repository\org\jetbrains\kotlin\kotlin-stdlib-jdk8\1.8.22\kotlin-stdlib-jdk8-1.8.22.jar;C:\Users\oland\.m2\repository\org\jetbrains\kotlin\kotlin-stdlib\1.8.22\kotlin-stdlib-1.8.22.jar;C:\Users\oland\.m2\repository\org\jetbrains\kotlin\kotlin-stdlib-common\1.8.22\kotlin-stdlib-common-1.8.22.jar;C:\Users\oland\.m2\repository\org\jetbrains\annotations\13.0\annotations-13.0.jar;C:\Users\oland\.m2\repository\org\jetbrains\kotlin\kotlin-stdlib-jdk7\1.8.22\kotlin-stdlib-jdk7-1.8.22.jar;C:\Users\oland\.m2\repository\org\jetbrains\kotlin\kotlin-reflect\1.8.22\kotlin-reflect-1.8.22.jar;C:\Users\oland\.m2\repository\com\vaadin\vaadin-testbench-shared\9.0.7\vaadin-testbench-shared-9.0.7.jar;C:\Users\oland\.m2\repository\org\seleniumhq\selenium\selenium-http-jdk-client\4.11.0\selenium-http-jdk-client-4.11.0.jar;C:\Users\oland\.m2\repository\com\vaadin\flow-html-components-testbench\24.1.12\flow-html-components-testbench-24.1.12.jar;C:\Users\oland\.m2\repository\com\vaadin\vaadin-accordion-testbench\24.1.10\vaadin-accordion-testbench-24.1.10.jar;C:\Users\oland\.m2\repository\com\vaadin\vaadin-app-layout-testbench\24.1.10\vaadin-app-layout-testbench-24.1.10.jar;C:\Users\oland\.m2\repository\com\vaadin\vaadin-avatar-testbench\24.1.10\vaadin-avatar-testbench-24.1.10.jar;C:\Users\oland\.m2\repository\com\vaadin\vaadin-board-testbench\24.1.10\vaadin-board-testbench-24.1.10.jar;C:\Users\oland\.m2\repository\com\vaadin\vaadin-button-testbench\24.1.10\vaadin-button-testbench-24.1.10.jar;C:\Users\oland\.m2\repository\com\vaadin\vaadin-charts-testbench\24.1.10\vaadin-charts-testbench-24.1.10.jar;C:\Users\oland\.m2\repository\com\vaadin\vaadin-checkbox-testbench\24.1.10\vaadin-checkbox-testbench-24.1.10.jar;C:\Users\oland\.m2\repository\com\vaadin\vaadin-combo-box-testbench\24.1.10\vaadin-combo-box-testbench-24.1.10.jar;C:\Users\oland\.m2\repository\com\vaadin\vaadin-confirm-dialog-testbench\24.1.10\vaadin-confirm-dialog-testbench-24.1.10.jar;C:\Users\oland\.m2\repository\com\vaadin\vaadin-context-menu-testbench\24.1.10\vaadin-context-menu-testbench-24.1.10.jar;C:\Users\oland\.m2\repository\com\vaadin\vaadin-cookie-consent-testbench\24.1.10\vaadin-cookie-consent-testbench-24.1.10.jar;C:\Users\oland\.m2\repository\com\vaadin\vaadin-crud-testbench\24.1.10\vaadin-crud-testbench-24.1.10.jar;C:\Users\oland\.m2\repository\com\vaadin\vaadin-custom-field-testbench\24.1.10\vaadin-custom-field-testbench-24.1.10.jar;C:\Users\oland\.m2\repository\com\vaadin\vaadin-date-picker-testbench\24.1.10\vaadin-date-picker-testbench-24.1.10.jar;C:\Users\oland\.m2\repository\com\vaadin\vaadin-date-time-picker-testbench\24.1.10\vaadin-date-time-picker-testbench-24.1.10.jar;C:\Users\oland\.m2\repository\com\vaadin\vaadin-details-testbench\24.1.10\vaadin-details-testbench-24.1.10.jar;C:\Users\oland\.m2\repository\com\vaadin\vaadin-dialog-testbench\24.1.10\vaadin-dialog-testbench-24.1.10.jar;C:\Users\oland\.m2\repository\com\vaadin\vaadin-form-layout-testbench\24.1.10\vaadin-form-layout-testbench-24.1.10.jar;C:\Users\oland\.m2\repository\com\vaadin\vaadin-grid-testbench\24.1.10\vaadin-grid-testbench-24.1.10.jar;C:\Users\oland\.m2\repository\com\vaadin\vaadin-grid-pro-testbench\24.1.10\vaadin-grid-pro-testbench-24.1.10.jar;C:\Users\oland\.m2\repository\com\vaadin\vaadin-icons-testbench\24.1.10\vaadin-icons-testbench-24.1.10.jar;C:\Users\oland\.m2\repository\com\vaadin\vaadin-virtual-list-testbench\24.1.10\vaadin-virtual-list-testbench-24.1.10.jar;C:\Users\oland\.m2\repository\com\vaadin\vaadin-list-box-testbench\24.1.10\vaadin-list-box-testbench-24.1.10.jar;C:\Users\oland\.m2\repository\com\vaadin\vaadin-login-testbench\24.1.10\vaadin-login-testbench-24.1.10.jar;C:\Users\oland\.m2\repository\com\vaadin\vaadin-menu-bar-testbench\24.1.10\vaadin-menu-bar-testbench-24.1.10.jar;C:\Users\oland\.m2\repository\com\vaadin\vaadin-messages-testbench\24.1.10\vaadin-messages-testbench-24.1.10.jar;C:\Users\oland\.m2\repository\com\vaadin\vaadin-notification-testbench\24.1.10\vaadin-notification-testbench-24.1.10.jar;C:\Users\oland\.m2\repository\com\vaadin\vaadin-ordered-layout-testbench\24.1.10\vaadin-ordered-layout-testbench-24.1.10.jar;C:\Users\oland\.m2\repository\com\vaadin\vaadin-progress-bar-testbench\24.1.10\vaadin-progress-bar-testbench-24.1.10.jar;C:\Users\oland\.m2\repository\com\vaadin\vaadin-radio-button-testbench\24.1.10\vaadin-radio-button-testbench-24.1.10.jar;C:\Users\oland\.m2\repository\com\vaadin\vaadin-rich-text-editor-testbench\24.1.10\vaadin-rich-text-editor-testbench-24.1.10.jar;C:\Users\oland\.m2\repository\com\vaadin\vaadin-select-testbench\24.1.10\vaadin-select-testbench-24.1.10.jar;C:\Users\oland\.m2\repository\com\vaadin\vaadin-split-layout-testbench\24.1.10\vaadin-split-layout-testbench-24.1.10.jar;C:\Users\oland\.m2\repository\com\vaadin\vaadin-tabs-testbench\24.1.10\vaadin-tabs-testbench-24.1.10.jar;C:\Users\oland\.m2\repository\com\vaadin\vaadin-text-field-testbench\24.1.10\vaadin-text-field-testbench-24.1.10.jar;C:\Users\oland\.m2\repository\com\vaadin\vaadin-time-picker-testbench\24.1.10\vaadin-time-picker-testbench-24.1.10.jar;C:\Users\oland\.m2\repository\com\vaadin\vaadin-upload-testbench\24.1.10\vaadin-upload-testbench-24.1.10.jar;C:\Users\oland\.m2\repository\com\flowingcode\addons\carousel\carousel-addon\2.1.2\carousel-addon-2.1.2.jar;C:\Users\oland\.m2\repository\com\vaadin\vaadin-core\24.1.10\vaadin-core-24.1.10.jar;C:\Users\oland\.m2\repository\com\vaadin\vaadin-core-internal\24.1.10\vaadin-core-internal-24.1.10.jar;C:\Users\oland\.m2\repository\com\vaadin\flow-lit-template\24.1.12\flow-lit-template-24.1.12.jar;C:\Users\oland\.m2\repository\com\vaadin\flow-html-components\24.1.12\flow-html-components-24.1.12.jar;C:\Users\oland\.m2\repository\com\vaadin\flow-data\24.1.12\flow-data-24.1.12.jar;C:\Users\oland\.m2\repository\com\vaadin\flow-dnd\24.1.12\flow-dnd-24.1.12.jar;C:\Users\oland\.m2\repository\com\vaadin\vaadin-lumo-theme\24.1.10\vaadin-lumo-theme-24.1.10.jar;C:\Users\oland\.m2\repository\com\vaadin\vaadin-material-theme\24.1.10\vaadin-material-theme-24.1.10.jar;C:\Users\oland\.m2\repository\com\vaadin\vaadin-accordion-flow\24.1.10\vaadin-accordion-flow-24.1.10.jar;C:\Users\oland\.m2\repository\com\vaadin\vaadin-avatar-flow\24.1.10\vaadin-avatar-flow-24.1.10.jar;C:\Users\oland\.m2\repository\com\vaadin\vaadin-button-flow\24.1.10\vaadin-button-flow-24.1.10.jar;C:\Users\oland\.m2\repository\com\vaadin\vaadin-checkbox-flow\24.1.10\vaadin-checkbox-flow-24.1.10.jar;C:\Users\oland\.m2\repository\com\vaadin\vaadin-combo-box-flow\24.1.10\vaadin-combo-box-flow-24.1.10.jar;C:\Users\oland\.m2\repository\com\vaadin\vaadin-confirm-dialog-flow\24.1.10\vaadin-confirm-dialog-flow-24.1.10.jar;C:\Users\oland\.m2\repository\com\vaadin\vaadin-custom-field-flow\24.1.10\vaadin-custom-field-flow-24.1.10.jar;C:\Users\oland\.m2\repository\com\vaadin\vaadin-date-picker-flow\24.1.10\vaadin-date-picker-flow-24.1.10.jar;C:\Users\oland\.m2\repository\com\vaadin\vaadin-date-time-picker-flow\24.1.10\vaadin-date-time-picker-flow-24.1.10.jar;C:\Users\oland\.m2\repository\com\vaadin\vaadin-details-flow\24.1.10\vaadin-details-flow-24.1.10.jar;C:\Users\oland\.m2\repository\com\vaadin\vaadin-time-picker-flow\24.1.10\vaadin-time-picker-flow-24.1.10.jar;C:\Users\oland\.m2\repository\com\vaadin\vaadin-select-flow\24.1.10\vaadin-select-flow-24.1.10.jar;C:\Users\oland\.m2\repository\com\vaadin\vaadin-side-nav-flow\24.1.10\vaadin-side-nav-flow-24.1.10.jar;C:\Users\oland\.m2\repository\com\vaadin\vaadin-dialog-flow\24.1.10\vaadin-dialog-flow-24.1.10.jar;C:\Users\oland\.m2\repository\com\vaadin\vaadin-form-layout-flow\24.1.10\vaadin-form-layout-flow-24.1.10.jar;C:\Users\oland\.m2\repository\com\vaadin\vaadin-field-highlighter-flow\24.1.10\vaadin-field-highlighter-flow-24.1.10.jar;C:\Users\oland\.m2\repository\com\vaadin\vaadin-grid-flow\24.1.10\vaadin-grid-flow-24.1.10.jar;C:\Users\oland\.m2\repository\com\vaadin\vaadin-icons-flow\24.1.10\vaadin-icons-flow-24.1.10.jar;C:\Users\oland\.m2\repository\com\vaadin\vaadin-virtual-list-flow\24.1.10\vaadin-virtual-list-flow-24.1.10.jar;C:\Users\oland\.m2\repository\com\vaadin\vaadin-list-box-flow\24.1.10\vaadin-list-box-flow-24.1.10.jar;C:\Users\oland\.m2\repository\com\vaadin\vaadin-login-flow\24.1.10\vaadin-login-flow-24.1.10.jar;C:\Users\oland\.m2\repository\com\vaadin\vaadin-messages-flow\24.1.10\vaadin-messages-flow-24.1.10.jar;C:\Users\oland\.m2\repository\com\vaadin\vaadin-ordered-layout-flow\24.1.10\vaadin-ordered-layout-flow-24.1.10.jar;C:\Users\oland\.m2\repository\com\vaadin\vaadin-progress-bar-flow\24.1.10\vaadin-progress-bar-flow-24.1.10.jar;C:\Users\oland\.m2\repository\com\vaadin\vaadin-radio-button-flow\24.1.10\vaadin-radio-button-flow-24.1.10.jar;C:\Users\oland\.m2\repository\com\vaadin\vaadin-renderer-flow\24.1.10\vaadin-renderer-flow-24.1.10.jar;C:\Users\oland\.m2\repository\com\vaadin\vaadin-split-layout-flow\24.1.10\vaadin-split-layout-flow-24.1.10.jar;C:\Users\oland\.m2\repository\com\vaadin\vaadin-tabs-flow\24.1.10\vaadin-tabs-flow-24.1.10.jar;C:\Users\oland\.m2\repository\com\vaadin\vaadin-text-field-flow\24.1.10\vaadin-text-field-flow-24.1.10.jar;C:\Users\oland\.m2\repository\com\vaadin\vaadin-upload-flow\24.1.10\vaadin-upload-flow-24.1.10.jar;C:\Users\oland\.m2\repository\com\vaadin\vaadin-notification-flow\24.1.10\vaadin-notification-flow-24.1.10.jar;C:\Users\oland\.m2\repository\com\vaadin\vaadin-app-layout-flow\24.1.10\vaadin-app-layout-flow-24.1.10.jar;C:\Users\oland\.m2\repository\com\vaadin\vaadin-context-menu-flow\24.1.10\vaadin-context-menu-flow-24.1.10.jar;C:\Users\oland\.m2\repository\com\vaadin\vaadin-menu-bar-flow\24.1.10\vaadin-menu-bar-flow-24.1.10.jar;C:\Users\oland\.m2\repository\org\postgresql\postgresql\42.6.0\postgresql-42.6.0.jar;C:\Users\oland\.m2\repository\org\checkerframework\checker-qual\3.31.0\checker-qual-3.31.0.jar;"/>
    <property name="sun.cpu.endian" value="little"/>
    <property name="user.home" value="C:\Users\oland"/>
    <property name="user.language" value="it"/>
    <property name="java.specification.vendor" value="Oracle Corporation"/>
    <property name="java.version.date" value="2023-07-18"/>
    <property name="java.home" value="C:\Users\oland\.p2\pool\plugins\org.eclipse.justj.openjdk.hotspot.jre.full.win32.x86_64_20.0.2.v20230801-2057\jre"/>
    <property name="file.separator" value="\"/>
    <property name="basedir" value="C:\Users\oland\eclipse-workspace\SSD_01-2024_StudyApp"/>
    <property name="style.color" value="always"/>
    <property name="vaadin.launch-browser" value="false"/>
    <property name="java.vm.compressedOopsMode" value="32-bit"/>
    <property name="line.separator" value="&#10;"/>
    <property name="java.vm.specification.vendor" value="Oracle Corporation"/>
    <property name="java.specification.name" value="Java Platform API Specification"/>
    <property name="FILE_LOG_CHARSET" value="UTF-8"/>
    <property name="java.awt.headless" value="true"/>
    <property name="surefire.real.class.path" value="C:\Users\oland\AppData\Local\Temp\surefire6774586246716640764\surefirebooter-20231230144309381_3.jar"/>
    <property name="user.script" value=""/>
    <property name="sun.management.compiler" value="HotSpot 64-Bit Tiered Compilers"/>
    <property name="java.runtime.version" value="20.0.2+9"/>
    <property name="user.name" value="oland"/>
    <property name="stdout.encoding" value="Cp1252"/>
    <property name="path.separator" value=";"/>
    <property name="os.version" value="10.0"/>
    <property name="java.runtime.name" value="OpenJDK Runtime Environment"/>
    <property name="file.encoding" value="UTF-8"/>
    <property name="java.vm.name" value="OpenJDK 64-Bit Server VM"/>
    <property name="java.vendor.version" value="Temurin-20.0.2+9"/>
    <property name="localRepository" value="C:\Users\oland\.m2\repository"/>
    <property name="java.vendor.url.bug" value="https://github.com/adoptium/adoptium-support/issues"/>
    <property name="java.io.tmpdir" value="C:\Users\oland\AppData\Local\Temp\"/>
    <property name="com.zaxxer.hikari.pool_number" value="16"/>
    <property name="java.version" value="20.0.2"/>
    <property name="user.dir" value="C:\Users\oland\eclipse-workspace\SSD_01-2024_StudyApp"/>
    <property name="os.arch" value="amd64"/>
    <property name="java.vm.specification.name" value="Java Virtual Machine Specification"/>
    <property name="PID" value="32660"/>
    <property name="sun.os.patch.level" value=""/>
    <property name="CONSOLE_LOG_CHARSET" value="UTF-8"/>
    <property name="native.encoding" value="Cp1252"/>
    <property name="java.library.path" value="C:\Users\oland\.p2\pool\plugins\org.eclipse.justj.openjdk.hotspot.jre.full.win32.x86_64_20.0.2.v20230801-2057\jre\bin;C:\windows\Sun\Java\bin;C:\windows\system32;C:\windows;C:/Users/oland/.p2/pool/plugins/org.eclipse.justj.openjdk.hotspot.jre.full.win32.x86_64_20.0.2.v20230801-2057/jre/bin/server;C:/Users/oland/.p2/pool/plugins/org.eclipse.justj.openjdk.hotspot.jre.full.win32.x86_64_20.0.2.v20230801-2057/jre/bin;C:\Program Files\Common Files\Oracle\Java\javapath;C:\Python312\Scripts\;C:\Python312\;C:\Program Files (x86)\Common Files\Oracle\Java\javapath;C:\Program Files (x86)\VMware\VMware Workstation\bin\;C:\windows\system32;C:\windows;C:\windows\System32\Wbem;C:\windows\System32\WindowsPowerShell\v1.0\;C:\windows\System32\OpenSSH\;C:\Program Files\Amazon\AWSCLIV2\;C:\minikube;C:\Program Files\Git\cmd;C:\ProgramData\chocolatey\bin;C:\Users\oland\AppData\Local\Programs\Python\Python39\Scripts\;C:\Users\oland\AppData\Local\Programs\Python\Python39\;C:\Users\oland\AppData\Local\Microsoft\WindowsApps;C:\Users\oland\AppData\Local\Programs\Microsoft VS Code\bin;C:\ProgramFiles\nodejs;;C:\Users\oland\Desktop;;."/>
    <property name="java.vm.info" value="mixed mode"/>
    <property name="stderr.encoding" value="Cp1252"/>
    <property name="java.vendor" value="Eclipse Adoptium"/>
    <property name="java.vm.version" value="20.0.2+9"/>
    <property name="sun.io.unicode.encoding" value="UnicodeLittle"/>
    <property name="java.class.version" value="64.0"/>
  </properties>
  <testcase name="member_rimosso_correttamente" classname="it.studyapp.application.integration.GroupPresenterTest" time="0.059">
    <system-out><![CDATA[2023-12-30T14:43:20.825+01:00  INFO 32660 --- [Pool-1-worker-1] t.c.s.AnnotationConfigContextLoaderUtils : Could not detect default configuration classes for test class [it.studyapp.application.integration.GroupPresenterTest]: GroupPresenterTest does not declare any static, non-private, non-final, nested classes annotated with @Configuration.
2023-12-30T14:43:20.831+01:00  INFO 32660 --- [Pool-1-worker-1] .b.t.c.SpringBootTestContextBootstrapper : Found @SpringBootConfiguration it.studyapp.application.Application for test class it.studyapp.application.integration.GroupPresenterTest
  _____ _                  ____ ____  __  __   _____      _             _       _ 
 |  ___| | _____      __  / ___|  _ \|  \/  | |_   _|   _| |_ ___  _ __(_) __ _| |
 | |_  | |/ _ \ \ /\ / / | |   | |_) | |\/| |   | || | | | __/ _ \| '__| |/ _` | |
 |  _| | | (_) \ V  V /  | |___|  _ <| |  | |   | || |_| | || (_) | |  | | (_| | |
 |_|   |_|\___/ \_/\_/    \____|_| \_\_|  |_|   |_| \__,_|\__\___/|_|  |_|\__,_|_|
                                                                                  

2023-12-30T14:43:20.872+01:00  INFO 32660 --- [Pool-1-worker-1] i.s.a.integration.GroupPresenterTest     : Starting GroupPresenterTest using Java 20.0.2 with PID 32660 (started by oland in C:\Users\oland\eclipse-workspace\SSD_01-2024_StudyApp)
2023-12-30T14:43:20.872+01:00  INFO 32660 --- [Pool-1-worker-1] i.s.a.integration.GroupPresenterTest     : No active profile set, falling back to 1 default profile: "default"
2023-12-30T14:43:21.085+01:00  INFO 32660 --- [Pool-1-worker-1] .s.d.r.c.RepositoryConfigurationDelegate : Bootstrapping Spring Data JPA repositories in DEFAULT mode.
2023-12-30T14:43:21.124+01:00  INFO 32660 --- [Pool-1-worker-1] .s.d.r.c.RepositoryConfigurationDelegate : Finished Spring Data repository scanning in 38 ms. Found 9 JPA repository interfaces.
2023-12-30T14:43:21.189+01:00  INFO 32660 --- [Pool-1-worker-1] com.zaxxer.hikari.HikariDataSource       : HikariPool-4 - Starting...
2023-12-30T14:43:21.191+01:00  INFO 32660 --- [Pool-1-worker-1] com.zaxxer.hikari.pool.HikariPool        : HikariPool-4 - Added connection conn30: url=jdbc:h2:mem:testdb user=SA
2023-12-30T14:43:21.191+01:00  INFO 32660 --- [Pool-1-worker-1] com.zaxxer.hikari.HikariDataSource       : HikariPool-4 - Start completed.
2023-12-30T14:43:21.193+01:00  INFO 32660 --- [Pool-1-worker-1] o.hibernate.jpa.internal.util.LogHelper  : HHH000204: Processing PersistenceUnitInfo [name: default]
2023-12-30T14:43:21.201+01:00  INFO 32660 --- [Pool-1-worker-1] o.h.b.i.BytecodeProviderInitiator        : HHH000021: Bytecode provider name : bytebuddy
2023-12-30T14:43:21.202+01:00  INFO 32660 --- [Pool-1-worker-1] o.s.o.j.p.SpringPersistenceUnitInfo      : No LoadTimeWeaver setup: ignoring JPA class transformer
2023-12-30T14:43:21.230+01:00  INFO 32660 --- [Pool-1-worker-1] o.h.b.i.BytecodeProviderInitiator        : HHH000021: Bytecode provider name : bytebuddy
2023-12-30T14:43:21.364+01:00  INFO 32660 --- [Pool-1-worker-1] o.h.e.t.j.p.i.JtaPlatformInitiator       : HHH000490: Using JtaPlatform implementation: [org.hibernate.engine.transaction.jta.platform.internal.NoJtaPlatform]
2023-12-30T14:43:21.376+01:00  INFO 32660 --- [Pool-1-worker-1] j.LocalContainerEntityManagerFactoryBean : Initialized JPA EntityManagerFactory for persistence unit 'default'
2023-12-30T14:43:21.539+01:00  WARN 32660 --- [Pool-1-worker-1] JpaBaseConfiguration$JpaWebConfiguration : spring.jpa.open-in-view is enabled by default. Therefore, database queries may be performed during view rendering. Explicitly configure spring.jpa.open-in-view to disable this warning
2023-12-30T14:43:21.552+01:00  INFO 32660 --- [Pool-1-worker-1] o.hibernate.id.enhanced.PooledOptimizer  : HHH000201: Pooled optimizer source reported [BasicHolder[java.lang.Long[0]]] as the initial value; use of 1 or greater highly recommended
2023-12-30T14:43:21.565+01:00  INFO 32660 --- [Pool-1-worker-1] o.s.s.web.DefaultSecurityFilterChain     : Will secure any request with [org.springframework.security.web.session.DisableEncodeUrlFilter@15ffc98f, org.springframework.security.web.context.request.async.WebAsyncManagerIntegrationFilter@1459151, org.springframework.security.web.context.SecurityContextHolderFilter@71df15c9, org.springframework.security.web.header.HeaderWriterFilter@ad50ba, org.springframework.security.web.csrf.CsrfFilter@1ce3fe18, org.springframework.security.web.authentication.logout.LogoutFilter@69bc2e60, org.springframework.security.web.authentication.UsernamePasswordAuthenticationFilter@1d382b66, org.springframework.security.web.savedrequest.RequestCacheAwareFilter@72cf36d4, org.springframework.security.web.servletapi.SecurityContextHolderAwareRequestFilter@a86b796, org.springframework.security.web.authentication.AnonymousAuthenticationFilter@3e231b1, org.springframework.security.web.access.ExceptionTranslationFilter@78001625, org.springframework.security.web.access.intercept.AuthorizationFilter@5d4bfddd]
2023-12-30T14:43:21.656+01:00  INFO 32660 --- [Pool-1-worker-1] o.s.b.t.m.w.SpringBootMockServletContext : Initializing Spring TestDispatcherServlet ''
2023-12-30T14:43:21.656+01:00  INFO 32660 --- [Pool-1-worker-1] o.s.t.web.servlet.TestDispatcherServlet  : Initializing Servlet ''
2023-12-30T14:43:21.657+01:00  INFO 32660 --- [Pool-1-worker-1] o.s.t.web.servlet.TestDispatcherServlet  : Completed initialization in 0 ms
2023-12-30T14:43:21.666+01:00  INFO 32660 --- [Pool-1-worker-1] i.s.a.integration.GroupPresenterTest     : Started GroupPresenterTest in 0.828 seconds (process running for 12.077)
2023-12-30T14:43:21.724+01:00  INFO 32660 --- [Pool-1-worker-1] j.LocalContainerEntityManagerFactoryBean : Closing JPA EntityManagerFactory for persistence unit 'default'
2023-12-30T14:43:21.727+01:00  INFO 32660 --- [Pool-1-worker-1] com.zaxxer.hikari.HikariDataSource       : HikariPool-4 - Shutdown initiated...
2023-12-30T14:43:21.728+01:00  INFO 32660 --- [Pool-1-worker-1] com.zaxxer.hikari.HikariDataSource       : HikariPool-4 - Shutdown completed.
]]></system-out>
  </testcase>
  <testcase name="owner_abbandona_gruppo_eliminandolo" classname="it.studyapp.application.integration.GroupPresenterTest" time="0.051">
    <system-out><![CDATA[  _____ _                  ____ ____  __  __   _____      _             _       _ 
 |  ___| | _____      __  / ___|  _ \|  \/  | |_   _|   _| |_ ___  _ __(_) __ _| |
 | |_  | |/ _ \ \ /\ / / | |   | |_) | |\/| |   | || | | | __/ _ \| '__| |/ _` | |
 |  _| | | (_) \ V  V /  | |___|  _ <| |  | |   | || |_| | || (_) | |  | | (_| | |
 |_|   |_|\___/ \_/\_/    \____|_| \_\_|  |_|   |_| \__,_|\__\___/|_|  |_|\__,_|_|
                                                                                  

2023-12-30T14:43:21.751+01:00  INFO 32660 --- [Pool-1-worker-1] i.s.a.integration.GroupPresenterTest     : Starting GroupPresenterTest using Java 20.0.2 with PID 32660 (started by oland in C:\Users\oland\eclipse-workspace\SSD_01-2024_StudyApp)
2023-12-30T14:43:21.751+01:00  INFO 32660 --- [Pool-1-worker-1] i.s.a.integration.GroupPresenterTest     : No active profile set, falling back to 1 default profile: "default"
2023-12-30T14:43:21.907+01:00  INFO 32660 --- [Pool-1-worker-1] .s.d.r.c.RepositoryConfigurationDelegate : Bootstrapping Spring Data JPA repositories in DEFAULT mode.
2023-12-30T14:43:21.946+01:00  INFO 32660 --- [Pool-1-worker-1] .s.d.r.c.RepositoryConfigurationDelegate : Finished Spring Data repository scanning in 38 ms. Found 9 JPA repository interfaces.
2023-12-30T14:43:22.008+01:00  INFO 32660 --- [Pool-1-worker-1] com.zaxxer.hikari.HikariDataSource       : HikariPool-5 - Starting...
2023-12-30T14:43:22.010+01:00  INFO 32660 --- [Pool-1-worker-1] com.zaxxer.hikari.pool.HikariPool        : HikariPool-5 - Added connection conn40: url=jdbc:h2:mem:testdb user=SA
2023-12-30T14:43:22.010+01:00  INFO 32660 --- [Pool-1-worker-1] com.zaxxer.hikari.HikariDataSource       : HikariPool-5 - Start completed.
2023-12-30T14:43:22.012+01:00  INFO 32660 --- [Pool-1-worker-1] o.hibernate.jpa.internal.util.LogHelper  : HHH000204: Processing PersistenceUnitInfo [name: default]
2023-12-30T14:43:22.019+01:00  INFO 32660 --- [Pool-1-worker-1] o.h.b.i.BytecodeProviderInitiator        : HHH000021: Bytecode provider name : bytebuddy
2023-12-30T14:43:22.020+01:00  INFO 32660 --- [Pool-1-worker-1] o.s.o.j.p.SpringPersistenceUnitInfo      : No LoadTimeWeaver setup: ignoring JPA class transformer
2023-12-30T14:43:22.044+01:00  INFO 32660 --- [Pool-1-worker-1] o.h.b.i.BytecodeProviderInitiator        : HHH000021: Bytecode provider name : bytebuddy
2023-12-30T14:43:22.155+01:00  INFO 32660 --- [Pool-1-worker-1] o.h.e.t.j.p.i.JtaPlatformInitiator       : HHH000490: Using JtaPlatform implementation: [org.hibernate.engine.transaction.jta.platform.internal.NoJtaPlatform]
2023-12-30T14:43:22.166+01:00  INFO 32660 --- [Pool-1-worker-1] j.LocalContainerEntityManagerFactoryBean : Initialized JPA EntityManagerFactory for persistence unit 'default'
2023-12-30T14:43:22.296+01:00  WARN 32660 --- [Pool-1-worker-1] JpaBaseConfiguration$JpaWebConfiguration : spring.jpa.open-in-view is enabled by default. Therefore, database queries may be performed during view rendering. Explicitly configure spring.jpa.open-in-view to disable this warning
2023-12-30T14:43:22.306+01:00  INFO 32660 --- [Pool-1-worker-1] o.hibernate.id.enhanced.PooledOptimizer  : HHH000201: Pooled optimizer source reported [BasicHolder[java.lang.Long[0]]] as the initial value; use of 1 or greater highly recommended
2023-12-30T14:43:22.318+01:00  INFO 32660 --- [Pool-1-worker-1] o.s.s.web.DefaultSecurityFilterChain     : Will secure any request with [org.springframework.security.web.session.DisableEncodeUrlFilter@6606019f, org.springframework.security.web.context.request.async.WebAsyncManagerIntegrationFilter@7864b079, org.springframework.security.web.context.SecurityContextHolderFilter@aeba55f, org.springframework.security.web.header.HeaderWriterFilter@7a31a7d, org.springframework.security.web.csrf.CsrfFilter@14030727, org.springframework.security.web.authentication.logout.LogoutFilter@6a8dc0dd, org.springframework.security.web.authentication.UsernamePasswordAuthenticationFilter@6209be2b, org.springframework.security.web.savedrequest.RequestCacheAwareFilter@65da11a, org.springframework.security.web.servletapi.SecurityContextHolderAwareRequestFilter@2274ddbd, org.springframework.security.web.authentication.AnonymousAuthenticationFilter@f9736a1, org.springframework.security.web.access.ExceptionTranslationFilter@c45090d, org.springframework.security.web.access.intercept.AuthorizationFilter@52e4559]
2023-12-30T14:43:22.397+01:00  INFO 32660 --- [Pool-1-worker-1] o.s.b.t.m.w.SpringBootMockServletContext : Initializing Spring TestDispatcherServlet ''
2023-12-30T14:43:22.397+01:00  INFO 32660 --- [Pool-1-worker-1] o.s.t.web.servlet.TestDispatcherServlet  : Initializing Servlet ''
2023-12-30T14:43:22.398+01:00  INFO 32660 --- [Pool-1-worker-1] o.s.t.web.servlet.TestDispatcherServlet  : Completed initialization in 1 ms
2023-12-30T14:43:22.403+01:00  INFO 32660 --- [Pool-1-worker-1] i.s.a.integration.GroupPresenterTest     : Started GroupPresenterTest in 0.672 seconds (process running for 12.815)
2023-12-30T14:43:22.453+01:00  INFO 32660 --- [Pool-1-worker-1] j.LocalContainerEntityManagerFactoryBean : Closing JPA EntityManagerFactory for persistence unit 'default'
2023-12-30T14:43:22.455+01:00  INFO 32660 --- [Pool-1-worker-1] com.zaxxer.hikari.HikariDataSource       : HikariPool-5 - Shutdown initiated...
2023-12-30T14:43:22.457+01:00  INFO 32660 --- [Pool-1-worker-1] com.zaxxer.hikari.HikariDataSource       : HikariPool-5 - Shutdown completed.
]]></system-out>
  </testcase>
  <testcase name="owner_ha_il_gruppo_creato" classname="it.studyapp.application.integration.GroupPresenterTest" time="0.04">
    <system-out><![CDATA[  _____ _                  ____ ____  __  __   _____      _             _       _ 
 |  ___| | _____      __  / ___|  _ \|  \/  | |_   _|   _| |_ ___  _ __(_) __ _| |
 | |_  | |/ _ \ \ /\ / / | |   | |_) | |\/| |   | || | | | __/ _ \| '__| |/ _` | |
 |  _| | | (_) \ V  V /  | |___|  _ <| |  | |   | || |_| | || (_) | |  | | (_| | |
 |_|   |_|\___/ \_/\_/    \____|_| \_\_|  |_|   |_| \__,_|\__\___/|_|  |_|\__,_|_|
                                                                                  

2023-12-30T14:43:22.484+01:00  INFO 32660 --- [Pool-1-worker-1] i.s.a.integration.GroupPresenterTest     : Starting GroupPresenterTest using Java 20.0.2 with PID 32660 (started by oland in C:\Users\oland\eclipse-workspace\SSD_01-2024_StudyApp)
2023-12-30T14:43:22.484+01:00  INFO 32660 --- [Pool-1-worker-1] i.s.a.integration.GroupPresenterTest     : No active profile set, falling back to 1 default profile: "default"
2023-12-30T14:43:22.629+01:00  INFO 32660 --- [Pool-1-worker-1] .s.d.r.c.RepositoryConfigurationDelegate : Bootstrapping Spring Data JPA repositories in DEFAULT mode.
2023-12-30T14:43:22.672+01:00  INFO 32660 --- [Pool-1-worker-1] .s.d.r.c.RepositoryConfigurationDelegate : Finished Spring Data repository scanning in 42 ms. Found 9 JPA repository interfaces.
2023-12-30T14:43:22.714+01:00  INFO 32660 --- [Pool-1-worker-1] com.zaxxer.hikari.HikariDataSource       : HikariPool-6 - Starting...
2023-12-30T14:43:22.716+01:00  INFO 32660 --- [Pool-1-worker-1] com.zaxxer.hikari.pool.HikariPool        : HikariPool-6 - Added connection conn50: url=jdbc:h2:mem:testdb user=SA
2023-12-30T14:43:22.717+01:00  INFO 32660 --- [Pool-1-worker-1] com.zaxxer.hikari.HikariDataSource       : HikariPool-6 - Start completed.
2023-12-30T14:43:22.718+01:00  INFO 32660 --- [Pool-1-worker-1] o.hibernate.jpa.internal.util.LogHelper  : HHH000204: Processing PersistenceUnitInfo [name: default]
2023-12-30T14:43:22.727+01:00  INFO 32660 --- [Pool-1-worker-1] o.h.b.i.BytecodeProviderInitiator        : HHH000021: Bytecode provider name : bytebuddy
2023-12-30T14:43:22.727+01:00  INFO 32660 --- [Pool-1-worker-1] o.s.o.j.p.SpringPersistenceUnitInfo      : No LoadTimeWeaver setup: ignoring JPA class transformer
2023-12-30T14:43:22.755+01:00  INFO 32660 --- [Pool-1-worker-1] o.h.b.i.BytecodeProviderInitiator        : HHH000021: Bytecode provider name : bytebuddy
2023-12-30T14:43:22.849+01:00  INFO 32660 --- [Pool-1-worker-1] o.h.e.t.j.p.i.JtaPlatformInitiator       : HHH000490: Using JtaPlatform implementation: [org.hibernate.engine.transaction.jta.platform.internal.NoJtaPlatform]
2023-12-30T14:43:22.859+01:00  INFO 32660 --- [Pool-1-worker-1] j.LocalContainerEntityManagerFactoryBean : Initialized JPA EntityManagerFactory for persistence unit 'default'
2023-12-30T14:43:22.983+01:00  WARN 32660 --- [Pool-1-worker-1] JpaBaseConfiguration$JpaWebConfiguration : spring.jpa.open-in-view is enabled by default. Therefore, database queries may be performed during view rendering. Explicitly configure spring.jpa.open-in-view to disable this warning
2023-12-30T14:43:22.993+01:00  INFO 32660 --- [Pool-1-worker-1] o.hibernate.id.enhanced.PooledOptimizer  : HHH000201: Pooled optimizer source reported [BasicHolder[java.lang.Long[0]]] as the initial value; use of 1 or greater highly recommended
2023-12-30T14:43:23.008+01:00  INFO 32660 --- [Pool-1-worker-1] o.s.s.web.DefaultSecurityFilterChain     : Will secure any request with [org.springframework.security.web.session.DisableEncodeUrlFilter@1a86cb3b, org.springframework.security.web.context.request.async.WebAsyncManagerIntegrationFilter@6c5658e4, org.springframework.security.web.context.SecurityContextHolderFilter@5ae1a7ca, org.springframework.security.web.header.HeaderWriterFilter@7258201b, org.springframework.security.web.csrf.CsrfFilter@143fb39f, org.springframework.security.web.authentication.logout.LogoutFilter@33a3b9, org.springframework.security.web.authentication.UsernamePasswordAuthenticationFilter@7b58e1f, org.springframework.security.web.savedrequest.RequestCacheAwareFilter@33ab5442, org.springframework.security.web.servletapi.SecurityContextHolderAwareRequestFilter@64d03d1a, org.springframework.security.web.authentication.AnonymousAuthenticationFilter@1116fe1c, org.springframework.security.web.access.ExceptionTranslationFilter@4a33b3ee, org.springframework.security.web.access.intercept.AuthorizationFilter@c0e3664]
2023-12-30T14:43:23.098+01:00  INFO 32660 --- [Pool-1-worker-1] o.s.b.t.m.w.SpringBootMockServletContext : Initializing Spring TestDispatcherServlet ''
2023-12-30T14:43:23.098+01:00  INFO 32660 --- [Pool-1-worker-1] o.s.t.web.servlet.TestDispatcherServlet  : Initializing Servlet ''
2023-12-30T14:43:23.098+01:00  INFO 32660 --- [Pool-1-worker-1] o.s.t.web.servlet.TestDispatcherServlet  : Completed initialization in 0 ms
2023-12-30T14:43:23.104+01:00  INFO 32660 --- [Pool-1-worker-1] i.s.a.integration.GroupPresenterTest     : Started GroupPresenterTest in 0.643 seconds (process running for 13.515)
2023-12-30T14:43:23.142+01:00  INFO 32660 --- [Pool-1-worker-1] j.LocalContainerEntityManagerFactoryBean : Closing JPA EntityManagerFactory for persistence unit 'default'
2023-12-30T14:43:23.145+01:00  INFO 32660 --- [Pool-1-worker-1] com.zaxxer.hikari.HikariDataSource       : HikariPool-6 - Shutdown initiated...
2023-12-30T14:43:23.146+01:00  INFO 32660 --- [Pool-1-worker-1] com.zaxxer.hikari.HikariDataSource       : HikariPool-6 - Shutdown completed.
]]></system-out>
  </testcase>
  <testcase name="owner_non_ha_gruppo_dopo_rimozione" classname="it.studyapp.application.integration.GroupPresenterTest" time="0.039">
    <system-out><![CDATA[  _____ _                  ____ ____  __  __   _____      _             _       _ 
 |  ___| | _____      __  / ___|  _ \|  \/  | |_   _|   _| |_ ___  _ __(_) __ _| |
 | |_  | |/ _ \ \ /\ / / | |   | |_) | |\/| |   | || | | | __/ _ \| '__| |/ _` | |
 |  _| | | (_) \ V  V /  | |___|  _ <| |  | |   | || |_| | || (_) | |  | | (_| | |
 |_|   |_|\___/ \_/\_/    \____|_| \_\_|  |_|   |_| \__,_|\__\___/|_|  |_|\__,_|_|
                                                                                  

2023-12-30T14:43:23.169+01:00  INFO 32660 --- [Pool-1-worker-1] i.s.a.integration.GroupPresenterTest     : Starting GroupPresenterTest using Java 20.0.2 with PID 32660 (started by oland in C:\Users\oland\eclipse-workspace\SSD_01-2024_StudyApp)
2023-12-30T14:43:23.169+01:00  INFO 32660 --- [Pool-1-worker-1] i.s.a.integration.GroupPresenterTest     : No active profile set, falling back to 1 default profile: "default"
2023-12-30T14:43:23.294+01:00  INFO 32660 --- [Pool-1-worker-1] .s.d.r.c.RepositoryConfigurationDelegate : Bootstrapping Spring Data JPA repositories in DEFAULT mode.
2023-12-30T14:43:23.327+01:00  INFO 32660 --- [Pool-1-worker-1] .s.d.r.c.RepositoryConfigurationDelegate : Finished Spring Data repository scanning in 32 ms. Found 9 JPA repository interfaces.
2023-12-30T14:43:23.388+01:00  INFO 32660 --- [Pool-1-worker-1] com.zaxxer.hikari.HikariDataSource       : HikariPool-7 - Starting...
2023-12-30T14:43:23.390+01:00  INFO 32660 --- [Pool-1-worker-1] com.zaxxer.hikari.pool.HikariPool        : HikariPool-7 - Added connection conn60: url=jdbc:h2:mem:testdb user=SA
2023-12-30T14:43:23.390+01:00  INFO 32660 --- [Pool-1-worker-1] com.zaxxer.hikari.HikariDataSource       : HikariPool-7 - Start completed.
2023-12-30T14:43:23.392+01:00  INFO 32660 --- [Pool-1-worker-1] o.hibernate.jpa.internal.util.LogHelper  : HHH000204: Processing PersistenceUnitInfo [name: default]
2023-12-30T14:43:23.401+01:00  INFO 32660 --- [Pool-1-worker-1] o.h.b.i.BytecodeProviderInitiator        : HHH000021: Bytecode provider name : bytebuddy
2023-12-30T14:43:23.401+01:00  INFO 32660 --- [Pool-1-worker-1] o.s.o.j.p.SpringPersistenceUnitInfo      : No LoadTimeWeaver setup: ignoring JPA class transformer
2023-12-30T14:43:23.427+01:00  INFO 32660 --- [Pool-1-worker-1] o.h.b.i.BytecodeProviderInitiator        : HHH000021: Bytecode provider name : bytebuddy
2023-12-30T14:43:23.522+01:00  INFO 32660 --- [Pool-1-worker-1] o.h.e.t.j.p.i.JtaPlatformInitiator       : HHH000490: Using JtaPlatform implementation: [org.hibernate.engine.transaction.jta.platform.internal.NoJtaPlatform]
2023-12-30T14:43:23.534+01:00  INFO 32660 --- [Pool-1-worker-1] j.LocalContainerEntityManagerFactoryBean : Initialized JPA EntityManagerFactory for persistence unit 'default'
2023-12-30T14:43:23.704+01:00  WARN 32660 --- [Pool-1-worker-1] JpaBaseConfiguration$JpaWebConfiguration : spring.jpa.open-in-view is enabled by default. Therefore, database queries may be performed during view rendering. Explicitly configure spring.jpa.open-in-view to disable this warning
2023-12-30T14:43:23.720+01:00  INFO 32660 --- [Pool-1-worker-1] o.hibernate.id.enhanced.PooledOptimizer  : HHH000201: Pooled optimizer source reported [BasicHolder[java.lang.Long[0]]] as the initial value; use of 1 or greater highly recommended
2023-12-30T14:43:23.740+01:00  INFO 32660 --- [Pool-1-worker-1] o.s.s.web.DefaultSecurityFilterChain     : Will secure any request with [org.springframework.security.web.session.DisableEncodeUrlFilter@4d180bcc, org.springframework.security.web.context.request.async.WebAsyncManagerIntegrationFilter@58cce58, org.springframework.security.web.context.SecurityContextHolderFilter@44ba5c1e, org.springframework.security.web.header.HeaderWriterFilter@3e67d2a1, org.springframework.security.web.csrf.CsrfFilter@6346aa1a, org.springframework.security.web.authentication.logout.LogoutFilter@6263f9f2, org.springframework.security.web.authentication.UsernamePasswordAuthenticationFilter@3049d85e, org.springframework.security.web.savedrequest.RequestCacheAwareFilter@127a38e9, org.springframework.security.web.servletapi.SecurityContextHolderAwareRequestFilter@74dd3735, org.springframework.security.web.authentication.AnonymousAuthenticationFilter@1fcf2060, org.springframework.security.web.access.ExceptionTranslationFilter@7be3a44f, org.springframework.security.web.access.intercept.AuthorizationFilter@3ce4c7be]
2023-12-30T14:43:23.832+01:00  INFO 32660 --- [Pool-1-worker-1] o.s.b.t.m.w.SpringBootMockServletContext : Initializing Spring TestDispatcherServlet ''
2023-12-30T14:43:23.832+01:00  INFO 32660 --- [Pool-1-worker-1] o.s.t.web.servlet.TestDispatcherServlet  : Initializing Servlet ''
2023-12-30T14:43:23.833+01:00  INFO 32660 --- [Pool-1-worker-1] o.s.t.web.servlet.TestDispatcherServlet  : Completed initialization in 1 ms
2023-12-30T14:43:23.839+01:00  INFO 32660 --- [Pool-1-worker-1] i.s.a.integration.GroupPresenterTest     : Started GroupPresenterTest in 0.69 seconds (process running for 14.25)
2023-12-30T14:43:23.877+01:00  INFO 32660 --- [Pool-1-worker-1] j.LocalContainerEntityManagerFactoryBean : Closing JPA EntityManagerFactory for persistence unit 'default'
2023-12-30T14:43:23.880+01:00  INFO 32660 --- [Pool-1-worker-1] com.zaxxer.hikari.HikariDataSource       : HikariPool-7 - Shutdown initiated...
2023-12-30T14:43:23.881+01:00  INFO 32660 --- [Pool-1-worker-1] com.zaxxer.hikari.HikariDataSource       : HikariPool-7 - Shutdown completed.
]]></system-out>
  </testcase>
  <testcase name="member_abbandona_gruppo" classname="it.studyapp.application.integration.GroupPresenterTest" time="0.048">
    <system-out><![CDATA[  _____ _                  ____ ____  __  __   _____      _             _       _ 
 |  ___| | _____      __  / ___|  _ \|  \/  | |_   _|   _| |_ ___  _ __(_) __ _| |
 | |_  | |/ _ \ \ /\ / / | |   | |_) | |\/| |   | || | | | __/ _ \| '__| |/ _` | |
 |  _| | | (_) \ V  V /  | |___|  _ <| |  | |   | || |_| | || (_) | |  | | (_| | |
 |_|   |_|\___/ \_/\_/    \____|_| \_\_|  |_|   |_| \__,_|\__\___/|_|  |_|\__,_|_|
                                                                                  

2023-12-30T14:43:23.909+01:00  INFO 32660 --- [Pool-1-worker-1] i.s.a.integration.GroupPresenterTest     : Starting GroupPresenterTest using Java 20.0.2 with PID 32660 (started by oland in C:\Users\oland\eclipse-workspace\SSD_01-2024_StudyApp)
2023-12-30T14:43:23.910+01:00  INFO 32660 --- [Pool-1-worker-1] i.s.a.integration.GroupPresenterTest     : No active profile set, falling back to 1 default profile: "default"
2023-12-30T14:43:24.046+01:00  INFO 32660 --- [Pool-1-worker-1] .s.d.r.c.RepositoryConfigurationDelegate : Bootstrapping Spring Data JPA repositories in DEFAULT mode.
2023-12-30T14:43:24.077+01:00  INFO 32660 --- [Pool-1-worker-1] .s.d.r.c.RepositoryConfigurationDelegate : Finished Spring Data repository scanning in 31 ms. Found 9 JPA repository interfaces.
2023-12-30T14:43:24.125+01:00  INFO 32660 --- [Pool-1-worker-1] com.zaxxer.hikari.HikariDataSource       : HikariPool-8 - Starting...
2023-12-30T14:43:24.127+01:00  INFO 32660 --- [Pool-1-worker-1] com.zaxxer.hikari.pool.HikariPool        : HikariPool-8 - Added connection conn70: url=jdbc:h2:mem:testdb user=SA
2023-12-30T14:43:24.127+01:00  INFO 32660 --- [Pool-1-worker-1] com.zaxxer.hikari.HikariDataSource       : HikariPool-8 - Start completed.
2023-12-30T14:43:24.128+01:00  INFO 32660 --- [Pool-1-worker-1] o.hibernate.jpa.internal.util.LogHelper  : HHH000204: Processing PersistenceUnitInfo [name: default]
2023-12-30T14:43:24.135+01:00  INFO 32660 --- [Pool-1-worker-1] o.h.b.i.BytecodeProviderInitiator        : HHH000021: Bytecode provider name : bytebuddy
2023-12-30T14:43:24.135+01:00  INFO 32660 --- [Pool-1-worker-1] o.s.o.j.p.SpringPersistenceUnitInfo      : No LoadTimeWeaver setup: ignoring JPA class transformer
2023-12-30T14:43:24.155+01:00  INFO 32660 --- [Pool-1-worker-1] o.h.b.i.BytecodeProviderInitiator        : HHH000021: Bytecode provider name : bytebuddy
2023-12-30T14:43:24.262+01:00  INFO 32660 --- [Pool-1-worker-1] o.h.e.t.j.p.i.JtaPlatformInitiator       : HHH000490: Using JtaPlatform implementation: [org.hibernate.engine.transaction.jta.platform.internal.NoJtaPlatform]
2023-12-30T14:43:24.273+01:00  INFO 32660 --- [Pool-1-worker-1] j.LocalContainerEntityManagerFactoryBean : Initialized JPA EntityManagerFactory for persistence unit 'default'
2023-12-30T14:43:24.381+01:00  WARN 32660 --- [Pool-1-worker-1] JpaBaseConfiguration$JpaWebConfiguration : spring.jpa.open-in-view is enabled by default. Therefore, database queries may be performed during view rendering. Explicitly configure spring.jpa.open-in-view to disable this warning
2023-12-30T14:43:24.392+01:00  INFO 32660 --- [Pool-1-worker-1] o.hibernate.id.enhanced.PooledOptimizer  : HHH000201: Pooled optimizer source reported [BasicHolder[java.lang.Long[0]]] as the initial value; use of 1 or greater highly recommended
2023-12-30T14:43:24.404+01:00  INFO 32660 --- [Pool-1-worker-1] o.s.s.web.DefaultSecurityFilterChain     : Will secure any request with [org.springframework.security.web.session.DisableEncodeUrlFilter@239e6dab, org.springframework.security.web.context.request.async.WebAsyncManagerIntegrationFilter@759fcc96, org.springframework.security.web.context.SecurityContextHolderFilter@67042e80, org.springframework.security.web.header.HeaderWriterFilter@769cee5c, org.springframework.security.web.csrf.CsrfFilter@47e389e6, org.springframework.security.web.authentication.logout.LogoutFilter@67ad0bb9, org.springframework.security.web.authentication.UsernamePasswordAuthenticationFilter@2ce15b4d, org.springframework.security.web.savedrequest.RequestCacheAwareFilter@3c73273f, org.springframework.security.web.servletapi.SecurityContextHolderAwareRequestFilter@3064a76a, org.springframework.security.web.authentication.AnonymousAuthenticationFilter@6392a3b6, org.springframework.security.web.access.ExceptionTranslationFilter@65bd24c7, org.springframework.security.web.access.intercept.AuthorizationFilter@57882279]
2023-12-30T14:43:24.473+01:00  INFO 32660 --- [Pool-1-worker-1] o.s.b.t.m.w.SpringBootMockServletContext : Initializing Spring TestDispatcherServlet ''
2023-12-30T14:43:24.473+01:00  INFO 32660 --- [Pool-1-worker-1] o.s.t.web.servlet.TestDispatcherServlet  : Initializing Servlet ''
2023-12-30T14:43:24.473+01:00  INFO 32660 --- [Pool-1-worker-1] o.s.t.web.servlet.TestDispatcherServlet  : Completed initialization in 0 ms
2023-12-30T14:43:24.478+01:00  INFO 32660 --- [Pool-1-worker-1] i.s.a.integration.GroupPresenterTest     : Started GroupPresenterTest in 0.593 seconds (process running for 14.89)
2023-12-30T14:43:24.526+01:00  INFO 32660 --- [Pool-1-worker-1] j.LocalContainerEntityManagerFactoryBean : Closing JPA EntityManagerFactory for persistence unit 'default'
2023-12-30T14:43:24.528+01:00  INFO 32660 --- [Pool-1-worker-1] com.zaxxer.hikari.HikariDataSource       : HikariPool-8 - Shutdown initiated...
2023-12-30T14:43:24.529+01:00  INFO 32660 --- [Pool-1-worker-1] com.zaxxer.hikari.HikariDataSource       : HikariPool-8 - Shutdown completed.
]]></system-out>
  </testcase>
  <testcase name="member_non_ha_richiesta_dopo_rimozione_gruppo" classname="it.studyapp.application.integration.GroupPresenterTest" time="0.041">
    <system-out><![CDATA[  _____ _                  ____ ____  __  __   _____      _             _       _ 
 |  ___| | _____      __  / ___|  _ \|  \/  | |_   _|   _| |_ ___  _ __(_) __ _| |
 | |_  | |/ _ \ \ /\ / / | |   | |_) | |\/| |   | || | | | __/ _ \| '__| |/ _` | |
 |  _| | | (_) \ V  V /  | |___|  _ <| |  | |   | || |_| | || (_) | |  | | (_| | |
 |_|   |_|\___/ \_/\_/    \____|_| \_\_|  |_|   |_| \__,_|\__\___/|_|  |_|\__,_|_|
                                                                                  

2023-12-30T14:43:24.552+01:00  INFO 32660 --- [Pool-1-worker-1] i.s.a.integration.GroupPresenterTest     : Starting GroupPresenterTest using Java 20.0.2 with PID 32660 (started by oland in C:\Users\oland\eclipse-workspace\SSD_01-2024_StudyApp)
2023-12-30T14:43:24.552+01:00  INFO 32660 --- [Pool-1-worker-1] i.s.a.integration.GroupPresenterTest     : No active profile set, falling back to 1 default profile: "default"
2023-12-30T14:43:24.699+01:00  INFO 32660 --- [Pool-1-worker-1] .s.d.r.c.RepositoryConfigurationDelegate : Bootstrapping Spring Data JPA repositories in DEFAULT mode.
2023-12-30T14:43:24.731+01:00  INFO 32660 --- [Pool-1-worker-1] .s.d.r.c.RepositoryConfigurationDelegate : Finished Spring Data repository scanning in 31 ms. Found 9 JPA repository interfaces.
2023-12-30T14:43:24.774+01:00  INFO 32660 --- [Pool-1-worker-1] com.zaxxer.hikari.HikariDataSource       : HikariPool-9 - Starting...
2023-12-30T14:43:24.775+01:00  INFO 32660 --- [Pool-1-worker-1] com.zaxxer.hikari.pool.HikariPool        : HikariPool-9 - Added connection conn80: url=jdbc:h2:mem:testdb user=SA
2023-12-30T14:43:24.776+01:00  INFO 32660 --- [Pool-1-worker-1] com.zaxxer.hikari.HikariDataSource       : HikariPool-9 - Start completed.
2023-12-30T14:43:24.777+01:00  INFO 32660 --- [Pool-1-worker-1] o.hibernate.jpa.internal.util.LogHelper  : HHH000204: Processing PersistenceUnitInfo [name: default]
2023-12-30T14:43:24.783+01:00  INFO 32660 --- [Pool-1-worker-1] o.h.b.i.BytecodeProviderInitiator        : HHH000021: Bytecode provider name : bytebuddy
2023-12-30T14:43:24.783+01:00  INFO 32660 --- [Pool-1-worker-1] o.s.o.j.p.SpringPersistenceUnitInfo      : No LoadTimeWeaver setup: ignoring JPA class transformer
2023-12-30T14:43:24.806+01:00  INFO 32660 --- [Pool-1-worker-1] o.h.b.i.BytecodeProviderInitiator        : HHH000021: Bytecode provider name : bytebuddy
2023-12-30T14:43:24.906+01:00  INFO 32660 --- [Pool-1-worker-1] o.h.e.t.j.p.i.JtaPlatformInitiator       : HHH000490: Using JtaPlatform implementation: [org.hibernate.engine.transaction.jta.platform.internal.NoJtaPlatform]
2023-12-30T14:43:24.917+01:00  INFO 32660 --- [Pool-1-worker-1] j.LocalContainerEntityManagerFactoryBean : Initialized JPA EntityManagerFactory for persistence unit 'default'
2023-12-30T14:43:25.011+01:00  WARN 32660 --- [Pool-1-worker-1] JpaBaseConfiguration$JpaWebConfiguration : spring.jpa.open-in-view is enabled by default. Therefore, database queries may be performed during view rendering. Explicitly configure spring.jpa.open-in-view to disable this warning
2023-12-30T14:43:25.023+01:00  INFO 32660 --- [Pool-1-worker-1] o.hibernate.id.enhanced.PooledOptimizer  : HHH000201: Pooled optimizer source reported [BasicHolder[java.lang.Long[0]]] as the initial value; use of 1 or greater highly recommended
2023-12-30T14:43:25.036+01:00  INFO 32660 --- [Pool-1-worker-1] o.s.s.web.DefaultSecurityFilterChain     : Will secure any request with [org.springframework.security.web.session.DisableEncodeUrlFilter@37681a95, org.springframework.security.web.context.request.async.WebAsyncManagerIntegrationFilter@2dee043d, org.springframework.security.web.context.SecurityContextHolderFilter@4b75bd17, org.springframework.security.web.header.HeaderWriterFilter@aef016e, org.springframework.security.web.csrf.CsrfFilter@269ce782, org.springframework.security.web.authentication.logout.LogoutFilter@63db8f35, org.springframework.security.web.authentication.UsernamePasswordAuthenticationFilter@8758e89, org.springframework.security.web.savedrequest.RequestCacheAwareFilter@a94e30c, org.springframework.security.web.servletapi.SecurityContextHolderAwareRequestFilter@77b69c7a, org.springframework.security.web.authentication.AnonymousAuthenticationFilter@448ac064, org.springframework.security.web.access.ExceptionTranslationFilter@45170905, org.springframework.security.web.access.intercept.AuthorizationFilter@d6c8c28]
2023-12-30T14:43:25.119+01:00  INFO 32660 --- [Pool-1-worker-1] o.s.b.t.m.w.SpringBootMockServletContext : Initializing Spring TestDispatcherServlet ''
2023-12-30T14:43:25.119+01:00  INFO 32660 --- [Pool-1-worker-1] o.s.t.web.servlet.TestDispatcherServlet  : Initializing Servlet ''
2023-12-30T14:43:25.120+01:00  INFO 32660 --- [Pool-1-worker-1] o.s.t.web.servlet.TestDispatcherServlet  : Completed initialization in 1 ms
2023-12-30T14:43:25.124+01:00  INFO 32660 --- [Pool-1-worker-1] i.s.a.integration.GroupPresenterTest     : Started GroupPresenterTest in 0.591 seconds (process running for 15.535)
2023-12-30T14:43:25.163+01:00  INFO 32660 --- [Pool-1-worker-1] j.LocalContainerEntityManagerFactoryBean : Closing JPA EntityManagerFactory for persistence unit 'default'
2023-12-30T14:43:25.165+01:00  INFO 32660 --- [Pool-1-worker-1] com.zaxxer.hikari.HikariDataSource       : HikariPool-9 - Shutdown initiated...
2023-12-30T14:43:25.167+01:00  INFO 32660 --- [Pool-1-worker-1] com.zaxxer.hikari.HikariDataSource       : HikariPool-9 - Shutdown completed.
]]></system-out>
  </testcase>
  <testcase name="nuovo_membro_aggiunto_correttamente" classname="it.studyapp.application.integration.GroupPresenterTest" time="0.049">
    <system-out><![CDATA[  _____ _                  ____ ____  __  __   _____      _             _       _ 
 |  ___| | _____      __  / ___|  _ \|  \/  | |_   _|   _| |_ ___  _ __(_) __ _| |
 | |_  | |/ _ \ \ /\ / / | |   | |_) | |\/| |   | || | | | __/ _ \| '__| |/ _` | |
 |  _| | | (_) \ V  V /  | |___|  _ <| |  | |   | || |_| | || (_) | |  | | (_| | |
 |_|   |_|\___/ \_/\_/    \____|_| \_\_|  |_|   |_| \__,_|\__\___/|_|  |_|\__,_|_|
                                                                                  

2023-12-30T14:43:25.193+01:00  INFO 32660 --- [Pool-1-worker-1] i.s.a.integration.GroupPresenterTest     : Starting GroupPresenterTest using Java 20.0.2 with PID 32660 (started by oland in C:\Users\oland\eclipse-workspace\SSD_01-2024_StudyApp)
2023-12-30T14:43:25.194+01:00  INFO 32660 --- [Pool-1-worker-1] i.s.a.integration.GroupPresenterTest     : No active profile set, falling back to 1 default profile: "default"
2023-12-30T14:43:25.314+01:00  INFO 32660 --- [Pool-1-worker-1] .s.d.r.c.RepositoryConfigurationDelegate : Bootstrapping Spring Data JPA repositories in DEFAULT mode.
2023-12-30T14:43:25.343+01:00  INFO 32660 --- [Pool-1-worker-1] .s.d.r.c.RepositoryConfigurationDelegate : Finished Spring Data repository scanning in 28 ms. Found 9 JPA repository interfaces.
2023-12-30T14:43:25.389+01:00  INFO 32660 --- [Pool-1-worker-1] com.zaxxer.hikari.HikariDataSource       : HikariPool-10 - Starting...
2023-12-30T14:43:25.391+01:00  INFO 32660 --- [Pool-1-worker-1] com.zaxxer.hikari.pool.HikariPool        : HikariPool-10 - Added connection conn90: url=jdbc:h2:mem:testdb user=SA
2023-12-30T14:43:25.391+01:00  INFO 32660 --- [Pool-1-worker-1] com.zaxxer.hikari.HikariDataSource       : HikariPool-10 - Start completed.
2023-12-30T14:43:25.392+01:00  INFO 32660 --- [Pool-1-worker-1] o.hibernate.jpa.internal.util.LogHelper  : HHH000204: Processing PersistenceUnitInfo [name: default]
2023-12-30T14:43:25.398+01:00  INFO 32660 --- [Pool-1-worker-1] o.h.b.i.BytecodeProviderInitiator        : HHH000021: Bytecode provider name : bytebuddy
2023-12-30T14:43:25.399+01:00  INFO 32660 --- [Pool-1-worker-1] o.s.o.j.p.SpringPersistenceUnitInfo      : No LoadTimeWeaver setup: ignoring JPA class transformer
2023-12-30T14:43:25.421+01:00  INFO 32660 --- [Pool-1-worker-1] o.h.b.i.BytecodeProviderInitiator        : HHH000021: Bytecode provider name : bytebuddy
2023-12-30T14:43:25.496+01:00  INFO 32660 --- [Pool-1-worker-1] o.h.e.t.j.p.i.JtaPlatformInitiator       : HHH000490: Using JtaPlatform implementation: [org.hibernate.engine.transaction.jta.platform.internal.NoJtaPlatform]
2023-12-30T14:43:25.505+01:00  INFO 32660 --- [Pool-1-worker-1] j.LocalContainerEntityManagerFactoryBean : Initialized JPA EntityManagerFactory for persistence unit 'default'
2023-12-30T14:43:25.598+01:00  WARN 32660 --- [Pool-1-worker-1] JpaBaseConfiguration$JpaWebConfiguration : spring.jpa.open-in-view is enabled by default. Therefore, database queries may be performed during view rendering. Explicitly configure spring.jpa.open-in-view to disable this warning
2023-12-30T14:43:25.607+01:00  INFO 32660 --- [Pool-1-worker-1] o.hibernate.id.enhanced.PooledOptimizer  : HHH000201: Pooled optimizer source reported [BasicHolder[java.lang.Long[0]]] as the initial value; use of 1 or greater highly recommended
2023-12-30T14:43:25.622+01:00  INFO 32660 --- [Pool-1-worker-1] o.s.s.web.DefaultSecurityFilterChain     : Will secure any request with [org.springframework.security.web.session.DisableEncodeUrlFilter@70816908, org.springframework.security.web.context.request.async.WebAsyncManagerIntegrationFilter@49e0361b, org.springframework.security.web.context.SecurityContextHolderFilter@6336952, org.springframework.security.web.header.HeaderWriterFilter@878cd0d, org.springframework.security.web.csrf.CsrfFilter@11e81ec, org.springframework.security.web.authentication.logout.LogoutFilter@5040895a, org.springframework.security.web.authentication.UsernamePasswordAuthenticationFilter@24df3e90, org.springframework.security.web.savedrequest.RequestCacheAwareFilter@73578999, org.springframework.security.web.servletapi.SecurityContextHolderAwareRequestFilter@3faa582, org.springframework.security.web.authentication.AnonymousAuthenticationFilter@25523039, org.springframework.security.web.access.ExceptionTranslationFilter@78211f9e, org.springframework.security.web.access.intercept.AuthorizationFilter@4994b95f]
2023-12-30T14:43:25.720+01:00  INFO 32660 --- [Pool-1-worker-1] o.s.b.t.m.w.SpringBootMockServletContext : Initializing Spring TestDispatcherServlet ''
2023-12-30T14:43:25.720+01:00  INFO 32660 --- [Pool-1-worker-1] o.s.t.web.servlet.TestDispatcherServlet  : Initializing Servlet ''
2023-12-30T14:43:25.721+01:00  INFO 32660 --- [Pool-1-worker-1] o.s.t.web.servlet.TestDispatcherServlet  : Completed initialization in 1 ms
2023-12-30T14:43:25.725+01:00  INFO 32660 --- [Pool-1-worker-1] i.s.a.integration.GroupPresenterTest     : Started GroupPresenterTest in 0.555 seconds (process running for 16.136)
2023-12-30T14:43:25.773+01:00  INFO 32660 --- [Pool-1-worker-1] j.LocalContainerEntityManagerFactoryBean : Closing JPA EntityManagerFactory for persistence unit 'default'
2023-12-30T14:43:25.775+01:00  INFO 32660 --- [Pool-1-worker-1] com.zaxxer.hikari.HikariDataSource       : HikariPool-10 - Shutdown initiated...
2023-12-30T14:43:25.776+01:00  INFO 32660 --- [Pool-1-worker-1] com.zaxxer.hikari.HikariDataSource       : HikariPool-10 - Shutdown completed.
]]></system-out>
  </testcase>
  <testcase name="gruppo_creato_correttamente" classname="it.studyapp.application.integration.GroupPresenterTest" time="0.02">
    <system-out><![CDATA[  _____ _                  ____ ____  __  __   _____      _             _       _ 
 |  ___| | _____      __  / ___|  _ \|  \/  | |_   _|   _| |_ ___  _ __(_) __ _| |
 | |_  | |/ _ \ \ /\ / / | |   | |_) | |\/| |   | || | | | __/ _ \| '__| |/ _` | |
 |  _| | | (_) \ V  V /  | |___|  _ <| |  | |   | || |_| | || (_) | |  | | (_| | |
 |_|   |_|\___/ \_/\_/    \____|_| \_\_|  |_|   |_| \__,_|\__\___/|_|  |_|\__,_|_|
                                                                                  

2023-12-30T14:43:25.800+01:00  INFO 32660 --- [Pool-1-worker-1] i.s.a.integration.GroupPresenterTest     : Starting GroupPresenterTest using Java 20.0.2 with PID 32660 (started by oland in C:\Users\oland\eclipse-workspace\SSD_01-2024_StudyApp)
2023-12-30T14:43:25.801+01:00  INFO 32660 --- [Pool-1-worker-1] i.s.a.integration.GroupPresenterTest     : No active profile set, falling back to 1 default profile: "default"
2023-12-30T14:43:25.945+01:00  INFO 32660 --- [Pool-1-worker-1] .s.d.r.c.RepositoryConfigurationDelegate : Bootstrapping Spring Data JPA repositories in DEFAULT mode.
2023-12-30T14:43:25.982+01:00  INFO 32660 --- [Pool-1-worker-1] .s.d.r.c.RepositoryConfigurationDelegate : Finished Spring Data repository scanning in 35 ms. Found 9 JPA repository interfaces.
2023-12-30T14:43:26.020+01:00  INFO 32660 --- [Pool-1-worker-1] com.zaxxer.hikari.HikariDataSource       : HikariPool-11 - Starting...
2023-12-30T14:43:26.022+01:00  INFO 32660 --- [Pool-1-worker-1] com.zaxxer.hikari.pool.HikariPool        : HikariPool-11 - Added connection conn100: url=jdbc:h2:mem:testdb user=SA
2023-12-30T14:43:26.022+01:00  INFO 32660 --- [Pool-1-worker-1] com.zaxxer.hikari.HikariDataSource       : HikariPool-11 - Start completed.
2023-12-30T14:43:26.023+01:00  INFO 32660 --- [Pool-1-worker-1] o.hibernate.jpa.internal.util.LogHelper  : HHH000204: Processing PersistenceUnitInfo [name: default]
2023-12-30T14:43:26.032+01:00  INFO 32660 --- [Pool-1-worker-1] o.h.b.i.BytecodeProviderInitiator        : HHH000021: Bytecode provider name : bytebuddy
2023-12-30T14:43:26.032+01:00  INFO 32660 --- [Pool-1-worker-1] o.s.o.j.p.SpringPersistenceUnitInfo      : No LoadTimeWeaver setup: ignoring JPA class transformer
2023-12-30T14:43:26.054+01:00  INFO 32660 --- [Pool-1-worker-1] o.h.b.i.BytecodeProviderInitiator        : HHH000021: Bytecode provider name : bytebuddy
2023-12-30T14:43:26.129+01:00  INFO 32660 --- [Pool-1-worker-1] o.h.e.t.j.p.i.JtaPlatformInitiator       : HHH000490: Using JtaPlatform implementation: [org.hibernate.engine.transaction.jta.platform.internal.NoJtaPlatform]
2023-12-30T14:43:26.141+01:00  INFO 32660 --- [Pool-1-worker-1] j.LocalContainerEntityManagerFactoryBean : Initialized JPA EntityManagerFactory for persistence unit 'default'
2023-12-30T14:43:26.251+01:00  WARN 32660 --- [Pool-1-worker-1] JpaBaseConfiguration$JpaWebConfiguration : spring.jpa.open-in-view is enabled by default. Therefore, database queries may be performed during view rendering. Explicitly configure spring.jpa.open-in-view to disable this warning
2023-12-30T14:43:26.259+01:00  INFO 32660 --- [Pool-1-worker-1] o.hibernate.id.enhanced.PooledOptimizer  : HHH000201: Pooled optimizer source reported [BasicHolder[java.lang.Long[0]]] as the initial value; use of 1 or greater highly recommended
2023-12-30T14:43:26.271+01:00  INFO 32660 --- [Pool-1-worker-1] o.s.s.web.DefaultSecurityFilterChain     : Will secure any request with [org.springframework.security.web.session.DisableEncodeUrlFilter@3a61ba41, org.springframework.security.web.context.request.async.WebAsyncManagerIntegrationFilter@34b69f85, org.springframework.security.web.context.SecurityContextHolderFilter@4ac59c5e, org.springframework.security.web.header.HeaderWriterFilter@7279bd69, org.springframework.security.web.csrf.CsrfFilter@18a1a0c0, org.springframework.security.web.authentication.logout.LogoutFilter@5ec1beef, org.springframework.security.web.authentication.UsernamePasswordAuthenticationFilter@69844758, org.springframework.security.web.savedrequest.RequestCacheAwareFilter@5f778266, org.springframework.security.web.servletapi.SecurityContextHolderAwareRequestFilter@72d85a4, org.springframework.security.web.authentication.AnonymousAuthenticationFilter@ca9af58, org.springframework.security.web.access.ExceptionTranslationFilter@44738e32, org.springframework.security.web.access.intercept.AuthorizationFilter@562dc15a]
2023-12-30T14:43:26.343+01:00  INFO 32660 --- [Pool-1-worker-1] o.s.b.t.m.w.SpringBootMockServletContext : Initializing Spring TestDispatcherServlet ''
2023-12-30T14:43:26.343+01:00  INFO 32660 --- [Pool-1-worker-1] o.s.t.web.servlet.TestDispatcherServlet  : Initializing Servlet ''
2023-12-30T14:43:26.344+01:00  INFO 32660 --- [Pool-1-worker-1] o.s.t.web.servlet.TestDispatcherServlet  : Completed initialization in 1 ms
2023-12-30T14:43:26.349+01:00  INFO 32660 --- [Pool-1-worker-1] i.s.a.integration.GroupPresenterTest     : Started GroupPresenterTest in 0.569 seconds (process running for 16.76)
2023-12-30T14:43:26.368+01:00  INFO 32660 --- [Pool-1-worker-1] j.LocalContainerEntityManagerFactoryBean : Closing JPA EntityManagerFactory for persistence unit 'default'
2023-12-30T14:43:26.370+01:00  INFO 32660 --- [Pool-1-worker-1] com.zaxxer.hikari.HikariDataSource       : HikariPool-11 - Shutdown initiated...
2023-12-30T14:43:26.371+01:00  INFO 32660 --- [Pool-1-worker-1] com.zaxxer.hikari.HikariDataSource       : HikariPool-11 - Shutdown completed.
]]></system-out>
  </testcase>
  <testcase name="nome_gruppo_aggiornato_correttamente" classname="it.studyapp.application.integration.GroupPresenterTest" time="0.031">
    <system-out><![CDATA[  _____ _                  ____ ____  __  __   _____      _             _       _ 
 |  ___| | _____      __  / ___|  _ \|  \/  | |_   _|   _| |_ ___  _ __(_) __ _| |
 | |_  | |/ _ \ \ /\ / / | |   | |_) | |\/| |   | || | | | __/ _ \| '__| |/ _` | |
 |  _| | | (_) \ V  V /  | |___|  _ <| |  | |   | || |_| | || (_) | |  | | (_| | |
 |_|   |_|\___/ \_/\_/    \____|_| \_\_|  |_|   |_| \__,_|\__\___/|_|  |_|\__,_|_|
                                                                                  

2023-12-30T14:43:26.390+01:00  INFO 32660 --- [Pool-1-worker-1] i.s.a.integration.GroupPresenterTest     : Starting GroupPresenterTest using Java 20.0.2 with PID 32660 (started by oland in C:\Users\oland\eclipse-workspace\SSD_01-2024_StudyApp)
2023-12-30T14:43:26.390+01:00  INFO 32660 --- [Pool-1-worker-1] i.s.a.integration.GroupPresenterTest     : No active profile set, falling back to 1 default profile: "default"
2023-12-30T14:43:26.511+01:00  INFO 32660 --- [Pool-1-worker-1] .s.d.r.c.RepositoryConfigurationDelegate : Bootstrapping Spring Data JPA repositories in DEFAULT mode.
2023-12-30T14:43:26.542+01:00  INFO 32660 --- [Pool-1-worker-1] .s.d.r.c.RepositoryConfigurationDelegate : Finished Spring Data repository scanning in 30 ms. Found 9 JPA repository interfaces.
2023-12-30T14:43:26.582+01:00  INFO 32660 --- [Pool-1-worker-1] com.zaxxer.hikari.HikariDataSource       : HikariPool-12 - Starting...
2023-12-30T14:43:26.583+01:00  INFO 32660 --- [Pool-1-worker-1] com.zaxxer.hikari.pool.HikariPool        : HikariPool-12 - Added connection conn110: url=jdbc:h2:mem:testdb user=SA
2023-12-30T14:43:26.583+01:00  INFO 32660 --- [Pool-1-worker-1] com.zaxxer.hikari.HikariDataSource       : HikariPool-12 - Start completed.
2023-12-30T14:43:26.585+01:00  INFO 32660 --- [Pool-1-worker-1] o.hibernate.jpa.internal.util.LogHelper  : HHH000204: Processing PersistenceUnitInfo [name: default]
2023-12-30T14:43:26.591+01:00  INFO 32660 --- [Pool-1-worker-1] o.h.b.i.BytecodeProviderInitiator        : HHH000021: Bytecode provider name : bytebuddy
2023-12-30T14:43:26.591+01:00  INFO 32660 --- [Pool-1-worker-1] o.s.o.j.p.SpringPersistenceUnitInfo      : No LoadTimeWeaver setup: ignoring JPA class transformer
2023-12-30T14:43:26.611+01:00  INFO 32660 --- [Pool-1-worker-1] o.h.b.i.BytecodeProviderInitiator        : HHH000021: Bytecode provider name : bytebuddy
2023-12-30T14:43:26.698+01:00  INFO 32660 --- [Pool-1-worker-1] o.h.e.t.j.p.i.JtaPlatformInitiator       : HHH000490: Using JtaPlatform implementation: [org.hibernate.engine.transaction.jta.platform.internal.NoJtaPlatform]
2023-12-30T14:43:26.707+01:00  INFO 32660 --- [Pool-1-worker-1] j.LocalContainerEntityManagerFactoryBean : Initialized JPA EntityManagerFactory for persistence unit 'default'
2023-12-30T14:43:26.825+01:00  WARN 32660 --- [Pool-1-worker-1] JpaBaseConfiguration$JpaWebConfiguration : spring.jpa.open-in-view is enabled by default. Therefore, database queries may be performed during view rendering. Explicitly configure spring.jpa.open-in-view to disable this warning
2023-12-30T14:43:26.835+01:00  INFO 32660 --- [Pool-1-worker-1] o.hibernate.id.enhanced.PooledOptimizer  : HHH000201: Pooled optimizer source reported [BasicHolder[java.lang.Long[0]]] as the initial value; use of 1 or greater highly recommended
2023-12-30T14:43:26.847+01:00  INFO 32660 --- [Pool-1-worker-1] o.s.s.web.DefaultSecurityFilterChain     : Will secure any request with [org.springframework.security.web.session.DisableEncodeUrlFilter@14735445, org.springframework.security.web.context.request.async.WebAsyncManagerIntegrationFilter@32038ec4, org.springframework.security.web.context.SecurityContextHolderFilter@714afd40, org.springframework.security.web.header.HeaderWriterFilter@61d38f11, org.springframework.security.web.csrf.CsrfFilter@71895778, org.springframework.security.web.authentication.logout.LogoutFilter@42c19fb9, org.springframework.security.web.authentication.UsernamePasswordAuthenticationFilter@5a0124eb, org.springframework.security.web.savedrequest.RequestCacheAwareFilter@4a434686, org.springframework.security.web.servletapi.SecurityContextHolderAwareRequestFilter@199171b8, org.springframework.security.web.authentication.AnonymousAuthenticationFilter@73e0a359, org.springframework.security.web.access.ExceptionTranslationFilter@c3be759, org.springframework.security.web.access.intercept.AuthorizationFilter@e82954]
2023-12-30T14:43:26.924+01:00  INFO 32660 --- [Pool-1-worker-1] o.s.b.t.m.w.SpringBootMockServletContext : Initializing Spring TestDispatcherServlet ''
2023-12-30T14:43:26.924+01:00  INFO 32660 --- [Pool-1-worker-1] o.s.t.web.servlet.TestDispatcherServlet  : Initializing Servlet ''
2023-12-30T14:43:26.924+01:00  INFO 32660 --- [Pool-1-worker-1] o.s.t.web.servlet.TestDispatcherServlet  : Completed initialization in 0 ms
2023-12-30T14:43:26.930+01:00  INFO 32660 --- [Pool-1-worker-1] i.s.a.integration.GroupPresenterTest     : Started GroupPresenterTest in 0.556 seconds (process running for 17.341)
2023-12-30T14:43:26.960+01:00  INFO 32660 --- [Pool-1-worker-1] j.LocalContainerEntityManagerFactoryBean : Closing JPA EntityManagerFactory for persistence unit 'default'
2023-12-30T14:43:26.962+01:00  INFO 32660 --- [Pool-1-worker-1] com.zaxxer.hikari.HikariDataSource       : HikariPool-12 - Shutdown initiated...
2023-12-30T14:43:26.963+01:00  INFO 32660 --- [Pool-1-worker-1] com.zaxxer.hikari.HikariDataSource       : HikariPool-12 - Shutdown completed.
]]></system-out>
  </testcase>
  <testcase name="owner_abbandona_gruppo_passando_ownership" classname="it.studyapp.application.integration.GroupPresenterTest" time="0.053">
    <system-out><![CDATA[  _____ _                  ____ ____  __  __   _____      _             _       _ 
 |  ___| | _____      __  / ___|  _ \|  \/  | |_   _|   _| |_ ___  _ __(_) __ _| |
 | |_  | |/ _ \ \ /\ / / | |   | |_) | |\/| |   | || | | | __/ _ \| '__| |/ _` | |
 |  _| | | (_) \ V  V /  | |___|  _ <| |  | |   | || |_| | || (_) | |  | | (_| | |
 |_|   |_|\___/ \_/\_/    \____|_| \_\_|  |_|   |_| \__,_|\__\___/|_|  |_|\__,_|_|
                                                                                  

2023-12-30T14:43:26.985+01:00  INFO 32660 --- [Pool-1-worker-1] i.s.a.integration.GroupPresenterTest     : Starting GroupPresenterTest using Java 20.0.2 with PID 32660 (started by oland in C:\Users\oland\eclipse-workspace\SSD_01-2024_StudyApp)
2023-12-30T14:43:26.985+01:00  INFO 32660 --- [Pool-1-worker-1] i.s.a.integration.GroupPresenterTest     : No active profile set, falling back to 1 default profile: "default"
2023-12-30T14:43:27.125+01:00  INFO 32660 --- [Pool-1-worker-1] .s.d.r.c.RepositoryConfigurationDelegate : Bootstrapping Spring Data JPA repositories in DEFAULT mode.
2023-12-30T14:43:27.161+01:00  INFO 32660 --- [Pool-1-worker-1] .s.d.r.c.RepositoryConfigurationDelegate : Finished Spring Data repository scanning in 35 ms. Found 9 JPA repository interfaces.
2023-12-30T14:43:27.209+01:00  INFO 32660 --- [Pool-1-worker-1] com.zaxxer.hikari.HikariDataSource       : HikariPool-13 - Starting...
2023-12-30T14:43:27.211+01:00  INFO 32660 --- [Pool-1-worker-1] com.zaxxer.hikari.pool.HikariPool        : HikariPool-13 - Added connection conn120: url=jdbc:h2:mem:testdb user=SA
2023-12-30T14:43:27.211+01:00  INFO 32660 --- [Pool-1-worker-1] com.zaxxer.hikari.HikariDataSource       : HikariPool-13 - Start completed.
2023-12-30T14:43:27.213+01:00  INFO 32660 --- [Pool-1-worker-1] o.hibernate.jpa.internal.util.LogHelper  : HHH000204: Processing PersistenceUnitInfo [name: default]
2023-12-30T14:43:27.220+01:00  INFO 32660 --- [Pool-1-worker-1] o.h.b.i.BytecodeProviderInitiator        : HHH000021: Bytecode provider name : bytebuddy
2023-12-30T14:43:27.220+01:00  INFO 32660 --- [Pool-1-worker-1] o.s.o.j.p.SpringPersistenceUnitInfo      : No LoadTimeWeaver setup: ignoring JPA class transformer
2023-12-30T14:43:27.247+01:00  INFO 32660 --- [Pool-1-worker-1] o.h.b.i.BytecodeProviderInitiator        : HHH000021: Bytecode provider name : bytebuddy
2023-12-30T14:43:27.349+01:00  INFO 32660 --- [Pool-1-worker-1] o.h.e.t.j.p.i.JtaPlatformInitiator       : HHH000490: Using JtaPlatform implementation: [org.hibernate.engine.transaction.jta.platform.internal.NoJtaPlatform]
2023-12-30T14:43:27.360+01:00  INFO 32660 --- [Pool-1-worker-1] j.LocalContainerEntityManagerFactoryBean : Initialized JPA EntityManagerFactory for persistence unit 'default'
2023-12-30T14:43:27.472+01:00  WARN 32660 --- [Pool-1-worker-1] JpaBaseConfiguration$JpaWebConfiguration : spring.jpa.open-in-view is enabled by default. Therefore, database queries may be performed during view rendering. Explicitly configure spring.jpa.open-in-view to disable this warning
2023-12-30T14:43:27.481+01:00  INFO 32660 --- [Pool-1-worker-1] o.hibernate.id.enhanced.PooledOptimizer  : HHH000201: Pooled optimizer source reported [BasicHolder[java.lang.Long[0]]] as the initial value; use of 1 or greater highly recommended
2023-12-30T14:43:27.491+01:00  INFO 32660 --- [Pool-1-worker-1] o.s.s.web.DefaultSecurityFilterChain     : Will secure any request with [org.springframework.security.web.session.DisableEncodeUrlFilter@3cffd296, org.springframework.security.web.context.request.async.WebAsyncManagerIntegrationFilter@582e7f38, org.springframework.security.web.context.SecurityContextHolderFilter@4fce4501, org.springframework.security.web.header.HeaderWriterFilter@652e26a6, org.springframework.security.web.csrf.CsrfFilter@77ba0172, org.springframework.security.web.authentication.logout.LogoutFilter@2c5f761a, org.springframework.security.web.authentication.UsernamePasswordAuthenticationFilter@6bc78652, org.springframework.security.web.savedrequest.RequestCacheAwareFilter@68587c1b, org.springframework.security.web.servletapi.SecurityContextHolderAwareRequestFilter@58bc277, org.springframework.security.web.authentication.AnonymousAuthenticationFilter@786f48ba, org.springframework.security.web.access.ExceptionTranslationFilter@67514dfa, org.springframework.security.web.access.intercept.AuthorizationFilter@5c0f8dda]
2023-12-30T14:43:27.560+01:00  INFO 32660 --- [Pool-1-worker-1] o.s.b.t.m.w.SpringBootMockServletContext : Initializing Spring TestDispatcherServlet ''
2023-12-30T14:43:27.560+01:00  INFO 32660 --- [Pool-1-worker-1] o.s.t.web.servlet.TestDispatcherServlet  : Initializing Servlet ''
2023-12-30T14:43:27.561+01:00  INFO 32660 --- [Pool-1-worker-1] o.s.t.web.servlet.TestDispatcherServlet  : Completed initialization in 0 ms
2023-12-30T14:43:27.567+01:00  INFO 32660 --- [Pool-1-worker-1] i.s.a.integration.GroupPresenterTest     : Started GroupPresenterTest in 0.599 seconds (process running for 17.978)
2023-12-30T14:43:27.619+01:00  INFO 32660 --- [Pool-1-worker-1] j.LocalContainerEntityManagerFactoryBean : Closing JPA EntityManagerFactory for persistence unit 'default'
2023-12-30T14:43:27.621+01:00  INFO 32660 --- [Pool-1-worker-1] com.zaxxer.hikari.HikariDataSource       : HikariPool-13 - Shutdown initiated...
2023-12-30T14:43:27.622+01:00  INFO 32660 --- [Pool-1-worker-1] com.zaxxer.hikari.HikariDataSource       : HikariPool-13 - Shutdown completed.
]]></system-out>
  </testcase>
  <testcase name="gruppi_rimosso_correttamente" classname="it.studyapp.application.integration.GroupPresenterTest" time="0.038">
    <system-out><![CDATA[  _____ _                  ____ ____  __  __   _____      _             _       _ 
 |  ___| | _____      __  / ___|  _ \|  \/  | |_   _|   _| |_ ___  _ __(_) __ _| |
 | |_  | |/ _ \ \ /\ / / | |   | |_) | |\/| |   | || | | | __/ _ \| '__| |/ _` | |
 |  _| | | (_) \ V  V /  | |___|  _ <| |  | |   | || |_| | || (_) | |  | | (_| | |
 |_|   |_|\___/ \_/\_/    \____|_| \_\_|  |_|   |_| \__,_|\__\___/|_|  |_|\__,_|_|
                                                                                  

2023-12-30T14:43:27.646+01:00  INFO 32660 --- [Pool-1-worker-1] i.s.a.integration.GroupPresenterTest     : Starting GroupPresenterTest using Java 20.0.2 with PID 32660 (started by oland in C:\Users\oland\eclipse-workspace\SSD_01-2024_StudyApp)
2023-12-30T14:43:27.646+01:00  INFO 32660 --- [Pool-1-worker-1] i.s.a.integration.GroupPresenterTest     : No active profile set, falling back to 1 default profile: "default"
2023-12-30T14:43:27.767+01:00  INFO 32660 --- [Pool-1-worker-1] .s.d.r.c.RepositoryConfigurationDelegate : Bootstrapping Spring Data JPA repositories in DEFAULT mode.
2023-12-30T14:43:27.799+01:00  INFO 32660 --- [Pool-1-worker-1] .s.d.r.c.RepositoryConfigurationDelegate : Finished Spring Data repository scanning in 31 ms. Found 9 JPA repository interfaces.
2023-12-30T14:43:27.841+01:00  INFO 32660 --- [Pool-1-worker-1] com.zaxxer.hikari.HikariDataSource       : HikariPool-14 - Starting...
2023-12-30T14:43:27.844+01:00  INFO 32660 --- [Pool-1-worker-1] com.zaxxer.hikari.pool.HikariPool        : HikariPool-14 - Added connection conn130: url=jdbc:h2:mem:testdb user=SA
2023-12-30T14:43:27.844+01:00  INFO 32660 --- [Pool-1-worker-1] com.zaxxer.hikari.HikariDataSource       : HikariPool-14 - Start completed.
2023-12-30T14:43:27.845+01:00  INFO 32660 --- [Pool-1-worker-1] o.hibernate.jpa.internal.util.LogHelper  : HHH000204: Processing PersistenceUnitInfo [name: default]
2023-12-30T14:43:27.854+01:00  INFO 32660 --- [Pool-1-worker-1] o.h.b.i.BytecodeProviderInitiator        : HHH000021: Bytecode provider name : bytebuddy
2023-12-30T14:43:27.854+01:00  INFO 32660 --- [Pool-1-worker-1] o.s.o.j.p.SpringPersistenceUnitInfo      : No LoadTimeWeaver setup: ignoring JPA class transformer
2023-12-30T14:43:27.872+01:00  INFO 32660 --- [Pool-1-worker-1] o.h.b.i.BytecodeProviderInitiator        : HHH000021: Bytecode provider name : bytebuddy
2023-12-30T14:43:27.948+01:00  INFO 32660 --- [Pool-1-worker-1] o.h.e.t.j.p.i.JtaPlatformInitiator       : HHH000490: Using JtaPlatform implementation: [org.hibernate.engine.transaction.jta.platform.internal.NoJtaPlatform]
2023-12-30T14:43:27.958+01:00  INFO 32660 --- [Pool-1-worker-1] j.LocalContainerEntityManagerFactoryBean : Initialized JPA EntityManagerFactory for persistence unit 'default'
2023-12-30T14:43:28.040+01:00  WARN 32660 --- [Pool-1-worker-1] JpaBaseConfiguration$JpaWebConfiguration : spring.jpa.open-in-view is enabled by default. Therefore, database queries may be performed during view rendering. Explicitly configure spring.jpa.open-in-view to disable this warning
2023-12-30T14:43:28.048+01:00  INFO 32660 --- [Pool-1-worker-1] o.hibernate.id.enhanced.PooledOptimizer  : HHH000201: Pooled optimizer source reported [BasicHolder[java.lang.Long[0]]] as the initial value; use of 1 or greater highly recommended
2023-12-30T14:43:28.063+01:00  INFO 32660 --- [Pool-1-worker-1] o.s.s.web.DefaultSecurityFilterChain     : Will secure any request with [org.springframework.security.web.session.DisableEncodeUrlFilter@1db3bbed, org.springframework.security.web.context.request.async.WebAsyncManagerIntegrationFilter@734e7435, org.springframework.security.web.context.SecurityContextHolderFilter@1137675a, org.springframework.security.web.header.HeaderWriterFilter@46f1c29c, org.springframework.security.web.csrf.CsrfFilter@d06bec7, org.springframework.security.web.authentication.logout.LogoutFilter@6d1d5744, org.springframework.security.web.authentication.UsernamePasswordAuthenticationFilter@1a93688c, org.springframework.security.web.savedrequest.RequestCacheAwareFilter@297f133d, org.springframework.security.web.servletapi.SecurityContextHolderAwareRequestFilter@f172302, org.springframework.security.web.authentication.AnonymousAuthenticationFilter@62a8498d, org.springframework.security.web.access.ExceptionTranslationFilter@bd5b37b, org.springframework.security.web.access.intercept.AuthorizationFilter@a937c85]
2023-12-30T14:43:28.137+01:00  INFO 32660 --- [Pool-1-worker-1] o.s.b.t.m.w.SpringBootMockServletContext : Initializing Spring TestDispatcherServlet ''
2023-12-30T14:43:28.137+01:00  INFO 32660 --- [Pool-1-worker-1] o.s.t.web.servlet.TestDispatcherServlet  : Initializing Servlet ''
2023-12-30T14:43:28.138+01:00  INFO 32660 --- [Pool-1-worker-1] o.s.t.web.servlet.TestDispatcherServlet  : Completed initialization in 1 ms
2023-12-30T14:43:28.143+01:00  INFO 32660 --- [Pool-1-worker-1] i.s.a.integration.GroupPresenterTest     : Started GroupPresenterTest in 0.516 seconds (process running for 18.554)
2023-12-30T14:43:28.179+01:00  INFO 32660 --- [Pool-1-worker-1] j.LocalContainerEntityManagerFactoryBean : Closing JPA EntityManagerFactory for persistence unit 'default'
2023-12-30T14:43:28.181+01:00  INFO 32660 --- [Pool-1-worker-1] com.zaxxer.hikari.HikariDataSource       : HikariPool-14 - Shutdown initiated...
2023-12-30T14:43:28.183+01:00  INFO 32660 --- [Pool-1-worker-1] com.zaxxer.hikari.HikariDataSource       : HikariPool-14 - Shutdown completed.
]]></system-out>
  </testcase>
  <testcase name="richiesta_gruppo_creata_correttamente" classname="it.studyapp.application.integration.GroupPresenterTest" time="0.025">
    <system-out><![CDATA[  _____ _                  ____ ____  __  __   _____      _             _       _ 
 |  ___| | _____      __  / ___|  _ \|  \/  | |_   _|   _| |_ ___  _ __(_) __ _| |
 | |_  | |/ _ \ \ /\ / / | |   | |_) | |\/| |   | || | | | __/ _ \| '__| |/ _` | |
 |  _| | | (_) \ V  V /  | |___|  _ <| |  | |   | || |_| | || (_) | |  | | (_| | |
 |_|   |_|\___/ \_/\_/    \____|_| \_\_|  |_|   |_| \__,_|\__\___/|_|  |_|\__,_|_|
                                                                                  

2023-12-30T14:43:28.205+01:00  INFO 32660 --- [Pool-1-worker-1] i.s.a.integration.GroupPresenterTest     : Starting GroupPresenterTest using Java 20.0.2 with PID 32660 (started by oland in C:\Users\oland\eclipse-workspace\SSD_01-2024_StudyApp)
2023-12-30T14:43:28.205+01:00  INFO 32660 --- [Pool-1-worker-1] i.s.a.integration.GroupPresenterTest     : No active profile set, falling back to 1 default profile: "default"
2023-12-30T14:43:28.333+01:00  INFO 32660 --- [Pool-1-worker-1] .s.d.r.c.RepositoryConfigurationDelegate : Bootstrapping Spring Data JPA repositories in DEFAULT mode.
2023-12-30T14:43:28.365+01:00  INFO 32660 --- [Pool-1-worker-1] .s.d.r.c.RepositoryConfigurationDelegate : Finished Spring Data repository scanning in 31 ms. Found 9 JPA repository interfaces.
2023-12-30T14:43:28.404+01:00  INFO 32660 --- [Pool-1-worker-1] com.zaxxer.hikari.HikariDataSource       : HikariPool-15 - Starting...
2023-12-30T14:43:28.405+01:00  INFO 32660 --- [Pool-1-worker-1] com.zaxxer.hikari.pool.HikariPool        : HikariPool-15 - Added connection conn140: url=jdbc:h2:mem:testdb user=SA
2023-12-30T14:43:28.406+01:00  INFO 32660 --- [Pool-1-worker-1] com.zaxxer.hikari.HikariDataSource       : HikariPool-15 - Start completed.
2023-12-30T14:43:28.407+01:00  INFO 32660 --- [Pool-1-worker-1] o.hibernate.jpa.internal.util.LogHelper  : HHH000204: Processing PersistenceUnitInfo [name: default]
2023-12-30T14:43:28.413+01:00  INFO 32660 --- [Pool-1-worker-1] o.h.b.i.BytecodeProviderInitiator        : HHH000021: Bytecode provider name : bytebuddy
2023-12-30T14:43:28.414+01:00  INFO 32660 --- [Pool-1-worker-1] o.s.o.j.p.SpringPersistenceUnitInfo      : No LoadTimeWeaver setup: ignoring JPA class transformer
2023-12-30T14:43:28.431+01:00  INFO 32660 --- [Pool-1-worker-1] o.h.b.i.BytecodeProviderInitiator        : HHH000021: Bytecode provider name : bytebuddy
2023-12-30T14:43:28.506+01:00  INFO 32660 --- [Pool-1-worker-1] o.h.e.t.j.p.i.JtaPlatformInitiator       : HHH000490: Using JtaPlatform implementation: [org.hibernate.engine.transaction.jta.platform.internal.NoJtaPlatform]
2023-12-30T14:43:28.516+01:00  INFO 32660 --- [Pool-1-worker-1] j.LocalContainerEntityManagerFactoryBean : Initialized JPA EntityManagerFactory for persistence unit 'default'
2023-12-30T14:43:28.634+01:00  WARN 32660 --- [Pool-1-worker-1] JpaBaseConfiguration$JpaWebConfiguration : spring.jpa.open-in-view is enabled by default. Therefore, database queries may be performed during view rendering. Explicitly configure spring.jpa.open-in-view to disable this warning
2023-12-30T14:43:28.643+01:00  INFO 32660 --- [Pool-1-worker-1] o.hibernate.id.enhanced.PooledOptimizer  : HHH000201: Pooled optimizer source reported [BasicHolder[java.lang.Long[0]]] as the initial value; use of 1 or greater highly recommended
2023-12-30T14:43:28.654+01:00  INFO 32660 --- [Pool-1-worker-1] o.s.s.web.DefaultSecurityFilterChain     : Will secure any request with [org.springframework.security.web.session.DisableEncodeUrlFilter@46052f9, org.springframework.security.web.context.request.async.WebAsyncManagerIntegrationFilter@48e0b7ac, org.springframework.security.web.context.SecurityContextHolderFilter@427711c1, org.springframework.security.web.header.HeaderWriterFilter@7c536592, org.springframework.security.web.csrf.CsrfFilter@43c37194, org.springframework.security.web.authentication.logout.LogoutFilter@6fc72d85, org.springframework.security.web.authentication.UsernamePasswordAuthenticationFilter@521df63a, org.springframework.security.web.savedrequest.RequestCacheAwareFilter@1a6087ca, org.springframework.security.web.servletapi.SecurityContextHolderAwareRequestFilter@72dc4bd9, org.springframework.security.web.authentication.AnonymousAuthenticationFilter@489ed4c, org.springframework.security.web.access.ExceptionTranslationFilter@190e3b44, org.springframework.security.web.access.intercept.AuthorizationFilter@6195a60a]
2023-12-30T14:43:28.728+01:00  INFO 32660 --- [Pool-1-worker-1] o.s.b.t.m.w.SpringBootMockServletContext : Initializing Spring TestDispatcherServlet ''
2023-12-30T14:43:28.728+01:00  INFO 32660 --- [Pool-1-worker-1] o.s.t.web.servlet.TestDispatcherServlet  : Initializing Servlet ''
2023-12-30T14:43:28.728+01:00  INFO 32660 --- [Pool-1-worker-1] o.s.t.web.servlet.TestDispatcherServlet  : Completed initialization in 0 ms
2023-12-30T14:43:28.734+01:00  INFO 32660 --- [Pool-1-worker-1] i.s.a.integration.GroupPresenterTest     : Started GroupPresenterTest in 0.548 seconds (process running for 19.146)
2023-12-30T14:43:28.757+01:00  INFO 32660 --- [Pool-1-worker-1] j.LocalContainerEntityManagerFactoryBean : Closing JPA EntityManagerFactory for persistence unit 'default'
2023-12-30T14:43:28.759+01:00  INFO 32660 --- [Pool-1-worker-1] com.zaxxer.hikari.HikariDataSource       : HikariPool-15 - Shutdown initiated...
2023-12-30T14:43:28.760+01:00  INFO 32660 --- [Pool-1-worker-1] com.zaxxer.hikari.HikariDataSource       : HikariPool-15 - Shutdown completed.
]]></system-out>
  </testcase>
  <testcase name="member_non_ha_gruppo_alla_creazione" classname="it.studyapp.application.integration.GroupPresenterTest" time="0.018">
    <system-out><![CDATA[  _____ _                  ____ ____  __  __   _____      _             _       _ 
 |  ___| | _____      __  / ___|  _ \|  \/  | |_   _|   _| |_ ___  _ __(_) __ _| |
 | |_  | |/ _ \ \ /\ / / | |   | |_) | |\/| |   | || | | | __/ _ \| '__| |/ _` | |
 |  _| | | (_) \ V  V /  | |___|  _ <| |  | |   | || |_| | || (_) | |  | | (_| | |
 |_|   |_|\___/ \_/\_/    \____|_| \_\_|  |_|   |_| \__,_|\__\___/|_|  |_|\__,_|_|
                                                                                  

2023-12-30T14:43:28.788+01:00  INFO 32660 --- [Pool-1-worker-1] i.s.a.integration.GroupPresenterTest     : Starting GroupPresenterTest using Java 20.0.2 with PID 32660 (started by oland in C:\Users\oland\eclipse-workspace\SSD_01-2024_StudyApp)
2023-12-30T14:43:28.788+01:00  INFO 32660 --- [Pool-1-worker-1] i.s.a.integration.GroupPresenterTest     : No active profile set, falling back to 1 default profile: "default"
2023-12-30T14:43:28.908+01:00  INFO 32660 --- [Pool-1-worker-1] .s.d.r.c.RepositoryConfigurationDelegate : Bootstrapping Spring Data JPA repositories in DEFAULT mode.
2023-12-30T14:43:28.938+01:00  INFO 32660 --- [Pool-1-worker-1] .s.d.r.c.RepositoryConfigurationDelegate : Finished Spring Data repository scanning in 29 ms. Found 9 JPA repository interfaces.
2023-12-30T14:43:28.982+01:00  INFO 32660 --- [Pool-1-worker-1] com.zaxxer.hikari.HikariDataSource       : HikariPool-16 - Starting...
2023-12-30T14:43:28.984+01:00  INFO 32660 --- [Pool-1-worker-1] com.zaxxer.hikari.pool.HikariPool        : HikariPool-16 - Added connection conn150: url=jdbc:h2:mem:testdb user=SA
2023-12-30T14:43:28.984+01:00  INFO 32660 --- [Pool-1-worker-1] com.zaxxer.hikari.HikariDataSource       : HikariPool-16 - Start completed.
2023-12-30T14:43:28.985+01:00  INFO 32660 --- [Pool-1-worker-1] o.hibernate.jpa.internal.util.LogHelper  : HHH000204: Processing PersistenceUnitInfo [name: default]
2023-12-30T14:43:28.992+01:00  INFO 32660 --- [Pool-1-worker-1] o.h.b.i.BytecodeProviderInitiator        : HHH000021: Bytecode provider name : bytebuddy
2023-12-30T14:43:28.992+01:00  INFO 32660 --- [Pool-1-worker-1] o.s.o.j.p.SpringPersistenceUnitInfo      : No LoadTimeWeaver setup: ignoring JPA class transformer
2023-12-30T14:43:29.011+01:00  INFO 32660 --- [Pool-1-worker-1] o.h.b.i.BytecodeProviderInitiator        : HHH000021: Bytecode provider name : bytebuddy
2023-12-30T14:43:29.072+01:00  INFO 32660 --- [Pool-1-worker-1] o.h.e.t.j.p.i.JtaPlatformInitiator       : HHH000490: Using JtaPlatform implementation: [org.hibernate.engine.transaction.jta.platform.internal.NoJtaPlatform]
2023-12-30T14:43:29.079+01:00  INFO 32660 --- [Pool-1-worker-1] j.LocalContainerEntityManagerFactoryBean : Initialized JPA EntityManagerFactory for persistence unit 'default'
2023-12-30T14:43:29.170+01:00  WARN 32660 --- [Pool-1-worker-1] JpaBaseConfiguration$JpaWebConfiguration : spring.jpa.open-in-view is enabled by default. Therefore, database queries may be performed during view rendering. Explicitly configure spring.jpa.open-in-view to disable this warning
2023-12-30T14:43:29.178+01:00  INFO 32660 --- [Pool-1-worker-1] o.hibernate.id.enhanced.PooledOptimizer  : HHH000201: Pooled optimizer source reported [BasicHolder[java.lang.Long[0]]] as the initial value; use of 1 or greater highly recommended
2023-12-30T14:43:29.187+01:00  INFO 32660 --- [Pool-1-worker-1] o.s.s.web.DefaultSecurityFilterChain     : Will secure any request with [org.springframework.security.web.session.DisableEncodeUrlFilter@6b1f1453, org.springframework.security.web.context.request.async.WebAsyncManagerIntegrationFilter@1fbb2a40, org.springframework.security.web.context.SecurityContextHolderFilter@3685d5d6, org.springframework.security.web.header.HeaderWriterFilter@30779ee1, org.springframework.security.web.csrf.CsrfFilter@1c16eb52, org.springframework.security.web.authentication.logout.LogoutFilter@3941b388, org.springframework.security.web.authentication.UsernamePasswordAuthenticationFilter@5f7621c6, org.springframework.security.web.savedrequest.RequestCacheAwareFilter@1de2e42f, org.springframework.security.web.servletapi.SecurityContextHolderAwareRequestFilter@2dfeeadd, org.springframework.security.web.authentication.AnonymousAuthenticationFilter@24c7d1a5, org.springframework.security.web.access.ExceptionTranslationFilter@2e63d9ef, org.springframework.security.web.access.intercept.AuthorizationFilter@697a47bd]
2023-12-30T14:43:29.254+01:00  INFO 32660 --- [Pool-1-worker-1] o.s.b.t.m.w.SpringBootMockServletContext : Initializing Spring TestDispatcherServlet ''
2023-12-30T14:43:29.254+01:00  INFO 32660 --- [Pool-1-worker-1] o.s.t.web.servlet.TestDispatcherServlet  : Initializing Servlet ''
2023-12-30T14:43:29.255+01:00  INFO 32660 --- [Pool-1-worker-1] o.s.t.web.servlet.TestDispatcherServlet  : Completed initialization in 1 ms
2023-12-30T14:43:29.260+01:00  INFO 32660 --- [Pool-1-worker-1] i.s.a.integration.GroupPresenterTest     : Started GroupPresenterTest in 0.494 seconds (process running for 19.671)
2023-12-30T14:43:29.278+01:00  INFO 32660 --- [Pool-1-worker-1] j.LocalContainerEntityManagerFactoryBean : Closing JPA EntityManagerFactory for persistence unit 'default'
2023-12-30T14:43:29.279+01:00  INFO 32660 --- [Pool-1-worker-1] com.zaxxer.hikari.HikariDataSource       : HikariPool-16 - Shutdown initiated...
2023-12-30T14:43:29.280+01:00  INFO 32660 --- [Pool-1-worker-1] com.zaxxer.hikari.HikariDataSource       : HikariPool-16 - Shutdown completed.
]]></system-out>
  </testcase>
</testsuite>